#
# There is insufficient memory for the Java Runtime Environment to continue.
# Native memory allocation (malloc) failed to allocate 1821296 bytes for Chunk::new
# Possible reasons:
#   The system is out of physical RAM or swap space
#   The process is running with CompressedOops enabled, and the Java Heap may be blocking the growth of the native heap
# Possible solutions:
#   Reduce memory load on the system
#   Increase physical memory or swap space
#   Check if swap backing store is full
#   Decrease Java heap size (-Xmx/-Xms)
#   Decrease number of Java threads
#   Decrease Java thread stack sizes (-Xss)
#   Set larger code cache with -XX:ReservedCodeCacheSize=
#   JVM is running with Unscaled Compressed Oops mode in which the Java heap is
#     placed in the first 4GB address space. The Java Heap base address is the
#     maximum limit for the native heap growth. Please use -XX:HeapBaseMinAddress
#     to set the Java Heap base and to place the Java Heap above 4GB virtual address.
# This output file may be truncated or incomplete.
#
#  Out of Memory Error (./src/hotspot/share/memory/arena.cpp:197), pid=21784, tid=13696
#
# JRE version: OpenJDK Runtime Environment (11.0.11+9) (build 11.0.11+9-b60-7590822)
# Java VM: OpenJDK 64-Bit Server VM (11.0.11+9-b60-7590822, mixed mode, tiered, compressed oops, g1 gc, windows-amd64)
# No core dump will be written. Minidumps are not enabled by default on client versions of Windows
#

---------------  S U M M A R Y ------------

Command Line: --add-opens=java.base/java.util=ALL-UNNAMED --add-opens=java.base/java.lang=ALL-UNNAMED --add-opens=java.base/java.lang.invoke=ALL-UNNAMED --add-opens=java.base/java.util=ALL-UNNAMED --add-opens=java.prefs/java.util.prefs=ALL-UNNAMED --add-opens=java.prefs/java.util.prefs=ALL-UNNAMED --add-opens=java.base/java.nio.charset=ALL-UNNAMED --add-opens=java.base/java.net=ALL-UNNAMED --add-opens=java.base/java.util.concurrent.atomic=ALL-UNNAMED -Xmx2048m -Dfile.encoding=UTF-8 -Duser.country=RU -Duser.language=ru -Duser.variant org.gradle.launcher.daemon.bootstrap.GradleDaemon 7.2

Host: AMD Ryzen 5 3500U with Radeon Vega Mobile Gfx  , 8 cores, 5G,  Windows 10 , 64 bit Build 19041 (10.0.19041.1466)
Time: Thu Apr 14 03:23:40 2022 RTZ 2 (зима) elapsed time: 8.579874 seconds (0d 0h 0m 8s)

---------------  T H R E A D  ---------------

Current thread (0x0000025165e0d000):  JavaThread "C2 CompilerThread1" daemon [_thread_in_native, id=13696, stack(0x00000076bc600000,0x00000076bc700000)]


Current CompileTask:
C2:   8580 2267   !   4       java.net.URLClassLoader$1::run (63 bytes)

Stack: [0x00000076bc600000,0x00000076bc700000]
Native frames: (J=compiled Java code, j=interpreted, Vv=VM code, C=native code)
V  [jvm.dll+0x5f214a]
V  [jvm.dll+0x726fb5]
V  [jvm.dll+0x7285cd]
V  [jvm.dll+0x728c83]
V  [jvm.dll+0x243278]
V  [jvm.dll+0xbc53c]
V  [jvm.dll+0xbca3c]
V  [jvm.dll+0x353e3b]
V  [jvm.dll+0x321893]
V  [jvm.dll+0x320d8a]
V  [jvm.dll+0x1fc1e2]
V  [jvm.dll+0x1fb3d4]
V  [jvm.dll+0x183d6c]
V  [jvm.dll+0x209a57]
V  [jvm.dll+0x2082a1]
V  [jvm.dll+0x6ef58f]
V  [jvm.dll+0x6e80b5]
V  [jvm.dll+0x5f1036]
C  [ucrtbase.dll+0x21bb2]
C  [KERNEL32.DLL+0x17034]
C  [ntdll.dll+0x52651]


---------------  P R O C E S S  ---------------

Threads class SMR info:
_java_thread_list=0x0000025165fbcaa0, length=27, elements={
0x0000025146bb9800, 0x0000025161813000, 0x0000025161816800, 0x0000025161832000,
0x0000025161833000, 0x0000025161835000, 0x000002516183b800, 0x0000025161844800,
0x0000025161851800, 0x000002516232d800, 0x0000025163682800, 0x00000251642e4000,
0x000002516436e800, 0x000002516339e000, 0x0000025165806000, 0x00000251638a9800,
0x000002516453f000, 0x00000251649c2000, 0x0000025164314000, 0x0000025164be8800,
0x0000025164be8000, 0x0000025164be9800, 0x0000025164bea800, 0x0000025164bec000,
0x0000025165e0d000, 0x0000025164be7000, 0x0000025164beb000
}

Java Threads: ( => current thread )
  0x0000025146bb9800 JavaThread "main" [_thread_blocked, id=23776, stack(0x00000076b9e00000,0x00000076b9f00000)]
  0x0000025161813000 JavaThread "Reference Handler" daemon [_thread_blocked, id=22432, stack(0x00000076ba500000,0x00000076ba600000)]
  0x0000025161816800 JavaThread "Finalizer" daemon [_thread_blocked, id=19264, stack(0x00000076ba600000,0x00000076ba700000)]
  0x0000025161832000 JavaThread "Signal Dispatcher" daemon [_thread_blocked, id=12408, stack(0x00000076ba700000,0x00000076ba800000)]
  0x0000025161833000 JavaThread "Attach Listener" daemon [_thread_blocked, id=11736, stack(0x00000076ba800000,0x00000076ba900000)]
  0x0000025161835000 JavaThread "Service Thread" daemon [_thread_blocked, id=14100, stack(0x00000076ba900000,0x00000076baa00000)]
  0x000002516183b800 JavaThread "C2 CompilerThread0" daemon [_thread_in_native, id=280, stack(0x00000076baa00000,0x00000076bab00000)]
  0x0000025161844800 JavaThread "C1 CompilerThread0" daemon [_thread_in_native, id=23288, stack(0x00000076bab00000,0x00000076bac00000)]
  0x0000025161851800 JavaThread "Sweeper thread" daemon [_thread_blocked, id=24964, stack(0x00000076bac00000,0x00000076bad00000)]
  0x000002516232d800 JavaThread "Common-Cleaner" daemon [_thread_blocked, id=26496, stack(0x00000076bad00000,0x00000076bae00000)]
  0x0000025163682800 JavaThread "Daemon health stats" [_thread_blocked, id=15960, stack(0x00000076bb100000,0x00000076bb200000)]
  0x00000251642e4000 JavaThread "Incoming local TCP Connector on port 63929" [_thread_in_native, id=25172, stack(0x00000076bb000000,0x00000076bb100000)]
  0x000002516436e800 JavaThread "Daemon periodic checks" [_thread_blocked, id=6476, stack(0x00000076bb500000,0x00000076bb600000)]
  0x000002516339e000 JavaThread "Daemon" [_thread_blocked, id=20388, stack(0x00000076bb600000,0x00000076bb700000)]
  0x0000025165806000 JavaThread "Handler for socket connection from /127.0.0.1:63929 to /127.0.0.1:63930" [_thread_in_native, id=11432, stack(0x00000076bb700000,0x00000076bb800000)]
  0x00000251638a9800 JavaThread "Cancel handler" [_thread_blocked, id=22412, stack(0x00000076bb800000,0x00000076bb900000)]
  0x000002516453f000 JavaThread "Daemon worker" [_thread_in_Java, id=1404, stack(0x00000076bb900000,0x00000076bba00000)]
  0x00000251649c2000 JavaThread "Asynchronous log dispatcher for DefaultDaemonConnection: socket connection from /127.0.0.1:63929 to /127.0.0.1:63930" [_thread_blocked, id=21116, stack(0x00000076bba00000,0x00000076bbb00000)]
  0x0000025164314000 JavaThread "Stdin handler" [_thread_blocked, id=11408, stack(0x00000076bbb00000,0x00000076bbc00000)]
  0x0000025164be8800 JavaThread "Daemon client event forwarder" [_thread_blocked, id=17064, stack(0x00000076bbc00000,0x00000076bbd00000)]
  0x0000025164be8000 JavaThread "Cache worker for journal cache (C:\Users\User\.gradle\caches\journal-1)" [_thread_blocked, id=17572, stack(0x00000076bbd00000,0x00000076bbe00000)]
  0x0000025164be9800 JavaThread "File lock request listener" [_thread_in_native, id=25276, stack(0x00000076bbe00000,0x00000076bbf00000)]
  0x0000025164bea800 JavaThread "Cache worker for file hash cache (C:\Users\User\.gradle\caches\7.2\fileHashes)" [_thread_blocked, id=23300, stack(0x00000076bc400000,0x00000076bc500000)]
  0x0000025164bec000 JavaThread "Cache worker for file hash cache (C:\Users\User\AndroidStudioProjects\HistoryVNProject\.gradle\7.2\fileHashes)" [_thread_blocked, id=4628, stack(0x00000076bc500000,0x00000076bc600000)]
=>0x0000025165e0d000 JavaThread "C2 CompilerThread1" daemon [_thread_in_native, id=13696, stack(0x00000076bc600000,0x00000076bc700000)]
  0x0000025164be7000 JavaThread "File watcher server" daemon [_thread_in_native, id=14308, stack(0x00000076bc700000,0x00000076bc800000)]
  0x0000025164beb000 JavaThread "File watcher consumer" daemon [_thread_blocked, id=15256, stack(0x00000076bc800000,0x00000076bc900000)]

Other Threads:
  0x0000025161811000 VMThread "VM Thread" [stack: 0x00000076ba400000,0x00000076ba500000] [id=18688]
  0x0000025162339800 WatcherThread [stack: 0x00000076bae00000,0x00000076baf00000] [id=24396]
  0x0000025146bd4800 GCTaskThread "GC Thread#0" [stack: 0x00000076b9f00000,0x00000076ba000000] [id=5140]
  0x0000025162ec7000 GCTaskThread "GC Thread#1" [stack: 0x00000076baf00000,0x00000076bb000000] [id=11648]
  0x0000025163c5c800 GCTaskThread "GC Thread#2" [stack: 0x00000076bb200000,0x00000076bb300000] [id=14820]
  0x0000025164246800 GCTaskThread "GC Thread#3" [stack: 0x00000076bb300000,0x00000076bb400000] [id=18340]
  0x00000251641d7000 GCTaskThread "GC Thread#4" [stack: 0x00000076bbf00000,0x00000076bc000000] [id=23184]
  0x00000251643e4800 GCTaskThread "GC Thread#5" [stack: 0x00000076bc000000,0x00000076bc100000] [id=22512]
  0x0000025163c5b800 GCTaskThread "GC Thread#6" [stack: 0x00000076bc100000,0x00000076bc200000] [id=20700]
  0x0000025164655000 GCTaskThread "GC Thread#7" [stack: 0x00000076bc200000,0x00000076bc300000] [id=23228]
  0x0000025146c07000 ConcurrentGCThread "G1 Main Marker" [stack: 0x00000076ba000000,0x00000076ba100000] [id=18508]
  0x0000025146c0c800 ConcurrentGCThread "G1 Conc#0" [stack: 0x00000076ba100000,0x00000076ba200000] [id=21880]
  0x00000251642c9800 ConcurrentGCThread "G1 Conc#1" [stack: 0x00000076bc300000,0x00000076bc400000] [id=25424]
  0x0000025146c8f000 ConcurrentGCThread "G1 Refine#0" [stack: 0x00000076ba200000,0x00000076ba300000] [id=744]
  0x0000025162daa000 ConcurrentGCThread "G1 Refine#1" [stack: 0x00000076bb400000,0x00000076bb500000] [id=25188]
  0x0000025146c90000 ConcurrentGCThread "G1 Young RemSet Sampling" [stack: 0x00000076ba300000,0x00000076ba400000] [id=10208]

Threads with active compile tasks:
C2 CompilerThread0   8620 2266       4       java.net.URLClassLoader$1::run (5 bytes)
C1 CompilerThread0   8620 2359       3       java.util.concurrent.ConcurrentLinkedQueue::poll (84 bytes)
C2 CompilerThread1   8620 2267   !   4       java.net.URLClassLoader$1::run (63 bytes)

VM state:not at safepoint (normal execution)

VM Mutex/Monitor currently owned by a thread: None

Heap address: 0x0000000080000000, size: 2048 MB, Compressed Oops mode: 32-bit
Narrow klass base: 0x0000000000000000, Narrow klass shift: 3
Compressed class space size: 1073741824 Address: 0x0000000100000000

Heap:
 garbage-first heap   total 98304K, used 27080K [0x0000000080000000, 0x0000000100000000)
  region size 1024K, 13 young (13312K), 4 survivors (4096K)
 Metaspace       used 26552K, capacity 27258K, committed 27440K, reserved 1073152K
  class space    used 3475K, capacity 3705K, committed 3712K, reserved 1048576K
Heap Regions: E=young(eden), S=young(survivor), O=old, HS=humongous(starts), HC=humongous(continues), CS=collection set, F=free, A=archive, TAMS=top-at-mark-start (previous, next)
|   0|0x0000000080000000, 0x0000000080100000, 0x0000000080100000|100%| O|  |TAMS 0x0000000080100000, 0x0000000080000000| Untracked 
|   1|0x0000000080100000, 0x0000000080200000, 0x0000000080200000|100%| O|  |TAMS 0x0000000080200000, 0x0000000080100000| Untracked 
|   2|0x0000000080200000, 0x0000000080300000, 0x0000000080300000|100%| O|  |TAMS 0x0000000080300000, 0x0000000080200000| Untracked 
|   3|0x0000000080300000, 0x0000000080400000, 0x0000000080400000|100%|HS|  |TAMS 0x0000000080400000, 0x0000000080300000| Complete 
|   4|0x0000000080400000, 0x0000000080500000, 0x0000000080500000|100%|HC|  |TAMS 0x0000000080500000, 0x0000000080400000| Complete 
|   5|0x0000000080500000, 0x0000000080600000, 0x0000000080600000|100%|HC|  |TAMS 0x0000000080600000, 0x0000000080500000| Complete 
|   6|0x0000000080600000, 0x0000000080700000, 0x0000000080700000|100%| O|  |TAMS 0x0000000080700000, 0x0000000080600000| Untracked 
|   7|0x0000000080700000, 0x0000000080800000, 0x0000000080800000|100%| O|  |TAMS 0x0000000080800000, 0x0000000080700000| Untracked 
|   8|0x0000000080800000, 0x0000000080900000, 0x0000000080900000|100%| O|  |TAMS 0x0000000080900000, 0x0000000080800000| Untracked 
|   9|0x0000000080900000, 0x0000000080a00000, 0x0000000080a00000|100%| O|  |TAMS 0x0000000080a00000, 0x0000000080900000| Untracked 
|  10|0x0000000080a00000, 0x0000000080b00000, 0x0000000080b00000|100%| O|  |TAMS 0x0000000080b00000, 0x0000000080a00000| Untracked 
|  11|0x0000000080b00000, 0x0000000080c00000, 0x0000000080c00000|100%| O|  |TAMS 0x0000000080c00000, 0x0000000080b00000| Untracked 
|  12|0x0000000080c00000, 0x0000000080d00000, 0x0000000080d00000|100%| O|  |TAMS 0x0000000080d00000, 0x0000000080c00000| Untracked 
|  13|0x0000000080d00000, 0x0000000080e00000, 0x0000000080e00000|100%| O|  |TAMS 0x0000000080e00000, 0x0000000080d00000| Untracked 
|  14|0x0000000080e00000, 0x0000000080e9a200, 0x0000000080f00000| 60%| O|  |TAMS 0x0000000080e9a200, 0x0000000080e00000| Untracked 
|  15|0x0000000080f00000, 0x0000000080f00000, 0x0000000081000000|  0%| F|  |TAMS 0x0000000080f00000, 0x0000000080f00000| Untracked 
|  16|0x0000000081000000, 0x0000000081000000, 0x0000000081100000|  0%| F|  |TAMS 0x0000000081000000, 0x0000000081000000| Untracked 
|  17|0x0000000081100000, 0x0000000081100000, 0x0000000081200000|  0%| F|  |TAMS 0x0000000081100000, 0x0000000081100000| Untracked 
|  18|0x0000000081200000, 0x0000000081200000, 0x0000000081300000|  0%| F|  |TAMS 0x0000000081200000, 0x0000000081200000| Untracked 
|  19|0x0000000081300000, 0x0000000081300000, 0x0000000081400000|  0%| F|  |TAMS 0x0000000081300000, 0x0000000081300000| Untracked 
|  20|0x0000000081400000, 0x0000000081400000, 0x0000000081500000|  0%| F|  |TAMS 0x0000000081400000, 0x0000000081400000| Untracked 
|  21|0x0000000081500000, 0x0000000081500000, 0x0000000081600000|  0%| F|  |TAMS 0x0000000081500000, 0x0000000081500000| Untracked 
|  22|0x0000000081600000, 0x0000000081600000, 0x0000000081700000|  0%| F|  |TAMS 0x0000000081600000, 0x0000000081600000| Untracked 
|  23|0x0000000081700000, 0x0000000081700000, 0x0000000081800000|  0%| F|  |TAMS 0x0000000081700000, 0x0000000081700000| Untracked 
|  24|0x0000000081800000, 0x0000000081800000, 0x0000000081900000|  0%| F|  |TAMS 0x0000000081800000, 0x0000000081800000| Untracked 
|  25|0x0000000081900000, 0x0000000081900000, 0x0000000081a00000|  0%| F|  |TAMS 0x0000000081900000, 0x0000000081900000| Untracked 
|  26|0x0000000081a00000, 0x0000000081a00000, 0x0000000081b00000|  0%| F|  |TAMS 0x0000000081a00000, 0x0000000081a00000| Untracked 
|  27|0x0000000081b00000, 0x0000000081b00000, 0x0000000081c00000|  0%| F|  |TAMS 0x0000000081b00000, 0x0000000081b00000| Untracked 
|  28|0x0000000081c00000, 0x0000000081c00000, 0x0000000081d00000|  0%| F|  |TAMS 0x0000000081c00000, 0x0000000081c00000| Untracked 
|  29|0x0000000081d00000, 0x0000000081d00000, 0x0000000081e00000|  0%| F|  |TAMS 0x0000000081d00000, 0x0000000081d00000| Untracked 
|  30|0x0000000081e00000, 0x0000000081e00000, 0x0000000081f00000|  0%| F|  |TAMS 0x0000000081e00000, 0x0000000081e00000| Untracked 
|  31|0x0000000081f00000, 0x0000000081f00000, 0x0000000082000000|  0%| F|  |TAMS 0x0000000081f00000, 0x0000000081f00000| Untracked 
|  32|0x0000000082000000, 0x0000000082000000, 0x0000000082100000|  0%| F|  |TAMS 0x0000000082000000, 0x0000000082000000| Untracked 
|  33|0x0000000082100000, 0x0000000082100000, 0x0000000082200000|  0%| F|  |TAMS 0x0000000082100000, 0x0000000082100000| Untracked 
|  34|0x0000000082200000, 0x0000000082200000, 0x0000000082300000|  0%| F|  |TAMS 0x0000000082200000, 0x0000000082200000| Untracked 
|  35|0x0000000082300000, 0x0000000082300000, 0x0000000082400000|  0%| F|  |TAMS 0x0000000082300000, 0x0000000082300000| Untracked 
|  36|0x0000000082400000, 0x0000000082400000, 0x0000000082500000|  0%| F|  |TAMS 0x0000000082400000, 0x0000000082400000| Untracked 
|  37|0x0000000082500000, 0x0000000082500000, 0x0000000082600000|  0%| F|  |TAMS 0x0000000082500000, 0x0000000082500000| Untracked 
|  38|0x0000000082600000, 0x0000000082600000, 0x0000000082700000|  0%| F|  |TAMS 0x0000000082600000, 0x0000000082600000| Untracked 
|  39|0x0000000082700000, 0x0000000082700000, 0x0000000082800000|  0%| F|  |TAMS 0x0000000082700000, 0x0000000082700000| Untracked 
|  40|0x0000000082800000, 0x0000000082800000, 0x0000000082900000|  0%| F|  |TAMS 0x0000000082800000, 0x0000000082800000| Untracked 
|  41|0x0000000082900000, 0x0000000082900000, 0x0000000082a00000|  0%| F|  |TAMS 0x0000000082900000, 0x0000000082900000| Untracked 
|  42|0x0000000082a00000, 0x0000000082a00000, 0x0000000082b00000|  0%| F|  |TAMS 0x0000000082a00000, 0x0000000082a00000| Untracked 
|  43|0x0000000082b00000, 0x0000000082b00000, 0x0000000082c00000|  0%| F|  |TAMS 0x0000000082b00000, 0x0000000082b00000| Untracked 
|  44|0x0000000082c00000, 0x0000000082cd7fc8, 0x0000000082d00000| 84%| S|CS|TAMS 0x0000000082c00000, 0x0000000082c00000| Complete 
|  45|0x0000000082d00000, 0x0000000082e00000, 0x0000000082e00000|100%| S|CS|TAMS 0x0000000082d00000, 0x0000000082d00000| Complete 
|  46|0x0000000082e00000, 0x0000000082f00000, 0x0000000082f00000|100%| S|CS|TAMS 0x0000000082e00000, 0x0000000082e00000| Complete 
|  47|0x0000000082f00000, 0x0000000083000000, 0x0000000083000000|100%| S|CS|TAMS 0x0000000082f00000, 0x0000000082f00000| Complete 
|  48|0x0000000083000000, 0x0000000083000000, 0x0000000083100000|  0%| F|  |TAMS 0x0000000083000000, 0x0000000083000000| Untracked 
|  49|0x0000000083100000, 0x0000000083100000, 0x0000000083200000|  0%| F|  |TAMS 0x0000000083100000, 0x0000000083100000| Untracked 
|  50|0x0000000083200000, 0x0000000083200000, 0x0000000083300000|  0%| F|  |TAMS 0x0000000083200000, 0x0000000083200000| Untracked 
|  51|0x0000000083300000, 0x0000000083300000, 0x0000000083400000|  0%| F|  |TAMS 0x0000000083300000, 0x0000000083300000| Untracked 
|  52|0x0000000083400000, 0x0000000083400000, 0x0000000083500000|  0%| F|  |TAMS 0x0000000083400000, 0x0000000083400000| Untracked 
|  53|0x0000000083500000, 0x0000000083500000, 0x0000000083600000|  0%| F|  |TAMS 0x0000000083500000, 0x0000000083500000| Untracked 
|  54|0x0000000083600000, 0x0000000083600000, 0x0000000083700000|  0%| F|  |TAMS 0x0000000083600000, 0x0000000083600000| Untracked 
|  55|0x0000000083700000, 0x0000000083700000, 0x0000000083800000|  0%| F|  |TAMS 0x0000000083700000, 0x0000000083700000| Untracked 
|  56|0x0000000083800000, 0x0000000083800000, 0x0000000083900000|  0%| F|  |TAMS 0x0000000083800000, 0x0000000083800000| Untracked 
|  57|0x0000000083900000, 0x0000000083900000, 0x0000000083a00000|  0%| F|  |TAMS 0x0000000083900000, 0x0000000083900000| Untracked 
|  58|0x0000000083a00000, 0x0000000083a00000, 0x0000000083b00000|  0%| F|  |TAMS 0x0000000083a00000, 0x0000000083a00000| Untracked 
|  59|0x0000000083b00000, 0x0000000083b00000, 0x0000000083c00000|  0%| F|  |TAMS 0x0000000083b00000, 0x0000000083b00000| Untracked 
|  60|0x0000000083c00000, 0x0000000083c00000, 0x0000000083d00000|  0%| F|  |TAMS 0x0000000083c00000, 0x0000000083c00000| Untracked 
|  61|0x0000000083d00000, 0x0000000083d00000, 0x0000000083e00000|  0%| F|  |TAMS 0x0000000083d00000, 0x0000000083d00000| Untracked 
|  62|0x0000000083e00000, 0x0000000083e00000, 0x0000000083f00000|  0%| F|  |TAMS 0x0000000083e00000, 0x0000000083e00000| Untracked 
|  63|0x0000000083f00000, 0x0000000083f00000, 0x0000000084000000|  0%| F|  |TAMS 0x0000000083f00000, 0x0000000083f00000| Untracked 
|  64|0x0000000084000000, 0x0000000084000000, 0x0000000084100000|  0%| F|  |TAMS 0x0000000084000000, 0x0000000084000000| Untracked 
|  65|0x0000000084100000, 0x0000000084100000, 0x0000000084200000|  0%| F|  |TAMS 0x0000000084100000, 0x0000000084100000| Untracked 
|  66|0x0000000084200000, 0x0000000084200000, 0x0000000084300000|  0%| F|  |TAMS 0x0000000084200000, 0x0000000084200000| Untracked 
|  67|0x0000000084300000, 0x0000000084300000, 0x0000000084400000|  0%| F|  |TAMS 0x0000000084300000, 0x0000000084300000| Untracked 
|  68|0x0000000084400000, 0x0000000084400000, 0x0000000084500000|  0%| F|  |TAMS 0x0000000084400000, 0x0000000084400000| Untracked 
|  69|0x0000000084500000, 0x0000000084500000, 0x0000000084600000|  0%| F|  |TAMS 0x0000000084500000, 0x0000000084500000| Untracked 
|  70|0x0000000084600000, 0x0000000084600000, 0x0000000084700000|  0%| F|  |TAMS 0x0000000084600000, 0x0000000084600000| Untracked 
|  71|0x0000000084700000, 0x0000000084700000, 0x0000000084800000|  0%| F|  |TAMS 0x0000000084700000, 0x0000000084700000| Untracked 
|  72|0x0000000084800000, 0x0000000084800000, 0x0000000084900000|  0%| F|  |TAMS 0x0000000084800000, 0x0000000084800000| Untracked 
|  73|0x0000000084900000, 0x0000000084900000, 0x0000000084a00000|  0%| F|  |TAMS 0x0000000084900000, 0x0000000084900000| Untracked 
|  74|0x0000000084a00000, 0x0000000084a00000, 0x0000000084b00000|  0%| F|  |TAMS 0x0000000084a00000, 0x0000000084a00000| Untracked 
|  75|0x0000000084b00000, 0x0000000084b00000, 0x0000000084c00000|  0%| F|  |TAMS 0x0000000084b00000, 0x0000000084b00000| Untracked 
|  76|0x0000000084c00000, 0x0000000084c00000, 0x0000000084d00000|  0%| F|  |TAMS 0x0000000084c00000, 0x0000000084c00000| Untracked 
|  77|0x0000000084d00000, 0x0000000084d00000, 0x0000000084e00000|  0%| F|  |TAMS 0x0000000084d00000, 0x0000000084d00000| Untracked 
|  78|0x0000000084e00000, 0x0000000084e00000, 0x0000000084f00000|  0%| F|  |TAMS 0x0000000084e00000, 0x0000000084e00000| Untracked 
|  79|0x0000000084f00000, 0x0000000084f00000, 0x0000000085000000|  0%| F|  |TAMS 0x0000000084f00000, 0x0000000084f00000| Untracked 
|  80|0x0000000085000000, 0x0000000085000000, 0x0000000085100000|  0%| F|  |TAMS 0x0000000085000000, 0x0000000085000000| Untracked 
|  81|0x0000000085100000, 0x0000000085100000, 0x0000000085200000|  0%| F|  |TAMS 0x0000000085100000, 0x0000000085100000| Untracked 
|  82|0x0000000085200000, 0x0000000085200000, 0x0000000085300000|  0%| F|  |TAMS 0x0000000085200000, 0x0000000085200000| Untracked 
|  83|0x0000000085300000, 0x0000000085300000, 0x0000000085400000|  0%| F|  |TAMS 0x0000000085300000, 0x0000000085300000| Untracked 
|  84|0x0000000085400000, 0x0000000085400000, 0x0000000085500000|  0%| F|  |TAMS 0x0000000085400000, 0x0000000085400000| Untracked 
|  85|0x0000000085500000, 0x0000000085500000, 0x0000000085600000|  0%| F|  |TAMS 0x0000000085500000, 0x0000000085500000| Untracked 
|  86|0x0000000085600000, 0x0000000085600000, 0x0000000085700000|  0%| F|  |TAMS 0x0000000085600000, 0x0000000085600000| Untracked 
|  87|0x0000000085700000, 0x00000000857694c0, 0x0000000085800000| 41%| E|  |TAMS 0x0000000085700000, 0x0000000085700000| Complete 
|  88|0x0000000085800000, 0x0000000085900000, 0x0000000085900000|100%| E|CS|TAMS 0x0000000085800000, 0x0000000085800000| Complete 
|  89|0x0000000085900000, 0x0000000085a00000, 0x0000000085a00000|100%| E|CS|TAMS 0x0000000085900000, 0x0000000085900000| Complete 
|  90|0x0000000085a00000, 0x0000000085b00000, 0x0000000085b00000|100%| E|CS|TAMS 0x0000000085a00000, 0x0000000085a00000| Complete 
|  91|0x0000000085b00000, 0x0000000085c00000, 0x0000000085c00000|100%| E|CS|TAMS 0x0000000085b00000, 0x0000000085b00000| Complete 
|  92|0x0000000085c00000, 0x0000000085d00000, 0x0000000085d00000|100%| E|CS|TAMS 0x0000000085c00000, 0x0000000085c00000| Complete 
|  93|0x0000000085d00000, 0x0000000085e00000, 0x0000000085e00000|100%| E|CS|TAMS 0x0000000085d00000, 0x0000000085d00000| Complete 
|  94|0x0000000085e00000, 0x0000000085f00000, 0x0000000085f00000|100%| E|CS|TAMS 0x0000000085e00000, 0x0000000085e00000| Complete 
|  95|0x0000000085f00000, 0x0000000086000000, 0x0000000086000000|100%| E|CS|TAMS 0x0000000085f00000, 0x0000000085f00000| Complete 

Card table byte_map: [0x000002515a550000,0x000002515a950000] _byte_map_base: 0x000002515a150000

Marking Bits (Prev, Next): (CMBitMap*) 0x0000025146bfe600, (CMBitMap*) 0x0000025146bfe5c8
 Prev Bits: [0x000002515cd50000, 0x000002515ed50000)
 Next Bits: [0x000002515ad50000, 0x000002515cd50000)

Polling page: 0x000002514a6c0000

Metaspace:

Usage:
  Non-class:     23.00 MB capacity,    22.54 MB ( 98%) used,   418.92 KB (  2%) free+waste,    55.69 KB ( <1%) overhead. 
      Class:      3.62 MB capacity,     3.39 MB ( 94%) used,   202.00 KB (  5%) free+waste,    28.00 KB ( <1%) overhead. 
       Both:     26.62 MB capacity,    25.93 MB ( 97%) used,   620.92 KB (  2%) free+waste,    83.69 KB ( <1%) overhead. 

Virtual space:
  Non-class space:       24.00 MB reserved,      23.17 MB ( 97%) committed 
      Class space:        1.00 GB reserved,       3.63 MB ( <1%) committed 
             Both:        1.02 GB reserved,      26.80 MB (  3%) committed 

Chunk freelists:
   Non-Class:  47.00 KB
       Class:  0 bytes
        Both:  47.00 KB

MaxMetaspaceSize: 17179869184.00 GB
CompressedClassSpaceSize: 1.00 GB

CodeHeap 'non-profiled nmethods': size=120000Kb used=1144Kb max_used=1144Kb free=118855Kb
 bounds [0x00000251521b0000, 0x0000025152420000, 0x00000251596e0000]
CodeHeap 'profiled nmethods': size=120000Kb used=4939Kb max_used=4939Kb free=115060Kb
 bounds [0x000002514ac80000, 0x000002514b160000, 0x00000251521b0000]
CodeHeap 'non-nmethods': size=5760Kb used=1160Kb max_used=1186Kb free=4599Kb
 bounds [0x000002514a6e0000, 0x000002514a950000, 0x000002514ac80000]
 total_blobs=2846 nmethods=2344 adapters=413
 compilation: enabled
              stopped_count=0, restarted_count=0
 full_count=0

Compilation events (20 events):
Event: 8.538 Thread 0x0000025161844800 2322       3       java.io.DataInputStream::readLong (128 bytes)
Event: 8.538 Thread 0x0000025161844800 nmethod 2322 0x000002514b13ba90 code [0x000002514b13bc60, 0x000002514b13bf68]
Event: 8.538 Thread 0x0000025161844800 2323       3       com.google.common.io.CountingInputStream::read (33 bytes)
Event: 8.539 Thread 0x0000025161844800 nmethod 2323 0x000002514b13c110 code [0x000002514b13c2c0, 0x000002514b13c4c8]
Event: 8.539 Thread 0x0000025161844800 2324       3       org.gradle.cache.internal.btree.BlockPointer::pos (56 bytes)
Event: 8.540 Thread 0x0000025161844800 nmethod 2324 0x000002514b13c590 code [0x000002514b13c800, 0x000002514b13d1f8]
Event: 8.540 Thread 0x0000025161844800 2328  s    2       java.io.BufferedInputStream::read (49 bytes)
Event: 8.540 Thread 0x0000025161844800 nmethod 2328 0x000002514b13d590 code [0x000002514b13d760, 0x000002514b13db58]
Event: 8.541 Thread 0x0000025161844800 2325       3       org.gradle.cache.internal.btree.BlockPointer::<init> (10 bytes)
Event: 8.541 Thread 0x0000025161844800 nmethod 2325 0x000002514b13dc90 code [0x000002514b13de40, 0x000002514b13df98]
Event: 8.541 Thread 0x0000025161844800 2326       3       org.gradle.cache.internal.btree.BTreePersistentIndexedCache$IndexEntry::<init> (5 bytes)
Event: 8.541 Thread 0x0000025161844800 nmethod 2326 0x000002514b13e090 code [0x000002514b13e240, 0x000002514b13e3f8]
Event: 8.541 Thread 0x0000025161844800 2327       3       org.gradle.cache.internal.btree.BTreePersistentIndexedCache$IndexEntry::<init> (5 bytes)
Event: 8.541 Thread 0x0000025161844800 nmethod 2327 0x000002514b13e510 code [0x000002514b13e6c0, 0x000002514b13e818]
Event: 8.544 Thread 0x0000025161844800 2330       3       jdk.internal.misc.Unsafe::weakCompareAndSetInt (11 bytes)
Event: 8.544 Thread 0x0000025161844800 nmethod 2330 0x000002514b13e910 code [0x000002514b13eac0, 0x000002514b13ebd8]
Event: 8.549 Thread 0x0000025161844800 2331       3       jdk.internal.misc.Unsafe::getAndAddInt (27 bytes)
Event: 8.549 Thread 0x0000025161844800 nmethod 2331 0x000002514b13ec90 code [0x000002514b13ee40, 0x000002514b13f078]
Event: 8.549 Thread 0x0000025161844800 2332       3       java.lang.invoke.ConstantCallSite::getTarget (20 bytes)
Event: 8.549 Thread 0x0000025161844800 nmethod 2332 0x000002514b13f190 code [0x000002514b13f360, 0x000002514b13f568]

GC Heap History (8 events):
Event: 2.809 GC heap before
{Heap before GC invocations=0 (full 0):
 garbage-first heap   total 98304K, used 29696K [0x0000000080000000, 0x0000000100000000)
  region size 1024K, 24 young (24576K), 0 survivors (0K)
 Metaspace       used 10284K, capacity 10565K, committed 10624K, reserved 1058816K
  class space    used 1073K, capacity 1139K, committed 1152K, reserved 1048576K
}
Event: 2.824 GC heap after
{Heap after GC invocations=1 (full 0):
 garbage-first heap   total 98304K, used 9284K [0x0000000080000000, 0x0000000100000000)
  region size 1024K, 3 young (3072K), 3 survivors (3072K)
 Metaspace       used 10284K, capacity 10565K, committed 10624K, reserved 1058816K
  class space    used 1073K, capacity 1139K, committed 1152K, reserved 1048576K
}
Event: 5.378 GC heap before
{Heap before GC invocations=1 (full 0):
 garbage-first heap   total 98304K, used 64580K [0x0000000080000000, 0x0000000100000000)
  region size 1024K, 57 young (58368K), 3 survivors (3072K)
 Metaspace       used 13961K, capacity 14345K, committed 14464K, reserved 1062912K
  class space    used 1557K, capacity 1654K, committed 1664K, reserved 1048576K
}
Event: 5.388 GC heap after
{Heap after GC invocations=2 (full 0):
 garbage-first heap   total 98304K, used 15360K [0x0000000080000000, 0x0000000100000000)
  region size 1024K, 8 young (8192K), 8 survivors (8192K)
 Metaspace       used 13961K, capacity 14345K, committed 14464K, reserved 1062912K
  class space    used 1557K, capacity 1654K, committed 1664K, reserved 1048576K
}
Event: 7.390 GC heap before
{Heap before GC invocations=2 (full 0):
 garbage-first heap   total 98304K, used 56320K [0x0000000080000000, 0x0000000100000000)
  region size 1024K, 49 young (50176K), 8 survivors (8192K)
 Metaspace       used 20695K, capacity 21194K, committed 21296K, reserved 1069056K
  class space    used 2532K, capacity 2676K, committed 2688K, reserved 1048576K
}
Event: 7.403 GC heap after
{Heap after GC invocations=3 (full 0):
 garbage-first heap   total 98304K, used 17274K [0x0000000080000000, 0x0000000100000000)
  region size 1024K, 3 young (3072K), 3 survivors (3072K)
 Metaspace       used 20695K, capacity 21194K, committed 21296K, reserved 1069056K
  class space    used 2532K, capacity 2676K, committed 2688K, reserved 1048576K
}
Event: 8.331 GC heap before
{Heap before GC invocations=4 (full 0):
 garbage-first heap   total 98304K, used 63354K [0x0000000080000000, 0x0000000100000000)
  region size 1024K, 48 young (49152K), 3 survivors (3072K)
 Metaspace       used 25359K, capacity 26027K, committed 26288K, reserved 1073152K
  class space    used 3278K, capacity 3484K, committed 3584K, reserved 1048576K
}
Event: 8.335 GC heap after
{Heap after GC invocations=5 (full 0):
 garbage-first heap   total 98304K, used 18888K [0x0000000080000000, 0x0000000100000000)
  region size 1024K, 4 young (4096K), 4 survivors (4096K)
 Metaspace       used 25359K, capacity 26027K, committed 26288K, reserved 1073152K
  class space    used 3278K, capacity 3484K, committed 3584K, reserved 1048576K
}

Deoptimization events (20 events):
Event: 7.942 Thread 0x000002516453f000 DEOPT PACKING pc=0x000002515226027c sp=0x00000076bb9f9850
Event: 7.942 Thread 0x000002516453f000 DEOPT UNPACKING pc=0x000002514a70662f sp=0x00000076bb9f97b8 mode 2
Event: 8.079 Thread 0x000002516453f000 DEOPT PACKING pc=0x000002514aff319b sp=0x00000076bb9fa420
Event: 8.079 Thread 0x000002516453f000 DEOPT UNPACKING pc=0x000002514a706dde sp=0x00000076bb9f9890 mode 0
Event: 8.179 Thread 0x000002516453f000 Uncommon trap: trap_request=0xffffffcc fr.pc=0x00000251522c0d68 relative=0x0000000000000328
Event: 8.179 Thread 0x000002516453f000 Uncommon trap: reason=intrinsic_or_type_checked_inlining action=make_not_entrant pc=0x00000251522c0d68 method=java.util.Arrays.copyOf([Ljava/lang/Object;ILjava/lang/Class;)[Ljava/lang/Object; @ 35 c2
Event: 8.179 Thread 0x000002516453f000 DEOPT PACKING pc=0x00000251522c0d68 sp=0x00000076bb9fb900
Event: 8.179 Thread 0x000002516453f000 DEOPT UNPACKING pc=0x000002514a70662f sp=0x00000076bb9fb890 mode 2
Event: 8.408 Thread 0x000002516453f000 Uncommon trap: trap_request=0xffffff7e fr.pc=0x00000251522c7ea8 relative=0x0000000000000168
Event: 8.408 Thread 0x000002516453f000 Uncommon trap: reason=predicate action=maybe_recompile pc=0x00000251522c7ea8 method=com.google.common.base.CharMatcher.indexIn(Ljava/lang/CharSequence;I)I @ 19 c2
Event: 8.408 Thread 0x000002516453f000 DEOPT PACKING pc=0x00000251522c7ea8 sp=0x00000076bb9fb520
Event: 8.408 Thread 0x000002516453f000 DEOPT UNPACKING pc=0x000002514a70662f sp=0x00000076bb9fb4b0 mode 2
Event: 8.460 Thread 0x000002516453f000 Uncommon trap: trap_request=0xffffffde fr.pc=0x00000251522c5624 relative=0x00000000000002e4
Event: 8.460 Thread 0x000002516453f000 Uncommon trap: reason=class_check action=maybe_recompile pc=0x00000251522c5624 method=java.util.Collections$SetFromMap.remove(Ljava/lang/Object;)Z @ 5 c2
Event: 8.460 Thread 0x000002516453f000 DEOPT PACKING pc=0x00000251522c5624 sp=0x00000076bb9fc5d0
Event: 8.460 Thread 0x000002516453f000 DEOPT UNPACKING pc=0x000002514a70662f sp=0x00000076bb9fc5c8 mode 2
Event: 8.460 Thread 0x000002516453f000 Uncommon trap: trap_request=0xffffffde fr.pc=0x00000251522c5624 relative=0x00000000000002e4
Event: 8.460 Thread 0x000002516453f000 Uncommon trap: reason=class_check action=maybe_recompile pc=0x00000251522c5624 method=java.util.Collections$SetFromMap.remove(Ljava/lang/Object;)Z @ 5 c2
Event: 8.460 Thread 0x000002516453f000 DEOPT PACKING pc=0x00000251522c5624 sp=0x00000076bb9fc560
Event: 8.460 Thread 0x000002516453f000 DEOPT UNPACKING pc=0x000002514a70662f sp=0x00000076bb9fc558 mode 2

Classes redefined (0 events):
No events

Internal exceptions (20 events):
Event: 7.292 Thread 0x000002516453f000 Exception <a 'java/lang/NoSuchMethodError'{0x0000000083b91940}: 'void java.lang.invoke.DirectMethodHandle$Holder.invokeStaticInit(java.lang.Object)'> (0x0000000083b91940) thrown at [./src/hotspot/share/interpreter/linkResolver.cpp, line 773]
Event: 7.340 Thread 0x000002516453f000 Exception <a 'java/lang/NoSuchMethodError'{0x00000000839b0c98}: 'java.lang.Object java.lang.invoke.DirectMethodHandle$Holder.invokeStatic(java.lang.Object, java.lang.Object, java.lang.Object, int)'> (0x00000000839b0c98) thrown at [./src/hotspot/share/interpreter/linkResolver.cpp, line 773]
Event: 7.341 Thread 0x000002516453f000 Exception <a 'java/lang/NoSuchMethodError'{0x00000000839b5108}: 'java.lang.Object java.lang.invoke.DirectMethodHandle$Holder.invokeSpecial(java.lang.Object, java.lang.Object, java.lang.Object, java.lang.Object, int)'> (0x00000000839b5108) thrown at [./src/hotspot/share/interpreter/linkResolver.cpp, line 773]
Event: 7.341 Thread 0x000002516453f000 Exception <a 'java/lang/NoSuchMethodError'{0x00000000839b8d98}: 'java.lang.Object java.lang.invoke.Invokers$Holder.linkToTargetMethod(java.lang.Object, java.lang.Object, int, java.lang.Object)'> (0x00000000839b8d98) thrown at [./src/hotspot/share/interpreter/linkResolver.cpp, line 773]
Event: 7.550 Thread 0x000002516453f000 Exception <a 'java/lang/NoSuchMethodError'{0x0000000085c546e0}: 'int java.lang.invoke.DirectMethodHandle$Holder.invokeSpecialIFC(java.lang.Object, java.lang.Object, java.lang.Object, java.lang.Object)'> (0x0000000085c546e0) thrown at [./src/hotspot/share/interpreter/linkResolver.cpp, line 773]
Event: 7.552 Thread 0x000002516453f000 Exception <a 'java/lang/NoSuchMethodError'{0x0000000085c62698}: 'java.lang.Object java.lang.invoke.DirectMethodHandle$Holder.invokeInterface(java.lang.Object, java.lang.Object, java.lang.Object)'> (0x0000000085c62698) thrown at [./src/hotspot/share/interpreter/linkResolver.cpp, line 773]
Event: 7.553 Thread 0x000002516453f000 Exception <a 'java/lang/IncompatibleClassChangeError'{0x0000000085c65b70}: Found class java.lang.Object, but interface was expected> (0x0000000085c65b70) thrown at [./src/hotspot/share/interpreter/linkResolver.cpp, line 839]
Event: 7.591 Thread 0x000002516453f000 Exception <a 'java/lang/NoSuchMethodError'{0x0000000085a57a58}: 'void java.lang.invoke.DirectMethodHandle$Holder.invokeStatic(java.lang.Object, java.lang.Object, java.lang.Object, java.lang.Object, java.lang.Object)'> (0x0000000085a57a58) thrown at [./src/hotspot/share/interpreter/linkResolver.cpp, line 773]
Event: 7.744 Thread 0x000002516453f000 Exception <a 'java/lang/NoSuchMethodError'{0x0000000085335a28}: 'java.lang.Object java.lang.invoke.DirectMethodHandle$Holder.invokeSpecial(java.lang.Object, java.lang.Object, java.lang.Object, java.lang.Object, java.lang.Object, java.lang.Object, java.lang.Object, java.lang.Object, java.lang.Object)'> (0x0000000085335a28) thrown at [./src/hotspot/share/interpreter/linkResolver.cpp, line 773]
Event: 7.855 Thread 0x000002516453f000 Exception <a 'java/lang/NoSuchMethodError'{0x0000000084abbd10}: 'java.lang.Object java.lang.invoke.DirectMethodHandle$Holder.invokeVirtual(java.lang.Object, java.lang.Object, java.lang.Object, java.lang.Object)'> (0x0000000084abbd10) thrown at [./src/hotspot/share/interpreter/linkResolver.cpp, line 773]
Event: 7.993 Thread 0x000002516453f000 Exception <a 'java/lang/NoSuchMethodError'{0x00000000843620b8}: 'void java.lang.invoke.DirectMethodHandle$Holder.invokeSpecial(java.lang.Object, java.lang.Object, java.lang.Object, java.lang.Object, java.lang.Object, java.lang.Object)'> (0x00000000843620b8) thrown at [./src/hotspot/share/interpreter/linkResolver.cpp, line 773]
Event: 8.011 Thread 0x000002516453f000 Exception <a 'java/lang/NoSuchMethodError'{0x00000000843d1068}: 'void java.lang.invoke.DirectMethodHandle$Holder.invokeSpecial(java.lang.Object, java.lang.Object, java.lang.Object, java.lang.Object, java.lang.Object, java.lang.Object, java.lang.Object)'> (0x00000000843d1068) thrown at [./src/hotspot/share/interpreter/linkResolver.cpp, line 773]
Event: 8.012 Thread 0x000002516453f000 Exception <a 'java/lang/NoSuchMethodError'{0x00000000843d9558}: 'java.lang.Object java.lang.invoke.Invokers$Holder.linkToTargetMethod(java.lang.Object, java.lang.Object, java.lang.Object, java.lang.Object, java.lang.Object, java.lang.Object)'> (0x00000000843d9558) thrown at [./src/hotspot/share/interpreter/linkResolver.cpp, line 773]
Event: 8.177 Thread 0x000002516453f000 Exception <a 'java/lang/NoSuchMethodError'{0x000000008392e8d0}: 'int java.lang.invoke.DirectMethodHandle$Holder.invokeStaticInit(java.lang.Object, java.lang.Object, java.lang.Object)'> (0x000000008392e8d0) thrown at [./src/hotspot/share/interpreter/linkResolver.cpp, line 773]
Event: 8.298 Thread 0x000002516453f000 Exception <a 'java/lang/NoSuchMethodError'{0x000000008315ee80}: 'void java.lang.invoke.DirectMethodHandle$Holder.invokeStaticInit(java.lang.Object, java.lang.Object)'> (0x000000008315ee80) thrown at [./src/hotspot/share/interpreter/linkResolver.cpp, line 773]
Event: 8.445 Thread 0x000002516453f000 Exception <a 'java/lang/NoSuchMethodError'{0x0000000085b21a40}: 'void java.lang.invoke.DirectMethodHandle$Holder.invokeStatic(java.lang.Object, java.lang.Object, java.lang.Object, java.lang.Object)'> (0x0000000085b21a40) thrown at [./src/hotspot/share/interpreter/linkResolver.cpp, line 773]
Event: 8.449 Thread 0x000002516453f000 Exception <a 'java/lang/NoSuchMethodError'{0x0000000085b35550}: 'int java.lang.invoke.DirectMethodHandle$Holder.invokeInterface(java.lang.Object, java.lang.Object)'> (0x0000000085b35550) thrown at [./src/hotspot/share/interpreter/linkResolver.cpp, line 773]
Event: 8.513 Thread 0x0000025164bea800 Exception <a 'java/lang/NoSuchMethodError'{0x000000008590a310}: 'void java.lang.invoke.DirectMethodHandle$Holder.invokeSpecial(java.lang.Object, java.lang.Object)'> (0x000000008590a310) thrown at [./src/hotspot/share/interpreter/linkResolver.cpp, line 773]
Event: 8.572 Thread 0x000002516453f000 Exception <a 'java/lang/NoSuchMethodError'{0x000000008583ea98}: 'java.lang.Object java.lang.invoke.DirectMethodHandle$Holder.invokeStatic(java.lang.Object, java.lang.Object, int, java.lang.Object)'> (0x000000008583ea98) thrown at [./src/hotspot/share/interpreter/linkResolver.cpp, line 773]
Event: 8.574 Thread 0x000002516453f000 Exception <a 'java/lang/NoSuchMethodError'{0x0000000085848990}: 'java.lang.Object java.lang.invoke.Invokers$Holder.linkToTargetMethod(java.lang.Object, int, java.lang.Object, java.lang.Object)'> (0x0000000085848990) thrown at [./src/hotspot/share/interpreter/linkResolver.cpp, line 773]

Events (20 events):
Event: 8.564 loading class org/gradle/internal/snapshot/ChildMap$NodeHandler
Event: 8.564 loading class org/gradle/internal/snapshot/ChildMap$NodeHandler done
Event: 8.565 loading class org/gradle/internal/snapshot/ReadOnlyFileSystemNode$1
Event: 8.565 loading class org/gradle/internal/snapshot/ReadOnlyFileSystemNode$1 done
Event: 8.566 loading class org/gradle/internal/classpath/DefaultCachedClasspathTransformer
Event: 8.566 loading class org/gradle/internal/classpath/DefaultCachedClasspathTransformer done
Event: 8.566 loading class org/gradle/internal/Either
Event: 8.566 loading class org/gradle/internal/Either done
Event: 8.567 loading class org/gradle/internal/Either$Left
Event: 8.567 loading class org/gradle/internal/Either$Left done
Event: 8.567 loading class org/gradle/internal/Either$Right
Event: 8.567 loading class org/gradle/internal/Either$Right done
Event: 8.568 loading class org/gradle/internal/Either
Event: 8.568 loading class org/gradle/internal/Either done
Event: 8.568 loading class org/gradle/internal/Either
Event: 8.568 loading class org/gradle/internal/Either done
Event: 8.570 loading class org/gradle/internal/Either
Event: 8.570 loading class org/gradle/internal/Either done
Event: 8.575 loading class org/gradle/internal/snapshot/SnapshotUtil$1
Event: 8.575 loading class org/gradle/internal/snapshot/SnapshotUtil$1 done


Dynamic libraries:
0x00007ff763ba0000 - 0x00007ff763baa000 	C:\Users\User\AppData\Local\JetBrains\Toolbox\apps\AndroidStudio\ch-0\211.7628.21.2111.8193401\jre\bin\java.exe
0x00007ff9d42f0000 - 0x00007ff9d44e5000 	C:\Windows\SYSTEM32\ntdll.dll
0x00007ff9d2e70000 - 0x00007ff9d2f2e000 	C:\Windows\System32\KERNEL32.DLL
0x00007ff9d1b10000 - 0x00007ff9d1dd8000 	C:\Windows\System32\KERNELBASE.dll
0x00007ff9d2230000 - 0x00007ff9d2330000 	C:\Windows\System32\ucrtbase.dll
0x00007ff9aee80000 - 0x00007ff9aee97000 	C:\Users\User\AppData\Local\JetBrains\Toolbox\apps\AndroidStudio\ch-0\211.7628.21.2111.8193401\jre\bin\VCRUNTIME140.dll
0x00007ff9aedf0000 - 0x00007ff9aee09000 	C:\Users\User\AppData\Local\JetBrains\Toolbox\apps\AndroidStudio\ch-0\211.7628.21.2111.8193401\jre\bin\jli.dll
0x00007ff9d3390000 - 0x00007ff9d3531000 	C:\Windows\System32\USER32.dll
0x00007ff9d1ee0000 - 0x00007ff9d1f02000 	C:\Windows\System32\win32u.dll
0x00007ff9d4170000 - 0x00007ff9d419b000 	C:\Windows\System32\GDI32.dll
0x00007ff9d1a00000 - 0x00007ff9d1b0d000 	C:\Windows\System32\gdi32full.dll
0x00007ff9d1e40000 - 0x00007ff9d1edd000 	C:\Windows\System32\msvcp_win.dll
0x00007ff9bfed0000 - 0x00007ff9c016a000 	C:\Windows\WinSxS\amd64_microsoft.windows.common-controls_6595b64144ccf1df_6.0.19041.1110_none_60b5254171f9507e\COMCTL32.dll
0x00007ff9d3280000 - 0x00007ff9d331e000 	C:\Windows\System32\msvcrt.dll
0x00007ff9d3540000 - 0x00007ff9d3570000 	C:\Windows\System32\IMM32.DLL
0x00007ff9a6aa0000 - 0x00007ff9a6b3d000 	C:\Users\User\AppData\Local\JetBrains\Toolbox\apps\AndroidStudio\ch-0\211.7628.21.2111.8193401\jre\bin\msvcp140.dll
0x00007ff941520000 - 0x00007ff941ff5000 	C:\Users\User\AppData\Local\JetBrains\Toolbox\apps\AndroidStudio\ch-0\211.7628.21.2111.8193401\jre\bin\server\jvm.dll
0x00007ff9d2c90000 - 0x00007ff9d2d3e000 	C:\Windows\System32\ADVAPI32.dll
0x00007ff9d3fc0000 - 0x00007ff9d405c000 	C:\Windows\System32\sechost.dll
0x00007ff9d3e90000 - 0x00007ff9d3fb5000 	C:\Windows\System32\RPCRT4.dll
0x00007ff9d4210000 - 0x00007ff9d4218000 	C:\Windows\System32\PSAPI.DLL
0x00007ff9c6c40000 - 0x00007ff9c6c4a000 	C:\Windows\SYSTEM32\VERSION.dll
0x00007ff9cd6c0000 - 0x00007ff9cd6c9000 	C:\Windows\SYSTEM32\WSOCK32.dll
0x00007ff9c6c10000 - 0x00007ff9c6c37000 	C:\Windows\SYSTEM32\WINMM.dll
0x00007ff9d3320000 - 0x00007ff9d338b000 	C:\Windows\System32\WS2_32.dll
0x00007ff9d01f0000 - 0x00007ff9d0202000 	C:\Windows\SYSTEM32\kernel.appcore.dll
0x00007ff9afa00000 - 0x00007ff9afa11000 	C:\Users\User\AppData\Local\JetBrains\Toolbox\apps\AndroidStudio\ch-0\211.7628.21.2111.8193401\jre\bin\verify.dll
0x00007ff9bcaf0000 - 0x00007ff9bccd4000 	C:\Windows\SYSTEM32\DBGHELP.DLL
0x00007ff9bc5d0000 - 0x00007ff9bc5fc000 	C:\Windows\SYSTEM32\dbgcore.DLL
0x00007ff9d1fc0000 - 0x00007ff9d2042000 	C:\Windows\System32\bcryptPrimitives.dll
0x00007ff9af9d0000 - 0x00007ff9af9f9000 	C:\Users\User\AppData\Local\JetBrains\Toolbox\apps\AndroidStudio\ch-0\211.7628.21.2111.8193401\jre\bin\java.dll
0x00007ff9af030000 - 0x00007ff9af03b000 	C:\Users\User\AppData\Local\JetBrains\Toolbox\apps\AndroidStudio\ch-0\211.7628.21.2111.8193401\jre\bin\jimage.dll
0x00007ff9aedd0000 - 0x00007ff9aede8000 	C:\Users\User\AppData\Local\JetBrains\Toolbox\apps\AndroidStudio\ch-0\211.7628.21.2111.8193401\jre\bin\zip.dll
0x00007ff9d2400000 - 0x00007ff9d2b44000 	C:\Windows\System32\SHELL32.dll
0x00007ff9cf9a0000 - 0x00007ff9d0135000 	C:\Windows\SYSTEM32\windows.storage.dll
0x00007ff9d3a50000 - 0x00007ff9d3da5000 	C:\Windows\System32\combase.dll
0x00007ff9d13e0000 - 0x00007ff9d140e000 	C:\Windows\SYSTEM32\Wldp.dll
0x00007ff9d30e0000 - 0x00007ff9d318d000 	C:\Windows\System32\SHCORE.dll
0x00007ff9d3570000 - 0x00007ff9d35c5000 	C:\Windows\System32\shlwapi.dll
0x00007ff9d1940000 - 0x00007ff9d195f000 	C:\Windows\SYSTEM32\profapi.dll
0x00007ff9aed90000 - 0x00007ff9aedaa000 	C:\Users\User\AppData\Local\JetBrains\Toolbox\apps\AndroidStudio\ch-0\211.7628.21.2111.8193401\jre\bin\net.dll
0x00007ff9c6710000 - 0x00007ff9c681c000 	C:\Windows\SYSTEM32\WINHTTP.dll
0x00007ff9d10e0000 - 0x00007ff9d114a000 	C:\Windows\system32\mswsock.dll
0x00007ff9a8c70000 - 0x00007ff9a8c84000 	C:\Users\User\AppData\Local\JetBrains\Toolbox\apps\AndroidStudio\ch-0\211.7628.21.2111.8193401\jre\bin\nio.dll
0x00007ff9a38e0000 - 0x00007ff9a3907000 	C:\Users\User\.gradle\native\e1d6ef7f7dcc3fd88c89a11ec53ec762bb8ba0a96d01ffa2cd45eb1d1d8dd5c5\windows-amd64\native-platform.dll
0x00007ff9a2620000 - 0x00007ff9a2764000 	C:\Users\User\.gradle\native\5664cfc778a61ccfe75a443a1ab52a65af34e5dc3c78e0209fed803814484fcb\windows-amd64\native-platform-file-events.dll
0x00007ff9a96a0000 - 0x00007ff9a96aa000 	C:\Users\User\AppData\Local\JetBrains\Toolbox\apps\AndroidStudio\ch-0\211.7628.21.2111.8193401\jre\bin\management.dll
0x00007ff9a7cb0000 - 0x00007ff9a7cbd000 	C:\Users\User\AppData\Local\JetBrains\Toolbox\apps\AndroidStudio\ch-0\211.7628.21.2111.8193401\jre\bin\management_ext.dll
0x00007ff9d12e0000 - 0x00007ff9d12f8000 	C:\Windows\SYSTEM32\CRYPTSP.dll
0x00007ff9d0a60000 - 0x00007ff9d0a94000 	C:\Windows\system32\rsaenh.dll
0x00007ff9d21b0000 - 0x00007ff9d21d7000 	C:\Windows\System32\bcrypt.dll
0x00007ff9d1900000 - 0x00007ff9d192e000 	C:\Windows\SYSTEM32\USERENV.dll
0x00007ff9d12d0000 - 0x00007ff9d12dc000 	C:\Windows\SYSTEM32\CRYPTBASE.dll
0x00007ff9d0dd0000 - 0x00007ff9d0e0b000 	C:\Windows\SYSTEM32\IPHLPAPI.DLL
0x00007ff9d4200000 - 0x00007ff9d4208000 	C:\Windows\System32\NSI.dll
0x00007ff9c6ee0000 - 0x00007ff9c6ef7000 	C:\Windows\SYSTEM32\dhcpcsvc6.DLL
0x00007ff9c9b10000 - 0x00007ff9c9b2d000 	C:\Windows\SYSTEM32\dhcpcsvc.DLL
0x00007ff9d0e10000 - 0x00007ff9d0edb000 	C:\Windows\SYSTEM32\DNSAPI.dll

dbghelp: loaded successfully - version: 4.0.5 - missing functions: none
symbol engine: initialized successfully - sym options: 0x614 - pdb path: .;C:\Users\User\AppData\Local\JetBrains\Toolbox\apps\AndroidStudio\ch-0\211.7628.21.2111.8193401\jre\bin;C:\Windows\SYSTEM32;C:\Windows\WinSxS\amd64_microsoft.windows.common-controls_6595b64144ccf1df_6.0.19041.1110_none_60b5254171f9507e;C:\Users\User\AppData\Local\JetBrains\Toolbox\apps\AndroidStudio\ch-0\211.7628.21.2111.8193401\jre\bin\server;C:\Users\User\.gradle\native\e1d6ef7f7dcc3fd88c89a11ec53ec762bb8ba0a96d01ffa2cd45eb1d1d8dd5c5\windows-amd64;C:\Users\User\.gradle\native\5664cfc778a61ccfe75a443a1ab52a65af34e5dc3c78e0209fed803814484fcb\windows-amd64

VM Arguments:
jvm_args: --add-opens=java.base/java.util=ALL-UNNAMED --add-opens=java.base/java.lang=ALL-UNNAMED --add-opens=java.base/java.lang.invoke=ALL-UNNAMED --add-opens=java.base/java.util=ALL-UNNAMED --add-opens=java.prefs/java.util.prefs=ALL-UNNAMED --add-opens=java.prefs/java.util.prefs=ALL-UNNAMED --add-opens=java.base/java.nio.charset=ALL-UNNAMED --add-opens=java.base/java.net=ALL-UNNAMED --add-opens=java.base/java.util.concurrent.atomic=ALL-UNNAMED -Xmx2048m -Dfile.encoding=UTF-8 -Duser.country=RU -Duser.language=ru -Duser.variant 
java_command: org.gradle.launcher.daemon.bootstrap.GradleDaemon 7.2
java_class_path (initial): C:\Users\User\.gradle\wrapper\dists\gradle-7.2-bin\2dnblmf4td7x66yl1d74lt32g\gradle-7.2\lib\gradle-launcher-7.2.jar
Launcher Type: SUN_STANDARD

[Global flags]
     intx CICompilerCount                          = 4                                         {product} {ergonomic}
     uint ConcGCThreads                            = 2                                         {product} {ergonomic}
     uint G1ConcRefinementThreads                  = 8                                         {product} {ergonomic}
   size_t G1HeapRegionSize                         = 1048576                                   {product} {ergonomic}
    uintx GCDrainStackTargetSize                   = 64                                        {product} {ergonomic}
   size_t InitialHeapSize                          = 100663296                                 {product} {ergonomic}
   size_t MarkStackSize                            = 4194304                                   {product} {ergonomic}
   size_t MaxHeapSize                              = 2147483648                                {product} {command line}
   size_t MaxNewSize                               = 1287651328                                {product} {ergonomic}
   size_t MinHeapDeltaBytes                        = 1048576                                   {product} {ergonomic}
    uintx NonNMethodCodeHeapSize                   = 5836300                                {pd product} {ergonomic}
    uintx NonProfiledCodeHeapSize                  = 122910970                              {pd product} {ergonomic}
    uintx ProfiledCodeHeapSize                     = 122910970                              {pd product} {ergonomic}
    uintx ReservedCodeCacheSize                    = 251658240                              {pd product} {ergonomic}
     bool SegmentedCodeCache                       = true                                      {product} {ergonomic}
     bool UseCompressedClassPointers               = true                                 {lp64_product} {ergonomic}
     bool UseCompressedOops                        = true                                 {lp64_product} {ergonomic}
     bool UseG1GC                                  = true                                      {product} {ergonomic}
     bool UseLargePagesIndividualAllocation        = false                                  {pd product} {ergonomic}

Logging:
Log output configuration:
 #0: stdout all=warning uptime,level,tags
 #1: stderr all=off uptime,level,tags

Environment Variables:
PATH=C:\Windows\system32;C:\Windows;C:\Windows\System32\Wbem;C:\Windows\System32\WindowsPowerShell\v1.0\;C:\Windows\System32\OpenSSH\;C:\Program Files\7-Zip;C:\Program Files\dotnet\;C:\Program Files (x86)\Microsoft SQL Server\Client SDK\ODBC\130\Tools\Binn\;C:\Program Files (x86)\Microsoft SQL Server\140\Tools\Binn\;C:\Program Files (x86)\Microsoft SQL Server\140\DTS\Binn\;C:\Program Files (x86)\Microsoft SQL Server\140\Tools\Binn\ManagementStudio\;C:\Program Files\Microsoft SQL Server\130\Tools\Binn\;C:\Users\User\AppData\Local\Microsoft\WindowsApps;C:\Users\User\AppData\Local\atom\bin
USERNAME=User
OS=Windows_NT
PROCESSOR_IDENTIFIER=AMD64 Family 23 Model 24 Stepping 1, AuthenticAMD



---------------  S Y S T E M  ---------------

OS: Windows 10 , 64 bit Build 19041 (10.0.19041.1466)
OS uptime: 3 days 15:13 hours

CPU:total 8 (initial active 8) (8 cores per cpu, 2 threads per core) family 23 model 24 stepping 1 microcode 0x0, cmov, cx8, fxsr, mmx, sse, sse2, sse3, ssse3, sse4.1, sse4.2, popcnt, avx, avx2, aes, clmul, mmxext, 3dnowpref, lzcnt, sse4a, ht, tsc, tscinvbit, tscinv, bmi1, bmi2, adx, s

Memory: 4k page, system-wide physical 6091M (366M free)
TotalPageFile size 24523M (AvailPageFile size 3M)
current process WorkingSet (physical memory assigned to process): 202M, peak: 202M
current process commit charge ("private bytes"): 259M, peak: 261M

vm_info: OpenJDK 64-Bit Server VM (11.0.11+9-b60-7590822) for windows-amd64 JRE (11.0.11+9-b60-7590822), built on Jul 29 2021 21:43:44 by "builder" with MS VC++ 14.0 (VS2015)

END.
