#
# There is insufficient memory for the Java Runtime Environment to continue.
# Native memory allocation (malloc) failed to allocate 626976 bytes for Chunk::new
# Possible reasons:
#   The system is out of physical RAM or swap space
#   The process is running with CompressedOops enabled, and the Java Heap may be blocking the growth of the native heap
# Possible solutions:
#   Reduce memory load on the system
#   Increase physical memory or swap space
#   Check if swap backing store is full
#   Decrease Java heap size (-Xmx/-Xms)
#   Decrease number of Java threads
#   Decrease Java thread stack sizes (-Xss)
#   Set larger code cache with -XX:ReservedCodeCacheSize=
#   JVM is running with Unscaled Compressed Oops mode in which the Java heap is
#     placed in the first 4GB address space. The Java Heap base address is the
#     maximum limit for the native heap growth. Please use -XX:HeapBaseMinAddress
#     to set the Java Heap base and to place the Java Heap above 4GB virtual address.
# This output file may be truncated or incomplete.
#
#  Out of Memory Error (./src/hotspot/share/memory/arena.cpp:197), pid=11884, tid=15840
#
# JRE version: OpenJDK Runtime Environment (11.0.11+9) (build 11.0.11+9-b60-7590822)
# Java VM: OpenJDK 64-Bit Server VM (11.0.11+9-b60-7590822, mixed mode, tiered, compressed oops, g1 gc, windows-amd64)
# No core dump will be written. Minidumps are not enabled by default on client versions of Windows
#

---------------  S U M M A R Y ------------

Command Line: --add-opens=java.base/java.util=ALL-UNNAMED --add-opens=java.base/java.lang=ALL-UNNAMED --add-opens=java.base/java.lang.invoke=ALL-UNNAMED --add-opens=java.base/java.util=ALL-UNNAMED --add-opens=java.prefs/java.util.prefs=ALL-UNNAMED --add-opens=java.prefs/java.util.prefs=ALL-UNNAMED --add-opens=java.base/java.nio.charset=ALL-UNNAMED --add-opens=java.base/java.net=ALL-UNNAMED --add-opens=java.base/java.util.concurrent.atomic=ALL-UNNAMED -Xmx2048m -Dfile.encoding=UTF-8 -Duser.country=RU -Duser.language=ru -Duser.variant org.gradle.launcher.daemon.bootstrap.GradleDaemon 7.2

Host: AMD Ryzen 5 3500U with Radeon Vega Mobile Gfx  , 8 cores, 5G,  Windows 10 , 64 bit Build 19041 (10.0.19041.1466)
Time: Thu Apr 14 03:19:22 2022 RTZ 2 (зима) elapsed time: 4.503504 seconds (0d 0h 0m 4s)

---------------  T H R E A D  ---------------

Current thread (0x0000026c023f3800):  JavaThread "C2 CompilerThread0" daemon [_thread_in_native, id=15840, stack(0x000000e793e00000,0x000000e793f00000)]


Current CompileTask:
C2:   4503 1980   !   4       java.lang.ClassLoader::loadClass (122 bytes)

Stack: [0x000000e793e00000,0x000000e793f00000]
Native frames: (J=compiled Java code, j=interpreted, Vv=VM code, C=native code)
V  [jvm.dll+0x5f214a]
V  [jvm.dll+0x726fb5]
V  [jvm.dll+0x7285cd]
V  [jvm.dll+0x728c83]
V  [jvm.dll+0x243278]
V  [jvm.dll+0xbc53c]
V  [jvm.dll+0xbca3c]
V  [jvm.dll+0x2b5c34]
V  [jvm.dll+0x508488]
V  [jvm.dll+0x203d53]
V  [jvm.dll+0x1fdbac]
V  [jvm.dll+0x1fb35f]
V  [jvm.dll+0x183d6c]
V  [jvm.dll+0x209a57]
V  [jvm.dll+0x2082a1]
V  [jvm.dll+0x6ef58f]
V  [jvm.dll+0x6e80b5]
V  [jvm.dll+0x5f1036]
C  [ucrtbase.dll+0x21bb2]
C  [KERNEL32.DLL+0x17034]
C  [ntdll.dll+0x52651]


---------------  P R O C E S S  ---------------

Threads class SMR info:
_java_thread_list=0x0000026c054a0b30, length=23, elements={
0x0000026c65f3c000, 0x0000026c023c3800, 0x0000026c023ce800, 0x0000026c023e3000,
0x0000026c023e5000, 0x0000026c023e7000, 0x0000026c023f3800, 0x0000026c023f7800,
0x0000026c023fd000, 0x0000026c02ec4000, 0x0000026c04748800, 0x0000026c05135000,
0x0000026c05271000, 0x0000026c05167000, 0x0000026c04f6e000, 0x0000026c052cc800,
0x0000026c052a7000, 0x0000026c05336000, 0x0000026c05338800, 0x0000026c05309000,
0x0000026c0530d000, 0x0000026c05307000, 0x0000026c0530d800
}

Java Threads: ( => current thread )
  0x0000026c65f3c000 JavaThread "main" [_thread_blocked, id=23996, stack(0x000000e793200000,0x000000e793300000)]
  0x0000026c023c3800 JavaThread "Reference Handler" daemon [_thread_blocked, id=21460, stack(0x000000e793900000,0x000000e793a00000)]
  0x0000026c023ce800 JavaThread "Finalizer" daemon [_thread_blocked, id=15700, stack(0x000000e793a00000,0x000000e793b00000)]
  0x0000026c023e3000 JavaThread "Signal Dispatcher" daemon [_thread_blocked, id=2664, stack(0x000000e793b00000,0x000000e793c00000)]
  0x0000026c023e5000 JavaThread "Attach Listener" daemon [_thread_blocked, id=25924, stack(0x000000e793c00000,0x000000e793d00000)]
  0x0000026c023e7000 JavaThread "Service Thread" daemon [_thread_blocked, id=24300, stack(0x000000e793d00000,0x000000e793e00000)]
=>0x0000026c023f3800 JavaThread "C2 CompilerThread0" daemon [_thread_in_native, id=15840, stack(0x000000e793e00000,0x000000e793f00000)]
  0x0000026c023f7800 JavaThread "C1 CompilerThread0" daemon [_thread_blocked, id=23884, stack(0x000000e793f00000,0x000000e794000000)]
  0x0000026c023fd000 JavaThread "Sweeper thread" daemon [_thread_blocked, id=22288, stack(0x000000e794000000,0x000000e794100000)]
  0x0000026c02ec4000 JavaThread "Common-Cleaner" daemon [_thread_blocked, id=15776, stack(0x000000e794100000,0x000000e794200000)]
  0x0000026c04748800 JavaThread "Daemon health stats" [_thread_blocked, id=11528, stack(0x000000e794400000,0x000000e794500000)]
  0x0000026c05135000 JavaThread "Incoming local TCP Connector on port 63828" [_thread_in_native, id=23432, stack(0x000000e794700000,0x000000e794800000)]
  0x0000026c05271000 JavaThread "Daemon periodic checks" [_thread_blocked, id=17432, stack(0x000000e794800000,0x000000e794900000)]
  0x0000026c05167000 JavaThread "Daemon" [_thread_blocked, id=18944, stack(0x000000e794900000,0x000000e794a00000)]
  0x0000026c04f6e000 JavaThread "Handler for socket connection from /127.0.0.1:63828 to /127.0.0.1:63829" [_thread_in_native, id=24696, stack(0x000000e794a00000,0x000000e794b00000)]
  0x0000026c052cc800 JavaThread "Cancel handler" [_thread_blocked, id=21000, stack(0x000000e794b00000,0x000000e794c00000)]
  0x0000026c052a7000 JavaThread "Daemon worker" [_thread_in_Java, id=5552, stack(0x000000e794c00000,0x000000e794d00000)]
  0x0000026c05336000 JavaThread "Asynchronous log dispatcher for DefaultDaemonConnection: socket connection from /127.0.0.1:63828 to /127.0.0.1:63829" [_thread_blocked, id=1976, stack(0x000000e794d00000,0x000000e794e00000)]
  0x0000026c05338800 JavaThread "Stdin handler" [_thread_blocked, id=19232, stack(0x000000e794e00000,0x000000e794f00000)]
  0x0000026c05309000 JavaThread "Daemon client event forwarder" [_thread_blocked, id=4540, stack(0x000000e794f00000,0x000000e795000000)]
  0x0000026c0530d000 JavaThread "Cache worker for journal cache (C:\Users\User\.gradle\caches\journal-1)" [_thread_blocked, id=15140, stack(0x000000e795000000,0x000000e795100000)]
  0x0000026c05307000 JavaThread "File lock request listener" [_thread_in_native, id=14832, stack(0x000000e795100000,0x000000e795200000)]
  0x0000026c0530d800 JavaThread "Cache worker for file hash cache (C:\Users\User\.gradle\caches\7.2\fileHashes)" [_thread_blocked, id=22624, stack(0x000000e795700000,0x000000e795800000)]

Other Threads:
  0x0000026c023c1800 VMThread "VM Thread" [stack: 0x000000e793800000,0x000000e793900000] [id=6480]
  0x0000026c02efd800 WatcherThread [stack: 0x000000e794200000,0x000000e794300000] [id=14296]
  0x0000026c65f54000 GCTaskThread "GC Thread#0" [stack: 0x000000e793300000,0x000000e793400000] [id=23392]
  0x0000026c0384f000 GCTaskThread "GC Thread#1" [stack: 0x000000e794300000,0x000000e794400000] [id=12328]
  0x0000026c04906000 GCTaskThread "GC Thread#2" [stack: 0x000000e794500000,0x000000e794600000] [id=3376]
  0x0000026c03e92800 GCTaskThread "GC Thread#3" [stack: 0x000000e794600000,0x000000e794700000] [id=16576]
  0x0000026c052e2000 GCTaskThread "GC Thread#4" [stack: 0x000000e795200000,0x000000e795300000] [id=4676]
  0x0000026c05373800 GCTaskThread "GC Thread#5" [stack: 0x000000e795300000,0x000000e795400000] [id=24612]
  0x0000026c0465c000 GCTaskThread "GC Thread#6" [stack: 0x000000e795400000,0x000000e795500000] [id=2444]
  0x0000026c0551a000 GCTaskThread "GC Thread#7" [stack: 0x000000e795500000,0x000000e795600000] [id=24980]
  0x0000026c65f89000 ConcurrentGCThread "G1 Main Marker" [stack: 0x000000e793400000,0x000000e793500000] [id=23800]
  0x0000026c65f8a000 ConcurrentGCThread "G1 Conc#0" [stack: 0x000000e793500000,0x000000e793600000] [id=3112]
  0x0000026c038e7800 ConcurrentGCThread "G1 Conc#1" [stack: 0x000000e795600000,0x000000e795700000] [id=8908]
  0x0000026c6600e800 ConcurrentGCThread "G1 Refine#0" [stack: 0x000000e793600000,0x000000e793700000] [id=22052]
  0x0000026c6600f800 ConcurrentGCThread "G1 Young RemSet Sampling" [stack: 0x000000e793700000,0x000000e793800000] [id=5556]

Threads with active compile tasks:
C2 CompilerThread0   4541 1980   !   4       java.lang.ClassLoader::loadClass (122 bytes)

VM state:not at safepoint (normal execution)

VM Mutex/Monitor currently owned by a thread: None

Heap address: 0x0000000080000000, size: 2048 MB, Compressed Oops mode: 32-bit
Narrow klass base: 0x0000000000000000, Narrow klass shift: 3
Compressed class space size: 1073741824 Address: 0x0000000100000000

Heap:
 garbage-first heap   total 98304K, used 25154K [0x0000000080000000, 0x0000000100000000)
  region size 1024K, 12 young (12288K), 3 survivors (3072K)
 Metaspace       used 21793K, capacity 22352K, committed 22576K, reserved 1069056K
  class space    used 2716K, capacity 2897K, committed 2944K, reserved 1048576K
Heap Regions: E=young(eden), S=young(survivor), O=old, HS=humongous(starts), HC=humongous(continues), CS=collection set, F=free, A=archive, TAMS=top-at-mark-start (previous, next)
|   0|0x0000000080000000, 0x0000000080100000, 0x0000000080100000|100%| O|  |TAMS 0x0000000080100000, 0x0000000080000000| Untracked 
|   1|0x0000000080100000, 0x0000000080200000, 0x0000000080200000|100%| O|  |TAMS 0x0000000080200000, 0x0000000080100000| Untracked 
|   2|0x0000000080200000, 0x0000000080300000, 0x0000000080300000|100%| O|  |TAMS 0x0000000080300000, 0x0000000080200000| Untracked 
|   3|0x0000000080300000, 0x0000000080400000, 0x0000000080400000|100%|HS|  |TAMS 0x0000000080400000, 0x0000000080300000| Complete 
|   4|0x0000000080400000, 0x0000000080500000, 0x0000000080500000|100%|HC|  |TAMS 0x0000000080500000, 0x0000000080400000| Complete 
|   5|0x0000000080500000, 0x0000000080600000, 0x0000000080600000|100%|HC|  |TAMS 0x0000000080600000, 0x0000000080500000| Complete 
|   6|0x0000000080600000, 0x0000000080700000, 0x0000000080700000|100%| O|  |TAMS 0x0000000080700000, 0x0000000080600000| Untracked 
|   7|0x0000000080700000, 0x0000000080800000, 0x0000000080800000|100%| O|  |TAMS 0x0000000080800000, 0x0000000080700000| Untracked 
|   8|0x0000000080800000, 0x0000000080900000, 0x0000000080900000|100%| O|  |TAMS 0x0000000080900000, 0x0000000080800000| Untracked 
|   9|0x0000000080900000, 0x0000000080a00000, 0x0000000080a00000|100%| O|  |TAMS 0x0000000080a00000, 0x0000000080900000| Untracked 
|  10|0x0000000080a00000, 0x0000000080b00000, 0x0000000080b00000|100%| O|  |TAMS 0x0000000080b00000, 0x0000000080a00000| Untracked 
|  11|0x0000000080b00000, 0x0000000080c00000, 0x0000000080c00000|100%| O|  |TAMS 0x0000000080c00000, 0x0000000080b00000| Untracked 
|  12|0x0000000080c00000, 0x0000000080d00000, 0x0000000080d00000|100%| O|  |TAMS 0x0000000080d00000, 0x0000000080c00000| Untracked 
|  13|0x0000000080d00000, 0x0000000080e00000, 0x0000000080e00000|100%| O|  |TAMS 0x0000000080e00000, 0x0000000080d00000| Untracked 
|  14|0x0000000080e00000, 0x0000000080e5ee00, 0x0000000080f00000| 37%| O|  |TAMS 0x0000000080e5ee00, 0x0000000080e00000| Untracked 
|  15|0x0000000080f00000, 0x0000000080f00000, 0x0000000081000000|  0%| F|  |TAMS 0x0000000080f00000, 0x0000000080f00000| Untracked 
|  16|0x0000000081000000, 0x0000000081000000, 0x0000000081100000|  0%| F|  |TAMS 0x0000000081000000, 0x0000000081000000| Untracked 
|  17|0x0000000081100000, 0x0000000081100000, 0x0000000081200000|  0%| F|  |TAMS 0x0000000081100000, 0x0000000081100000| Untracked 
|  18|0x0000000081200000, 0x0000000081200000, 0x0000000081300000|  0%| F|  |TAMS 0x0000000081200000, 0x0000000081200000| Untracked 
|  19|0x0000000081300000, 0x0000000081300000, 0x0000000081400000|  0%| F|  |TAMS 0x0000000081300000, 0x0000000081300000| Untracked 
|  20|0x0000000081400000, 0x0000000081400000, 0x0000000081500000|  0%| F|  |TAMS 0x0000000081400000, 0x0000000081400000| Untracked 
|  21|0x0000000081500000, 0x0000000081500000, 0x0000000081600000|  0%| F|  |TAMS 0x0000000081500000, 0x0000000081500000| Untracked 
|  22|0x0000000081600000, 0x0000000081600000, 0x0000000081700000|  0%| F|  |TAMS 0x0000000081600000, 0x0000000081600000| Untracked 
|  23|0x0000000081700000, 0x0000000081700000, 0x0000000081800000|  0%| F|  |TAMS 0x0000000081700000, 0x0000000081700000| Untracked 
|  24|0x0000000081800000, 0x0000000081800000, 0x0000000081900000|  0%| F|  |TAMS 0x0000000081800000, 0x0000000081800000| Untracked 
|  25|0x0000000081900000, 0x0000000081900000, 0x0000000081a00000|  0%| F|  |TAMS 0x0000000081900000, 0x0000000081900000| Untracked 
|  26|0x0000000081a00000, 0x0000000081a00000, 0x0000000081b00000|  0%| F|  |TAMS 0x0000000081a00000, 0x0000000081a00000| Untracked 
|  27|0x0000000081b00000, 0x0000000081b00000, 0x0000000081c00000|  0%| F|  |TAMS 0x0000000081b00000, 0x0000000081b00000| Untracked 
|  28|0x0000000081c00000, 0x0000000081c00000, 0x0000000081d00000|  0%| F|  |TAMS 0x0000000081c00000, 0x0000000081c00000| Untracked 
|  29|0x0000000081d00000, 0x0000000081d00000, 0x0000000081e00000|  0%| F|  |TAMS 0x0000000081d00000, 0x0000000081d00000| Untracked 
|  30|0x0000000081e00000, 0x0000000081e00000, 0x0000000081f00000|  0%| F|  |TAMS 0x0000000081e00000, 0x0000000081e00000| Untracked 
|  31|0x0000000081f00000, 0x0000000081f00000, 0x0000000082000000|  0%| F|  |TAMS 0x0000000081f00000, 0x0000000081f00000| Untracked 
|  32|0x0000000082000000, 0x0000000082000000, 0x0000000082100000|  0%| F|  |TAMS 0x0000000082000000, 0x0000000082000000| Untracked 
|  33|0x0000000082100000, 0x0000000082100000, 0x0000000082200000|  0%| F|  |TAMS 0x0000000082100000, 0x0000000082100000| Untracked 
|  34|0x0000000082200000, 0x0000000082200000, 0x0000000082300000|  0%| F|  |TAMS 0x0000000082200000, 0x0000000082200000| Untracked 
|  35|0x0000000082300000, 0x0000000082300000, 0x0000000082400000|  0%| F|  |TAMS 0x0000000082300000, 0x0000000082300000| Untracked 
|  36|0x0000000082400000, 0x0000000082400000, 0x0000000082500000|  0%| F|  |TAMS 0x0000000082400000, 0x0000000082400000| Untracked 
|  37|0x0000000082500000, 0x0000000082500000, 0x0000000082600000|  0%| F|  |TAMS 0x0000000082500000, 0x0000000082500000| Untracked 
|  38|0x0000000082600000, 0x0000000082600000, 0x0000000082700000|  0%| F|  |TAMS 0x0000000082600000, 0x0000000082600000| Untracked 
|  39|0x0000000082700000, 0x0000000082700000, 0x0000000082800000|  0%| F|  |TAMS 0x0000000082700000, 0x0000000082700000| Untracked 
|  40|0x0000000082800000, 0x0000000082800000, 0x0000000082900000|  0%| F|  |TAMS 0x0000000082800000, 0x0000000082800000| Untracked 
|  41|0x0000000082900000, 0x0000000082900000, 0x0000000082a00000|  0%| F|  |TAMS 0x0000000082900000, 0x0000000082900000| Untracked 
|  42|0x0000000082a00000, 0x0000000082a00000, 0x0000000082b00000|  0%| F|  |TAMS 0x0000000082a00000, 0x0000000082a00000| Untracked 
|  43|0x0000000082b00000, 0x0000000082b00000, 0x0000000082c00000|  0%| F|  |TAMS 0x0000000082b00000, 0x0000000082b00000| Untracked 
|  44|0x0000000082c00000, 0x0000000082c00000, 0x0000000082d00000|  0%| F|  |TAMS 0x0000000082c00000, 0x0000000082c00000| Untracked 
|  45|0x0000000082d00000, 0x0000000082d00000, 0x0000000082e00000|  0%| F|  |TAMS 0x0000000082d00000, 0x0000000082d00000| Untracked 
|  46|0x0000000082e00000, 0x0000000082e00000, 0x0000000082f00000|  0%| F|  |TAMS 0x0000000082e00000, 0x0000000082e00000| Untracked 
|  47|0x0000000082f00000, 0x0000000082f00000, 0x0000000083000000|  0%| F|  |TAMS 0x0000000082f00000, 0x0000000082f00000| Untracked 
|  48|0x0000000083000000, 0x0000000083000000, 0x0000000083100000|  0%| F|  |TAMS 0x0000000083000000, 0x0000000083000000| Untracked 
|  49|0x0000000083100000, 0x0000000083100000, 0x0000000083200000|  0%| F|  |TAMS 0x0000000083100000, 0x0000000083100000| Untracked 
|  50|0x0000000083200000, 0x0000000083200000, 0x0000000083300000|  0%| F|  |TAMS 0x0000000083200000, 0x0000000083200000| Untracked 
|  51|0x0000000083300000, 0x0000000083300000, 0x0000000083400000|  0%| F|  |TAMS 0x0000000083300000, 0x0000000083300000| Untracked 
|  52|0x0000000083400000, 0x0000000083431da0, 0x0000000083500000| 19%| S|CS|TAMS 0x0000000083400000, 0x0000000083400000| Complete 
|  53|0x0000000083500000, 0x0000000083600000, 0x0000000083600000|100%| S|CS|TAMS 0x0000000083500000, 0x0000000083500000| Complete 
|  54|0x0000000083600000, 0x0000000083700000, 0x0000000083700000|100%| S|CS|TAMS 0x0000000083600000, 0x0000000083600000| Complete 
|  55|0x0000000083700000, 0x0000000083700000, 0x0000000083800000|  0%| F|  |TAMS 0x0000000083700000, 0x0000000083700000| Untracked 
|  56|0x0000000083800000, 0x0000000083800000, 0x0000000083900000|  0%| F|  |TAMS 0x0000000083800000, 0x0000000083800000| Untracked 
|  57|0x0000000083900000, 0x0000000083900000, 0x0000000083a00000|  0%| F|  |TAMS 0x0000000083900000, 0x0000000083900000| Untracked 
|  58|0x0000000083a00000, 0x0000000083a00000, 0x0000000083b00000|  0%| F|  |TAMS 0x0000000083a00000, 0x0000000083a00000| Untracked 
|  59|0x0000000083b00000, 0x0000000083b00000, 0x0000000083c00000|  0%| F|  |TAMS 0x0000000083b00000, 0x0000000083b00000| Untracked 
|  60|0x0000000083c00000, 0x0000000083c00000, 0x0000000083d00000|  0%| F|  |TAMS 0x0000000083c00000, 0x0000000083c00000| Untracked 
|  61|0x0000000083d00000, 0x0000000083d00000, 0x0000000083e00000|  0%| F|  |TAMS 0x0000000083d00000, 0x0000000083d00000| Untracked 
|  62|0x0000000083e00000, 0x0000000083e00000, 0x0000000083f00000|  0%| F|  |TAMS 0x0000000083e00000, 0x0000000083e00000| Untracked 
|  63|0x0000000083f00000, 0x0000000083f00000, 0x0000000084000000|  0%| F|  |TAMS 0x0000000083f00000, 0x0000000083f00000| Untracked 
|  64|0x0000000084000000, 0x0000000084000000, 0x0000000084100000|  0%| F|  |TAMS 0x0000000084000000, 0x0000000084000000| Untracked 
|  65|0x0000000084100000, 0x0000000084100000, 0x0000000084200000|  0%| F|  |TAMS 0x0000000084100000, 0x0000000084100000| Untracked 
|  66|0x0000000084200000, 0x0000000084200000, 0x0000000084300000|  0%| F|  |TAMS 0x0000000084200000, 0x0000000084200000| Untracked 
|  67|0x0000000084300000, 0x0000000084300000, 0x0000000084400000|  0%| F|  |TAMS 0x0000000084300000, 0x0000000084300000| Untracked 
|  68|0x0000000084400000, 0x0000000084400000, 0x0000000084500000|  0%| F|  |TAMS 0x0000000084400000, 0x0000000084400000| Untracked 
|  69|0x0000000084500000, 0x0000000084500000, 0x0000000084600000|  0%| F|  |TAMS 0x0000000084500000, 0x0000000084500000| Untracked 
|  70|0x0000000084600000, 0x0000000084600000, 0x0000000084700000|  0%| F|  |TAMS 0x0000000084600000, 0x0000000084600000| Untracked 
|  71|0x0000000084700000, 0x0000000084700000, 0x0000000084800000|  0%| F|  |TAMS 0x0000000084700000, 0x0000000084700000| Untracked 
|  72|0x0000000084800000, 0x0000000084800000, 0x0000000084900000|  0%| F|  |TAMS 0x0000000084800000, 0x0000000084800000| Untracked 
|  73|0x0000000084900000, 0x0000000084900000, 0x0000000084a00000|  0%| F|  |TAMS 0x0000000084900000, 0x0000000084900000| Untracked 
|  74|0x0000000084a00000, 0x0000000084a00000, 0x0000000084b00000|  0%| F|  |TAMS 0x0000000084a00000, 0x0000000084a00000| Untracked 
|  75|0x0000000084b00000, 0x0000000084b00000, 0x0000000084c00000|  0%| F|  |TAMS 0x0000000084b00000, 0x0000000084b00000| Untracked 
|  76|0x0000000084c00000, 0x0000000084c00000, 0x0000000084d00000|  0%| F|  |TAMS 0x0000000084c00000, 0x0000000084c00000| Untracked 
|  77|0x0000000084d00000, 0x0000000084d00000, 0x0000000084e00000|  0%| F|  |TAMS 0x0000000084d00000, 0x0000000084d00000| Untracked 
|  78|0x0000000084e00000, 0x0000000084e00000, 0x0000000084f00000|  0%| F|  |TAMS 0x0000000084e00000, 0x0000000084e00000| Untracked 
|  79|0x0000000084f00000, 0x0000000084f00000, 0x0000000085000000|  0%| F|  |TAMS 0x0000000084f00000, 0x0000000084f00000| Untracked 
|  80|0x0000000085000000, 0x0000000085000000, 0x0000000085100000|  0%| F|  |TAMS 0x0000000085000000, 0x0000000085000000| Untracked 
|  81|0x0000000085100000, 0x0000000085100000, 0x0000000085200000|  0%| F|  |TAMS 0x0000000085100000, 0x0000000085100000| Untracked 
|  82|0x0000000085200000, 0x0000000085200000, 0x0000000085300000|  0%| F|  |TAMS 0x0000000085200000, 0x0000000085200000| Untracked 
|  83|0x0000000085300000, 0x0000000085300000, 0x0000000085400000|  0%| F|  |TAMS 0x0000000085300000, 0x0000000085300000| Untracked 
|  84|0x0000000085400000, 0x0000000085400000, 0x0000000085500000|  0%| F|  |TAMS 0x0000000085400000, 0x0000000085400000| Untracked 
|  85|0x0000000085500000, 0x0000000085500000, 0x0000000085600000|  0%| F|  |TAMS 0x0000000085500000, 0x0000000085500000| Untracked 
|  86|0x0000000085600000, 0x0000000085600000, 0x0000000085700000|  0%| F|  |TAMS 0x0000000085600000, 0x0000000085600000| Untracked 
|  87|0x0000000085700000, 0x0000000085800000, 0x0000000085800000|100%| E|  |TAMS 0x0000000085700000, 0x0000000085700000| Complete 
|  88|0x0000000085800000, 0x0000000085900000, 0x0000000085900000|100%| E|CS|TAMS 0x0000000085800000, 0x0000000085800000| Complete 
|  89|0x0000000085900000, 0x0000000085a00000, 0x0000000085a00000|100%| E|CS|TAMS 0x0000000085900000, 0x0000000085900000| Complete 
|  90|0x0000000085a00000, 0x0000000085b00000, 0x0000000085b00000|100%| E|CS|TAMS 0x0000000085a00000, 0x0000000085a00000| Complete 
|  91|0x0000000085b00000, 0x0000000085c00000, 0x0000000085c00000|100%| E|CS|TAMS 0x0000000085b00000, 0x0000000085b00000| Complete 
|  92|0x0000000085c00000, 0x0000000085d00000, 0x0000000085d00000|100%| E|CS|TAMS 0x0000000085c00000, 0x0000000085c00000| Complete 
|  93|0x0000000085d00000, 0x0000000085e00000, 0x0000000085e00000|100%| E|CS|TAMS 0x0000000085d00000, 0x0000000085d00000| Complete 
|  94|0x0000000085e00000, 0x0000000085f00000, 0x0000000085f00000|100%| E|CS|TAMS 0x0000000085e00000, 0x0000000085e00000| Complete 
|  95|0x0000000085f00000, 0x0000000086000000, 0x0000000086000000|100%| E|CS|TAMS 0x0000000085f00000, 0x0000000085f00000| Complete 

Card table byte_map: [0x0000026c7b0a0000,0x0000026c7b4a0000] _byte_map_base: 0x0000026c7aca0000

Marking Bits (Prev, Next): (CMBitMap*) 0x0000026c65f80180, (CMBitMap*) 0x0000026c65f80148
 Prev Bits: [0x0000026c7d8a0000, 0x0000026c7f8a0000)
 Next Bits: [0x0000026c7b8a0000, 0x0000026c7d8a0000)

Polling page: 0x0000026c66020000

Metaspace:

Usage:
  Non-class:     19.00 MB capacity,    18.65 MB ( 98%) used,   320.39 KB (  2%) free+waste,    40.31 KB ( <1%) overhead. 
      Class:      2.83 MB capacity,     2.66 MB ( 94%) used,   156.17 KB (  5%) free+waste,    20.13 KB ( <1%) overhead. 
       Both:     21.83 MB capacity,    21.30 MB ( 98%) used,   476.56 KB (  2%) free+waste,    60.44 KB ( <1%) overhead. 

Virtual space:
  Non-class space:       20.00 MB reserved,      19.17 MB ( 96%) committed 
      Class space:        1.00 GB reserved,       2.88 MB ( <1%) committed 
             Both:        1.02 GB reserved,      22.05 MB (  2%) committed 

Chunk freelists:
   Non-Class:  1.00 KB
       Class:  15.00 KB
        Both:  16.00 KB

MaxMetaspaceSize: 17179869184.00 GB
CompressedClassSpaceSize: 1.00 GB

CodeHeap 'non-profiled nmethods': size=120000Kb used=853Kb max_used=853Kb free=119146Kb
 bounds [0x0000026c72ce0000, 0x0000026c72f50000, 0x0000026c7a210000]
CodeHeap 'profiled nmethods': size=120000Kb used=4158Kb max_used=4158Kb free=115841Kb
 bounds [0x0000026c6b7b0000, 0x0000026c6bbc0000, 0x0000026c72ce0000]
CodeHeap 'non-nmethods': size=5760Kb used=1144Kb max_used=1163Kb free=4615Kb
 bounds [0x0000026c6b210000, 0x0000026c6b480000, 0x0000026c6b7b0000]
 total_blobs=2471 nmethods=1991 adapters=391
 compilation: enabled
              stopped_count=0, restarted_count=0
 full_count=0

Compilation events (20 events):
Event: 4.423 Thread 0x0000026c023f7800 nmethod 1979 0x0000026c6bbae910 code [0x0000026c6bbaec00, 0x0000026c6bbafac8]
Event: 4.438 Thread 0x0000026c023f3800 1980   !   4       java.lang.ClassLoader::loadClass (122 bytes)
Event: 4.439 Thread 0x0000026c023f7800 1981       3       java.lang.ClassLoader::addClass (9 bytes)
Event: 4.439 Thread 0x0000026c023f7800 nmethod 1981 0x0000026c6bbaff90 code [0x0000026c6bbb0140, 0x0000026c6bbb0308]
Event: 4.439 Thread 0x0000026c023f7800 1982  s    3       java.util.Vector::addElement (24 bytes)
Event: 4.440 Thread 0x0000026c023f7800 nmethod 1982 0x0000026c6bbb0410 code [0x0000026c6bbb0620, 0x0000026c6bbb0d38]
Event: 4.448 Thread 0x0000026c023f7800 1984       3       java.lang.invoke.DirectMethodHandle::preparedLambdaForm (31 bytes)
Event: 4.448 Thread 0x0000026c023f7800 nmethod 1984 0x0000026c6bbb0f90 code [0x0000026c6bbb1180, 0x0000026c6bbb13a8]
Event: 4.448 Thread 0x0000026c023f7800 1985       3       jdk.internal.org.objectweb.asm.MethodWriter::visitEnd (1 bytes)
Event: 4.448 Thread 0x0000026c023f7800 nmethod 1985 0x0000026c6bbb1510 code [0x0000026c6bbb16c0, 0x0000026c6bbb17b8]
Event: 4.448 Thread 0x0000026c023f7800 1986       3       jdk.internal.org.objectweb.asm.MethodWriter::getSize (838 bytes)
Event: 4.451 Thread 0x0000026c023f7800 nmethod 1986 0x0000026c6bbb1890 code [0x0000026c6bbb1d40, 0x0000026c6bbb3c28]
Event: 4.451 Thread 0x0000026c023f7800 1987       3       jdk.internal.org.objectweb.asm.MethodWriter::put (1602 bytes)
Event: 4.456 Thread 0x0000026c023f7800 nmethod 1987 0x0000026c6bbb4a10 code [0x0000026c6bbb5300, 0x0000026c6bbb86b8]
Event: 4.456 Thread 0x0000026c023f7800 1988       3       java.lang.reflect.Constructor::<init> (50 bytes)
Event: 4.456 Thread 0x0000026c023f7800 nmethod 1988 0x0000026c6bbb9d10 code [0x0000026c6bbb9ee0, 0x0000026c6bbba358]
Event: 4.456 Thread 0x0000026c023f7800 1990       1       java.lang.invoke.MethodHandleNatives::isPullModeBSM (2 bytes)
Event: 4.457 Thread 0x0000026c023f7800 nmethod 1990 0x0000026c72db4e90 code [0x0000026c72db5040, 0x0000026c72db50d8]
Event: 4.500 Thread 0x0000026c023f7800 1993       3       jdk.internal.org.objectweb.asm.AnnotationVisitor::<init> (35 bytes)
Event: 4.500 Thread 0x0000026c023f7800 nmethod 1993 0x0000026c6bbba490 code [0x0000026c6bbba660, 0x0000026c6bbba948]

GC Heap History (6 events):
Event: 1.307 GC heap before
{Heap before GC invocations=0 (full 0):
 garbage-first heap   total 98304K, used 29696K [0x0000000080000000, 0x0000000100000000)
  region size 1024K, 24 young (24576K), 0 survivors (0K)
 Metaspace       used 10273K, capacity 10565K, committed 10624K, reserved 1058816K
  class space    used 1073K, capacity 1139K, committed 1152K, reserved 1048576K
}
Event: 1.318 GC heap after
{Heap after GC invocations=1 (full 0):
 garbage-first heap   total 98304K, used 9354K [0x0000000080000000, 0x0000000100000000)
  region size 1024K, 3 young (3072K), 3 survivors (3072K)
 Metaspace       used 10273K, capacity 10565K, committed 10624K, reserved 1058816K
  class space    used 1073K, capacity 1139K, committed 1152K, reserved 1048576K
}
Event: 2.630 GC heap before
{Heap before GC invocations=1 (full 0):
 garbage-first heap   total 98304K, used 64650K [0x0000000080000000, 0x0000000100000000)
  region size 1024K, 57 young (58368K), 3 survivors (3072K)
 Metaspace       used 13963K, capacity 14345K, committed 14464K, reserved 1062912K
  class space    used 1558K, capacity 1654K, committed 1664K, reserved 1048576K
}
Event: 2.641 GC heap after
{Heap after GC invocations=2 (full 0):
 garbage-first heap   total 98304K, used 15027K [0x0000000080000000, 0x0000000100000000)
  region size 1024K, 8 young (8192K), 8 survivors (8192K)
 Metaspace       used 13963K, capacity 14345K, committed 14464K, reserved 1062912K
  class space    used 1558K, capacity 1654K, committed 1664K, reserved 1048576K
}
Event: 4.307 GC heap before
{Heap before GC invocations=2 (full 0):
 garbage-first heap   total 98304K, used 55987K [0x0000000080000000, 0x0000000100000000)
  region size 1024K, 49 young (50176K), 8 survivors (8192K)
 Metaspace       used 20673K, capacity 21130K, committed 21296K, reserved 1069056K
  class space    used 2532K, capacity 2676K, committed 2688K, reserved 1048576K
}
Event: 4.318 GC heap after
{Heap after GC invocations=3 (full 0):
 garbage-first heap   total 98304K, used 16962K [0x0000000080000000, 0x0000000100000000)
  region size 1024K, 3 young (3072K), 3 survivors (3072K)
 Metaspace       used 20673K, capacity 21130K, committed 21296K, reserved 1069056K
  class space    used 2532K, capacity 2676K, committed 2688K, reserved 1048576K
}

Deoptimization events (20 events):
Event: 4.291 Thread 0x0000026c052a7000 Uncommon trap: trap_request=0xffffff4d fr.pc=0x0000026c72d505b8 relative=0x0000000000000b98
Event: 4.291 Thread 0x0000026c052a7000 Uncommon trap: reason=unstable_if action=reinterpret pc=0x0000026c72d505b8 method=java.util.Properties$LineReader.readLine()I @ 249 c2
Event: 4.291 Thread 0x0000026c052a7000 DEOPT PACKING pc=0x0000026c72d505b8 sp=0x000000e794cfadb0
Event: 4.291 Thread 0x0000026c052a7000 DEOPT UNPACKING pc=0x0000026c6b23662f sp=0x000000e794cfad40 mode 2
Event: 4.349 Thread 0x0000026c052a7000 Uncommon trap: trap_request=0xffffffc6 fr.pc=0x0000026c72d4eea4 relative=0x0000000000000084
Event: 4.349 Thread 0x0000026c052a7000 Uncommon trap: reason=bimorphic_or_optimized_type_check action=maybe_recompile pc=0x0000026c72d4eea4 method=java.util.AbstractList$Itr.hasNext()Z @ 8 c2
Event: 4.349 Thread 0x0000026c052a7000 DEOPT PACKING pc=0x0000026c72d4eea4 sp=0x000000e794cfa3a0
Event: 4.349 Thread 0x0000026c052a7000 DEOPT UNPACKING pc=0x0000026c6b23662f sp=0x000000e794cfa338 mode 2
Event: 4.349 Thread 0x0000026c052a7000 Uncommon trap: trap_request=0xffffffc6 fr.pc=0x0000026c72d4f274 relative=0x0000000000000134
Event: 4.349 Thread 0x0000026c052a7000 Uncommon trap: reason=bimorphic_or_optimized_type_check action=maybe_recompile pc=0x0000026c72d4f274 method=java.util.AbstractList$Itr.next()Ljava/lang/Object; @ 14 c2
Event: 4.349 Thread 0x0000026c052a7000 DEOPT PACKING pc=0x0000026c72d4f274 sp=0x000000e794cfa390
Event: 4.349 Thread 0x0000026c052a7000 DEOPT UNPACKING pc=0x0000026c6b23662f sp=0x000000e794cfa328 mode 2
Event: 4.350 Thread 0x0000026c052a7000 Uncommon trap: trap_request=0xffffff4d fr.pc=0x0000026c72d43f70 relative=0x0000000000000630
Event: 4.350 Thread 0x0000026c052a7000 Uncommon trap: reason=unstable_if action=reinterpret pc=0x0000026c72d43f70 method=java.io.File.getName()Ljava/lang/String; @ 16 c2
Event: 4.350 Thread 0x0000026c052a7000 DEOPT PACKING pc=0x0000026c72d43f70 sp=0x000000e794cfad60
Event: 4.350 Thread 0x0000026c052a7000 DEOPT UNPACKING pc=0x0000026c6b23662f sp=0x000000e794cfad30 mode 2
Event: 4.350 Thread 0x0000026c052a7000 Uncommon trap: trap_request=0xffffff4d fr.pc=0x0000026c72d83508 relative=0x00000000000004c8
Event: 4.350 Thread 0x0000026c052a7000 Uncommon trap: reason=unstable_if action=reinterpret pc=0x0000026c72d83508 method=java.lang.String.substring(I)Ljava/lang/String; @ 34 c2
Event: 4.350 Thread 0x0000026c052a7000 DEOPT PACKING pc=0x0000026c72d83508 sp=0x000000e794cface0
Event: 4.350 Thread 0x0000026c052a7000 DEOPT UNPACKING pc=0x0000026c6b23662f sp=0x000000e794cfacb8 mode 2

Classes redefined (0 events):
No events

Internal exceptions (20 events):
Event: 2.498 Thread 0x0000026c65f3c000 Exception <a 'java/lang/NoSuchMethodError'{0x0000000082af6648}: 'java.lang.Object java.lang.invoke.DirectMethodHandle$Holder.invokeStaticInit(java.lang.Object, java.lang.Object, java.lang.Object)'> (0x0000000082af6648) thrown at [./src/hotspot/share/interpreter/linkResolver.cpp, line 773]
Event: 2.741 Thread 0x0000026c65f3c000 Exception <a 'java/lang/NoSuchMethodError'{0x0000000085c59b28}: 'java.lang.Object java.lang.invoke.DirectMethodHandle$Holder.invokeStaticInit(java.lang.Object, int, int, int, int)'> (0x0000000085c59b28) thrown at [./src/hotspot/share/interpreter/linkResolver.cpp, line 773]
Event: 3.056 Thread 0x0000026c65f3c000 Exception <a 'java/lang/NoSuchMethodError'{0x0000000085cde120}: 'java.lang.Object java.lang.invoke.DirectMethodHandle$Holder.invokeStaticInit(java.lang.Object, java.lang.Object, int, int, int, int)'> (0x0000000085cde120) thrown at [./src/hotspot/share/interpreter/linkResolver.cpp, line 773]
Event: 3.601 Thread 0x0000026c65f3c000 Exception <a 'java/io/IOException'{0x00000000859508b8}> (0x00000000859508b8) thrown at [./src/hotspot/share/prims/jni.cpp, line 615]
Event: 3.751 Thread 0x0000026c04f6e000 Exception <a 'java/lang/NoSuchMethodError'{0x00000000857c4e50}: <clinit>> (0x00000000857c4e50) thrown at [./src/hotspot/share/prims/jni.cpp, line 1362]
Event: 3.755 Thread 0x0000026c04f6e000 Exception <a 'java/lang/NoSuchMethodError'{0x00000000857dcbf0}: <clinit>> (0x00000000857dcbf0) thrown at [./src/hotspot/share/prims/jni.cpp, line 1362]
Event: 3.757 Thread 0x0000026c04f6e000 Exception <a 'java/lang/NoSuchMethodError'{0x00000000857e65b8}: <clinit>> (0x00000000857e65b8) thrown at [./src/hotspot/share/prims/jni.cpp, line 1362]
Event: 3.761 Thread 0x0000026c04f6e000 Exception <a 'java/lang/NoSuchMethodError'{0x00000000857fbb70}: <clinit>> (0x00000000857fbb70) thrown at [./src/hotspot/share/prims/jni.cpp, line 1362]
Event: 3.879 Thread 0x0000026c052a7000 Exception <a 'java/lang/NoSuchMethodError'{0x000000008537a108}: 'void java.lang.invoke.DirectMethodHandle$Holder.invokeVirtual(java.lang.Object, java.lang.Object, java.lang.Object, java.lang.Object)'> (0x000000008537a108) thrown at [./src/hotspot/share/interpreter/linkResolver.cpp, line 773]
Event: 3.880 Thread 0x0000026c052a7000 Exception <a 'java/lang/NoSuchMethodError'{0x00000000853890f0}: 'void java.lang.invoke.DelegatingMethodHandle$Holder.reinvoke_L(java.lang.Object, java.lang.Object, java.lang.Object, java.lang.Object)'> (0x00000000853890f0) thrown at [./src/hotspot/share/interpreter/linkResolver.cpp, line 773]
Event: 3.886 Thread 0x0000026c052a7000 Exception <a 'java/lang/NoSuchMethodError'{0x00000000853b9fb8}: 'long java.lang.invoke.DirectMethodHandle$Holder.invokeInterface(java.lang.Object, java.lang.Object)'> (0x00000000853b9fb8) thrown at [./src/hotspot/share/interpreter/linkResolver.cpp, line 773]
Event: 3.890 Thread 0x0000026c052a7000 Exception <a 'java/lang/NoSuchMethodError'{0x00000000853dd500}: 'void java.lang.invoke.DelegatingMethodHandle$Holder.reinvoke_L(java.lang.Object, java.lang.Object, java.lang.Object, java.lang.Object, java.lang.Object, java.lang.Object, java.lang.Object)'> (0x00000000853dd500) thrown at [./src/hotspot/share/interpreter/linkResolver.cpp, line 773]
Event: 4.228 Thread 0x0000026c052a7000 Exception <a 'java/lang/NoSuchMethodError'{0x0000000083bdb100}: 'void java.lang.invoke.DirectMethodHandle$Holder.invokeStaticInit(java.lang.Object)'> (0x0000000083bdb100) thrown at [./src/hotspot/share/interpreter/linkResolver.cpp, line 773]
Event: 4.268 Thread 0x0000026c052a7000 Exception <a 'java/lang/NoSuchMethodError'{0x00000000839faf30}: 'java.lang.Object java.lang.invoke.DirectMethodHandle$Holder.invokeStatic(java.lang.Object, java.lang.Object, java.lang.Object, int)'> (0x00000000839faf30) thrown at [./src/hotspot/share/interpreter/linkResolver.cpp, line 773]
Event: 4.269 Thread 0x0000026c052a7000 Exception <a 'java/lang/NoSuchMethodError'{0x00000000839ff3a0}: 'java.lang.Object java.lang.invoke.DirectMethodHandle$Holder.invokeSpecial(java.lang.Object, java.lang.Object, java.lang.Object, java.lang.Object, int)'> (0x00000000839ff3a0) thrown at [./src/hotspot/share/interpreter/linkResolver.cpp, line 773]
Event: 4.269 Thread 0x0000026c052a7000 Exception <a 'java/lang/NoSuchMethodError'{0x0000000083803ad8}: 'java.lang.Object java.lang.invoke.Invokers$Holder.linkToTargetMethod(java.lang.Object, java.lang.Object, int, java.lang.Object)'> (0x0000000083803ad8) thrown at [./src/hotspot/share/interpreter/linkResolver.cpp, line 773]
Event: 4.447 Thread 0x0000026c052a7000 Exception <a 'java/lang/NoSuchMethodError'{0x0000000085c546e0}: 'int java.lang.invoke.DirectMethodHandle$Holder.invokeSpecialIFC(java.lang.Object, java.lang.Object, java.lang.Object, java.lang.Object)'> (0x0000000085c546e0) thrown at [./src/hotspot/share/interpreter/linkResolver.cpp, line 773]
Event: 4.449 Thread 0x0000026c052a7000 Exception <a 'java/lang/NoSuchMethodError'{0x0000000085c62698}: 'java.lang.Object java.lang.invoke.DirectMethodHandle$Holder.invokeInterface(java.lang.Object, java.lang.Object, java.lang.Object)'> (0x0000000085c62698) thrown at [./src/hotspot/share/interpreter/linkResolver.cpp, line 773]
Event: 4.449 Thread 0x0000026c052a7000 Exception <a 'java/lang/IncompatibleClassChangeError'{0x0000000085c65b70}: Found class java.lang.Object, but interface was expected> (0x0000000085c65b70) thrown at [./src/hotspot/share/interpreter/linkResolver.cpp, line 839]
Event: 4.490 Thread 0x0000026c052a7000 Exception <a 'java/lang/NoSuchMethodError'{0x0000000085a87fa0}: 'void java.lang.invoke.DirectMethodHandle$Holder.invokeStatic(java.lang.Object, java.lang.Object, java.lang.Object, java.lang.Object, java.lang.Object)'> (0x0000000085a87fa0) thrown at [./src/hotspot/share/interpreter/linkResolver.cpp, line 773]

Events (20 events):
Event: 4.497 loading class org/gradle/internal/fingerprint/DirectorySensitivity
Event: 4.497 loading class org/gradle/internal/fingerprint/DirectorySensitivity done
Event: 4.498 loading class org/gradle/internal/snapshot/FileSystemLocationSnapshot
Event: 4.498 loading class org/gradle/internal/snapshot/FileSystemLocationSnapshot done
Event: 4.498 loading class org/gradle/internal/snapshot/FileSystemLocationSnapshot
Event: 4.498 loading class org/gradle/internal/snapshot/FileSystemLocationSnapshot done
Event: 4.498 loading class org/gradle/internal/snapshot/FileSystemLocationSnapshot
Event: 4.498 loading class org/gradle/internal/snapshot/FileSystemLocationSnapshot done
Event: 4.498 loading class org/gradle/internal/fingerprint/impl/EmptyCurrentFileCollectionFingerprint
Event: 4.498 loading class org/gradle/internal/fingerprint/impl/EmptyCurrentFileCollectionFingerprint done
Event: 4.499 loading class org/gradle/internal/fingerprint/FileCollectionFingerprint$1
Event: 4.499 loading class org/gradle/internal/fingerprint/FileCollectionFingerprint$1 done
Event: 4.499 loading class org/gradle/internal/hash/Hasher
Event: 4.499 loading class org/gradle/internal/hash/Hasher done
Event: 4.500 loading class org/gradle/internal/hash/Hasher
Event: 4.500 loading class org/gradle/internal/hash/Hasher done
Event: 4.500 loading class org/gradle/api/internal/changedetection/state/ResourceEntryFilter
Event: 4.500 loading class org/gradle/api/internal/changedetection/state/ResourceEntryFilter done
Event: 4.500 loading class org/gradle/internal/hash/Hasher
Event: 4.500 loading class org/gradle/internal/hash/Hasher done


Dynamic libraries:
0x00007ff772330000 - 0x00007ff77233a000 	C:\Users\User\AppData\Local\JetBrains\Toolbox\apps\AndroidStudio\ch-0\211.7628.21.2111.8193401\jre\bin\java.exe
0x00007ff9d42f0000 - 0x00007ff9d44e5000 	C:\Windows\SYSTEM32\ntdll.dll
0x00007ff9d2e70000 - 0x00007ff9d2f2e000 	C:\Windows\System32\KERNEL32.DLL
0x00007ff9d1b10000 - 0x00007ff9d1dd8000 	C:\Windows\System32\KERNELBASE.dll
0x00007ff9d2230000 - 0x00007ff9d2330000 	C:\Windows\System32\ucrtbase.dll
0x00007ff9aeec0000 - 0x00007ff9aeed7000 	C:\Users\User\AppData\Local\JetBrains\Toolbox\apps\AndroidStudio\ch-0\211.7628.21.2111.8193401\jre\bin\VCRUNTIME140.dll
0x00007ff9afbf0000 - 0x00007ff9afc09000 	C:\Users\User\AppData\Local\JetBrains\Toolbox\apps\AndroidStudio\ch-0\211.7628.21.2111.8193401\jre\bin\jli.dll
0x00007ff9d3390000 - 0x00007ff9d3531000 	C:\Windows\System32\USER32.dll
0x00007ff9d1ee0000 - 0x00007ff9d1f02000 	C:\Windows\System32\win32u.dll
0x00007ff9d4170000 - 0x00007ff9d419b000 	C:\Windows\System32\GDI32.dll
0x00007ff9bfed0000 - 0x00007ff9c016a000 	C:\Windows\WinSxS\amd64_microsoft.windows.common-controls_6595b64144ccf1df_6.0.19041.1110_none_60b5254171f9507e\COMCTL32.dll
0x00007ff9d1a00000 - 0x00007ff9d1b0d000 	C:\Windows\System32\gdi32full.dll
0x00007ff9d3280000 - 0x00007ff9d331e000 	C:\Windows\System32\msvcrt.dll
0x00007ff9d1e40000 - 0x00007ff9d1edd000 	C:\Windows\System32\msvcp_win.dll
0x00007ff9d3540000 - 0x00007ff9d3570000 	C:\Windows\System32\IMM32.DLL
0x00007ff9a6aa0000 - 0x00007ff9a6b3d000 	C:\Users\User\AppData\Local\JetBrains\Toolbox\apps\AndroidStudio\ch-0\211.7628.21.2111.8193401\jre\bin\msvcp140.dll
0x00007ff941520000 - 0x00007ff941ff5000 	C:\Users\User\AppData\Local\JetBrains\Toolbox\apps\AndroidStudio\ch-0\211.7628.21.2111.8193401\jre\bin\server\jvm.dll
0x00007ff9d2c90000 - 0x00007ff9d2d3e000 	C:\Windows\System32\ADVAPI32.dll
0x00007ff9d3fc0000 - 0x00007ff9d405c000 	C:\Windows\System32\sechost.dll
0x00007ff9d3e90000 - 0x00007ff9d3fb5000 	C:\Windows\System32\RPCRT4.dll
0x00007ff9d4210000 - 0x00007ff9d4218000 	C:\Windows\System32\PSAPI.DLL
0x00007ff9cd6c0000 - 0x00007ff9cd6c9000 	C:\Windows\SYSTEM32\WSOCK32.dll
0x00007ff9c6c10000 - 0x00007ff9c6c37000 	C:\Windows\SYSTEM32\WINMM.dll
0x00007ff9c6c40000 - 0x00007ff9c6c4a000 	C:\Windows\SYSTEM32\VERSION.dll
0x00007ff9d3320000 - 0x00007ff9d338b000 	C:\Windows\System32\WS2_32.dll
0x00007ff9d01f0000 - 0x00007ff9d0202000 	C:\Windows\SYSTEM32\kernel.appcore.dll
0x00007ff9afa00000 - 0x00007ff9afa11000 	C:\Users\User\AppData\Local\JetBrains\Toolbox\apps\AndroidStudio\ch-0\211.7628.21.2111.8193401\jre\bin\verify.dll
0x00007ff9bcaf0000 - 0x00007ff9bccd4000 	C:\Windows\SYSTEM32\DBGHELP.DLL
0x00007ff9bc5d0000 - 0x00007ff9bc5fc000 	C:\Windows\SYSTEM32\dbgcore.DLL
0x00007ff9d1fc0000 - 0x00007ff9d2042000 	C:\Windows\System32\bcryptPrimitives.dll
0x00007ff9af9d0000 - 0x00007ff9af9f9000 	C:\Users\User\AppData\Local\JetBrains\Toolbox\apps\AndroidStudio\ch-0\211.7628.21.2111.8193401\jre\bin\java.dll
0x00007ff9af030000 - 0x00007ff9af03b000 	C:\Users\User\AppData\Local\JetBrains\Toolbox\apps\AndroidStudio\ch-0\211.7628.21.2111.8193401\jre\bin\jimage.dll
0x00007ff9aedd0000 - 0x00007ff9aede8000 	C:\Users\User\AppData\Local\JetBrains\Toolbox\apps\AndroidStudio\ch-0\211.7628.21.2111.8193401\jre\bin\zip.dll
0x00007ff9d2400000 - 0x00007ff9d2b44000 	C:\Windows\System32\SHELL32.dll
0x00007ff9cf9a0000 - 0x00007ff9d0135000 	C:\Windows\SYSTEM32\windows.storage.dll
0x00007ff9d3a50000 - 0x00007ff9d3da5000 	C:\Windows\System32\combase.dll
0x00007ff9d13e0000 - 0x00007ff9d140e000 	C:\Windows\SYSTEM32\Wldp.dll
0x00007ff9d30e0000 - 0x00007ff9d318d000 	C:\Windows\System32\SHCORE.dll
0x00007ff9d3570000 - 0x00007ff9d35c5000 	C:\Windows\System32\shlwapi.dll
0x00007ff9d1940000 - 0x00007ff9d195f000 	C:\Windows\SYSTEM32\profapi.dll
0x00007ff9aed90000 - 0x00007ff9aedaa000 	C:\Users\User\AppData\Local\JetBrains\Toolbox\apps\AndroidStudio\ch-0\211.7628.21.2111.8193401\jre\bin\net.dll
0x00007ff9c6710000 - 0x00007ff9c681c000 	C:\Windows\SYSTEM32\WINHTTP.dll
0x00007ff9d10e0000 - 0x00007ff9d114a000 	C:\Windows\system32\mswsock.dll
0x00007ff9a8c70000 - 0x00007ff9a8c84000 	C:\Users\User\AppData\Local\JetBrains\Toolbox\apps\AndroidStudio\ch-0\211.7628.21.2111.8193401\jre\bin\nio.dll
0x00007ff9a38e0000 - 0x00007ff9a3907000 	C:\Users\User\.gradle\native\e1d6ef7f7dcc3fd88c89a11ec53ec762bb8ba0a96d01ffa2cd45eb1d1d8dd5c5\windows-amd64\native-platform.dll
0x00007ff9a2620000 - 0x00007ff9a2764000 	C:\Users\User\.gradle\native\5664cfc778a61ccfe75a443a1ab52a65af34e5dc3c78e0209fed803814484fcb\windows-amd64\native-platform-file-events.dll
0x00007ff9a96a0000 - 0x00007ff9a96aa000 	C:\Users\User\AppData\Local\JetBrains\Toolbox\apps\AndroidStudio\ch-0\211.7628.21.2111.8193401\jre\bin\management.dll
0x00007ff9a7cb0000 - 0x00007ff9a7cbd000 	C:\Users\User\AppData\Local\JetBrains\Toolbox\apps\AndroidStudio\ch-0\211.7628.21.2111.8193401\jre\bin\management_ext.dll
0x00007ff9d12e0000 - 0x00007ff9d12f8000 	C:\Windows\SYSTEM32\CRYPTSP.dll
0x00007ff9d0a60000 - 0x00007ff9d0a94000 	C:\Windows\system32\rsaenh.dll
0x00007ff9d21b0000 - 0x00007ff9d21d7000 	C:\Windows\System32\bcrypt.dll
0x00007ff9d1900000 - 0x00007ff9d192e000 	C:\Windows\SYSTEM32\USERENV.dll
0x00007ff9d12d0000 - 0x00007ff9d12dc000 	C:\Windows\SYSTEM32\CRYPTBASE.dll
0x00007ff9d0dd0000 - 0x00007ff9d0e0b000 	C:\Windows\SYSTEM32\IPHLPAPI.DLL
0x00007ff9d4200000 - 0x00007ff9d4208000 	C:\Windows\System32\NSI.dll
0x00007ff9c6ee0000 - 0x00007ff9c6ef7000 	C:\Windows\SYSTEM32\dhcpcsvc6.DLL
0x00007ff9c9b10000 - 0x00007ff9c9b2d000 	C:\Windows\SYSTEM32\dhcpcsvc.DLL
0x00007ff9d0e10000 - 0x00007ff9d0edb000 	C:\Windows\SYSTEM32\DNSAPI.dll

dbghelp: loaded successfully - version: 4.0.5 - missing functions: none
symbol engine: initialized successfully - sym options: 0x614 - pdb path: .;C:\Users\User\AppData\Local\JetBrains\Toolbox\apps\AndroidStudio\ch-0\211.7628.21.2111.8193401\jre\bin;C:\Windows\SYSTEM32;C:\Windows\WinSxS\amd64_microsoft.windows.common-controls_6595b64144ccf1df_6.0.19041.1110_none_60b5254171f9507e;C:\Users\User\AppData\Local\JetBrains\Toolbox\apps\AndroidStudio\ch-0\211.7628.21.2111.8193401\jre\bin\server;C:\Users\User\.gradle\native\e1d6ef7f7dcc3fd88c89a11ec53ec762bb8ba0a96d01ffa2cd45eb1d1d8dd5c5\windows-amd64;C:\Users\User\.gradle\native\5664cfc778a61ccfe75a443a1ab52a65af34e5dc3c78e0209fed803814484fcb\windows-amd64

VM Arguments:
jvm_args: --add-opens=java.base/java.util=ALL-UNNAMED --add-opens=java.base/java.lang=ALL-UNNAMED --add-opens=java.base/java.lang.invoke=ALL-UNNAMED --add-opens=java.base/java.util=ALL-UNNAMED --add-opens=java.prefs/java.util.prefs=ALL-UNNAMED --add-opens=java.prefs/java.util.prefs=ALL-UNNAMED --add-opens=java.base/java.nio.charset=ALL-UNNAMED --add-opens=java.base/java.net=ALL-UNNAMED --add-opens=java.base/java.util.concurrent.atomic=ALL-UNNAMED -Xmx2048m -Dfile.encoding=UTF-8 -Duser.country=RU -Duser.language=ru -Duser.variant 
java_command: org.gradle.launcher.daemon.bootstrap.GradleDaemon 7.2
java_class_path (initial): C:\Users\User\.gradle\wrapper\dists\gradle-7.2-bin\2dnblmf4td7x66yl1d74lt32g\gradle-7.2\lib\gradle-launcher-7.2.jar
Launcher Type: SUN_STANDARD

[Global flags]
     intx CICompilerCount                          = 4                                         {product} {ergonomic}
     uint ConcGCThreads                            = 2                                         {product} {ergonomic}
     uint G1ConcRefinementThreads                  = 8                                         {product} {ergonomic}
   size_t G1HeapRegionSize                         = 1048576                                   {product} {ergonomic}
    uintx GCDrainStackTargetSize                   = 64                                        {product} {ergonomic}
   size_t InitialHeapSize                          = 100663296                                 {product} {ergonomic}
   size_t MarkStackSize                            = 4194304                                   {product} {ergonomic}
   size_t MaxHeapSize                              = 2147483648                                {product} {command line}
   size_t MaxNewSize                               = 1287651328                                {product} {ergonomic}
   size_t MinHeapDeltaBytes                        = 1048576                                   {product} {ergonomic}
    uintx NonNMethodCodeHeapSize                   = 5836300                                {pd product} {ergonomic}
    uintx NonProfiledCodeHeapSize                  = 122910970                              {pd product} {ergonomic}
    uintx ProfiledCodeHeapSize                     = 122910970                              {pd product} {ergonomic}
    uintx ReservedCodeCacheSize                    = 251658240                              {pd product} {ergonomic}
     bool SegmentedCodeCache                       = true                                      {product} {ergonomic}
     bool UseCompressedClassPointers               = true                                 {lp64_product} {ergonomic}
     bool UseCompressedOops                        = true                                 {lp64_product} {ergonomic}
     bool UseG1GC                                  = true                                      {product} {ergonomic}
     bool UseLargePagesIndividualAllocation        = false                                  {pd product} {ergonomic}

Logging:
Log output configuration:
 #0: stdout all=warning uptime,level,tags
 #1: stderr all=off uptime,level,tags

Environment Variables:
PATH=C:\Windows\system32;C:\Windows;C:\Windows\System32\Wbem;C:\Windows\System32\WindowsPowerShell\v1.0\;C:\Windows\System32\OpenSSH\;C:\Program Files\7-Zip;C:\Program Files\dotnet\;C:\Program Files (x86)\Microsoft SQL Server\Client SDK\ODBC\130\Tools\Binn\;C:\Program Files (x86)\Microsoft SQL Server\140\Tools\Binn\;C:\Program Files (x86)\Microsoft SQL Server\140\DTS\Binn\;C:\Program Files (x86)\Microsoft SQL Server\140\Tools\Binn\ManagementStudio\;C:\Program Files\Microsoft SQL Server\130\Tools\Binn\;C:\Users\User\AppData\Local\Microsoft\WindowsApps;C:\Users\User\AppData\Local\atom\bin
USERNAME=User
OS=Windows_NT
PROCESSOR_IDENTIFIER=AMD64 Family 23 Model 24 Stepping 1, AuthenticAMD



---------------  S Y S T E M  ---------------

OS: Windows 10 , 64 bit Build 19041 (10.0.19041.1466)
OS uptime: 3 days 15:09 hours

CPU:total 8 (initial active 8) (8 cores per cpu, 2 threads per core) family 23 model 24 stepping 1 microcode 0x0, cmov, cx8, fxsr, mmx, sse, sse2, sse3, ssse3, sse4.1, sse4.2, popcnt, avx, avx2, aes, clmul, mmxext, 3dnowpref, lzcnt, sse4a, ht, tsc, tscinvbit, tscinv, bmi1, bmi2, adx, s

Memory: 4k page, system-wide physical 6091M (252M free)
TotalPageFile size 24523M (AvailPageFile size 3M)
current process WorkingSet (physical memory assigned to process): 171M, peak: 171M
current process commit charge ("private bytes"): 227M, peak: 227M

vm_info: OpenJDK 64-Bit Server VM (11.0.11+9-b60-7590822) for windows-amd64 JRE (11.0.11+9-b60-7590822), built on Jul 29 2021 21:43:44 by "builder" with MS VC++ 14.0 (VS2015)

END.
