#
# There is insufficient memory for the Java Runtime Environment to continue.
# Native memory allocation (malloc) failed to allocate 402976 bytes for Chunk::new
# Possible reasons:
#   The system is out of physical RAM or swap space
#   The process is running with CompressedOops enabled, and the Java Heap may be blocking the growth of the native heap
# Possible solutions:
#   Reduce memory load on the system
#   Increase physical memory or swap space
#   Check if swap backing store is full
#   Decrease Java heap size (-Xmx/-Xms)
#   Decrease number of Java threads
#   Decrease Java thread stack sizes (-Xss)
#   Set larger code cache with -XX:ReservedCodeCacheSize=
#   JVM is running with Unscaled Compressed Oops mode in which the Java heap is
#     placed in the first 4GB address space. The Java Heap base address is the
#     maximum limit for the native heap growth. Please use -XX:HeapBaseMinAddress
#     to set the Java Heap base and to place the Java Heap above 4GB virtual address.
# This output file may be truncated or incomplete.
#
#  Out of Memory Error (./src/hotspot/share/memory/arena.cpp:197), pid=19232, tid=15744
#
# JRE version: OpenJDK Runtime Environment (11.0.11+9) (build 11.0.11+9-b60-7590822)
# Java VM: OpenJDK 64-Bit Server VM (11.0.11+9-b60-7590822, mixed mode, tiered, compressed oops, g1 gc, windows-amd64)
# No core dump will be written. Minidumps are not enabled by default on client versions of Windows
#

---------------  S U M M A R Y ------------

Command Line: --add-opens=java.base/java.util=ALL-UNNAMED --add-opens=java.base/java.lang=ALL-UNNAMED --add-opens=java.base/java.lang.invoke=ALL-UNNAMED --add-opens=java.base/java.util=ALL-UNNAMED --add-opens=java.prefs/java.util.prefs=ALL-UNNAMED --add-opens=java.prefs/java.util.prefs=ALL-UNNAMED --add-opens=java.base/java.nio.charset=ALL-UNNAMED --add-opens=java.base/java.net=ALL-UNNAMED --add-opens=java.base/java.util.concurrent.atomic=ALL-UNNAMED -Xmx1024m -Dfile.encoding=UTF-8 -Duser.country=RU -Duser.language=ru -Duser.variant org.gradle.launcher.daemon.bootstrap.GradleDaemon 7.2

Host: AMD Ryzen 5 3500U with Radeon Vega Mobile Gfx  , 8 cores, 5G,  Windows 10 , 64 bit Build 19041 (10.0.19041.1466)
Time: Thu Apr 14 03:28:41 2022 RTZ 2 (зима) elapsed time: 10.873549 seconds (0d 0h 0m 10s)

---------------  T H R E A D  ---------------

Current thread (0x0000023904411800):  JavaThread "C2 CompilerThread0" daemon [_thread_in_native, id=15744, stack(0x00000082b8d00000,0x00000082b8e00000)]


Current CompileTask:
C2:  10873 5648 %     4       java.util.zip.ZipFile$Source::initCEN @ 223 (658 bytes)

Stack: [0x00000082b8d00000,0x00000082b8e00000]
Native frames: (J=compiled Java code, j=interpreted, Vv=VM code, C=native code)
V  [jvm.dll+0x5f214a]
V  [jvm.dll+0x726fb5]
V  [jvm.dll+0x7285cd]
V  [jvm.dll+0x728c83]
V  [jvm.dll+0x243278]
V  [jvm.dll+0xbc53c]
V  [jvm.dll+0xbca3c]
V  [jvm.dll+0x2b5c34]
V  [jvm.dll+0x508488]
V  [jvm.dll+0x203d53]
V  [jvm.dll+0x1fdbac]
V  [jvm.dll+0x1fb35f]
V  [jvm.dll+0x183d6c]
V  [jvm.dll+0x209a57]
V  [jvm.dll+0x2082a1]
V  [jvm.dll+0x6ef58f]
V  [jvm.dll+0x6e80b5]
V  [jvm.dll+0x5f1036]
C  [ucrtbase.dll+0x21bb2]
C  [KERNEL32.DLL+0x17034]
C  [ntdll.dll+0x52651]


---------------  P R O C E S S  ---------------

Threads class SMR info:
_java_thread_list=0x0000023905fa6ef0, length=121, elements={
0x000002396bddb000, 0x00000239043ab800, 0x00000239043ad000, 0x0000023904d4a800,
0x0000023904d4b800, 0x0000023904d50000, 0x0000023904411800, 0x0000023904415800,
0x0000023904416800, 0x0000023904ebe800, 0x000002390688c800, 0x0000023905d13000,
0x0000023906d34800, 0x0000023906d85000, 0x0000023906d97800, 0x000002390723b000,
0x000002390725f800, 0x0000023907260000, 0x00000239068b8000, 0x0000023907245800,
0x0000023907246800, 0x0000023907244800, 0x0000023907247000, 0x0000023907248000,
0x0000023907242800, 0x0000023907249000, 0x0000023907244000, 0x0000023907243000,
0x000002390752b800, 0x000002390752c800, 0x000002390752d000, 0x000002390752e000,
0x0000023907528000, 0x000002390752f000, 0x0000023907529000, 0x000002390752f800,
0x000002390752a000, 0x0000023907530800, 0x0000023907532000, 0x0000023907531000,
0x0000023907534800, 0x0000023907533800, 0x0000023907535800, 0x0000023907537000,
0x0000023909539800, 0x000002390953e800, 0x000002390953b800, 0x000002390953f800,
0x0000023909540800, 0x000002390953a800, 0x000002390953c000, 0x0000023909542000,
0x0000023909541000, 0x0000023909542800, 0x000002390953d000, 0x0000023909543800,
0x000002390953e000, 0x0000023909544800, 0x0000023909547000, 0x0000023909545000,
0x0000023909546000, 0x0000023909548800, 0x0000023909547800, 0x0000023905f96800,
0x0000023905f98000, 0x0000023905f97000, 0x0000023905f94800, 0x0000023905f99000,
0x0000023905f99800, 0x0000023905f94000, 0x0000023905f9a800, 0x0000023905f9b800,
0x0000023905f95800, 0x0000023905f9e800, 0x0000023905f9f800, 0x0000023905fa0000,
0x0000023905fa1000, 0x0000023905f9d800, 0x0000023905fa2000, 0x0000023905f9c000,
0x0000023905f9d000, 0x0000023905fa2800, 0x0000023907906800, 0x0000023907908000,
0x0000023907909000, 0x0000023907903800, 0x0000023907904000, 0x0000023907905000,
0x000002390790a800, 0x000002390790a000, 0x000002390790b800, 0x0000023907905800,
0x000002390790c800, 0x0000023907907800, 0x000002390790d000, 0x000002390790e800,
0x000002390790e000, 0x0000023907912000, 0x000002390790f800, 0x0000023907910800,
0x0000023907911000, 0x0000023905c3b800, 0x0000023905c40800, 0x0000023905c42000,
0x0000023905c41000, 0x0000023905c3c000, 0x0000023905c3f800, 0x0000023905c43000,
0x0000023905c3d000, 0x0000023905c43800, 0x0000023905c3e000, 0x0000023905c44800,
0x0000023905c3e800, 0x0000023905c48800, 0x0000023905c4a000, 0x0000023905c45000,
0x0000023905c46000, 0x0000023905c47000, 0x0000023905c47800, 0x0000023905c49800,
0x0000023909082800
}

Java Threads: ( => current thread )
  0x000002396bddb000 JavaThread "main" [_thread_blocked, id=22768, stack(0x00000082b8100000,0x00000082b8200000)]
  0x00000239043ab800 JavaThread "Reference Handler" daemon [_thread_blocked, id=1928, stack(0x00000082b8800000,0x00000082b8900000)]
  0x00000239043ad000 JavaThread "Finalizer" daemon [_thread_blocked, id=24300, stack(0x00000082b8900000,0x00000082b8a00000)]
  0x0000023904d4a800 JavaThread "Signal Dispatcher" daemon [_thread_blocked, id=26240, stack(0x00000082b8a00000,0x00000082b8b00000)]
  0x0000023904d4b800 JavaThread "Attach Listener" daemon [_thread_blocked, id=17640, stack(0x00000082b8b00000,0x00000082b8c00000)]
  0x0000023904d50000 JavaThread "Service Thread" daemon [_thread_blocked, id=23496, stack(0x00000082b8c00000,0x00000082b8d00000)]
=>0x0000023904411800 JavaThread "C2 CompilerThread0" daemon [_thread_in_native, id=15744, stack(0x00000082b8d00000,0x00000082b8e00000)]
  0x0000023904415800 JavaThread "C1 CompilerThread0" daemon [_thread_blocked, id=19264, stack(0x00000082b8e00000,0x00000082b8f00000)]
  0x0000023904416800 JavaThread "Sweeper thread" daemon [_thread_blocked, id=9372, stack(0x00000082b8f00000,0x00000082b9000000)]
  0x0000023904ebe800 JavaThread "Common-Cleaner" daemon [_thread_blocked, id=9472, stack(0x00000082b9000000,0x00000082b9100000)]
  0x000002390688c800 JavaThread "Daemon health stats" [_thread_blocked, id=23344, stack(0x00000082b9300000,0x00000082b9400000)]
  0x0000023905d13000 JavaThread "Incoming local TCP Connector on port 64069" [_thread_in_native, id=25276, stack(0x00000082b9400000,0x00000082b9500000)]
  0x0000023906d34800 JavaThread "Daemon periodic checks" [_thread_blocked, id=4792, stack(0x00000082b9500000,0x00000082b9600000)]
  0x0000023906d85000 JavaThread "Daemon" [_thread_blocked, id=23392, stack(0x00000082b9c00000,0x00000082b9d00000)]
  0x0000023906d97800 JavaThread "Handler for socket connection from /127.0.0.1:64069 to /127.0.0.1:64070" [_thread_in_native, id=21424, stack(0x00000082b9d00000,0x00000082b9e00000)]
  0x000002390723b000 JavaThread "Cancel handler" [_thread_blocked, id=24440, stack(0x00000082b9e00000,0x00000082b9f00000)]
  0x000002390725f800 JavaThread "Daemon worker" [_thread_in_native, id=984, stack(0x00000082b9f00000,0x00000082ba000000)]
  0x0000023907260000 JavaThread "Asynchronous log dispatcher for DefaultDaemonConnection: socket connection from /127.0.0.1:64069 to /127.0.0.1:64070" [_thread_blocked, id=26064, stack(0x00000082ba000000,0x00000082ba100000)]
  0x00000239068b8000 JavaThread "Stdin handler" [_thread_blocked, id=25388, stack(0x00000082ba100000,0x00000082ba200000)]
  0x0000023907245800 JavaThread "Daemon client event forwarder" [_thread_blocked, id=8248, stack(0x00000082ba200000,0x00000082ba300000)]
  0x0000023907246800 JavaThread "Cache worker for journal cache (C:\Users\User\.gradle\caches\journal-1)" [_thread_blocked, id=19812, stack(0x00000082ba300000,0x00000082ba400000)]
  0x0000023907244800 JavaThread "File lock request listener" [_thread_in_native, id=23440, stack(0x00000082ba400000,0x00000082ba500000)]
  0x0000023907247000 JavaThread "Cache worker for file hash cache (C:\Users\User\.gradle\caches\7.2\fileHashes)" [_thread_blocked, id=10244, stack(0x00000082ba600000,0x00000082ba700000)]
  0x0000023907248000 JavaThread "Cache worker for file hash cache (C:\Users\User\AndroidStudioProjects\HistoryVNProject\.gradle\7.2\fileHashes)" [_thread_blocked, id=3280, stack(0x00000082ba700000,0x00000082ba800000)]
  0x0000023907242800 JavaThread "File watcher server" daemon [_thread_in_native, id=26376, stack(0x00000082ba800000,0x00000082ba900000)]
  0x0000023907249000 JavaThread "File watcher consumer" daemon [_thread_blocked, id=20760, stack(0x00000082ba900000,0x00000082baa00000)]
  0x0000023907244000 JavaThread "jar transforms" [_thread_blocked, id=22384, stack(0x00000082baa00000,0x00000082bab00000)]
  0x0000023907243000 JavaThread "jar transforms Thread 2" [_thread_blocked, id=26580, stack(0x00000082bab00000,0x00000082bac00000)]
  0x000002390752b800 JavaThread "jar transforms Thread 3" [_thread_blocked, id=15700, stack(0x00000082bac00000,0x00000082bad00000)]
  0x000002390752c800 JavaThread "jar transforms Thread 4" [_thread_blocked, id=26492, stack(0x00000082bad00000,0x00000082bae00000)]
  0x000002390752d000 JavaThread "jar transforms Thread 5" [_thread_blocked, id=12596, stack(0x00000082bae00000,0x00000082baf00000)]
  0x000002390752e000 JavaThread "jar transforms Thread 6" [_thread_blocked, id=13300, stack(0x00000082baf00000,0x00000082bb000000)]
  0x0000023907528000 JavaThread "jar transforms Thread 7" [_thread_blocked, id=9928, stack(0x00000082bb000000,0x00000082bb100000)]
  0x000002390752f000 JavaThread "jar transforms Thread 8" [_thread_blocked, id=15928, stack(0x00000082bb100000,0x00000082bb200000)]
  0x0000023907529000 JavaThread "Cache worker for checksums cache (C:\Users\User\AndroidStudioProjects\HistoryVNProject\.gradle\checksums)" [_thread_blocked, id=16692, stack(0x00000082bb200000,0x00000082bb300000)]
  0x000002390752f800 JavaThread "Cache worker for cache directory md-supplier (C:\Users\User\.gradle\caches\7.2\md-supplier)" [_thread_blocked, id=24760, stack(0x00000082bb300000,0x00000082bb400000)]
  0x000002390752a000 JavaThread "Cache worker for cache directory md-rule (C:\Users\User\.gradle\caches\7.2\md-rule)" [_thread_blocked, id=26440, stack(0x00000082bb400000,0x00000082bb500000)]
  0x0000023907530800 JavaThread "Cache worker for execution history cache (C:\Users\User\.gradle\caches\7.2\executionHistory)" [_thread_blocked, id=17516, stack(0x00000082bb500000,0x00000082bb600000)]
  0x0000023907532000 JavaThread "Cache worker for file content cache (C:\Users\User\.gradle\caches\7.2\fileContent)" [_thread_blocked, id=25624, stack(0x00000082bb600000,0x00000082bb700000)]
  0x0000023907531000 JavaThread "Cache worker for dependencies-accessors (C:\Users\User\AndroidStudioProjects\HistoryVNProject\.gradle\7.2\dependencies-accessors)" [_thread_blocked, id=13576, stack(0x00000082bb700000,0x00000082bb800000)]
  0x0000023907534800 JavaThread "Cache worker for Build Output Cleanup Cache (C:\Users\User\AndroidStudioProjects\HistoryVNProject\.gradle\buildOutputCleanup)" [_thread_blocked, id=20600, stack(0x00000082bb800000,0x00000082bb900000)]
  0x0000023907533800 JavaThread "Unconstrained build operations" [_thread_blocked, id=24060, stack(0x00000082bb900000,0x00000082bba00000)]
  0x0000023907535800 JavaThread "Unconstrained build operations Thread 2" [_thread_blocked, id=21436, stack(0x00000082bba00000,0x00000082bbb00000)]
  0x0000023907537000 JavaThread "Unconstrained build operations Thread 3" [_thread_blocked, id=22828, stack(0x00000082bbb00000,0x00000082bbc00000)]
  0x0000023909539800 JavaThread "Unconstrained build operations Thread 4" [_thread_blocked, id=7696, stack(0x00000082bbc00000,0x00000082bbd00000)]
  0x000002390953e800 JavaThread "Unconstrained build operations Thread 5" [_thread_blocked, id=26588, stack(0x00000082bbd00000,0x00000082bbe00000)]
  0x000002390953b800 JavaThread "Unconstrained build operations Thread 6" [_thread_blocked, id=22548, stack(0x00000082bbe00000,0x00000082bbf00000)]
  0x000002390953f800 JavaThread "Unconstrained build operations Thread 7" [_thread_blocked, id=20856, stack(0x00000082bbf00000,0x00000082bc000000)]
  0x0000023909540800 JavaThread "Unconstrained build operations Thread 8" [_thread_blocked, id=20296, stack(0x00000082bc000000,0x00000082bc100000)]
  0x000002390953a800 JavaThread "Unconstrained build operations Thread 9" [_thread_blocked, id=7732, stack(0x00000082bc100000,0x00000082bc200000)]
  0x000002390953c000 JavaThread "Unconstrained build operations Thread 10" [_thread_blocked, id=19772, stack(0x00000082bc200000,0x00000082bc300000)]
  0x0000023909542000 JavaThread "Unconstrained build operations Thread 11" [_thread_blocked, id=9016, stack(0x00000082bc300000,0x00000082bc400000)]
  0x0000023909541000 JavaThread "Unconstrained build operations Thread 12" [_thread_blocked, id=20624, stack(0x00000082bc400000,0x00000082bc500000)]
  0x0000023909542800 JavaThread "Unconstrained build operations Thread 13" [_thread_blocked, id=17524, stack(0x00000082bc500000,0x00000082bc600000)]
  0x000002390953d000 JavaThread "Unconstrained build operations Thread 14" [_thread_blocked, id=23708, stack(0x00000082bc600000,0x00000082bc700000)]
  0x0000023909543800 JavaThread "Unconstrained build operations Thread 15" [_thread_blocked, id=18872, stack(0x00000082bc700000,0x00000082bc800000)]
  0x000002390953e000 JavaThread "Unconstrained build operations Thread 16" [_thread_blocked, id=23712, stack(0x00000082bc800000,0x00000082bc900000)]
  0x0000023909544800 JavaThread "Unconstrained build operations Thread 17" [_thread_blocked, id=20584, stack(0x00000082bc900000,0x00000082bca00000)]
  0x0000023909547000 JavaThread "Unconstrained build operations Thread 18" [_thread_blocked, id=13520, stack(0x00000082bca00000,0x00000082bcb00000)]
  0x0000023909545000 JavaThread "Unconstrained build operations Thread 19" [_thread_blocked, id=14220, stack(0x00000082bcb00000,0x00000082bcc00000)]
  0x0000023909546000 JavaThread "Unconstrained build operations Thread 20" [_thread_blocked, id=488, stack(0x00000082bcc00000,0x00000082bcd00000)]
  0x0000023909548800 JavaThread "Unconstrained build operations Thread 21" [_thread_blocked, id=9672, stack(0x00000082bcd00000,0x00000082bce00000)]
  0x0000023909547800 JavaThread "Unconstrained build operations Thread 22" [_thread_blocked, id=11832, stack(0x00000082bce00000,0x00000082bcf00000)]
  0x0000023905f96800 JavaThread "Unconstrained build operations Thread 23" [_thread_blocked, id=13676, stack(0x00000082bcf00000,0x00000082bd000000)]
  0x0000023905f98000 JavaThread "Unconstrained build operations Thread 24" [_thread_blocked, id=15620, stack(0x00000082bd000000,0x00000082bd100000)]
  0x0000023905f97000 JavaThread "Unconstrained build operations Thread 25" [_thread_blocked, id=14736, stack(0x00000082bd100000,0x00000082bd200000)]
  0x0000023905f94800 JavaThread "Unconstrained build operations Thread 26" [_thread_blocked, id=15952, stack(0x00000082bd200000,0x00000082bd300000)]
  0x0000023905f99000 JavaThread "Unconstrained build operations Thread 27" [_thread_blocked, id=2756, stack(0x00000082bd300000,0x00000082bd400000)]
  0x0000023905f99800 JavaThread "Unconstrained build operations Thread 28" [_thread_blocked, id=14540, stack(0x00000082bd400000,0x00000082bd500000)]
  0x0000023905f94000 JavaThread "Unconstrained build operations Thread 29" [_thread_blocked, id=13796, stack(0x00000082bd500000,0x00000082bd600000)]
  0x0000023905f9a800 JavaThread "Unconstrained build operations Thread 30" [_thread_blocked, id=22624, stack(0x00000082bd600000,0x00000082bd700000)]
  0x0000023905f9b800 JavaThread "Unconstrained build operations Thread 31" [_thread_blocked, id=17424, stack(0x00000082bd700000,0x00000082bd800000)]
  0x0000023905f95800 JavaThread "Unconstrained build operations Thread 32" [_thread_blocked, id=23288, stack(0x00000082bd800000,0x00000082bd900000)]
  0x0000023905f9e800 JavaThread "Unconstrained build operations Thread 33" [_thread_blocked, id=13436, stack(0x00000082bd900000,0x00000082bda00000)]
  0x0000023905f9f800 JavaThread "Unconstrained build operations Thread 34" [_thread_blocked, id=21784, stack(0x00000082bda00000,0x00000082bdb00000)]
  0x0000023905fa0000 JavaThread "Unconstrained build operations Thread 35" [_thread_blocked, id=1548, stack(0x00000082bdb00000,0x00000082bdc00000)]
  0x0000023905fa1000 JavaThread "Unconstrained build operations Thread 36" [_thread_blocked, id=12764, stack(0x00000082bdc00000,0x00000082bdd00000)]
  0x0000023905f9d800 JavaThread "Unconstrained build operations Thread 37" [_thread_blocked, id=15796, stack(0x00000082bdd00000,0x00000082bde00000)]
  0x0000023905fa2000 JavaThread "Unconstrained build operations Thread 38" [_thread_blocked, id=23700, stack(0x00000082bde00000,0x00000082bdf00000)]
  0x0000023905f9c000 JavaThread "Unconstrained build operations Thread 39" [_thread_blocked, id=23660, stack(0x00000082bdf00000,0x00000082be000000)]
  0x0000023905f9d000 JavaThread "Unconstrained build operations Thread 40" [_thread_blocked, id=8416, stack(0x00000082be000000,0x00000082be100000)]
  0x0000023905fa2800 JavaThread "Unconstrained build operations Thread 41" [_thread_blocked, id=24504, stack(0x00000082be100000,0x00000082be200000)]
  0x0000023907906800 JavaThread "Unconstrained build operations Thread 42" [_thread_blocked, id=25548, stack(0x00000082be200000,0x00000082be300000)]
  0x0000023907908000 JavaThread "Unconstrained build operations Thread 43" [_thread_blocked, id=18464, stack(0x00000082be300000,0x00000082be400000)]
  0x0000023907909000 JavaThread "Unconstrained build operations Thread 44" [_thread_blocked, id=4052, stack(0x00000082be400000,0x00000082be500000)]
  0x0000023907903800 JavaThread "Unconstrained build operations Thread 45" [_thread_blocked, id=11512, stack(0x00000082be500000,0x00000082be600000)]
  0x0000023907904000 JavaThread "Unconstrained build operations Thread 46" [_thread_blocked, id=12040, stack(0x00000082be600000,0x00000082be700000)]
  0x0000023907905000 JavaThread "Unconstrained build operations Thread 47" [_thread_blocked, id=25028, stack(0x00000082be700000,0x00000082be800000)]
  0x000002390790a800 JavaThread "Unconstrained build operations Thread 48" [_thread_blocked, id=24456, stack(0x00000082be800000,0x00000082be900000)]
  0x000002390790a000 JavaThread "Unconstrained build operations Thread 49" [_thread_blocked, id=8260, stack(0x00000082be900000,0x00000082bea00000)]
  0x000002390790b800 JavaThread "Unconstrained build operations Thread 50" [_thread_blocked, id=21880, stack(0x00000082bea00000,0x00000082beb00000)]
  0x0000023907905800 JavaThread "Unconstrained build operations Thread 51" [_thread_blocked, id=16620, stack(0x00000082beb00000,0x00000082bec00000)]
  0x000002390790c800 JavaThread "Unconstrained build operations Thread 52" [_thread_blocked, id=23280, stack(0x00000082bec00000,0x00000082bed00000)]
  0x0000023907907800 JavaThread "Unconstrained build operations Thread 53" [_thread_blocked, id=5388, stack(0x00000082bed00000,0x00000082bee00000)]
  0x000002390790d000 JavaThread "Unconstrained build operations Thread 54" [_thread_blocked, id=21944, stack(0x00000082bee00000,0x00000082bef00000)]
  0x000002390790e800 JavaThread "Unconstrained build operations Thread 55" [_thread_blocked, id=21184, stack(0x00000082bef00000,0x00000082bf000000)]
  0x000002390790e000 JavaThread "Unconstrained build operations Thread 56" [_thread_blocked, id=7188, stack(0x00000082bf000000,0x00000082bf100000)]
  0x0000023907912000 JavaThread "Unconstrained build operations Thread 57" [_thread_blocked, id=3376, stack(0x00000082bf100000,0x00000082bf200000)]
  0x000002390790f800 JavaThread "Unconstrained build operations Thread 58" [_thread_blocked, id=7692, stack(0x00000082bf200000,0x00000082bf300000)]
  0x0000023907910800 JavaThread "Unconstrained build operations Thread 59" [_thread_blocked, id=25316, stack(0x00000082bf300000,0x00000082bf400000)]
  0x0000023907911000 JavaThread "Unconstrained build operations Thread 60" [_thread_blocked, id=20780, stack(0x00000082bf400000,0x00000082bf500000)]
  0x0000023905c3b800 JavaThread "Unconstrained build operations Thread 61" [_thread_blocked, id=8196, stack(0x00000082bf500000,0x00000082bf600000)]
  0x0000023905c40800 JavaThread "Unconstrained build operations Thread 62" [_thread_blocked, id=13448, stack(0x00000082bf600000,0x00000082bf700000)]
  0x0000023905c42000 JavaThread "Unconstrained build operations Thread 63" [_thread_blocked, id=2280, stack(0x00000082bf700000,0x00000082bf800000)]
  0x0000023905c41000 JavaThread "Unconstrained build operations Thread 64" [_thread_blocked, id=21464, stack(0x00000082bf800000,0x00000082bf900000)]
  0x0000023905c3c000 JavaThread "Unconstrained build operations Thread 65" [_thread_blocked, id=14348, stack(0x00000082bf900000,0x00000082bfa00000)]
  0x0000023905c3f800 JavaThread "Unconstrained build operations Thread 66" [_thread_blocked, id=21040, stack(0x00000082bfa00000,0x00000082bfb00000)]
  0x0000023905c43000 JavaThread "Unconstrained build operations Thread 67" [_thread_blocked, id=16432, stack(0x00000082bfb00000,0x00000082bfc00000)]
  0x0000023905c3d000 JavaThread "Unconstrained build operations Thread 68" [_thread_blocked, id=20288, stack(0x00000082bfc00000,0x00000082bfd00000)]
  0x0000023905c43800 JavaThread "Unconstrained build operations Thread 69" [_thread_blocked, id=14588, stack(0x00000082bfd00000,0x00000082bfe00000)]
  0x0000023905c3e000 JavaThread "Unconstrained build operations Thread 70" [_thread_blocked, id=13848, stack(0x00000082bfe00000,0x00000082bff00000)]
  0x0000023905c44800 JavaThread "Unconstrained build operations Thread 71" [_thread_blocked, id=25928, stack(0x00000082bff00000,0x00000082c0000000)]
  0x0000023905c3e800 JavaThread "Unconstrained build operations Thread 72" [_thread_blocked, id=19572, stack(0x00000082c0000000,0x00000082c0100000)]
  0x0000023905c48800 JavaThread "Unconstrained build operations Thread 73" [_thread_blocked, id=13136, stack(0x00000082c0100000,0x00000082c0200000)]
  0x0000023905c4a000 JavaThread "Unconstrained build operations Thread 74" [_thread_blocked, id=20772, stack(0x00000082c0200000,0x00000082c0300000)]
  0x0000023905c45000 JavaThread "Unconstrained build operations Thread 75" [_thread_blocked, id=8012, stack(0x00000082c0300000,0x00000082c0400000)]
  0x0000023905c46000 JavaThread "Unconstrained build operations Thread 76" [_thread_blocked, id=19468, stack(0x00000082c0400000,0x00000082c0500000)]
  0x0000023905c47000 JavaThread "Unconstrained build operations Thread 77" [_thread_blocked, id=16300, stack(0x00000082c0500000,0x00000082c0600000)]
  0x0000023905c47800 JavaThread "Unconstrained build operations Thread 78" [_thread_blocked, id=5804, stack(0x00000082c0600000,0x00000082c0700000)]
  0x0000023905c49800 JavaThread "Unconstrained build operations Thread 79" [_thread_blocked, id=20472, stack(0x00000082c0700000,0x00000082c0800000)]
  0x0000023909082800 JavaThread "Unconstrained build operations Thread 80" [_thread_blocked, id=6156, stack(0x00000082c0800000,0x00000082c0900000)]

Other Threads:
  0x00000239043a7000 VMThread "VM Thread" [stack: 0x00000082b8700000,0x00000082b8800000] [id=9808]
  0x0000023904ed0000 WatcherThread [stack: 0x00000082b9100000,0x00000082b9200000] [id=20852]
  0x000002396bdf5800 GCTaskThread "GC Thread#0" [stack: 0x00000082b8200000,0x00000082b8300000] [id=3236]
  0x0000023905b92000 GCTaskThread "GC Thread#1" [stack: 0x00000082b9200000,0x00000082b9300000] [id=26160]
  0x0000023906643800 GCTaskThread "GC Thread#2" [stack: 0x00000082b9600000,0x00000082b9700000] [id=2524]
  0x0000023906644000 GCTaskThread "GC Thread#3" [stack: 0x00000082b9700000,0x00000082b9800000] [id=10560]
  0x0000023906645000 GCTaskThread "GC Thread#4" [stack: 0x00000082b9800000,0x00000082b9900000] [id=25580]
  0x0000023906589800 GCTaskThread "GC Thread#5" [stack: 0x00000082b9900000,0x00000082b9a00000] [id=19164]
  0x000002390658a800 GCTaskThread "GC Thread#6" [stack: 0x00000082b9a00000,0x00000082b9b00000] [id=13028]
  0x000002390658b000 GCTaskThread "GC Thread#7" [stack: 0x00000082b9b00000,0x00000082b9c00000] [id=20880]
  0x000002396be10800 ConcurrentGCThread "G1 Main Marker" [stack: 0x00000082b8300000,0x00000082b8400000] [id=7012]
  0x000002396be12000 ConcurrentGCThread "G1 Conc#0" [stack: 0x00000082b8400000,0x00000082b8500000] [id=4716]
  0x0000023906eb9800 ConcurrentGCThread "G1 Conc#1" [stack: 0x00000082ba500000,0x00000082ba600000] [id=12284]
  0x000002396be94800 ConcurrentGCThread "G1 Refine#0" [stack: 0x00000082b8500000,0x00000082b8600000] [id=6436]
  0x000002396be95800 ConcurrentGCThread "G1 Young RemSet Sampling" [stack: 0x00000082b8600000,0x00000082b8700000] [id=22904]

Threads with active compile tasks:
C2 CompilerThread0  10909 5648 %     4       java.util.zip.ZipFile$Source::initCEN @ 223 (658 bytes)

VM state:not at safepoint (normal execution)

VM Mutex/Monitor currently owned by a thread: None

Heap address: 0x00000000c0000000, size: 1024 MB, Compressed Oops mode: 32-bit
Narrow klass base: 0x0000000000000000, Narrow klass shift: 3
Compressed class space size: 1073741824 Address: 0x0000000100000000

Heap:
 garbage-first heap   total 98304K, used 64489K [0x00000000c0000000, 0x0000000100000000)
  region size 1024K, 5 young (5120K), 2 survivors (2048K)
 Metaspace       used 50581K, capacity 52167K, committed 52380K, reserved 1095680K
  class space    used 6473K, capacity 6974K, committed 6988K, reserved 1048576K
Heap Regions: E=young(eden), S=young(survivor), O=old, HS=humongous(starts), HC=humongous(continues), CS=collection set, F=free, A=archive, TAMS=top-at-mark-start (previous, next)
|   0|0x00000000c0000000, 0x00000000c0100000, 0x00000000c0100000|100%| O|  |TAMS 0x00000000c0100000, 0x00000000c0000000| Untracked 
|   1|0x00000000c0100000, 0x00000000c0200000, 0x00000000c0200000|100%| O|  |TAMS 0x00000000c0200000, 0x00000000c0100000| Untracked 
|   2|0x00000000c0200000, 0x00000000c0300000, 0x00000000c0300000|100%| O|  |TAMS 0x00000000c0300000, 0x00000000c0200000| Untracked 
|   3|0x00000000c0300000, 0x00000000c0400000, 0x00000000c0400000|100%|HS|  |TAMS 0x00000000c0400000, 0x00000000c0300000| Complete 
|   4|0x00000000c0400000, 0x00000000c0500000, 0x00000000c0500000|100%|HC|  |TAMS 0x00000000c0500000, 0x00000000c0400000| Complete 
|   5|0x00000000c0500000, 0x00000000c0600000, 0x00000000c0600000|100%|HC|  |TAMS 0x00000000c0600000, 0x00000000c0500000| Complete 
|   6|0x00000000c0600000, 0x00000000c0700000, 0x00000000c0700000|100%| O|  |TAMS 0x00000000c0700000, 0x00000000c0600000| Untracked 
|   7|0x00000000c0700000, 0x00000000c0800000, 0x00000000c0800000|100%| O|  |TAMS 0x00000000c0800000, 0x00000000c0700000| Untracked 
|   8|0x00000000c0800000, 0x00000000c0900000, 0x00000000c0900000|100%| O|  |TAMS 0x00000000c0900000, 0x00000000c0800000| Untracked 
|   9|0x00000000c0900000, 0x00000000c0a00000, 0x00000000c0a00000|100%| O|  |TAMS 0x00000000c0a00000, 0x00000000c0900000| Untracked 
|  10|0x00000000c0a00000, 0x00000000c0b00000, 0x00000000c0b00000|100%| O|  |TAMS 0x00000000c0b00000, 0x00000000c0a00000| Untracked 
|  11|0x00000000c0b00000, 0x00000000c0c00000, 0x00000000c0c00000|100%| O|  |TAMS 0x00000000c0c00000, 0x00000000c0b00000| Untracked 
|  12|0x00000000c0c00000, 0x00000000c0d00000, 0x00000000c0d00000|100%| O|  |TAMS 0x00000000c0d00000, 0x00000000c0c00000| Untracked 
|  13|0x00000000c0d00000, 0x00000000c0e00000, 0x00000000c0e00000|100%| O|  |TAMS 0x00000000c0e00000, 0x00000000c0d00000| Untracked 
|  14|0x00000000c0e00000, 0x00000000c0f00000, 0x00000000c0f00000|100%| O|  |TAMS 0x00000000c0f00000, 0x00000000c0e00000| Untracked 
|  15|0x00000000c0f00000, 0x00000000c1000000, 0x00000000c1000000|100%| O|  |TAMS 0x00000000c1000000, 0x00000000c0f00000| Untracked 
|  16|0x00000000c1000000, 0x00000000c1100000, 0x00000000c1100000|100%|HS|  |TAMS 0x00000000c1100000, 0x00000000c1000000| Complete 
|  17|0x00000000c1100000, 0x00000000c1200000, 0x00000000c1200000|100%|HC|  |TAMS 0x00000000c1200000, 0x00000000c1100000| Complete 
|  18|0x00000000c1200000, 0x00000000c1300000, 0x00000000c1300000|100%|HS|  |TAMS 0x00000000c1300000, 0x00000000c1200000| Complete 
|  19|0x00000000c1300000, 0x00000000c1400000, 0x00000000c1400000|100%|HC|  |TAMS 0x00000000c1400000, 0x00000000c1300000| Complete 
|  20|0x00000000c1400000, 0x00000000c1500000, 0x00000000c1500000|100%|HC|  |TAMS 0x00000000c1500000, 0x00000000c1400000| Complete 
|  21|0x00000000c1500000, 0x00000000c1600000, 0x00000000c1600000|100%|HS|  |TAMS 0x00000000c1600000, 0x00000000c1500000| Complete 
|  22|0x00000000c1600000, 0x00000000c1700000, 0x00000000c1700000|100%|HC|  |TAMS 0x00000000c1700000, 0x00000000c1600000| Complete 
|  23|0x00000000c1700000, 0x00000000c1800000, 0x00000000c1800000|100%|HC|  |TAMS 0x00000000c1800000, 0x00000000c1700000| Complete 
|  24|0x00000000c1800000, 0x00000000c1900000, 0x00000000c1900000|100%|HC|  |TAMS 0x00000000c1900000, 0x00000000c1800000| Complete 
|  25|0x00000000c1900000, 0x00000000c1a00000, 0x00000000c1a00000|100%| O|  |TAMS 0x00000000c1a00000, 0x00000000c1900000| Untracked 
|  26|0x00000000c1a00000, 0x00000000c1b00000, 0x00000000c1b00000|100%| O|  |TAMS 0x00000000c1b00000, 0x00000000c1a00000| Untracked 
|  27|0x00000000c1b00000, 0x00000000c1c00000, 0x00000000c1c00000|100%| O|  |TAMS 0x00000000c1c00000, 0x00000000c1b00000| Untracked 
|  28|0x00000000c1c00000, 0x00000000c1d00000, 0x00000000c1d00000|100%| O|  |TAMS 0x00000000c1d00000, 0x00000000c1c00000| Untracked 
|  29|0x00000000c1d00000, 0x00000000c1e00000, 0x00000000c1e00000|100%| O|  |TAMS 0x00000000c1e00000, 0x00000000c1d00000| Untracked 
|  30|0x00000000c1e00000, 0x00000000c1f00000, 0x00000000c1f00000|100%| O|  |TAMS 0x00000000c1f00000, 0x00000000c1e00000| Untracked 
|  31|0x00000000c1f00000, 0x00000000c2000000, 0x00000000c2000000|100%| O|  |TAMS 0x00000000c2000000, 0x00000000c1f00000| Untracked 
|  32|0x00000000c2000000, 0x00000000c2100000, 0x00000000c2100000|100%| O|  |TAMS 0x00000000c2100000, 0x00000000c2000000| Untracked 
|  33|0x00000000c2100000, 0x00000000c2200000, 0x00000000c2200000|100%| O|  |TAMS 0x00000000c2200000, 0x00000000c2100000| Untracked 
|  34|0x00000000c2200000, 0x00000000c2300000, 0x00000000c2300000|100%|HS|  |TAMS 0x00000000c2300000, 0x00000000c2200000| Complete 
|  35|0x00000000c2300000, 0x00000000c2400000, 0x00000000c2400000|100%|HC|  |TAMS 0x00000000c2400000, 0x00000000c2300000| Complete 
|  36|0x00000000c2400000, 0x00000000c2500000, 0x00000000c2500000|100%|HC|  |TAMS 0x00000000c2500000, 0x00000000c2400000| Complete 
|  37|0x00000000c2500000, 0x00000000c2600000, 0x00000000c2600000|100%| O|  |TAMS 0x00000000c2600000, 0x00000000c2500000| Untracked 
|  38|0x00000000c2600000, 0x00000000c2700000, 0x00000000c2700000|100%| O|  |TAMS 0x00000000c2700000, 0x00000000c2600000| Untracked 
|  39|0x00000000c2700000, 0x00000000c2800000, 0x00000000c2800000|100%| O|  |TAMS 0x00000000c2800000, 0x00000000c2700000| Untracked 
|  40|0x00000000c2800000, 0x00000000c2900000, 0x00000000c2900000|100%| O|  |TAMS 0x00000000c2900000, 0x00000000c2800000| Untracked 
|  41|0x00000000c2900000, 0x00000000c2a00000, 0x00000000c2a00000|100%| O|  |TAMS 0x00000000c2a00000, 0x00000000c2900000| Untracked 
|  42|0x00000000c2a00000, 0x00000000c2b00000, 0x00000000c2b00000|100%| O|  |TAMS 0x00000000c2b00000, 0x00000000c2a00000| Untracked 
|  43|0x00000000c2b00000, 0x00000000c2c00000, 0x00000000c2c00000|100%| O|  |TAMS 0x00000000c2c00000, 0x00000000c2b00000| Untracked 
|  44|0x00000000c2c00000, 0x00000000c2d00000, 0x00000000c2d00000|100%| O|  |TAMS 0x00000000c2d00000, 0x00000000c2c00000| Untracked 
|  45|0x00000000c2d00000, 0x00000000c2e00000, 0x00000000c2e00000|100%| O|  |TAMS 0x00000000c2e00000, 0x00000000c2d00000| Untracked 
|  46|0x00000000c2e00000, 0x00000000c2f00000, 0x00000000c2f00000|100%| O|  |TAMS 0x00000000c2f00000, 0x00000000c2e00000| Untracked 
|  47|0x00000000c2f00000, 0x00000000c3000000, 0x00000000c3000000|100%| O|  |TAMS 0x00000000c3000000, 0x00000000c2f00000| Untracked 
|  48|0x00000000c3000000, 0x00000000c3100000, 0x00000000c3100000|100%|HS|  |TAMS 0x00000000c3100000, 0x00000000c3000000| Complete 
|  49|0x00000000c3100000, 0x00000000c3200000, 0x00000000c3200000|100%|HC|  |TAMS 0x00000000c3200000, 0x00000000c3100000| Complete 
|  50|0x00000000c3200000, 0x00000000c3300000, 0x00000000c3300000|100%|HC|  |TAMS 0x00000000c3300000, 0x00000000c3200000| Complete 
|  51|0x00000000c3300000, 0x00000000c3400000, 0x00000000c3400000|100%|HC|  |TAMS 0x00000000c3400000, 0x00000000c3300000| Complete 
|  52|0x00000000c3400000, 0x00000000c3500000, 0x00000000c3500000|100%| O|  |TAMS 0x00000000c3500000, 0x00000000c3400000| Untracked 
|  53|0x00000000c3500000, 0x00000000c3600000, 0x00000000c3600000|100%| O|  |TAMS 0x00000000c3600000, 0x00000000c3500000| Untracked 
|  54|0x00000000c3600000, 0x00000000c3700000, 0x00000000c3700000|100%| O|  |TAMS 0x00000000c3700000, 0x00000000c3600000| Untracked 
|  55|0x00000000c3700000, 0x00000000c3800000, 0x00000000c3800000|100%| O|  |TAMS 0x00000000c3800000, 0x00000000c3700000| Untracked 
|  56|0x00000000c3800000, 0x00000000c3817800, 0x00000000c3900000|  9%| O|  |TAMS 0x00000000c3817800, 0x00000000c3800000| Untracked 
|  57|0x00000000c3900000, 0x00000000c3a00000, 0x00000000c3a00000|100%|HS|  |TAMS 0x00000000c3900000, 0x00000000c3900000| Complete 
|  58|0x00000000c3a00000, 0x00000000c3b00000, 0x00000000c3b00000|100%|HS|  |TAMS 0x00000000c3a00000, 0x00000000c3a00000| Complete 
|  59|0x00000000c3b00000, 0x00000000c3c00000, 0x00000000c3c00000|100%|HS|  |TAMS 0x00000000c3b00000, 0x00000000c3b00000| Complete 
|  60|0x00000000c3c00000, 0x00000000c3d00000, 0x00000000c3d00000|100%|HS|  |TAMS 0x00000000c3c00000, 0x00000000c3c00000| Complete 
|  61|0x00000000c3d00000, 0x00000000c3d00000, 0x00000000c3e00000|  0%| F|  |TAMS 0x00000000c3d00000, 0x00000000c3d00000| Untracked 
|  62|0x00000000c3e00000, 0x00000000c3e00000, 0x00000000c3f00000|  0%| F|  |TAMS 0x00000000c3e00000, 0x00000000c3e00000| Untracked 
|  63|0x00000000c3f00000, 0x00000000c3f00000, 0x00000000c4000000|  0%| F|  |TAMS 0x00000000c3f00000, 0x00000000c3f00000| Untracked 
|  64|0x00000000c4000000, 0x00000000c4000000, 0x00000000c4100000|  0%| F|  |TAMS 0x00000000c4000000, 0x00000000c4000000| Untracked 
|  65|0x00000000c4100000, 0x00000000c4100000, 0x00000000c4200000|  0%| F|  |TAMS 0x00000000c4100000, 0x00000000c4100000| Untracked 
|  66|0x00000000c4200000, 0x00000000c4200000, 0x00000000c4300000|  0%| F|  |TAMS 0x00000000c4200000, 0x00000000c4200000| Untracked 
|  67|0x00000000c4300000, 0x00000000c4300000, 0x00000000c4400000|  0%| F|  |TAMS 0x00000000c4300000, 0x00000000c4300000| Untracked 
|  68|0x00000000c4400000, 0x00000000c4400000, 0x00000000c4500000|  0%| F|  |TAMS 0x00000000c4400000, 0x00000000c4400000| Untracked 
|  69|0x00000000c4500000, 0x00000000c4500000, 0x00000000c4600000|  0%| F|  |TAMS 0x00000000c4500000, 0x00000000c4500000| Untracked 
|  70|0x00000000c4600000, 0x00000000c4600000, 0x00000000c4700000|  0%| F|  |TAMS 0x00000000c4600000, 0x00000000c4600000| Untracked 
|  71|0x00000000c4700000, 0x00000000c4700000, 0x00000000c4800000|  0%| F|  |TAMS 0x00000000c4700000, 0x00000000c4700000| Untracked 
|  72|0x00000000c4800000, 0x00000000c4800000, 0x00000000c4900000|  0%| F|  |TAMS 0x00000000c4800000, 0x00000000c4800000| Untracked 
|  73|0x00000000c4900000, 0x00000000c4900000, 0x00000000c4a00000|  0%| F|  |TAMS 0x00000000c4900000, 0x00000000c4900000| Untracked 
|  74|0x00000000c4a00000, 0x00000000c4a00000, 0x00000000c4b00000|  0%| F|  |TAMS 0x00000000c4a00000, 0x00000000c4a00000| Untracked 
|  75|0x00000000c4b00000, 0x00000000c4b00000, 0x00000000c4c00000|  0%| F|  |TAMS 0x00000000c4b00000, 0x00000000c4b00000| Untracked 
|  76|0x00000000c4c00000, 0x00000000c4c00000, 0x00000000c4d00000|  0%| F|  |TAMS 0x00000000c4c00000, 0x00000000c4c00000| Untracked 
|  77|0x00000000c4d00000, 0x00000000c4d00000, 0x00000000c4e00000|  0%| F|  |TAMS 0x00000000c4d00000, 0x00000000c4d00000| Untracked 
|  78|0x00000000c4e00000, 0x00000000c4e00000, 0x00000000c4f00000|  0%| F|  |TAMS 0x00000000c4e00000, 0x00000000c4e00000| Untracked 
|  79|0x00000000c4f00000, 0x00000000c4f00000, 0x00000000c5000000|  0%| F|  |TAMS 0x00000000c4f00000, 0x00000000c4f00000| Untracked 
|  80|0x00000000c5000000, 0x00000000c5000000, 0x00000000c5100000|  0%| F|  |TAMS 0x00000000c5000000, 0x00000000c5000000| Untracked 
|  81|0x00000000c5100000, 0x00000000c5100000, 0x00000000c5200000|  0%| F|  |TAMS 0x00000000c5100000, 0x00000000c5100000| Untracked 
|  82|0x00000000c5200000, 0x00000000c5200000, 0x00000000c5300000|  0%| F|  |TAMS 0x00000000c5200000, 0x00000000c5200000| Untracked 
|  83|0x00000000c5300000, 0x00000000c5300000, 0x00000000c5400000|  0%| F|  |TAMS 0x00000000c5300000, 0x00000000c5300000| Untracked 
|  84|0x00000000c5400000, 0x00000000c5400000, 0x00000000c5500000|  0%| F|  |TAMS 0x00000000c5400000, 0x00000000c5400000| Untracked 
|  85|0x00000000c5500000, 0x00000000c5500000, 0x00000000c5600000|  0%| F|  |TAMS 0x00000000c5500000, 0x00000000c5500000| Untracked 
|  86|0x00000000c5600000, 0x00000000c5600000, 0x00000000c5700000|  0%| F|  |TAMS 0x00000000c5600000, 0x00000000c5600000| Untracked 
|  87|0x00000000c5700000, 0x00000000c57e2f68, 0x00000000c5800000| 88%| S|CS|TAMS 0x00000000c5700000, 0x00000000c5700000| Complete 
|  88|0x00000000c5800000, 0x00000000c5900000, 0x00000000c5900000|100%| S|CS|TAMS 0x00000000c5800000, 0x00000000c5800000| Complete 
|  89|0x00000000c5900000, 0x00000000c5900000, 0x00000000c5a00000|  0%| F|  |TAMS 0x00000000c5900000, 0x00000000c5900000| Untracked 
|  90|0x00000000c5a00000, 0x00000000c5a00000, 0x00000000c5b00000|  0%| F|  |TAMS 0x00000000c5a00000, 0x00000000c5a00000| Untracked 
|  91|0x00000000c5b00000, 0x00000000c5b00000, 0x00000000c5c00000|  0%| F|  |TAMS 0x00000000c5b00000, 0x00000000c5b00000| Untracked 
|  92|0x00000000c5c00000, 0x00000000c5c521c8, 0x00000000c5d00000| 32%| E|  |TAMS 0x00000000c5c00000, 0x00000000c5c00000| Complete 
|  93|0x00000000c5d00000, 0x00000000c5e00000, 0x00000000c5e00000|100%| E|  |TAMS 0x00000000c5d00000, 0x00000000c5d00000| Complete 
|  94|0x00000000c5e00000, 0x00000000c5f00000, 0x00000000c5f00000|100%| E|CS|TAMS 0x00000000c5e00000, 0x00000000c5e00000| Complete 
|  95|0x00000000c5f00000, 0x00000000c6000000, 0x00000000c6000000|100%| E|CS|TAMS 0x00000000c5f00000, 0x00000000c5f00000| Complete 

Card table byte_map: [0x000002397f550000,0x000002397f750000] _byte_map_base: 0x000002397ef50000

Marking Bits (Prev, Next): (CMBitMap*) 0x000002396be0b9f8, (CMBitMap*) 0x000002396be0ba30
 Prev Bits: [0x0000023900000000, 0x0000023901000000)
 Next Bits: [0x0000023901000000, 0x0000023902000000)

Polling page: 0x000002396a520000

Metaspace:

Usage:
  Non-class:     44.13 MB capacity,    43.07 MB ( 98%) used,   945.77 KB (  2%) free+waste,   138.81 KB ( <1%) overhead. 
      Class:      6.81 MB capacity,     6.32 MB ( 93%) used,   433.98 KB (  6%) free+waste,    66.56 KB ( <1%) overhead. 
       Both:     50.94 MB capacity,    49.40 MB ( 97%) used,     1.35 MB (  3%) free+waste,   205.38 KB ( <1%) overhead. 

Virtual space:
  Non-class space:       46.00 MB reserved,      44.33 MB ( 96%) committed 
      Class space:        1.00 GB reserved,       6.82 MB ( <1%) committed 
             Both:        1.04 GB reserved,      51.15 MB (  5%) committed 

Chunk freelists:
   Non-Class:  7.00 KB
       Class:  2.00 KB
        Both:  9.00 KB

MaxMetaspaceSize: 17179869184.00 GB
CompressedClassSpaceSize: 1.00 GB

CodeHeap 'non-profiled nmethods': size=120000Kb used=2385Kb max_used=2385Kb free=117614Kb
 bounds [0x00000239773b0000, 0x0000023977620000, 0x000002397e8e0000]
CodeHeap 'profiled nmethods': size=120000Kb used=10976Kb max_used=10976Kb free=109023Kb
 bounds [0x000002396fe80000, 0x0000023970940000, 0x00000239773b0000]
CodeHeap 'non-nmethods': size=5760Kb used=2224Kb max_used=2266Kb free=3535Kb
 bounds [0x000002396f8e0000, 0x000002396fb50000, 0x000002396fe80000]
 total_blobs=6374 nmethods=5578 adapters=707
 compilation: enabled
              stopped_count=0, restarted_count=0
 full_count=0

Compilation events (20 events):
Event: 10.843 Thread 0x0000023904415800 5649   !   3       java.util.jar.JarFile::getBytes (137 bytes)
Event: 10.844 Thread 0x0000023904415800 nmethod 5649 0x000002397092b810 code [0x000002397092bb40, 0x000002397092cbe8]
Event: 10.851 Thread 0x0000023904415800 5651   !   3       jdk.internal.loader.URLClassPath$JarLoader$1::run (175 bytes)
Event: 10.852 Thread 0x0000023904415800 nmethod 5651 0x000002397092d410 code [0x000002397092d700, 0x000002397092e7f8]
Event: 10.852 Thread 0x0000023904415800 5650       3       jdk.internal.loader.URLClassPath$JarLoader$1::run (5 bytes)
Event: 10.853 Thread 0x0000023904415800 nmethod 5650 0x000002397092ef10 code [0x000002397092f0c0, 0x000002397092f208]
Event: 10.853 Thread 0x0000023904415800 5652       3       jdk.internal.loader.URLClassPath$JarLoader::getJarFile (102 bytes)
Event: 10.860 Thread 0x0000023904415800 nmethod 5652 0x000002397092f290 code [0x000002397092f5a0, 0x00000239709303c8]
Event: 10.860 Thread 0x0000023904415800 5653       3       jdk.internal.loader.URLClassPath$JarLoader::isOptimizable (10 bytes)
Event: 10.861 Thread 0x0000023904415800 nmethod 5653 0x0000023970930910 code [0x0000023970930ac0, 0x0000023970930c08]
Event: 10.861 Thread 0x0000023904415800 5656       3       jdk.internal.loader.URLClassPath$JarLoader::<init> (67 bytes)
Event: 10.862 Thread 0x0000023904415800 nmethod 5656 0x0000023970930d10 code [0x0000023970930fe0, 0x0000023970931db8]
Event: 10.862 Thread 0x0000023904415800 5654       3       jdk.internal.loader.FileURLMapper::<init> (10 bytes)
Event: 10.862 Thread 0x0000023904415800 nmethod 5654 0x0000023970932290 code [0x0000023970932440, 0x00000239709325f8]
Event: 10.862 Thread 0x0000023904415800 5655       3       jdk.internal.loader.FileURLMapper::exists (19 bytes)
Event: 10.863 Thread 0x0000023904415800 nmethod 5655 0x0000023970932690 code [0x0000023970932860, 0x0000023970932a68]
Event: 10.863 Thread 0x0000023904415800 5657       3       jdk.internal.loader.URLClassPath$Loader::<init> (10 bytes)
Event: 10.863 Thread 0x0000023904415800 nmethod 5657 0x0000023970932b90 code [0x0000023970932d40, 0x0000023970932ef8]
Event: 10.866 Thread 0x0000023904415800 5658   !   3       java.util.jar.JarFile::checkForSpecialAttributes (163 bytes)
Event: 10.868 Thread 0x0000023904415800 nmethod 5658 0x0000023970932f90 code [0x00000239709332c0, 0x0000023970934558]

GC Heap History (20 events):
Event: 6.453 GC heap before
{Heap before GC invocations=7 (full 0):
 garbage-first heap   total 98304K, used 70067K [0x00000000c0000000, 0x0000000100000000)
  region size 1024K, 42 young (43008K), 6 survivors (6144K)
 Metaspace       used 33892K, capacity 34912K, committed 35068K, reserved 1079296K
  class space    used 4515K, capacity 4892K, committed 4940K, reserved 1048576K
}
Event: 6.462 GC heap after
{Heap after GC invocations=8 (full 0):
 garbage-first heap   total 98304K, used 35679K [0x00000000c0000000, 0x0000000100000000)
  region size 1024K, 3 young (3072K), 3 survivors (3072K)
 Metaspace       used 33892K, capacity 34912K, committed 35068K, reserved 1079296K
  class space    used 4515K, capacity 4892K, committed 4940K, reserved 1048576K
}
Event: 6.530 GC heap before
{Heap before GC invocations=8 (full 0):
 garbage-first heap   total 98304K, used 36703K [0x00000000c0000000, 0x0000000100000000)
  region size 1024K, 5 young (5120K), 3 survivors (3072K)
 Metaspace       used 34830K, capacity 35784K, committed 35964K, reserved 1081344K
  class space    used 4563K, capacity 4929K, committed 5068K, reserved 1048576K
}
Event: 6.536 GC heap after
{Heap after GC invocations=9 (full 0):
 garbage-first heap   total 98304K, used 36099K [0x00000000c0000000, 0x0000000100000000)
  region size 1024K, 3 young (3072K), 3 survivors (3072K)
 Metaspace       used 34830K, capacity 35784K, committed 35964K, reserved 1081344K
  class space    used 4563K, capacity 4929K, committed 5068K, reserved 1048576K
}
Event: 7.281 GC heap before
{Heap before GC invocations=10 (full 0):
 garbage-first heap   total 98304K, used 72963K [0x00000000c0000000, 0x0000000100000000)
  region size 1024K, 39 young (39936K), 3 survivors (3072K)
 Metaspace       used 38550K, capacity 39552K, committed 39836K, reserved 1083392K
  class space    used 5003K, capacity 5392K, committed 5452K, reserved 1048576K
}
Event: 7.291 GC heap after
{Heap after GC invocations=11 (full 0):
 garbage-first heap   total 98304K, used 39383K [0x00000000c0000000, 0x0000000100000000)
  region size 1024K, 5 young (5120K), 5 survivors (5120K)
 Metaspace       used 38550K, capacity 39552K, committed 39836K, reserved 1083392K
  class space    used 5003K, capacity 5392K, committed 5452K, reserved 1048576K
}
Event: 8.042 GC heap before
{Heap before GC invocations=12 (full 0):
 garbage-first heap   total 98304K, used 77271K [0x00000000c0000000, 0x0000000100000000)
  region size 1024K, 40 young (40960K), 5 survivors (5120K)
 Metaspace       used 42461K, capacity 43559K, committed 43676K, reserved 1087488K
  class space    used 5455K, capacity 5855K, committed 5964K, reserved 1048576K
}
Event: 8.049 GC heap after
{Heap after GC invocations=13 (full 0):
 garbage-first heap   total 98304K, used 41225K [0x00000000c0000000, 0x0000000100000000)
  region size 1024K, 2 young (2048K), 2 survivors (2048K)
 Metaspace       used 42461K, capacity 43559K, committed 43676K, reserved 1087488K
  class space    used 5455K, capacity 5855K, committed 5964K, reserved 1048576K
}
Event: 8.772 GC heap before
{Heap before GC invocations=13 (full 0):
 garbage-first heap   total 98304K, used 79113K [0x00000000c0000000, 0x0000000100000000)
  region size 1024K, 36 young (36864K), 2 survivors (2048K)
 Metaspace       used 45218K, capacity 46432K, committed 46748K, reserved 1089536K
  class space    used 5700K, capacity 6140K, committed 6220K, reserved 1048576K
}
Event: 8.777 GC heap after
{Heap after GC invocations=14 (full 0):
 garbage-first heap   total 98304K, used 48224K [0x00000000c0000000, 0x0000000100000000)
  region size 1024K, 5 young (5120K), 5 survivors (5120K)
 Metaspace       used 45218K, capacity 46432K, committed 46748K, reserved 1089536K
  class space    used 5700K, capacity 6140K, committed 6220K, reserved 1048576K
}
Event: 9.281 GC heap before
{Heap before GC invocations=14 (full 0):
 garbage-first heap   total 98304K, used 75872K [0x00000000c0000000, 0x0000000100000000)
  region size 1024K, 33 young (33792K), 5 survivors (5120K)
 Metaspace       used 46422K, capacity 47633K, committed 47900K, reserved 1091584K
  class space    used 5896K, capacity 6325K, committed 6348K, reserved 1048576K
}
Event: 9.290 GC heap after
{Heap after GC invocations=15 (full 0):
 garbage-first heap   total 98304K, used 50719K [0x00000000c0000000, 0x0000000100000000)
  region size 1024K, 3 young (3072K), 3 survivors (3072K)
 Metaspace       used 46422K, capacity 47633K, committed 47900K, reserved 1091584K
  class space    used 5896K, capacity 6325K, committed 6348K, reserved 1048576K
}
Event: 9.778 GC heap before
{Heap before GC invocations=16 (full 0):
 garbage-first heap   total 98304K, used 82463K [0x00000000c0000000, 0x0000000100000000)
  region size 1024K, 30 young (30720K), 3 survivors (3072K)
 Metaspace       used 47963K, capacity 49395K, committed 49564K, reserved 1091584K
  class space    used 6159K, capacity 6637K, committed 6732K, reserved 1048576K
}
Event: 9.783 GC heap after
{Heap after GC invocations=17 (full 0):
 garbage-first heap   total 98304K, used 56367K [0x00000000c0000000, 0x0000000100000000)
  region size 1024K, 4 young (4096K), 4 survivors (4096K)
 Metaspace       used 47963K, capacity 49395K, committed 49564K, reserved 1091584K
  class space    used 6159K, capacity 6637K, committed 6732K, reserved 1048576K
}
Event: 10.240 GC heap before
{Heap before GC invocations=17 (full 0):
 garbage-first heap   total 98304K, used 80943K [0x00000000c0000000, 0x0000000100000000)
  region size 1024K, 28 young (28672K), 4 survivors (4096K)
 Metaspace       used 49623K, capacity 51053K, committed 51356K, reserved 1093632K
  class space    used 6372K, capacity 6867K, committed 6988K, reserved 1048576K
}
Event: 10.254 GC heap after
{Heap after GC invocations=18 (full 0):
 garbage-first heap   total 98304K, used 57910K [0x00000000c0000000, 0x0000000100000000)
  region size 1024K, 4 young (4096K), 4 survivors (4096K)
 Metaspace       used 49623K, capacity 51053K, committed 51356K, reserved 1093632K
  class space    used 6372K, capacity 6867K, committed 6988K, reserved 1048576K
}
Event: 10.657 GC heap before
{Heap before GC invocations=19 (full 0):
 garbage-first heap   total 98304K, used 80438K [0x00000000c0000000, 0x0000000100000000)
  region size 1024K, 27 young (27648K), 4 survivors (4096K)
 Metaspace       used 50302K, capacity 51842K, committed 52124K, reserved 1095680K
  class space    used 6438K, capacity 6934K, committed 6988K, reserved 1048576K
}
Event: 10.662 GC heap after
{Heap after GC invocations=20 (full 0):
 garbage-first heap   total 98304K, used 58907K [0x00000000c0000000, 0x0000000100000000)
  region size 1024K, 3 young (3072K), 3 survivors (3072K)
 Metaspace       used 50302K, capacity 51842K, committed 52124K, reserved 1095680K
  class space    used 6438K, capacity 6934K, committed 6988K, reserved 1048576K
}
Event: 10.791 GC heap before
{Heap before GC invocations=20 (full 0):
 garbage-first heap   total 98304K, used 65051K [0x00000000c0000000, 0x0000000100000000)
  region size 1024K, 10 young (10240K), 3 survivors (3072K)
 Metaspace       used 50571K, capacity 52167K, committed 52380K, reserved 1095680K
  class space    used 6473K, capacity 6974K, committed 6988K, reserved 1048576K
}
Event: 10.798 GC heap after
{Heap after GC invocations=21 (full 0):
 garbage-first heap   total 98304K, used 59369K [0x00000000c0000000, 0x0000000100000000)
  region size 1024K, 2 young (2048K), 2 survivors (2048K)
 Metaspace       used 50571K, capacity 52167K, committed 52380K, reserved 1095680K
  class space    used 6473K, capacity 6974K, committed 6988K, reserved 1048576K
}

Deoptimization events (20 events):
Event: 10.634 Thread 0x000002390752b800 DEOPT UNPACKING pc=0x000002396f90662f sp=0x00000082bacfeaa8 mode 2
Event: 10.634 Thread 0x0000023907244000 Uncommon trap: trap_request=0xffffffcc fr.pc=0x00000239775ed20c relative=0x00000000000011ec
Event: 10.634 Thread 0x000002390752f000 Uncommon trap: reason=intrinsic_or_type_checked_inlining action=make_not_entrant pc=0x00000239775ed20c method=java.util.ArrayList.toArray([Ljava/lang/Object;)[Ljava/lang/Object; @ 36 c2
Event: 10.635 Thread 0x0000023907244000 Uncommon trap: reason=intrinsic_or_type_checked_inlining action=make_not_entrant pc=0x00000239775ed20c method=java.util.ArrayList.toArray([Ljava/lang/Object;)[Ljava/lang/Object; @ 36 c2
Event: 10.635 Thread 0x0000023907244000 DEOPT PACKING pc=0x00000239775ed20c sp=0x00000082baafeaa0
Event: 10.635 Thread 0x000002390752f000 DEOPT PACKING pc=0x00000239775ed20c sp=0x00000082bb1fe5b0
Event: 10.635 Thread 0x0000023907244000 DEOPT UNPACKING pc=0x000002396f90662f sp=0x00000082baafe9f8 mode 2
Event: 10.635 Thread 0x000002390752f000 DEOPT UNPACKING pc=0x000002396f90662f sp=0x00000082bb1fe508 mode 2
Event: 10.637 Thread 0x000002390752d000 DEOPT PACKING pc=0x000002397059a7f4 sp=0x00000082baefe300
Event: 10.637 Thread 0x000002390752d000 DEOPT UNPACKING pc=0x000002396f906dde sp=0x00000082baefd8a0 mode 0
Event: 10.643 Thread 0x0000023907528000 DEOPT PACKING pc=0x000002397059a7f4 sp=0x00000082bb0fe830
Event: 10.643 Thread 0x0000023907528000 DEOPT UNPACKING pc=0x000002396f906dde sp=0x00000082bb0fddd0 mode 0
Event: 10.732 Thread 0x000002390725f800 DEOPT PACKING pc=0x000002397091bb71 sp=0x00000082b9ff9710
Event: 10.732 Thread 0x000002390725f800 DEOPT UNPACKING pc=0x000002396f906dde sp=0x00000082b9ff8c08 mode 0
Event: 10.739 Thread 0x000002390725f800 DEOPT PACKING pc=0x000002397091bb71 sp=0x00000082b9ff9710
Event: 10.739 Thread 0x000002390725f800 DEOPT UNPACKING pc=0x000002396f906dde sp=0x00000082b9ff8c08 mode 0
Event: 10.833 Thread 0x000002390725f800 Uncommon trap: trap_request=0xffffff4d fr.pc=0x000002397740fe78 relative=0x0000000000001378
Event: 10.833 Thread 0x000002390725f800 Uncommon trap: reason=unstable_if action=reinterpret pc=0x000002397740fe78 method=java.util.jar.JarFile.checkForSpecialAttributes()V @ 53 c2
Event: 10.833 Thread 0x000002390725f800 DEOPT PACKING pc=0x000002397740fe78 sp=0x00000082b9ff01a0
Event: 10.833 Thread 0x000002390725f800 DEOPT UNPACKING pc=0x000002396f90662f sp=0x00000082b9ff0160 mode 2

Classes redefined (0 events):
No events

Internal exceptions (20 events):
Event: 10.834 Thread 0x000002390725f800 Exception <a 'java/security/PrivilegedActionException'{0x00000000c5fe9b10}> (0x00000000c5fe9b10) thrown at [./src/hotspot/share/prims/jvm.cpp, line 1306]
Event: 10.834 Thread 0x000002390725f800 Exception <a 'java/security/PrivilegedActionException'{0x00000000c5feb078}> (0x00000000c5feb078) thrown at [./src/hotspot/share/prims/jvm.cpp, line 1306]
Event: 10.835 Thread 0x000002390725f800 Exception <a 'java/security/PrivilegedActionException'{0x00000000c5fee1f8}> (0x00000000c5fee1f8) thrown at [./src/hotspot/share/prims/jvm.cpp, line 1306]
Event: 10.835 Thread 0x000002390725f800 Exception <a 'java/security/PrivilegedActionException'{0x00000000c5fef760}> (0x00000000c5fef760) thrown at [./src/hotspot/share/prims/jvm.cpp, line 1306]
Event: 10.835 Thread 0x000002390725f800 Exception <a 'java/security/PrivilegedActionException'{0x00000000c5ff28d8}> (0x00000000c5ff28d8) thrown at [./src/hotspot/share/prims/jvm.cpp, line 1306]
Event: 10.835 Thread 0x000002390725f800 Exception <a 'java/security/PrivilegedActionException'{0x00000000c5ff3e40}> (0x00000000c5ff3e40) thrown at [./src/hotspot/share/prims/jvm.cpp, line 1306]
Event: 10.835 Thread 0x000002390725f800 Exception <a 'java/security/PrivilegedActionException'{0x00000000c5ff6ff0}> (0x00000000c5ff6ff0) thrown at [./src/hotspot/share/prims/jvm.cpp, line 1306]
Event: 10.835 Thread 0x000002390725f800 Exception <a 'java/security/PrivilegedActionException'{0x00000000c5ff8558}> (0x00000000c5ff8558) thrown at [./src/hotspot/share/prims/jvm.cpp, line 1306]
Event: 10.835 Thread 0x000002390725f800 Exception <a 'java/security/PrivilegedActionException'{0x00000000c5ffb728}> (0x00000000c5ffb728) thrown at [./src/hotspot/share/prims/jvm.cpp, line 1306]
Event: 10.835 Thread 0x000002390725f800 Exception <a 'java/security/PrivilegedActionException'{0x00000000c5ffcc90}> (0x00000000c5ffcc90) thrown at [./src/hotspot/share/prims/jvm.cpp, line 1306]
Event: 10.835 Thread 0x000002390725f800 Exception <a 'java/security/PrivilegedActionException'{0x00000000c5e00280}> (0x00000000c5e00280) thrown at [./src/hotspot/share/prims/jvm.cpp, line 1306]
Event: 10.835 Thread 0x000002390725f800 Exception <a 'java/security/PrivilegedActionException'{0x00000000c5e01a70}> (0x00000000c5e01a70) thrown at [./src/hotspot/share/prims/jvm.cpp, line 1306]
Event: 10.836 Thread 0x000002390725f800 Exception <a 'java/security/PrivilegedActionException'{0x00000000c5e04be8}> (0x00000000c5e04be8) thrown at [./src/hotspot/share/prims/jvm.cpp, line 1306]
Event: 10.836 Thread 0x000002390725f800 Exception <a 'java/security/PrivilegedActionException'{0x00000000c5e06150}> (0x00000000c5e06150) thrown at [./src/hotspot/share/prims/jvm.cpp, line 1306]
Event: 10.836 Thread 0x000002390725f800 Exception <a 'java/security/PrivilegedActionException'{0x00000000c5e09320}> (0x00000000c5e09320) thrown at [./src/hotspot/share/prims/jvm.cpp, line 1306]
Event: 10.836 Thread 0x000002390725f800 Exception <a 'java/security/PrivilegedActionException'{0x00000000c5e0a888}> (0x00000000c5e0a888) thrown at [./src/hotspot/share/prims/jvm.cpp, line 1306]
Event: 10.836 Thread 0x000002390725f800 Exception <a 'java/security/PrivilegedActionException'{0x00000000c5e0da60}> (0x00000000c5e0da60) thrown at [./src/hotspot/share/prims/jvm.cpp, line 1306]
Event: 10.836 Thread 0x000002390725f800 Exception <a 'java/security/PrivilegedActionException'{0x00000000c5e0efc8}> (0x00000000c5e0efc8) thrown at [./src/hotspot/share/prims/jvm.cpp, line 1306]
Event: 10.836 Thread 0x000002390725f800 Exception <a 'java/security/PrivilegedActionException'{0x00000000c5e12140}> (0x00000000c5e12140) thrown at [./src/hotspot/share/prims/jvm.cpp, line 1306]
Event: 10.836 Thread 0x000002390725f800 Exception <a 'java/security/PrivilegedActionException'{0x00000000c5e136a8}> (0x00000000c5e136a8) thrown at [./src/hotspot/share/prims/jvm.cpp, line 1306]

Events (20 events):
Event: 10.783 loading class org/gradle/internal/extensibility/ConventionAwareHelper$2
Event: 10.783 loading class org/gradle/internal/extensibility/ConventionAwareHelper$2 done
Event: 10.783 loading class org/gradle/internal/extensibility/ConventionAwareHelper$1
Event: 10.783 loading class org/gradle/internal/extensibility/ConventionAwareHelper$1 done
Event: 10.784 loading class org/gradle/api/internal/project/taskfactory/DefaultTaskClassInfoStore$StandardTaskActionFactory
Event: 10.784 loading class org/gradle/api/internal/project/taskfactory/DefaultTaskClassInfoStore$StandardTaskActionFactory done
Event: 10.785 loading class org/gradle/api/internal/project/taskfactory/StandardTaskAction
Event: 10.785 loading class org/gradle/api/internal/project/taskfactory/StandardTaskAction done
Event: 10.786 loading class groovy/runtime/metaclass/org/gradle/api/tasks/Delete_DecoratedMetaClass
Event: 10.786 loading class groovy/runtime/metaclass/org/gradle/api/tasks/Delete_DecoratedMetaClass done
Event: 10.789 loading class org/gradle/api/tasks/Delete_DecoratedBeanInfo
Event: 10.789 loading class org/gradle/api/tasks/Delete_DecoratedBeanInfo done
Event: 10.789 loading class org/gradle/api/tasks/Delete_DecoratedBeanInfo
Event: 10.789 loading class org/gradle/api/tasks/Delete_DecoratedBeanInfo done
Event: 10.789 loading class org/gradle/api/tasks/Delete_DecoratedBeanInfo
Event: 10.789 loading class org/gradle/api/tasks/Delete_DecoratedBeanInfo done
Event: 10.791 Executing VM operation: G1CollectForAllocation
Event: 10.798 Executing VM operation: G1CollectForAllocation done
Event: 10.853 Executing VM operation: CGC_Operation
Event: 10.859 Executing VM operation: CGC_Operation done


Dynamic libraries:
0x00007ff780140000 - 0x00007ff78014a000 	C:\Users\User\AppData\Local\JetBrains\Toolbox\apps\AndroidStudio\ch-0\211.7628.21.2111.8193401\jre\bin\java.exe
0x00007ff9d42f0000 - 0x00007ff9d44e5000 	C:\Windows\SYSTEM32\ntdll.dll
0x00007ff9d2e70000 - 0x00007ff9d2f2e000 	C:\Windows\System32\KERNEL32.DLL
0x00007ff9d1b10000 - 0x00007ff9d1dd8000 	C:\Windows\System32\KERNELBASE.dll
0x00007ff9d2230000 - 0x00007ff9d2330000 	C:\Windows\System32\ucrtbase.dll
0x00007ff9aee80000 - 0x00007ff9aee97000 	C:\Users\User\AppData\Local\JetBrains\Toolbox\apps\AndroidStudio\ch-0\211.7628.21.2111.8193401\jre\bin\VCRUNTIME140.dll
0x00007ff9aedf0000 - 0x00007ff9aee09000 	C:\Users\User\AppData\Local\JetBrains\Toolbox\apps\AndroidStudio\ch-0\211.7628.21.2111.8193401\jre\bin\jli.dll
0x00007ff9d3390000 - 0x00007ff9d3531000 	C:\Windows\System32\USER32.dll
0x00007ff9bfed0000 - 0x00007ff9c016a000 	C:\Windows\WinSxS\amd64_microsoft.windows.common-controls_6595b64144ccf1df_6.0.19041.1110_none_60b5254171f9507e\COMCTL32.dll
0x00007ff9d1ee0000 - 0x00007ff9d1f02000 	C:\Windows\System32\win32u.dll
0x00007ff9d3280000 - 0x00007ff9d331e000 	C:\Windows\System32\msvcrt.dll
0x00007ff9d4170000 - 0x00007ff9d419b000 	C:\Windows\System32\GDI32.dll
0x00007ff9d1a00000 - 0x00007ff9d1b0d000 	C:\Windows\System32\gdi32full.dll
0x00007ff9d1e40000 - 0x00007ff9d1edd000 	C:\Windows\System32\msvcp_win.dll
0x00007ff9d3540000 - 0x00007ff9d3570000 	C:\Windows\System32\IMM32.DLL
0x00007ff9a6aa0000 - 0x00007ff9a6b3d000 	C:\Users\User\AppData\Local\JetBrains\Toolbox\apps\AndroidStudio\ch-0\211.7628.21.2111.8193401\jre\bin\msvcp140.dll
0x00007ff941520000 - 0x00007ff941ff5000 	C:\Users\User\AppData\Local\JetBrains\Toolbox\apps\AndroidStudio\ch-0\211.7628.21.2111.8193401\jre\bin\server\jvm.dll
0x00007ff9d2c90000 - 0x00007ff9d2d3e000 	C:\Windows\System32\ADVAPI32.dll
0x00007ff9d3fc0000 - 0x00007ff9d405c000 	C:\Windows\System32\sechost.dll
0x00007ff9d3e90000 - 0x00007ff9d3fb5000 	C:\Windows\System32\RPCRT4.dll
0x00007ff9d4210000 - 0x00007ff9d4218000 	C:\Windows\System32\PSAPI.DLL
0x00007ff9c6c10000 - 0x00007ff9c6c37000 	C:\Windows\SYSTEM32\WINMM.dll
0x00007ff9cd6c0000 - 0x00007ff9cd6c9000 	C:\Windows\SYSTEM32\WSOCK32.dll
0x00007ff9c6c40000 - 0x00007ff9c6c4a000 	C:\Windows\SYSTEM32\VERSION.dll
0x00007ff9d3320000 - 0x00007ff9d338b000 	C:\Windows\System32\WS2_32.dll
0x00007ff9d01f0000 - 0x00007ff9d0202000 	C:\Windows\SYSTEM32\kernel.appcore.dll
0x00007ff9afa00000 - 0x00007ff9afa11000 	C:\Users\User\AppData\Local\JetBrains\Toolbox\apps\AndroidStudio\ch-0\211.7628.21.2111.8193401\jre\bin\verify.dll
0x00007ff9bcaf0000 - 0x00007ff9bccd4000 	C:\Windows\SYSTEM32\DBGHELP.DLL
0x00007ff9bc5d0000 - 0x00007ff9bc5fc000 	C:\Windows\SYSTEM32\dbgcore.DLL
0x00007ff9d1fc0000 - 0x00007ff9d2042000 	C:\Windows\System32\bcryptPrimitives.dll
0x00007ff9af9d0000 - 0x00007ff9af9f9000 	C:\Users\User\AppData\Local\JetBrains\Toolbox\apps\AndroidStudio\ch-0\211.7628.21.2111.8193401\jre\bin\java.dll
0x00007ff9af030000 - 0x00007ff9af03b000 	C:\Users\User\AppData\Local\JetBrains\Toolbox\apps\AndroidStudio\ch-0\211.7628.21.2111.8193401\jre\bin\jimage.dll
0x00007ff9aedd0000 - 0x00007ff9aede8000 	C:\Users\User\AppData\Local\JetBrains\Toolbox\apps\AndroidStudio\ch-0\211.7628.21.2111.8193401\jre\bin\zip.dll
0x00007ff9d2400000 - 0x00007ff9d2b44000 	C:\Windows\System32\SHELL32.dll
0x00007ff9cf9a0000 - 0x00007ff9d0135000 	C:\Windows\SYSTEM32\windows.storage.dll
0x00007ff9d3a50000 - 0x00007ff9d3da5000 	C:\Windows\System32\combase.dll
0x00007ff9d13e0000 - 0x00007ff9d140e000 	C:\Windows\SYSTEM32\Wldp.dll
0x00007ff9d30e0000 - 0x00007ff9d318d000 	C:\Windows\System32\SHCORE.dll
0x00007ff9d3570000 - 0x00007ff9d35c5000 	C:\Windows\System32\shlwapi.dll
0x00007ff9d1940000 - 0x00007ff9d195f000 	C:\Windows\SYSTEM32\profapi.dll
0x00007ff9aed90000 - 0x00007ff9aedaa000 	C:\Users\User\AppData\Local\JetBrains\Toolbox\apps\AndroidStudio\ch-0\211.7628.21.2111.8193401\jre\bin\net.dll
0x00007ff9c6710000 - 0x00007ff9c681c000 	C:\Windows\SYSTEM32\WINHTTP.dll
0x00007ff9d10e0000 - 0x00007ff9d114a000 	C:\Windows\system32\mswsock.dll
0x00007ff9a8c70000 - 0x00007ff9a8c84000 	C:\Users\User\AppData\Local\JetBrains\Toolbox\apps\AndroidStudio\ch-0\211.7628.21.2111.8193401\jre\bin\nio.dll
0x00007ff9a38e0000 - 0x00007ff9a3907000 	C:\Users\User\.gradle\native\e1d6ef7f7dcc3fd88c89a11ec53ec762bb8ba0a96d01ffa2cd45eb1d1d8dd5c5\windows-amd64\native-platform.dll
0x00007ff9a6830000 - 0x00007ff9a6974000 	C:\Users\User\.gradle\native\5664cfc778a61ccfe75a443a1ab52a65af34e5dc3c78e0209fed803814484fcb\windows-amd64\native-platform-file-events.dll
0x00007ff9a96a0000 - 0x00007ff9a96aa000 	C:\Users\User\AppData\Local\JetBrains\Toolbox\apps\AndroidStudio\ch-0\211.7628.21.2111.8193401\jre\bin\management.dll
0x00007ff9a7cb0000 - 0x00007ff9a7cbd000 	C:\Users\User\AppData\Local\JetBrains\Toolbox\apps\AndroidStudio\ch-0\211.7628.21.2111.8193401\jre\bin\management_ext.dll
0x00007ff9d12e0000 - 0x00007ff9d12f8000 	C:\Windows\SYSTEM32\CRYPTSP.dll
0x00007ff9d0a60000 - 0x00007ff9d0a94000 	C:\Windows\system32\rsaenh.dll
0x00007ff9d21b0000 - 0x00007ff9d21d7000 	C:\Windows\System32\bcrypt.dll
0x00007ff9d1900000 - 0x00007ff9d192e000 	C:\Windows\SYSTEM32\USERENV.dll
0x00007ff9d12d0000 - 0x00007ff9d12dc000 	C:\Windows\SYSTEM32\CRYPTBASE.dll
0x00007ff9d0dd0000 - 0x00007ff9d0e0b000 	C:\Windows\SYSTEM32\IPHLPAPI.DLL
0x00007ff9d4200000 - 0x00007ff9d4208000 	C:\Windows\System32\NSI.dll
0x00007ff9c6ee0000 - 0x00007ff9c6ef7000 	C:\Windows\SYSTEM32\dhcpcsvc6.DLL
0x00007ff9c9b10000 - 0x00007ff9c9b2d000 	C:\Windows\SYSTEM32\dhcpcsvc.DLL
0x00007ff9d0e10000 - 0x00007ff9d0edb000 	C:\Windows\SYSTEM32\DNSAPI.dll

dbghelp: loaded successfully - version: 4.0.5 - missing functions: none
symbol engine: initialized successfully - sym options: 0x614 - pdb path: .;C:\Users\User\AppData\Local\JetBrains\Toolbox\apps\AndroidStudio\ch-0\211.7628.21.2111.8193401\jre\bin;C:\Windows\SYSTEM32;C:\Windows\WinSxS\amd64_microsoft.windows.common-controls_6595b64144ccf1df_6.0.19041.1110_none_60b5254171f9507e;C:\Users\User\AppData\Local\JetBrains\Toolbox\apps\AndroidStudio\ch-0\211.7628.21.2111.8193401\jre\bin\server;C:\Users\User\.gradle\native\e1d6ef7f7dcc3fd88c89a11ec53ec762bb8ba0a96d01ffa2cd45eb1d1d8dd5c5\windows-amd64;C:\Users\User\.gradle\native\5664cfc778a61ccfe75a443a1ab52a65af34e5dc3c78e0209fed803814484fcb\windows-amd64

VM Arguments:
jvm_args: --add-opens=java.base/java.util=ALL-UNNAMED --add-opens=java.base/java.lang=ALL-UNNAMED --add-opens=java.base/java.lang.invoke=ALL-UNNAMED --add-opens=java.base/java.util=ALL-UNNAMED --add-opens=java.prefs/java.util.prefs=ALL-UNNAMED --add-opens=java.prefs/java.util.prefs=ALL-UNNAMED --add-opens=java.base/java.nio.charset=ALL-UNNAMED --add-opens=java.base/java.net=ALL-UNNAMED --add-opens=java.base/java.util.concurrent.atomic=ALL-UNNAMED -Xmx1024m -Dfile.encoding=UTF-8 -Duser.country=RU -Duser.language=ru -Duser.variant 
java_command: org.gradle.launcher.daemon.bootstrap.GradleDaemon 7.2
java_class_path (initial): C:\Users\User\.gradle\wrapper\dists\gradle-7.2-bin\2dnblmf4td7x66yl1d74lt32g\gradle-7.2\lib\gradle-launcher-7.2.jar
Launcher Type: SUN_STANDARD

[Global flags]
     intx CICompilerCount                          = 4                                         {product} {ergonomic}
     uint ConcGCThreads                            = 2                                         {product} {ergonomic}
     uint G1ConcRefinementThreads                  = 8                                         {product} {ergonomic}
   size_t G1HeapRegionSize                         = 1048576                                   {product} {ergonomic}
    uintx GCDrainStackTargetSize                   = 64                                        {product} {ergonomic}
   size_t InitialHeapSize                          = 100663296                                 {product} {ergonomic}
   size_t MarkStackSize                            = 4194304                                   {product} {ergonomic}
   size_t MaxHeapSize                              = 1073741824                                {product} {command line}
   size_t MaxNewSize                               = 643825664                                 {product} {ergonomic}
   size_t MinHeapDeltaBytes                        = 1048576                                   {product} {ergonomic}
    uintx NonNMethodCodeHeapSize                   = 5836300                                {pd product} {ergonomic}
    uintx NonProfiledCodeHeapSize                  = 122910970                              {pd product} {ergonomic}
    uintx ProfiledCodeHeapSize                     = 122910970                              {pd product} {ergonomic}
    uintx ReservedCodeCacheSize                    = 251658240                              {pd product} {ergonomic}
     bool SegmentedCodeCache                       = true                                      {product} {ergonomic}
     bool UseCompressedClassPointers               = true                                 {lp64_product} {ergonomic}
     bool UseCompressedOops                        = true                                 {lp64_product} {ergonomic}
     bool UseG1GC                                  = true                                      {product} {ergonomic}
     bool UseLargePagesIndividualAllocation        = false                                  {pd product} {ergonomic}

Logging:
Log output configuration:
 #0: stdout all=warning uptime,level,tags
 #1: stderr all=off uptime,level,tags

Environment Variables:
PATH=C:\Windows\system32;C:\Windows;C:\Windows\System32\Wbem;C:\Windows\System32\WindowsPowerShell\v1.0\;C:\Windows\System32\OpenSSH\;C:\Program Files\7-Zip;C:\Program Files\dotnet\;C:\Program Files (x86)\Microsoft SQL Server\Client SDK\ODBC\130\Tools\Binn\;C:\Program Files (x86)\Microsoft SQL Server\140\Tools\Binn\;C:\Program Files (x86)\Microsoft SQL Server\140\DTS\Binn\;C:\Program Files (x86)\Microsoft SQL Server\140\Tools\Binn\ManagementStudio\;C:\Program Files\Microsoft SQL Server\130\Tools\Binn\;C:\Users\User\AppData\Local\Microsoft\WindowsApps;C:\Users\User\AppData\Local\atom\bin
USERNAME=User
OS=Windows_NT
PROCESSOR_IDENTIFIER=AMD64 Family 23 Model 24 Stepping 1, AuthenticAMD



---------------  S Y S T E M  ---------------

OS: Windows 10 , 64 bit Build 19041 (10.0.19041.1466)
OS uptime: 3 days 15:18 hours

CPU:total 8 (initial active 8) (8 cores per cpu, 2 threads per core) family 23 model 24 stepping 1 microcode 0x0, cmov, cx8, fxsr, mmx, sse, sse2, sse3, ssse3, sse4.1, sse4.2, popcnt, avx, avx2, aes, clmul, mmxext, 3dnowpref, lzcnt, sse4a, ht, tsc, tscinvbit, tscinv, bmi1, bmi2, adx, s

Memory: 4k page, system-wide physical 6091M (261M free)
TotalPageFile size 24523M (AvailPageFile size 4M)
current process WorkingSet (physical memory assigned to process): 255M, peak: 255M
current process commit charge ("private bytes"): 296M, peak: 296M

vm_info: OpenJDK 64-Bit Server VM (11.0.11+9-b60-7590822) for windows-amd64 JRE (11.0.11+9-b60-7590822), built on Jul 29 2021 21:43:44 by "builder" with MS VC++ 14.0 (VS2015)

END.
