#
# There is insufficient memory for the Java Runtime Environment to continue.
# Native memory allocation (malloc) failed to allocate 467376 bytes for Chunk::new
# Possible reasons:
#   The system is out of physical RAM or swap space
#   The process is running with CompressedOops enabled, and the Java Heap may be blocking the growth of the native heap
# Possible solutions:
#   Reduce memory load on the system
#   Increase physical memory or swap space
#   Check if swap backing store is full
#   Decrease Java heap size (-Xmx/-Xms)
#   Decrease number of Java threads
#   Decrease Java thread stack sizes (-Xss)
#   Set larger code cache with -XX:ReservedCodeCacheSize=
#   JVM is running with Unscaled Compressed Oops mode in which the Java heap is
#     placed in the first 4GB address space. The Java Heap base address is the
#     maximum limit for the native heap growth. Please use -XX:HeapBaseMinAddress
#     to set the Java Heap base and to place the Java Heap above 4GB virtual address.
# This output file may be truncated or incomplete.
#
#  Out of Memory Error (./src/hotspot/share/memory/arena.cpp:197), pid=14776, tid=17540
#
# JRE version: OpenJDK Runtime Environment (11.0.11+9) (build 11.0.11+9-b60-7590822)
# Java VM: OpenJDK 64-Bit Server VM (11.0.11+9-b60-7590822, mixed mode, tiered, compressed oops, g1 gc, windows-amd64)
# No core dump will be written. Minidumps are not enabled by default on client versions of Windows
#

---------------  S U M M A R Y ------------

Command Line: --add-opens=java.base/java.util=ALL-UNNAMED --add-opens=java.base/java.lang=ALL-UNNAMED --add-opens=java.base/java.lang.invoke=ALL-UNNAMED --add-opens=java.base/java.util=ALL-UNNAMED --add-opens=java.prefs/java.util.prefs=ALL-UNNAMED --add-opens=java.prefs/java.util.prefs=ALL-UNNAMED --add-opens=java.base/java.nio.charset=ALL-UNNAMED --add-opens=java.base/java.net=ALL-UNNAMED --add-opens=java.base/java.util.concurrent.atomic=ALL-UNNAMED -Xmx2048m -Dfile.encoding=UTF-8 -Duser.country=RU -Duser.language=ru -Duser.variant org.gradle.launcher.daemon.bootstrap.GradleDaemon 7.2

Host: AMD Ryzen 5 3500U with Radeon Vega Mobile Gfx  , 8 cores, 5G,  Windows 10 , 64 bit Build 19041 (10.0.19041.1466)
Time: Thu Apr 14 03:12:42 2022 RTZ 2 (зима) elapsed time: 18.519391 seconds (0d 0h 0m 18s)

---------------  T H R E A D  ---------------

Current thread (0x00000268d3beb000):  JavaThread "C2 CompilerThread0" daemon [_thread_in_native, id=17540, stack(0x000000c904e00000,0x000000c904f00000)]


Current CompileTask:
C2:  18519 3502       4       jdk.internal.loader.URLClassPath::getResource (74 bytes)

Stack: [0x000000c904e00000,0x000000c904f00000]
Native frames: (J=compiled Java code, j=interpreted, Vv=VM code, C=native code)
V  [jvm.dll+0x5f214a]
V  [jvm.dll+0x726fb5]
V  [jvm.dll+0x7285cd]
V  [jvm.dll+0x728c83]
V  [jvm.dll+0x243278]
V  [jvm.dll+0xbc53c]
V  [jvm.dll+0xbca3c]
V  [jvm.dll+0x353e7d]
V  [jvm.dll+0x321893]
V  [jvm.dll+0x320d8a]
V  [jvm.dll+0x1fc1e2]
V  [jvm.dll+0x1fb3d4]
V  [jvm.dll+0x183d6c]
V  [jvm.dll+0x209a57]
V  [jvm.dll+0x2082a1]
V  [jvm.dll+0x6ef58f]
V  [jvm.dll+0x6e80b5]
V  [jvm.dll+0x5f1036]
C  [ucrtbase.dll+0x21bb2]
C  [KERNEL32.DLL+0x17034]
C  [ntdll.dll+0x52651]


---------------  P R O C E S S  ---------------

Threads class SMR info:
_java_thread_list=0x00000268d5c0a150, length=38, elements={
0x00000268b8ffb800, 0x00000268d3bc4000, 0x00000268d3bc8800, 0x00000268d3be4800,
0x00000268d3be5000, 0x00000268d3be7000, 0x00000268d3beb000, 0x00000268d3bf8800,
0x00000268d3c0c000, 0x00000268d46bb000, 0x00000268d54fa000, 0x00000268d6514800,
0x00000268d5abb800, 0x00000268d5126000, 0x00000268d532d000, 0x00000268d46ee000,
0x00000268d46ee800, 0x00000268d57df000, 0x00000268d57df800, 0x00000268d4a8d800,
0x00000268d4a8a800, 0x00000268d4a8c000, 0x00000268d4a8b000, 0x00000268d4a88800,
0x00000268d4a8d000, 0x00000268d4a88000, 0x00000268d4a8e800, 0x00000268d4a89800,
0x00000268d8a1b800, 0x00000268d8a1a800, 0x00000268d8a19800, 0x00000268d8a1c000,
0x00000268d8a1d000, 0x00000268d8a1e800, 0x00000268d8a19000, 0x00000268d8a23800,
0x00000268d8a1e000, 0x00000268d8a21000
}

Java Threads: ( => current thread )
  0x00000268b8ffb800 JavaThread "main" [_thread_blocked, id=8196, stack(0x000000c904200000,0x000000c904300000)]
  0x00000268d3bc4000 JavaThread "Reference Handler" daemon [_thread_blocked, id=14592, stack(0x000000c904900000,0x000000c904a00000)]
  0x00000268d3bc8800 JavaThread "Finalizer" daemon [_thread_blocked, id=12504, stack(0x000000c904a00000,0x000000c904b00000)]
  0x00000268d3be4800 JavaThread "Signal Dispatcher" daemon [_thread_blocked, id=11580, stack(0x000000c904b00000,0x000000c904c00000)]
  0x00000268d3be5000 JavaThread "Attach Listener" daemon [_thread_blocked, id=14520, stack(0x000000c904c00000,0x000000c904d00000)]
  0x00000268d3be7000 JavaThread "Service Thread" daemon [_thread_blocked, id=21588, stack(0x000000c904d00000,0x000000c904e00000)]
=>0x00000268d3beb000 JavaThread "C2 CompilerThread0" daemon [_thread_in_native, id=17540, stack(0x000000c904e00000,0x000000c904f00000)]
  0x00000268d3bf8800 JavaThread "C1 CompilerThread0" daemon [_thread_blocked, id=14912, stack(0x000000c904f00000,0x000000c905000000)]
  0x00000268d3c0c000 JavaThread "Sweeper thread" daemon [_thread_blocked, id=26092, stack(0x000000c905000000,0x000000c905100000)]
  0x00000268d46bb000 JavaThread "Common-Cleaner" daemon [_thread_blocked, id=18872, stack(0x000000c905100000,0x000000c905200000)]
  0x00000268d54fa000 JavaThread "Daemon health stats" [_thread_blocked, id=18464, stack(0x000000c905400000,0x000000c905500000)]
  0x00000268d6514800 JavaThread "Incoming local TCP Connector on port 63750" [_thread_in_native, id=21076, stack(0x000000c905700000,0x000000c905800000)]
  0x00000268d5abb800 JavaThread "Daemon periodic checks" [_thread_blocked, id=21024, stack(0x000000c905800000,0x000000c905900000)]
  0x00000268d5126000 JavaThread "Daemon" [_thread_blocked, id=22432, stack(0x000000c905900000,0x000000c905a00000)]
  0x00000268d532d000 JavaThread "Handler for socket connection from /127.0.0.1:63750 to /127.0.0.1:63751" [_thread_in_native, id=9052, stack(0x000000c905a00000,0x000000c905b00000)]
  0x00000268d46ee000 JavaThread "Cancel handler" [_thread_blocked, id=21360, stack(0x000000c905b00000,0x000000c905c00000)]
  0x00000268d46ee800 JavaThread "Daemon worker" [_thread_in_native, id=21104, stack(0x000000c905c00000,0x000000c905d00000)]
  0x00000268d57df000 JavaThread "Asynchronous log dispatcher for DefaultDaemonConnection: socket connection from /127.0.0.1:63750 to /127.0.0.1:63751" [_thread_blocked, id=2908, stack(0x000000c905d00000,0x000000c905e00000)]
  0x00000268d57df800 JavaThread "Stdin handler" [_thread_blocked, id=5308, stack(0x000000c905e00000,0x000000c905f00000)]
  0x00000268d4a8d800 JavaThread "Daemon client event forwarder" [_thread_blocked, id=7360, stack(0x000000c905f00000,0x000000c906000000)]
  0x00000268d4a8a800 JavaThread "Cache worker for journal cache (C:\Users\User\.gradle\caches\journal-1)" [_thread_blocked, id=23004, stack(0x000000c906000000,0x000000c906100000)]
  0x00000268d4a8c000 JavaThread "File lock request listener" [_thread_in_native, id=10280, stack(0x000000c906100000,0x000000c906200000)]
  0x00000268d4a8b000 JavaThread "Cache worker for file hash cache (C:\Users\User\.gradle\caches\7.2\fileHashes)" [_thread_blocked, id=20760, stack(0x000000c906700000,0x000000c906800000)]
  0x00000268d4a88800 JavaThread "Cache worker for file hash cache (C:\Users\User\AndroidStudioProjects\HistoryVNProject\.gradle\7.2\fileHashes)" [_thread_blocked, id=23684, stack(0x000000c906800000,0x000000c906900000)]
  0x00000268d4a8d000 JavaThread "File watcher server" daemon [_thread_in_native, id=24688, stack(0x000000c906900000,0x000000c906a00000)]
  0x00000268d4a88000 JavaThread "File watcher consumer" daemon [_thread_blocked, id=6392, stack(0x000000c906a00000,0x000000c906b00000)]
  0x00000268d4a8e800 JavaThread "jar transforms" [_thread_blocked, id=25324, stack(0x000000c906c00000,0x000000c906d00000)]
  0x00000268d4a89800 JavaThread "jar transforms Thread 2" [_thread_blocked, id=11352, stack(0x000000c906d00000,0x000000c906e00000)]
  0x00000268d8a1b800 JavaThread "jar transforms Thread 3" [_thread_blocked, id=22308, stack(0x000000c906e00000,0x000000c906f00000)]
  0x00000268d8a1a800 JavaThread "jar transforms Thread 4" [_thread_blocked, id=740, stack(0x000000c906f00000,0x000000c907000000)]
  0x00000268d8a19800 JavaThread "jar transforms Thread 5" [_thread_blocked, id=21784, stack(0x000000c907000000,0x000000c907100000)]
  0x00000268d8a1c000 JavaThread "jar transforms Thread 6" [_thread_blocked, id=25116, stack(0x000000c907100000,0x000000c907200000)]
  0x00000268d8a1d000 JavaThread "jar transforms Thread 7" [_thread_blocked, id=24872, stack(0x000000c907200000,0x000000c907300000)]
  0x00000268d8a1e800 JavaThread "jar transforms Thread 8" [_thread_blocked, id=22056, stack(0x000000c907300000,0x000000c907400000)]
  0x00000268d8a19000 JavaThread "Cache worker for checksums cache (C:\Users\User\AndroidStudioProjects\HistoryVNProject\.gradle\checksums)" [_thread_blocked, id=2072, stack(0x000000c906b00000,0x000000c906c00000)]
  0x00000268d8a23800 JavaThread "Cache worker for cache directory md-supplier (C:\Users\User\.gradle\caches\7.2\md-supplier)" [_thread_blocked, id=21672, stack(0x000000c907400000,0x000000c907500000)]
  0x00000268d8a1e000 JavaThread "Cache worker for cache directory md-rule (C:\Users\User\.gradle\caches\7.2\md-rule)" [_thread_blocked, id=25032, stack(0x000000c907500000,0x000000c907600000)]
  0x00000268d8a21000 JavaThread "Cache worker for execution history cache (C:\Users\User\.gradle\caches\7.2\executionHistory)" [_thread_blocked, id=5696, stack(0x000000c907600000,0x000000c907700000)]

Other Threads:
  0x00000268d3bc2000 VMThread "VM Thread" [stack: 0x000000c904800000,0x000000c904900000] [id=22196]
  0x00000268d46ea000 WatcherThread [stack: 0x000000c905200000,0x000000c905300000] [id=25928]
  0x00000268b9015800 GCTaskThread "GC Thread#0" [stack: 0x000000c904300000,0x000000c904400000] [id=26140]
  0x00000268d4a23000 GCTaskThread "GC Thread#1" [stack: 0x000000c905300000,0x000000c905400000] [id=18972]
  0x00000268d60fd800 GCTaskThread "GC Thread#2" [stack: 0x000000c905500000,0x000000c905600000] [id=17612]
  0x00000268d60fe000 GCTaskThread "GC Thread#3" [stack: 0x000000c905600000,0x000000c905700000] [id=24696]
  0x00000268d5305800 GCTaskThread "GC Thread#4" [stack: 0x000000c906200000,0x000000c906300000] [id=2692]
  0x00000268d46ef800 GCTaskThread "GC Thread#5" [stack: 0x000000c906300000,0x000000c906400000] [id=6156]
  0x00000268d6d0a800 GCTaskThread "GC Thread#6" [stack: 0x000000c906400000,0x000000c906500000] [id=17644]
  0x00000268d6d0f800 GCTaskThread "GC Thread#7" [stack: 0x000000c906500000,0x000000c906600000] [id=19928]
  0x00000268b9048000 ConcurrentGCThread "G1 Main Marker" [stack: 0x000000c904400000,0x000000c904500000] [id=1452]
  0x00000268b9049000 ConcurrentGCThread "G1 Conc#0" [stack: 0x000000c904500000,0x000000c904600000] [id=11204]
  0x00000268d689c800 ConcurrentGCThread "G1 Conc#1" [stack: 0x000000c906600000,0x000000c906700000] [id=3248]
  0x00000268b90ce000 ConcurrentGCThread "G1 Refine#0" [stack: 0x000000c904600000,0x000000c904700000] [id=17868]
  0x00000268b90cf000 ConcurrentGCThread "G1 Young RemSet Sampling" [stack: 0x000000c904700000,0x000000c904800000] [id=16412]

Threads with active compile tasks:
C2 CompilerThread0  18591 3502       4       jdk.internal.loader.URLClassPath::getResource (74 bytes)

VM state:not at safepoint (normal execution)

VM Mutex/Monitor currently owned by a thread: None

Heap address: 0x0000000080000000, size: 2048 MB, Compressed Oops mode: 32-bit
Narrow klass base: 0x0000000000000000, Narrow klass shift: 3
Compressed class space size: 1073741824 Address: 0x0000000100000000

Heap:
 garbage-first heap   total 98304K, used 69021K [0x0000000080000000, 0x0000000100000000)
  region size 1024K, 37 young (37888K), 3 survivors (3072K)
 Metaspace       used 38465K, capacity 39473K, committed 39808K, reserved 1083392K
  class space    used 4993K, capacity 5389K, committed 5504K, reserved 1048576K
Heap Regions: E=young(eden), S=young(survivor), O=old, HS=humongous(starts), HC=humongous(continues), CS=collection set, F=free, A=archive, TAMS=top-at-mark-start (previous, next)
|   0|0x0000000080000000, 0x0000000080100000, 0x0000000080100000|100%| O|  |TAMS 0x0000000080100000, 0x0000000080000000| Untracked 
|   1|0x0000000080100000, 0x0000000080200000, 0x0000000080200000|100%| O|  |TAMS 0x0000000080200000, 0x0000000080100000| Untracked 
|   2|0x0000000080200000, 0x0000000080300000, 0x0000000080300000|100%| O|  |TAMS 0x0000000080300000, 0x0000000080200000| Untracked 
|   3|0x0000000080300000, 0x0000000080400000, 0x0000000080400000|100%|HS|  |TAMS 0x0000000080400000, 0x0000000080300000| Complete 
|   4|0x0000000080400000, 0x0000000080500000, 0x0000000080500000|100%|HC|  |TAMS 0x0000000080500000, 0x0000000080400000| Complete 
|   5|0x0000000080500000, 0x0000000080600000, 0x0000000080600000|100%|HC|  |TAMS 0x0000000080600000, 0x0000000080500000| Complete 
|   6|0x0000000080600000, 0x0000000080700000, 0x0000000080700000|100%| O|  |TAMS 0x0000000080700000, 0x0000000080600000| Untracked 
|   7|0x0000000080700000, 0x0000000080800000, 0x0000000080800000|100%| O|  |TAMS 0x0000000080800000, 0x0000000080700000| Untracked 
|   8|0x0000000080800000, 0x0000000080900000, 0x0000000080900000|100%| O|  |TAMS 0x0000000080900000, 0x0000000080800000| Untracked 
|   9|0x0000000080900000, 0x0000000080a00000, 0x0000000080a00000|100%| O|  |TAMS 0x0000000080a00000, 0x0000000080900000| Untracked 
|  10|0x0000000080a00000, 0x0000000080b00000, 0x0000000080b00000|100%| O|  |TAMS 0x0000000080b00000, 0x0000000080a00000| Untracked 
|  11|0x0000000080b00000, 0x0000000080c00000, 0x0000000080c00000|100%| O|  |TAMS 0x0000000080c00000, 0x0000000080b00000| Untracked 
|  12|0x0000000080c00000, 0x0000000080d00000, 0x0000000080d00000|100%| O|  |TAMS 0x0000000080d00000, 0x0000000080c00000| Untracked 
|  13|0x0000000080d00000, 0x0000000080e00000, 0x0000000080e00000|100%| O|  |TAMS 0x0000000080e00000, 0x0000000080d00000| Untracked 
|  14|0x0000000080e00000, 0x0000000080f00000, 0x0000000080f00000|100%| O|  |TAMS 0x0000000080f00000, 0x0000000080e00000| Untracked 
|  15|0x0000000080f00000, 0x0000000081000000, 0x0000000081000000|100%|HS|  |TAMS 0x0000000081000000, 0x0000000080f00000| Complete 
|  16|0x0000000081000000, 0x0000000081100000, 0x0000000081100000|100%|HC|  |TAMS 0x0000000081100000, 0x0000000081000000| Complete 
|  17|0x0000000081100000, 0x0000000081200000, 0x0000000081200000|100%|HS|  |TAMS 0x0000000081200000, 0x0000000081100000| Complete 
|  18|0x0000000081200000, 0x0000000081300000, 0x0000000081300000|100%|HC|  |TAMS 0x0000000081300000, 0x0000000081200000| Complete 
|  19|0x0000000081300000, 0x0000000081400000, 0x0000000081400000|100%|HC|  |TAMS 0x0000000081400000, 0x0000000081300000| Complete 
|  20|0x0000000081400000, 0x0000000081500000, 0x0000000081500000|100%|HS|  |TAMS 0x0000000081500000, 0x0000000081400000| Complete 
|  21|0x0000000081500000, 0x0000000081600000, 0x0000000081600000|100%|HC|  |TAMS 0x0000000081600000, 0x0000000081500000| Complete 
|  22|0x0000000081600000, 0x0000000081700000, 0x0000000081700000|100%|HC|  |TAMS 0x0000000081700000, 0x0000000081600000| Complete 
|  23|0x0000000081700000, 0x0000000081800000, 0x0000000081800000|100%|HC|  |TAMS 0x0000000081800000, 0x0000000081700000| Complete 
|  24|0x0000000081800000, 0x0000000081900000, 0x0000000081900000|100%| O|  |TAMS 0x0000000081900000, 0x0000000081800000| Untracked 
|  25|0x0000000081900000, 0x0000000081a00000, 0x0000000081a00000|100%| O|  |TAMS 0x0000000081a00000, 0x0000000081900000| Untracked 
|  26|0x0000000081a00000, 0x0000000081b00000, 0x0000000081b00000|100%| O|  |TAMS 0x0000000081b00000, 0x0000000081a00000| Untracked 
|  27|0x0000000081b00000, 0x0000000081c00000, 0x0000000081c00000|100%| O|  |TAMS 0x0000000081c00000, 0x0000000081b00000| Untracked 
|  28|0x0000000081c00000, 0x0000000081d00000, 0x0000000081d00000|100%| O|  |TAMS 0x0000000081d00000, 0x0000000081c00000| Untracked 
|  29|0x0000000081d00000, 0x0000000081e00000, 0x0000000081e00000|100%| O|  |TAMS 0x0000000081e00000, 0x0000000081d00000| Untracked 
|  30|0x0000000081e00000, 0x0000000081f00000, 0x0000000081f00000|100%| O|  |TAMS 0x0000000081f00000, 0x0000000081e00000| Untracked 
|  31|0x0000000081f00000, 0x0000000082000000, 0x0000000082000000|100%| O|  |TAMS 0x0000000082000000, 0x0000000081f00000| Untracked 
|  32|0x0000000082000000, 0x000000008203a200, 0x0000000082100000| 22%| O|  |TAMS 0x000000008203a200, 0x0000000082000000| Untracked 
|  33|0x0000000082100000, 0x0000000082100000, 0x0000000082200000|  0%| F|  |TAMS 0x0000000082100000, 0x0000000082100000| Untracked 
|  34|0x0000000082200000, 0x0000000082200000, 0x0000000082300000|  0%| F|  |TAMS 0x0000000082200000, 0x0000000082200000| Untracked 
|  35|0x0000000082300000, 0x0000000082300000, 0x0000000082400000|  0%| F|  |TAMS 0x0000000082300000, 0x0000000082300000| Untracked 
|  36|0x0000000082400000, 0x0000000082400000, 0x0000000082500000|  0%| F|  |TAMS 0x0000000082400000, 0x0000000082400000| Untracked 
|  37|0x0000000082500000, 0x0000000082500000, 0x0000000082600000|  0%| F|  |TAMS 0x0000000082500000, 0x0000000082500000| Untracked 
|  38|0x0000000082600000, 0x0000000082600000, 0x0000000082700000|  0%| F|  |TAMS 0x0000000082600000, 0x0000000082600000| Untracked 
|  39|0x0000000082700000, 0x0000000082700000, 0x0000000082800000|  0%| F|  |TAMS 0x0000000082700000, 0x0000000082700000| Untracked 
|  40|0x0000000082800000, 0x0000000082800000, 0x0000000082900000|  0%| F|  |TAMS 0x0000000082800000, 0x0000000082800000| Untracked 
|  41|0x0000000082900000, 0x0000000082900000, 0x0000000082a00000|  0%| F|  |TAMS 0x0000000082900000, 0x0000000082900000| Untracked 
|  42|0x0000000082a00000, 0x0000000082a00000, 0x0000000082b00000|  0%| F|  |TAMS 0x0000000082a00000, 0x0000000082a00000| Untracked 
|  43|0x0000000082b00000, 0x0000000082b00000, 0x0000000082c00000|  0%| F|  |TAMS 0x0000000082b00000, 0x0000000082b00000| Untracked 
|  44|0x0000000082c00000, 0x0000000082c00000, 0x0000000082d00000|  0%| F|  |TAMS 0x0000000082c00000, 0x0000000082c00000| Untracked 
|  45|0x0000000082d00000, 0x0000000082d00000, 0x0000000082e00000|  0%| F|  |TAMS 0x0000000082d00000, 0x0000000082d00000| Untracked 
|  46|0x0000000082e00000, 0x0000000082e00000, 0x0000000082f00000|  0%| F|  |TAMS 0x0000000082e00000, 0x0000000082e00000| Untracked 
|  47|0x0000000082f00000, 0x0000000082f00000, 0x0000000083000000|  0%| F|  |TAMS 0x0000000082f00000, 0x0000000082f00000| Untracked 
|  48|0x0000000083000000, 0x0000000083000000, 0x0000000083100000|  0%| F|  |TAMS 0x0000000083000000, 0x0000000083000000| Untracked 
|  49|0x0000000083100000, 0x0000000083100000, 0x0000000083200000|  0%| F|  |TAMS 0x0000000083100000, 0x0000000083100000| Untracked 
|  50|0x0000000083200000, 0x0000000083200000, 0x0000000083300000|  0%| F|  |TAMS 0x0000000083200000, 0x0000000083200000| Untracked 
|  51|0x0000000083300000, 0x0000000083300000, 0x0000000083400000|  0%| F|  |TAMS 0x0000000083300000, 0x0000000083300000| Untracked 
|  52|0x0000000083400000, 0x0000000083400000, 0x0000000083500000|  0%| F|  |TAMS 0x0000000083400000, 0x0000000083400000| Untracked 
|  53|0x0000000083500000, 0x0000000083500000, 0x0000000083600000|  0%| F|  |TAMS 0x0000000083500000, 0x0000000083500000| Untracked 
|  54|0x0000000083600000, 0x0000000083600000, 0x0000000083700000|  0%| F|  |TAMS 0x0000000083600000, 0x0000000083600000| Untracked 
|  55|0x0000000083700000, 0x0000000083700000, 0x0000000083800000|  0%| F|  |TAMS 0x0000000083700000, 0x0000000083700000| Untracked 
|  56|0x0000000083800000, 0x0000000083800000, 0x0000000083900000|  0%| F|  |TAMS 0x0000000083800000, 0x0000000083800000| Untracked 
|  57|0x0000000083900000, 0x0000000083900000, 0x0000000083a00000|  0%| F|  |TAMS 0x0000000083900000, 0x0000000083900000| Untracked 
|  58|0x0000000083a00000, 0x0000000083a00000, 0x0000000083b00000|  0%| F|  |TAMS 0x0000000083a00000, 0x0000000083a00000| Untracked 
|  59|0x0000000083b00000, 0x0000000083c00000, 0x0000000083c00000|100%| E|CS|TAMS 0x0000000083b00000, 0x0000000083b00000| Complete 
|  60|0x0000000083c00000, 0x0000000083d00000, 0x0000000083d00000|100%| E|CS|TAMS 0x0000000083c00000, 0x0000000083c00000| Complete 
|  61|0x0000000083d00000, 0x0000000083e00000, 0x0000000083e00000|100%| E|CS|TAMS 0x0000000083d00000, 0x0000000083d00000| Complete 
|  62|0x0000000083e00000, 0x0000000083f00000, 0x0000000083f00000|100%| E|CS|TAMS 0x0000000083e00000, 0x0000000083e00000| Complete 
|  63|0x0000000083f00000, 0x0000000084000000, 0x0000000084000000|100%| E|CS|TAMS 0x0000000083f00000, 0x0000000083f00000| Complete 
|  64|0x0000000084000000, 0x0000000084100000, 0x0000000084100000|100%| E|CS|TAMS 0x0000000084000000, 0x0000000084000000| Complete 
|  65|0x0000000084100000, 0x000000008412d350, 0x0000000084200000| 17%| S|CS|TAMS 0x0000000084100000, 0x0000000084100000| Complete 
|  66|0x0000000084200000, 0x0000000084300000, 0x0000000084300000|100%| S|CS|TAMS 0x0000000084200000, 0x0000000084200000| Complete 
|  67|0x0000000084300000, 0x0000000084400000, 0x0000000084400000|100%| S|CS|TAMS 0x0000000084300000, 0x0000000084400000| Complete 
|  68|0x0000000084400000, 0x0000000084500000, 0x0000000084500000|100%| E|CS|TAMS 0x0000000084400000, 0x0000000084500000| Complete 
|  69|0x0000000084500000, 0x0000000084600000, 0x0000000084600000|100%| E|CS|TAMS 0x0000000084500000, 0x0000000084600000| Complete 
|  70|0x0000000084600000, 0x0000000084700000, 0x0000000084700000|100%| E|CS|TAMS 0x0000000084600000, 0x0000000084700000| Complete 
|  71|0x0000000084700000, 0x0000000084800000, 0x0000000084800000|100%| E|CS|TAMS 0x0000000084700000, 0x0000000084800000| Complete 
|  72|0x0000000084800000, 0x0000000084900000, 0x0000000084900000|100%| E|CS|TAMS 0x0000000084800000, 0x0000000084900000| Complete 
|  73|0x0000000084900000, 0x0000000084a00000, 0x0000000084a00000|100%| E|CS|TAMS 0x0000000084900000, 0x0000000084a00000| Complete 
|  74|0x0000000084a00000, 0x0000000084b00000, 0x0000000084b00000|100%| E|CS|TAMS 0x0000000084a00000, 0x0000000084b00000| Complete 
|  75|0x0000000084b00000, 0x0000000084c00000, 0x0000000084c00000|100%| E|CS|TAMS 0x0000000084b00000, 0x0000000084c00000| Complete 
|  76|0x0000000084c00000, 0x0000000084d00000, 0x0000000084d00000|100%| E|CS|TAMS 0x0000000084c00000, 0x0000000084d00000| Complete 
|  77|0x0000000084d00000, 0x0000000084e00000, 0x0000000084e00000|100%| E|CS|TAMS 0x0000000084d00000, 0x0000000084e00000| Complete 
|  78|0x0000000084e00000, 0x0000000084f00000, 0x0000000084f00000|100%| E|CS|TAMS 0x0000000084e00000, 0x0000000084f00000| Complete 
|  79|0x0000000084f00000, 0x0000000085000000, 0x0000000085000000|100%| E|CS|TAMS 0x0000000084f00000, 0x0000000085000000| Complete 
|  80|0x0000000085000000, 0x0000000085100000, 0x0000000085100000|100%| E|CS|TAMS 0x0000000085000000, 0x0000000085100000| Complete 
|  81|0x0000000085100000, 0x0000000085200000, 0x0000000085200000|100%| E|CS|TAMS 0x0000000085100000, 0x0000000085200000| Complete 
|  82|0x0000000085200000, 0x0000000085300000, 0x0000000085300000|100%| E|CS|TAMS 0x0000000085200000, 0x0000000085300000| Complete 
|  83|0x0000000085300000, 0x0000000085400000, 0x0000000085400000|100%| E|CS|TAMS 0x0000000085300000, 0x0000000085400000| Complete 
|  84|0x0000000085400000, 0x0000000085500000, 0x0000000085500000|100%| E|CS|TAMS 0x0000000085400000, 0x0000000085500000| Complete 
|  85|0x0000000085500000, 0x0000000085600000, 0x0000000085600000|100%| E|CS|TAMS 0x0000000085500000, 0x0000000085600000| Complete 
|  86|0x0000000085600000, 0x0000000085700000, 0x0000000085700000|100%| E|CS|TAMS 0x0000000085600000, 0x0000000085700000| Complete 
|  87|0x0000000085700000, 0x0000000085800000, 0x0000000085800000|100%| E|CS|TAMS 0x0000000085700000, 0x0000000085800000| Complete 
|  88|0x0000000085800000, 0x0000000085900000, 0x0000000085900000|100%| E|CS|TAMS 0x0000000085800000, 0x0000000085900000| Complete 
|  89|0x0000000085900000, 0x0000000085a00000, 0x0000000085a00000|100%| E|CS|TAMS 0x0000000085900000, 0x0000000085a00000| Complete 
|  90|0x0000000085a00000, 0x0000000085b00000, 0x0000000085b00000|100%| E|CS|TAMS 0x0000000085a00000, 0x0000000085b00000| Complete 
|  91|0x0000000085b00000, 0x0000000085c00000, 0x0000000085c00000|100%| E|CS|TAMS 0x0000000085b00000, 0x0000000085c00000| Complete 
|  92|0x0000000085c00000, 0x0000000085d00000, 0x0000000085d00000|100%| E|CS|TAMS 0x0000000085c00000, 0x0000000085d00000| Complete 
|  93|0x0000000085d00000, 0x0000000085e00000, 0x0000000085e00000|100%| E|CS|TAMS 0x0000000085d00000, 0x0000000085e00000| Complete 
|  94|0x0000000085e00000, 0x0000000085f00000, 0x0000000085f00000|100%| E|CS|TAMS 0x0000000085e00000, 0x0000000085f00000| Complete 
|  95|0x0000000085f00000, 0x0000000086000000, 0x0000000086000000|100%| E|CS|TAMS 0x0000000085f00000, 0x0000000086000000| Complete 

Card table byte_map: [0x00000268cc980000,0x00000268ccd80000] _byte_map_base: 0x00000268cc580000

Marking Bits (Prev, Next): (CMBitMap*) 0x00000268b903f488, (CMBitMap*) 0x00000268b903f4c0
 Prev Bits: [0x00000268cd180000, 0x00000268cf180000)
 Next Bits: [0x00000268cf180000, 0x00000268d1180000)

Polling page: 0x00000268b7750000

Metaspace:

Usage:
  Non-class:     33.29 MB capacity,    32.69 MB ( 98%) used,   518.27 KB (  2%) free+waste,    94.06 KB ( <1%) overhead. 
      Class:      5.26 MB capacity,     4.88 MB ( 93%) used,   350.90 KB (  7%) free+waste,    45.75 KB ( <1%) overhead. 
       Both:     38.55 MB capacity,    37.57 MB ( 97%) used,   869.17 KB (  2%) free+waste,   139.81 KB ( <1%) overhead. 

Virtual space:
  Non-class space:       34.00 MB reserved,      33.50 MB ( 99%) committed 
      Class space:        1.00 GB reserved,       5.38 MB ( <1%) committed 
             Both:        1.03 GB reserved,      38.88 MB (  4%) committed 

Chunk freelists:
   Non-Class:  24.00 KB
       Class:  17.00 KB
        Both:  41.00 KB

MaxMetaspaceSize: 17179869184.00 GB
CompressedClassSpaceSize: 1.00 GB

CodeHeap 'non-profiled nmethods': size=120000Kb used=1577Kb max_used=1577Kb free=118422Kb
 bounds [0x00000268c45d0000, 0x00000268c4840000, 0x00000268cbb00000]
CodeHeap 'profiled nmethods': size=120000Kb used=7416Kb max_used=7416Kb free=112583Kb
 bounds [0x00000268bd0a0000, 0x00000268bd7e0000, 0x00000268c45d0000]
CodeHeap 'non-nmethods': size=5760Kb used=1513Kb max_used=1537Kb free=4246Kb
 bounds [0x00000268bcb00000, 0x00000268bcd70000, 0x00000268bd0a0000]
 total_blobs=4160 nmethods=3538 adapters=533
 compilation: enabled
              stopped_count=0, restarted_count=0
 full_count=0

Compilation events (20 events):
Event: 18.447 Thread 0x00000268d3bf8800 3542       3       com.sun.beans.TypeResolver::resolve (37 bytes)
Event: 18.448 Thread 0x00000268d3bf8800 nmethod 3542 0x00000268bd7d4110 code [0x00000268bd7d42e0, 0x00000268bd7d4708]
Event: 18.448 Thread 0x00000268d3bf8800 3543       3       org.codehaus.groovy.util.SingleKeyHashMap::put (10 bytes)
Event: 18.449 Thread 0x00000268d3bf8800 nmethod 3543 0x00000268bd7d4890 code [0x00000268bd7d4a60, 0x00000268bd7d4c68]
Event: 18.449 Thread 0x00000268d3bf8800 3544       3       groovy.lang.MetaMethod::isStatic (16 bytes)
Event: 18.449 Thread 0x00000268d3bf8800 nmethod 3544 0x00000268bd7d4d90 code [0x00000268bd7d4f40, 0x00000268bd7d5148]
Event: 18.449 Thread 0x00000268d3bf8800 3545       3       groovy.lang.MetaProperty::<init> (15 bytes)
Event: 18.450 Thread 0x00000268d3bf8800 nmethod 3545 0x00000268bd7d5210 code [0x00000268bd7d53c0, 0x00000268bd7d55d8]
Event: 18.450 Thread 0x00000268d3bf8800 3546       3       org.codehaus.groovy.util.SingleKeyHashMap::get (67 bytes)
Event: 18.451 Thread 0x00000268d3bf8800 nmethod 3546 0x00000268bd7d5690 code [0x00000268bd7d58a0, 0x00000268bd7d5f18]
Event: 18.451 Thread 0x00000268d3bf8800 3547       3       groovy.lang.MetaClassImpl::getPropName (19 bytes)
Event: 18.451 Thread 0x00000268d3bf8800 nmethod 3547 0x00000268bd7d6190 code [0x00000268bd7d63a0, 0x00000268bd7d69a8]
Event: 18.451 Thread 0x00000268d3bf8800 3548       3       groovy.lang.MetaClassImpl$$Lambda$352/0x0000000100515440::get$Lambda (9 bytes)
Event: 18.452 Thread 0x00000268d3bf8800 nmethod 3548 0x00000268bd7d6b90 code [0x00000268bd7d6d60, 0x00000268bd7d6fb8]
Event: 18.452 Thread 0x00000268d3bf8800 3549       3       groovy.lang.MetaClassImpl::createMetaBeanProperty (35 bytes)
Event: 18.452 Thread 0x00000268d3bf8800 nmethod 3549 0x00000268bd7d7090 code [0x00000268bd7d7280, 0x00000268bd7d7728]
Event: 18.452 Thread 0x00000268d3bf8800 3550       3       groovy.lang.MetaClassImpl::makeReplacementMetaProperty (241 bytes)
Event: 18.457 Thread 0x00000268d3bf8800 nmethod 3550 0x00000268bd7d7910 code [0x00000268bd7d7d40, 0x00000268bd7da518]
Event: 18.457 Thread 0x00000268d3bf8800 3551       3       java.lang.String::equalsIgnoreCase (45 bytes)
Event: 18.458 Thread 0x00000268d3bf8800 nmethod 3551 0x00000268bd7dae90 code [0x00000268bd7db0a0, 0x00000268bd7db5e8]

GC Heap History (12 events):
Event: 2.544 GC heap before
{Heap before GC invocations=0 (full 0):
 garbage-first heap   total 98304K, used 29696K [0x0000000080000000, 0x0000000100000000)
  region size 1024K, 24 young (24576K), 0 survivors (0K)
 Metaspace       used 10263K, capacity 10565K, committed 10624K, reserved 1058816K
  class space    used 1073K, capacity 1139K, committed 1152K, reserved 1048576K
}
Event: 2.556 GC heap after
{Heap after GC invocations=1 (full 0):
 garbage-first heap   total 98304K, used 9795K [0x0000000080000000, 0x0000000100000000)
  region size 1024K, 3 young (3072K), 3 survivors (3072K)
 Metaspace       used 10263K, capacity 10565K, committed 10624K, reserved 1058816K
  class space    used 1073K, capacity 1139K, committed 1152K, reserved 1048576K
}
Event: 4.859 GC heap before
{Heap before GC invocations=1 (full 0):
 garbage-first heap   total 98304K, used 65091K [0x0000000080000000, 0x0000000100000000)
  region size 1024K, 57 young (58368K), 3 survivors (3072K)
 Metaspace       used 14011K, capacity 14345K, committed 14464K, reserved 1062912K
  class space    used 1560K, capacity 1654K, committed 1664K, reserved 1048576K
}
Event: 4.868 GC heap after
{Heap after GC invocations=2 (full 0):
 garbage-first heap   total 98304K, used 15203K [0x0000000080000000, 0x0000000100000000)
  region size 1024K, 8 young (8192K), 8 survivors (8192K)
 Metaspace       used 14011K, capacity 14345K, committed 14464K, reserved 1062912K
  class space    used 1560K, capacity 1654K, committed 1664K, reserved 1048576K
}
Event: 11.922 GC heap before
{Heap before GC invocations=2 (full 0):
 garbage-first heap   total 98304K, used 56163K [0x0000000080000000, 0x0000000100000000)
  region size 1024K, 50 young (51200K), 8 survivors (8192K)
 Metaspace       used 20723K, capacity 21194K, committed 21296K, reserved 1069056K
  class space    used 2532K, capacity 2676K, committed 2688K, reserved 1048576K
}
Event: 11.940 GC heap after
{Heap after GC invocations=3 (full 0):
 garbage-first heap   total 98304K, used 17242K [0x0000000080000000, 0x0000000100000000)
  region size 1024K, 3 young (3072K), 3 survivors (3072K)
 Metaspace       used 20723K, capacity 21194K, committed 21296K, reserved 1069056K
  class space    used 2532K, capacity 2676K, committed 2688K, reserved 1048576K
}
Event: 13.530 GC heap before
{Heap before GC invocations=4 (full 0):
 garbage-first heap   total 98304K, used 63322K [0x0000000080000000, 0x0000000100000000)
  region size 1024K, 48 young (49152K), 3 survivors (3072K)
 Metaspace       used 25358K, capacity 26027K, committed 26368K, reserved 1073152K
  class space    used 3272K, capacity 3484K, committed 3584K, reserved 1048576K
}
Event: 13.535 GC heap after
{Heap after GC invocations=5 (full 0):
 garbage-first heap   total 98304K, used 18907K [0x0000000080000000, 0x0000000100000000)
  region size 1024K, 4 young (4096K), 4 survivors (4096K)
 Metaspace       used 25358K, capacity 26027K, committed 26368K, reserved 1073152K
  class space    used 3272K, capacity 3484K, committed 3584K, reserved 1048576K
}
Event: 16.150 GC heap before
{Heap before GC invocations=5 (full 0):
 garbage-first heap   total 98304K, used 76251K [0x0000000080000000, 0x0000000100000000)
  region size 1024K, 52 young (53248K), 4 survivors (4096K)
 Metaspace       used 29694K, capacity 30493K, committed 30720K, reserved 1075200K
  class space    used 3966K, capacity 4252K, committed 4352K, reserved 1048576K
}
Event: 16.159 GC heap after
{Heap after GC invocations=6 (full 0):
 garbage-first heap   total 98304K, used 33324K [0x0000000080000000, 0x0000000100000000)
  region size 1024K, 7 young (7168K), 7 survivors (7168K)
 Metaspace       used 29694K, capacity 30493K, committed 30720K, reserved 1075200K
  class space    used 3966K, capacity 4252K, committed 4352K, reserved 1048576K
}
Event: 17.389 GC heap before
{Heap before GC invocations=6 (full 0):
 garbage-first heap   total 98304K, used 60972K [0x0000000080000000, 0x0000000100000000)
  region size 1024K, 35 young (35840K), 7 survivors (7168K)
 Metaspace       used 35053K, capacity 35911K, committed 35968K, reserved 1081344K
  class space    used 4592K, capacity 4951K, committed 4992K, reserved 1048576K
}
Event: 17.406 GC heap after
{Heap after GC invocations=7 (full 0):
 garbage-first heap   total 98304K, used 35229K [0x0000000080000000, 0x0000000100000000)
  region size 1024K, 3 young (3072K), 3 survivors (3072K)
 Metaspace       used 35053K, capacity 35911K, committed 35968K, reserved 1081344K
  class space    used 4592K, capacity 4951K, committed 4992K, reserved 1048576K
}

Deoptimization events (20 events):
Event: 18.297 Thread 0x00000268d46ee800 Uncommon trap: trap_request=0xffffffbe fr.pc=0x00000268c4753b1c relative=0x0000000000000a9c
Event: 18.297 Thread 0x00000268d46ee800 Uncommon trap: reason=profile_predicate action=maybe_recompile pc=0x00000268c4753b1c method=jdk.internal.jimage.ImageStringsReader.charsFromByteBuffer([CLjava/nio/ByteBuffer;)V @ 6 c2
Event: 18.297 Thread 0x00000268d46ee800 DEOPT PACKING pc=0x00000268c4753b1c sp=0x000000c905cf78d0
Event: 18.297 Thread 0x00000268d46ee800 DEOPT UNPACKING pc=0x00000268bcb2662f sp=0x000000c905cf77a8 mode 2
Event: 18.385 Thread 0x00000268d46ee800 Uncommon trap: trap_request=0xffffffbe fr.pc=0x00000268c473caac relative=0x0000000000003d2c
Event: 18.385 Thread 0x00000268d46ee800 Uncommon trap: reason=profile_predicate action=maybe_recompile pc=0x00000268c473caac method=java.util.AbstractCollection.addAll(Ljava/util/Collection;)Z @ 15 c2
Event: 18.385 Thread 0x00000268d46ee800 DEOPT PACKING pc=0x00000268c473caac sp=0x000000c905cf9570
Event: 18.385 Thread 0x00000268d46ee800 DEOPT UNPACKING pc=0x00000268bcb2662f sp=0x000000c905cf9588 mode 2
Event: 18.429 Thread 0x00000268d46ee800 Uncommon trap: trap_request=0xffffffde fr.pc=0x00000268c47499cc relative=0x000000000000044c
Event: 18.429 Thread 0x00000268d46ee800 Uncommon trap: reason=class_check action=maybe_recompile pc=0x00000268c47499cc method=java.util.regex.Pattern$Start.match(Ljava/util/regex/Matcher;ILjava/lang/CharSequence;)Z @ 44 c2
Event: 18.429 Thread 0x00000268d46ee800 DEOPT PACKING pc=0x00000268c47499cc sp=0x000000c905cf74b0
Event: 18.429 Thread 0x00000268d46ee800 DEOPT UNPACKING pc=0x00000268bcb2662f sp=0x000000c905cf73e0 mode 2
Event: 18.436 Thread 0x00000268d46ee800 Uncommon trap: trap_request=0xffffffde fr.pc=0x00000268c47499cc relative=0x000000000000044c
Event: 18.436 Thread 0x00000268d46ee800 Uncommon trap: reason=class_check action=maybe_recompile pc=0x00000268c47499cc method=java.util.regex.Pattern$Start.match(Ljava/util/regex/Matcher;ILjava/lang/CharSequence;)Z @ 44 c2
Event: 18.436 Thread 0x00000268d46ee800 DEOPT PACKING pc=0x00000268c47499cc sp=0x000000c905cf74b0
Event: 18.436 Thread 0x00000268d46ee800 DEOPT UNPACKING pc=0x00000268bcb2662f sp=0x000000c905cf73e0 mode 2
Event: 18.447 Thread 0x00000268d46ee800 Uncommon trap: trap_request=0xffffffbe fr.pc=0x00000268c473caac relative=0x0000000000003d2c
Event: 18.447 Thread 0x00000268d46ee800 Uncommon trap: reason=profile_predicate action=maybe_recompile pc=0x00000268c473caac method=java.util.AbstractCollection.addAll(Ljava/util/Collection;)Z @ 15 c2
Event: 18.447 Thread 0x00000268d46ee800 DEOPT PACKING pc=0x00000268c473caac sp=0x000000c905cf9570
Event: 18.447 Thread 0x00000268d46ee800 DEOPT UNPACKING pc=0x00000268bcb2662f sp=0x000000c905cf9588 mode 2

Classes redefined (0 events):
No events

Internal exceptions (20 events):
Event: 17.647 Thread 0x00000268d46ee800 Exception <a 'java/lang/ClassNotFoundException'{0x0000000085b2b8a0}: java/lang/ObjectBeanInfo> (0x0000000085b2b8a0) thrown at [./src/hotspot/share/classfile/systemDictionary.cpp, line 231]
Event: 17.650 Thread 0x00000268d46ee800 Exception <a 'java/lang/ClassNotFoundException'{0x0000000085b378f8}: java/lang/ObjectCustomizer> (0x0000000085b378f8) thrown at [./src/hotspot/share/classfile/systemDictionary.cpp, line 231]
Event: 17.687 Thread 0x00000268d46ee800 Exception <a 'java/lang/ClassNotFoundException'{0x0000000085b5fb70}: groovy/lang/MetaClassImplCustomizer> (0x0000000085b5fb70) thrown at [./src/hotspot/share/classfile/systemDictionary.cpp, line 231]
Event: 17.702 Thread 0x00000268d46ee800 Exception <a 'java/lang/ClassNotFoundException'{0x0000000085ba0c70}: groovy/lang/ExpandoMetaClassCustomizer> (0x0000000085ba0c70) thrown at [./src/hotspot/share/classfile/systemDictionary.cpp, line 231]
Event: 18.378 Thread 0x00000268d46ee800 Exception <a 'java/lang/ClassNotFoundException'{0x0000000083f75420}: groovy/lang/BindingBeanInfo> (0x0000000083f75420) thrown at [./src/hotspot/share/classfile/systemDictionary.cpp, line 231]
Event: 18.379 Thread 0x00000268d46ee800 Exception <a 'java/lang/ClassNotFoundException'{0x0000000083f97dd0}: groovy/lang/GroovyObjectSupportBeanInfo> (0x0000000083f97dd0) thrown at [./src/hotspot/share/classfile/systemDictionary.cpp, line 231]
Event: 18.381 Thread 0x00000268d46ee800 Exception <a 'java/lang/ClassNotFoundException'{0x0000000083fba590}: groovy/lang/GroovyObjectSupportCustomizer> (0x0000000083fba590) thrown at [./src/hotspot/share/classfile/systemDictionary.cpp, line 231]
Event: 18.384 Thread 0x00000268d46ee800 Exception <a 'java/lang/ClassNotFoundException'{0x0000000083fdec20}: groovy/lang/BindingCustomizer> (0x0000000083fdec20) thrown at [./src/hotspot/share/classfile/systemDictionary.cpp, line 231]
Event: 18.410 Thread 0x00000268d46ee800 Exception <a 'java/lang/ClassNotFoundException'{0x0000000083d16698}: ijmapper_7gc8vtmeowga3sem0k6ykyb01BeanInfo> (0x0000000083d16698) thrown at [./src/hotspot/share/classfile/systemDictionary.cpp, line 231]
Event: 18.411 Thread 0x00000268d46ee800 Exception <a 'java/lang/ClassNotFoundException'{0x0000000083d2c5c0}: org/gradle/initialization/InitScriptBeanInfo> (0x0000000083d2c5c0) thrown at [./src/hotspot/share/classfile/systemDictionary.cpp, line 231]
Event: 18.412 Thread 0x00000268d46ee800 Exception <a 'java/lang/ClassNotFoundException'{0x0000000083d42828}: org/gradle/groovy/scripts/DefaultScriptBeanInfo> (0x0000000083d42828) thrown at [./src/hotspot/share/classfile/systemDictionary.cpp, line 231]
Event: 18.414 Thread 0x00000268d46ee800 Exception <a 'java/lang/ClassNotFoundException'{0x0000000083d58810}: org/gradle/groovy/scripts/BasicScriptBeanInfo> (0x0000000083d58810) thrown at [./src/hotspot/share/classfile/systemDictionary.cpp, line 231]
Event: 18.415 Thread 0x00000268d46ee800 Exception <a 'java/lang/ClassNotFoundException'{0x0000000083d6d6f8}: org/gradle/groovy/scripts/ScriptBeanInfo> (0x0000000083d6d6f8) thrown at [./src/hotspot/share/classfile/systemDictionary.cpp, line 231]
Event: 18.418 Thread 0x00000268d46ee800 Exception <a 'java/lang/ClassNotFoundException'{0x0000000083d8e8e8}: groovy/lang/ScriptBeanInfo> (0x0000000083d8e8e8) thrown at [./src/hotspot/share/classfile/systemDictionary.cpp, line 231]
Event: 18.420 Thread 0x00000268d46ee800 Exception <a 'java/lang/ClassNotFoundException'{0x0000000083dafad8}: groovy/lang/ScriptCustomizer> (0x0000000083dafad8) thrown at [./src/hotspot/share/classfile/systemDictionary.cpp, line 231]
Event: 18.422 Thread 0x00000268d46ee800 Exception <a 'java/lang/ClassNotFoundException'{0x0000000083dccad8}: org/gradle/groovy/scripts/ScriptCustomizer> (0x0000000083dccad8) thrown at [./src/hotspot/share/classfile/systemDictionary.cpp, line 231]
Event: 18.425 Thread 0x00000268d46ee800 Exception <a 'java/lang/ClassNotFoundException'{0x0000000083de97b8}: org/gradle/groovy/scripts/BasicScriptCustomizer> (0x0000000083de97b8) thrown at [./src/hotspot/share/classfile/systemDictionary.cpp, line 231]
Event: 18.428 Thread 0x00000268d46ee800 Exception <a 'java/lang/ClassNotFoundException'{0x0000000083c0c4b8}: org/gradle/groovy/scripts/DefaultScriptCustomizer> (0x0000000083c0c4b8) thrown at [./src/hotspot/share/classfile/systemDictionary.cpp, line 231]
Event: 18.442 Thread 0x00000268d46ee800 Exception <a 'java/lang/ClassNotFoundException'{0x0000000083c59a98}: org/gradle/initialization/InitScriptCustomizer> (0x0000000083c59a98) thrown at [./src/hotspot/share/classfile/systemDictionary.cpp, line 231]
Event: 18.445 Thread 0x00000268d46ee800 Exception <a 'java/lang/ClassNotFoundException'{0x0000000083c6df48}: ijmapper_7gc8vtmeowga3sem0k6ykyb01Customizer> (0x0000000083c6df48) thrown at [./src/hotspot/share/classfile/systemDictionary.cpp, line 231]

Events (20 events):
Event: 18.445 loading class ijmapper_7gc8vtmeowga3sem0k6ykyb01Customizer
Event: 18.445 loading class ijmapper_7gc8vtmeowga3sem0k6ykyb01Customizer done
Event: 18.451 loading class org/gradle/api/internal/coerce/MethodArgumentsTransformer
Event: 18.451 loading class org/gradle/api/internal/coerce/MethodArgumentsTransformer done
Event: 18.452 loading class org/gradle/api/internal/coerce/PropertySetTransformer
Event: 18.452 loading class org/gradle/api/internal/coerce/PropertySetTransformer done
Event: 18.453 loading class org/gradle/internal/metaobject/BeanDynamicObject$MetaClassAdapter
Event: 18.453 loading class org/gradle/internal/metaobject/BeanDynamicObject$MetaClassAdapter done
Event: 18.462 loading class org/gradle/internal/metaobject/BeanDynamicObject$ClassAdapter
Event: 18.462 loading class org/gradle/internal/metaobject/BeanDynamicObject$ClassAdapter done
Event: 18.465 loading class org/gradle/internal/metaobject/BeanDynamicObject$MapAdapter
Event: 18.465 loading class org/gradle/internal/metaobject/BeanDynamicObject$MapAdapter done
Event: 18.469 loading class org/gradle/internal/metaobject/BeanDynamicObject$GroovyObjectAdapter
Event: 18.469 loading class org/gradle/internal/metaobject/BeanDynamicObject$GroovyObjectAdapter done
Event: 18.472 loading class org/gradle/api/internal/coerce/StringToEnumTransformer
Event: 18.472 loading class org/gradle/api/internal/coerce/StringToEnumTransformer done
Event: 18.489 loading class org/gradle/internal/metaobject/DynamicObjectUtil
Event: 18.489 loading class org/gradle/internal/metaobject/DynamicObjectUtil done
Event: 18.499 loading class org/gradle/internal/extensibility/DefaultConvention
Event: 18.499 loading class org/gradle/internal/extensibility/DefaultConvention done


Dynamic libraries:
0x00007ff672b60000 - 0x00007ff672b6a000 	C:\Users\User\AppData\Local\JetBrains\Toolbox\apps\AndroidStudio\ch-0\211.7628.21.2111.8193401\jre\bin\java.exe
0x00007ff9d42f0000 - 0x00007ff9d44e5000 	C:\Windows\SYSTEM32\ntdll.dll
0x00007ff9d2e70000 - 0x00007ff9d2f2e000 	C:\Windows\System32\KERNEL32.DLL
0x00007ff9d1b10000 - 0x00007ff9d1dd8000 	C:\Windows\System32\KERNELBASE.dll
0x00007ff9d2230000 - 0x00007ff9d2330000 	C:\Windows\System32\ucrtbase.dll
0x00007ff9afd60000 - 0x00007ff9afd79000 	C:\Users\User\AppData\Local\JetBrains\Toolbox\apps\AndroidStudio\ch-0\211.7628.21.2111.8193401\jre\bin\jli.dll
0x00007ff9aedf0000 - 0x00007ff9aee07000 	C:\Users\User\AppData\Local\JetBrains\Toolbox\apps\AndroidStudio\ch-0\211.7628.21.2111.8193401\jre\bin\VCRUNTIME140.dll
0x00007ff9d3390000 - 0x00007ff9d3531000 	C:\Windows\System32\USER32.dll
0x00007ff9d1ee0000 - 0x00007ff9d1f02000 	C:\Windows\System32\win32u.dll
0x00007ff9d4170000 - 0x00007ff9d419b000 	C:\Windows\System32\GDI32.dll
0x00007ff9d1a00000 - 0x00007ff9d1b0d000 	C:\Windows\System32\gdi32full.dll
0x00007ff9d1e40000 - 0x00007ff9d1edd000 	C:\Windows\System32\msvcp_win.dll
0x00007ff9bfed0000 - 0x00007ff9c016a000 	C:\Windows\WinSxS\amd64_microsoft.windows.common-controls_6595b64144ccf1df_6.0.19041.1110_none_60b5254171f9507e\COMCTL32.dll
0x00007ff9d3280000 - 0x00007ff9d331e000 	C:\Windows\System32\msvcrt.dll
0x00007ff9d3540000 - 0x00007ff9d3570000 	C:\Windows\System32\IMM32.DLL
0x00007ff9a3130000 - 0x00007ff9a31cd000 	C:\Users\User\AppData\Local\JetBrains\Toolbox\apps\AndroidStudio\ch-0\211.7628.21.2111.8193401\jre\bin\msvcp140.dll
0x00007ff941520000 - 0x00007ff941ff5000 	C:\Users\User\AppData\Local\JetBrains\Toolbox\apps\AndroidStudio\ch-0\211.7628.21.2111.8193401\jre\bin\server\jvm.dll
0x00007ff9d2c90000 - 0x00007ff9d2d3e000 	C:\Windows\System32\ADVAPI32.dll
0x00007ff9d3fc0000 - 0x00007ff9d405c000 	C:\Windows\System32\sechost.dll
0x00007ff9d3e90000 - 0x00007ff9d3fb5000 	C:\Windows\System32\RPCRT4.dll
0x00007ff9cd6c0000 - 0x00007ff9cd6c9000 	C:\Windows\SYSTEM32\WSOCK32.dll
0x00007ff9d4210000 - 0x00007ff9d4218000 	C:\Windows\System32\PSAPI.DLL
0x00007ff9c6c10000 - 0x00007ff9c6c37000 	C:\Windows\SYSTEM32\WINMM.dll
0x00007ff9d3320000 - 0x00007ff9d338b000 	C:\Windows\System32\WS2_32.dll
0x00007ff9c6c40000 - 0x00007ff9c6c4a000 	C:\Windows\SYSTEM32\VERSION.dll
0x00007ff9d01f0000 - 0x00007ff9d0202000 	C:\Windows\SYSTEM32\kernel.appcore.dll
0x00007ff9afa00000 - 0x00007ff9afa11000 	C:\Users\User\AppData\Local\JetBrains\Toolbox\apps\AndroidStudio\ch-0\211.7628.21.2111.8193401\jre\bin\verify.dll
0x00007ff9bcaf0000 - 0x00007ff9bccd4000 	C:\Windows\SYSTEM32\DBGHELP.DLL
0x00007ff9bc5d0000 - 0x00007ff9bc5fc000 	C:\Windows\SYSTEM32\dbgcore.DLL
0x00007ff9d1fc0000 - 0x00007ff9d2042000 	C:\Windows\System32\bcryptPrimitives.dll
0x00007ff9af9d0000 - 0x00007ff9af9f9000 	C:\Users\User\AppData\Local\JetBrains\Toolbox\apps\AndroidStudio\ch-0\211.7628.21.2111.8193401\jre\bin\java.dll
0x00007ff9af030000 - 0x00007ff9af03b000 	C:\Users\User\AppData\Local\JetBrains\Toolbox\apps\AndroidStudio\ch-0\211.7628.21.2111.8193401\jre\bin\jimage.dll
0x00007ff9aedd0000 - 0x00007ff9aede8000 	C:\Users\User\AppData\Local\JetBrains\Toolbox\apps\AndroidStudio\ch-0\211.7628.21.2111.8193401\jre\bin\zip.dll
0x00007ff9d2400000 - 0x00007ff9d2b44000 	C:\Windows\System32\SHELL32.dll
0x00007ff9cf9a0000 - 0x00007ff9d0135000 	C:\Windows\SYSTEM32\windows.storage.dll
0x00007ff9d3a50000 - 0x00007ff9d3da5000 	C:\Windows\System32\combase.dll
0x00007ff9d13e0000 - 0x00007ff9d140e000 	C:\Windows\SYSTEM32\Wldp.dll
0x00007ff9d30e0000 - 0x00007ff9d318d000 	C:\Windows\System32\SHCORE.dll
0x00007ff9d3570000 - 0x00007ff9d35c5000 	C:\Windows\System32\shlwapi.dll
0x00007ff9d1940000 - 0x00007ff9d195f000 	C:\Windows\SYSTEM32\profapi.dll
0x00007ff9aed90000 - 0x00007ff9aedaa000 	C:\Users\User\AppData\Local\JetBrains\Toolbox\apps\AndroidStudio\ch-0\211.7628.21.2111.8193401\jre\bin\net.dll
0x00007ff9c6710000 - 0x00007ff9c681c000 	C:\Windows\SYSTEM32\WINHTTP.dll
0x00007ff9d10e0000 - 0x00007ff9d114a000 	C:\Windows\system32\mswsock.dll
0x00007ff9a8c70000 - 0x00007ff9a8c84000 	C:\Users\User\AppData\Local\JetBrains\Toolbox\apps\AndroidStudio\ch-0\211.7628.21.2111.8193401\jre\bin\nio.dll
0x00007ff9a38e0000 - 0x00007ff9a3907000 	C:\Users\User\.gradle\native\e1d6ef7f7dcc3fd88c89a11ec53ec762bb8ba0a96d01ffa2cd45eb1d1d8dd5c5\windows-amd64\native-platform.dll
0x00007ff9945a0000 - 0x00007ff9946e4000 	C:\Users\User\.gradle\native\5664cfc778a61ccfe75a443a1ab52a65af34e5dc3c78e0209fed803814484fcb\windows-amd64\native-platform-file-events.dll
0x00007ff9a96a0000 - 0x00007ff9a96aa000 	C:\Users\User\AppData\Local\JetBrains\Toolbox\apps\AndroidStudio\ch-0\211.7628.21.2111.8193401\jre\bin\management.dll
0x00007ff9a7cb0000 - 0x00007ff9a7cbd000 	C:\Users\User\AppData\Local\JetBrains\Toolbox\apps\AndroidStudio\ch-0\211.7628.21.2111.8193401\jre\bin\management_ext.dll
0x00007ff9d12e0000 - 0x00007ff9d12f8000 	C:\Windows\SYSTEM32\CRYPTSP.dll
0x00007ff9d0a60000 - 0x00007ff9d0a94000 	C:\Windows\system32\rsaenh.dll
0x00007ff9d21b0000 - 0x00007ff9d21d7000 	C:\Windows\System32\bcrypt.dll
0x00007ff9d1900000 - 0x00007ff9d192e000 	C:\Windows\SYSTEM32\USERENV.dll
0x00007ff9d12d0000 - 0x00007ff9d12dc000 	C:\Windows\SYSTEM32\CRYPTBASE.dll
0x00007ff9d0dd0000 - 0x00007ff9d0e0b000 	C:\Windows\SYSTEM32\IPHLPAPI.DLL
0x00007ff9d4200000 - 0x00007ff9d4208000 	C:\Windows\System32\NSI.dll
0x00007ff9c6ee0000 - 0x00007ff9c6ef7000 	C:\Windows\SYSTEM32\dhcpcsvc6.DLL
0x00007ff9c9b10000 - 0x00007ff9c9b2d000 	C:\Windows\SYSTEM32\dhcpcsvc.DLL
0x00007ff9d0e10000 - 0x00007ff9d0edb000 	C:\Windows\SYSTEM32\DNSAPI.dll

dbghelp: loaded successfully - version: 4.0.5 - missing functions: none
symbol engine: initialized successfully - sym options: 0x614 - pdb path: .;C:\Users\User\AppData\Local\JetBrains\Toolbox\apps\AndroidStudio\ch-0\211.7628.21.2111.8193401\jre\bin;C:\Windows\SYSTEM32;C:\Windows\WinSxS\amd64_microsoft.windows.common-controls_6595b64144ccf1df_6.0.19041.1110_none_60b5254171f9507e;C:\Users\User\AppData\Local\JetBrains\Toolbox\apps\AndroidStudio\ch-0\211.7628.21.2111.8193401\jre\bin\server;C:\Users\User\.gradle\native\e1d6ef7f7dcc3fd88c89a11ec53ec762bb8ba0a96d01ffa2cd45eb1d1d8dd5c5\windows-amd64;C:\Users\User\.gradle\native\5664cfc778a61ccfe75a443a1ab52a65af34e5dc3c78e0209fed803814484fcb\windows-amd64

VM Arguments:
jvm_args: --add-opens=java.base/java.util=ALL-UNNAMED --add-opens=java.base/java.lang=ALL-UNNAMED --add-opens=java.base/java.lang.invoke=ALL-UNNAMED --add-opens=java.base/java.util=ALL-UNNAMED --add-opens=java.prefs/java.util.prefs=ALL-UNNAMED --add-opens=java.prefs/java.util.prefs=ALL-UNNAMED --add-opens=java.base/java.nio.charset=ALL-UNNAMED --add-opens=java.base/java.net=ALL-UNNAMED --add-opens=java.base/java.util.concurrent.atomic=ALL-UNNAMED -Xmx2048m -Dfile.encoding=UTF-8 -Duser.country=RU -Duser.language=ru -Duser.variant 
java_command: org.gradle.launcher.daemon.bootstrap.GradleDaemon 7.2
java_class_path (initial): C:\Users\User\.gradle\wrapper\dists\gradle-7.2-bin\2dnblmf4td7x66yl1d74lt32g\gradle-7.2\lib\gradle-launcher-7.2.jar
Launcher Type: SUN_STANDARD

[Global flags]
     intx CICompilerCount                          = 4                                         {product} {ergonomic}
     uint ConcGCThreads                            = 2                                         {product} {ergonomic}
     uint G1ConcRefinementThreads                  = 8                                         {product} {ergonomic}
   size_t G1HeapRegionSize                         = 1048576                                   {product} {ergonomic}
    uintx GCDrainStackTargetSize                   = 64                                        {product} {ergonomic}
   size_t InitialHeapSize                          = 100663296                                 {product} {ergonomic}
   size_t MarkStackSize                            = 4194304                                   {product} {ergonomic}
   size_t MaxHeapSize                              = 2147483648                                {product} {command line}
   size_t MaxNewSize                               = 1287651328                                {product} {ergonomic}
   size_t MinHeapDeltaBytes                        = 1048576                                   {product} {ergonomic}
    uintx NonNMethodCodeHeapSize                   = 5836300                                {pd product} {ergonomic}
    uintx NonProfiledCodeHeapSize                  = 122910970                              {pd product} {ergonomic}
    uintx ProfiledCodeHeapSize                     = 122910970                              {pd product} {ergonomic}
    uintx ReservedCodeCacheSize                    = 251658240                              {pd product} {ergonomic}
     bool SegmentedCodeCache                       = true                                      {product} {ergonomic}
     bool UseCompressedClassPointers               = true                                 {lp64_product} {ergonomic}
     bool UseCompressedOops                        = true                                 {lp64_product} {ergonomic}
     bool UseG1GC                                  = true                                      {product} {ergonomic}
     bool UseLargePagesIndividualAllocation        = false                                  {pd product} {ergonomic}

Logging:
Log output configuration:
 #0: stdout all=warning uptime,level,tags
 #1: stderr all=off uptime,level,tags

Environment Variables:
PATH=C:\Windows\system32;C:\Windows;C:\Windows\System32\Wbem;C:\Windows\System32\WindowsPowerShell\v1.0\;C:\Windows\System32\OpenSSH\;C:\Program Files\7-Zip;C:\Program Files\dotnet\;C:\Program Files (x86)\Microsoft SQL Server\Client SDK\ODBC\130\Tools\Binn\;C:\Program Files (x86)\Microsoft SQL Server\140\Tools\Binn\;C:\Program Files (x86)\Microsoft SQL Server\140\DTS\Binn\;C:\Program Files (x86)\Microsoft SQL Server\140\Tools\Binn\ManagementStudio\;C:\Program Files\Microsoft SQL Server\130\Tools\Binn\;C:\Users\User\AppData\Local\Microsoft\WindowsApps;C:\Users\User\AppData\Local\atom\bin
USERNAME=User
OS=Windows_NT
PROCESSOR_IDENTIFIER=AMD64 Family 23 Model 24 Stepping 1, AuthenticAMD



---------------  S Y S T E M  ---------------

OS: Windows 10 , 64 bit Build 19041 (10.0.19041.1466)
OS uptime: 3 days 15:02 hours

CPU:total 8 (initial active 8) (8 cores per cpu, 2 threads per core) family 23 model 24 stepping 1 microcode 0x0, cmov, cx8, fxsr, mmx, sse, sse2, sse3, ssse3, sse4.1, sse4.2, popcnt, avx, avx2, aes, clmul, mmxext, 3dnowpref, lzcnt, sse4a, ht, tsc, tscinvbit, tscinv, bmi1, bmi2, adx, s

Memory: 4k page, system-wide physical 6091M (314M free)
TotalPageFile size 24523M (AvailPageFile size 3M)
current process WorkingSet (physical memory assigned to process): 221M, peak: 221M
current process commit charge ("private bytes"): 259M, peak: 260M

vm_info: OpenJDK 64-Bit Server VM (11.0.11+9-b60-7590822) for windows-amd64 JRE (11.0.11+9-b60-7590822), built on Jul 29 2021 21:43:44 by "builder" with MS VC++ 14.0 (VS2015)

END.
