#
# There is insufficient memory for the Java Runtime Environment to continue.
# Native memory allocation (malloc) failed to allocate 974256 bytes for Chunk::new
# Possible reasons:
#   The system is out of physical RAM or swap space
#   The process is running with CompressedOops enabled, and the Java Heap may be blocking the growth of the native heap
# Possible solutions:
#   Reduce memory load on the system
#   Increase physical memory or swap space
#   Check if swap backing store is full
#   Decrease Java heap size (-Xmx/-Xms)
#   Decrease number of Java threads
#   Decrease Java thread stack sizes (-Xss)
#   Set larger code cache with -XX:ReservedCodeCacheSize=
#   JVM is running with Unscaled Compressed Oops mode in which the Java heap is
#     placed in the first 4GB address space. The Java Heap base address is the
#     maximum limit for the native heap growth. Please use -XX:HeapBaseMinAddress
#     to set the Java Heap base and to place the Java Heap above 4GB virtual address.
# This output file may be truncated or incomplete.
#
#  Out of Memory Error (./src/hotspot/share/memory/arena.cpp:197), pid=260, tid=25472
#
# JRE version: OpenJDK Runtime Environment (11.0.11+9) (build 11.0.11+9-b60-7590822)
# Java VM: OpenJDK 64-Bit Server VM (11.0.11+9-b60-7590822, mixed mode, tiered, compressed oops, g1 gc, windows-amd64)
# No core dump will be written. Minidumps are not enabled by default on client versions of Windows
#

---------------  S U M M A R Y ------------

Command Line: --add-opens=java.base/java.util=ALL-UNNAMED --add-opens=java.base/java.lang=ALL-UNNAMED --add-opens=java.base/java.lang.invoke=ALL-UNNAMED --add-opens=java.base/java.util=ALL-UNNAMED --add-opens=java.prefs/java.util.prefs=ALL-UNNAMED --add-opens=java.prefs/java.util.prefs=ALL-UNNAMED --add-opens=java.base/java.nio.charset=ALL-UNNAMED --add-opens=java.base/java.net=ALL-UNNAMED --add-opens=java.base/java.util.concurrent.atomic=ALL-UNNAMED -Xmx2048m -Dfile.encoding=UTF-8 -Duser.country=RU -Duser.language=ru -Duser.variant org.gradle.launcher.daemon.bootstrap.GradleDaemon 7.2

Host: AMD Ryzen 5 3500U with Radeon Vega Mobile Gfx  , 8 cores, 5G,  Windows 10 , 64 bit Build 19041 (10.0.19041.1466)
Time: Thu Apr 14 03:21:33 2022 RTZ 2 (зима) elapsed time: 15.929366 seconds (0d 0h 0m 15s)

---------------  T H R E A D  ---------------

Current thread (0x000002ca48603000):  JavaThread "C2 CompilerThread0" daemon [_thread_in_native, id=25472, stack(0x000000f966900000,0x000000f966a00000)]


Current CompileTask:
C2:  15929 5341       4       java.lang.invoke.MethodType::makeImpl (108 bytes)

Stack: [0x000000f966900000,0x000000f966a00000]
Native frames: (J=compiled Java code, j=interpreted, Vv=VM code, C=native code)
V  [jvm.dll+0x5f214a]
V  [jvm.dll+0x726fb5]
V  [jvm.dll+0x7285cd]
V  [jvm.dll+0x728c83]
V  [jvm.dll+0x243278]
V  [jvm.dll+0xbc53c]
V  [jvm.dll+0xbca3c]
V  [jvm.dll+0x353e7d]
V  [jvm.dll+0x19875c]
V  [jvm.dll+0x1fc2ee]
V  [jvm.dll+0x1fb3d4]
V  [jvm.dll+0x183d6c]
V  [jvm.dll+0x209a57]
V  [jvm.dll+0x2082a1]
V  [jvm.dll+0x6ef58f]
V  [jvm.dll+0x6e80b5]
V  [jvm.dll+0x5f1036]
C  [ucrtbase.dll+0x21bb2]
C  [KERNEL32.DLL+0x17034]
C  [ntdll.dll+0x52651]


---------------  P R O C E S S  ---------------

Threads class SMR info:
_java_thread_list=0x000002ca4eea18a0, length=121, elements={
0x000002ca2d9a6800, 0x000002ca485d7000, 0x000002ca485e2800, 0x000002ca485f4000,
0x000002ca485f5000, 0x000002ca485f7000, 0x000002ca48603000, 0x000002ca48609800,
0x000002ca4860a800, 0x000002ca490d4800, 0x000002ca4a818800, 0x000002ca49edc800,
0x000002ca49d16800, 0x000002ca4aad9800, 0x000002ca49d17000, 0x000002ca49f1d000,
0x000002ca49f1f000, 0x000002ca4aac2800, 0x000002ca4aac3000, 0x000002ca49d33800,
0x000002ca49d36000, 0x000002ca49d36800, 0x000002ca49d37800, 0x000002ca49d31800,
0x000002ca49d34000, 0x000002ca49d38000, 0x000002ca49d32800, 0x000002ca49d35000,
0x000002ca4cd95000, 0x000002ca4cd91000, 0x000002ca4cd92000, 0x000002ca4cd96000,
0x000002ca4cd92800, 0x000002ca4cd93800, 0x000002ca4cd94800, 0x000002ca4cd90800,
0x000002ca4cd98800, 0x000002ca4cd9b800, 0x000002ca4cd9a000, 0x000002ca4cd9b000,
0x000002ca4cd9c800, 0x000002ca4cd97000, 0x000002ca4cd9d800, 0x000002ca4cd9e000,
0x000002ca4cd9f000, 0x000002ca4b306800, 0x000002ca4b305000, 0x000002ca4b305800,
0x000002ca4b304000, 0x000002ca4b300800, 0x000002ca4b303000, 0x000002ca4b307800,
0x000002ca4b301800, 0x000002ca4b308000, 0x000002ca4b302800, 0x000002ca4b309000,
0x000002ca4b30f800, 0x000002ca4b30d000, 0x000002ca4b309800, 0x000002ca4b30a800,
0x000002ca4b30b800, 0x000002ca4b30e000, 0x000002ca4b30e800, 0x000002ca4b30c000,
0x000002ca4af7d000, 0x000002ca4af7c800, 0x000002ca4af78800, 0x000002ca4af7e000,
0x000002ca4af79000, 0x000002ca4af7b800, 0x000002ca4af7f000, 0x000002ca4af7f800,
0x000002ca4af7a000, 0x000002ca4af80800, 0x000002ca4af7b000, 0x000002ca4af83000,
0x000002ca4af87000, 0x000002ca4af85800, 0x000002ca4af82000, 0x000002ca4af81800,
0x000002ca4af84800, 0x000002ca4af83800, 0x000002ca4af86000, 0x000002ca4f300800,
0x000002ca4f2ff800, 0x000002ca4f302000, 0x000002ca4f307000, 0x000002ca4f301800,
0x000002ca4f308000, 0x000002ca4f308800, 0x000002ca4f303000, 0x000002ca4f306800,
0x000002ca4f309800, 0x000002ca4f304000, 0x000002ca4f305800, 0x000002ca4f30a800,
0x000002ca4f304800, 0x000002ca4f30b000, 0x000002ca4f30c000, 0x000002ca4f30d000,
0x000002ca4f30d800, 0x000002ca4f30e800, 0x000002ca4a0fd000, 0x000002ca4a0fb800,
0x000002ca4a0fe800, 0x000002ca4a0fc000, 0x000002ca4a0fe000, 0x000002ca4a0ff800,
0x000002ca4a100000, 0x000002ca4a0fa800, 0x000002ca4a105000, 0x000002ca4a101000,
0x000002ca4a106000, 0x000002ca4a107800, 0x000002ca4a106800, 0x000002ca4a102000,
0x000002ca4a102800, 0x000002ca4a103800, 0x000002ca4a109000, 0x000002ca4a108800,
0x000002ca4a104800
}

Java Threads: ( => current thread )
  0x000002ca2d9a6800 JavaThread "main" [_thread_blocked, id=12280, stack(0x000000f965d00000,0x000000f965e00000)]
  0x000002ca485d7000 JavaThread "Reference Handler" daemon [_thread_blocked, id=25348, stack(0x000000f966400000,0x000000f966500000)]
  0x000002ca485e2800 JavaThread "Finalizer" daemon [_thread_blocked, id=18540, stack(0x000000f966500000,0x000000f966600000)]
  0x000002ca485f4000 JavaThread "Signal Dispatcher" daemon [_thread_blocked, id=25368, stack(0x000000f966600000,0x000000f966700000)]
  0x000002ca485f5000 JavaThread "Attach Listener" daemon [_thread_blocked, id=15960, stack(0x000000f966700000,0x000000f966800000)]
  0x000002ca485f7000 JavaThread "Service Thread" daemon [_thread_blocked, id=22432, stack(0x000000f966800000,0x000000f966900000)]
=>0x000002ca48603000 JavaThread "C2 CompilerThread0" daemon [_thread_in_native, id=25472, stack(0x000000f966900000,0x000000f966a00000)]
  0x000002ca48609800 JavaThread "C1 CompilerThread0" daemon [_thread_blocked, id=16728, stack(0x000000f966a00000,0x000000f966b00000)]
  0x000002ca4860a800 JavaThread "Sweeper thread" daemon [_thread_blocked, id=16348, stack(0x000000f966b00000,0x000000f966c00000)]
  0x000002ca490d4800 JavaThread "Common-Cleaner" daemon [_thread_blocked, id=24944, stack(0x000000f966c00000,0x000000f966d00000)]
  0x000002ca4a818800 JavaThread "Daemon health stats" [_thread_blocked, id=22052, stack(0x000000f966f00000,0x000000f967000000)]
  0x000002ca49edc800 JavaThread "Incoming local TCP Connector on port 63908" [_thread_in_native, id=22092, stack(0x000000f967300000,0x000000f967400000)]
  0x000002ca49d16800 JavaThread "Daemon periodic checks" [_thread_blocked, id=25132, stack(0x000000f967400000,0x000000f967500000)]
  0x000002ca4aad9800 JavaThread "Daemon" [_thread_blocked, id=21304, stack(0x000000f967500000,0x000000f967600000)]
  0x000002ca49d17000 JavaThread "Handler for socket connection from /127.0.0.1:63908 to /127.0.0.1:63909" [_thread_in_native, id=21436, stack(0x000000f967600000,0x000000f967700000)]
  0x000002ca49f1d000 JavaThread "Cancel handler" [_thread_blocked, id=14216, stack(0x000000f967700000,0x000000f967800000)]
  0x000002ca49f1f000 JavaThread "Daemon worker" [_thread_blocked, id=1548, stack(0x000000f967800000,0x000000f967900000)]
  0x000002ca4aac2800 JavaThread "Asynchronous log dispatcher for DefaultDaemonConnection: socket connection from /127.0.0.1:63908 to /127.0.0.1:63909" [_thread_blocked, id=1892, stack(0x000000f967900000,0x000000f967a00000)]
  0x000002ca4aac3000 JavaThread "Stdin handler" [_thread_blocked, id=12084, stack(0x000000f967a00000,0x000000f967b00000)]
  0x000002ca49d33800 JavaThread "Daemon client event forwarder" [_thread_blocked, id=19940, stack(0x000000f967b00000,0x000000f967c00000)]
  0x000002ca49d36000 JavaThread "Cache worker for journal cache (C:\Users\User\.gradle\caches\journal-1)" [_thread_in_Java, id=13924, stack(0x000000f968000000,0x000000f968100000)]
  0x000002ca49d36800 JavaThread "File lock request listener" [_thread_in_native, id=1236, stack(0x000000f968100000,0x000000f968200000)]
  0x000002ca49d37800 JavaThread "Cache worker for file hash cache (C:\Users\User\.gradle\caches\7.2\fileHashes)" [_thread_blocked, id=26476, stack(0x000000f968200000,0x000000f968300000)]
  0x000002ca49d31800 JavaThread "Cache worker for file hash cache (C:\Users\User\AndroidStudioProjects\HistoryVNProject\.gradle\7.2\fileHashes)" [_thread_blocked, id=15376, stack(0x000000f968500000,0x000000f968600000)]
  0x000002ca49d34000 JavaThread "File watcher server" daemon [_thread_in_native, id=22456, stack(0x000000f968600000,0x000000f968700000)]
  0x000002ca49d38000 JavaThread "File watcher consumer" daemon [_thread_blocked, id=17956, stack(0x000000f968700000,0x000000f968800000)]
  0x000002ca49d32800 JavaThread "jar transforms" [_thread_in_native, id=17304, stack(0x000000f968800000,0x000000f968900000)]
  0x000002ca49d35000 JavaThread "jar transforms Thread 2" [_thread_in_native, id=17100, stack(0x000000f968900000,0x000000f968a00000)]
  0x000002ca4cd95000 JavaThread "jar transforms Thread 3" [_thread_in_native, id=10260, stack(0x000000f968a00000,0x000000f968b00000)]
  0x000002ca4cd91000 JavaThread "jar transforms Thread 4" [_thread_in_native, id=11408, stack(0x000000f968b00000,0x000000f968c00000)]
  0x000002ca4cd92000 JavaThread "jar transforms Thread 5" [_thread_in_native, id=15204, stack(0x000000f968c00000,0x000000f968d00000)]
  0x000002ca4cd96000 JavaThread "jar transforms Thread 6" [_thread_in_native, id=5956, stack(0x000000f968d00000,0x000000f968e00000)]
  0x000002ca4cd92800 JavaThread "jar transforms Thread 7" [_thread_in_native, id=7756, stack(0x000000f968e00000,0x000000f968f00000)]
  0x000002ca4cd93800 JavaThread "jar transforms Thread 8" [_thread_in_native, id=1988, stack(0x000000f968f00000,0x000000f969000000)]
  0x000002ca4cd94800 JavaThread "Cache worker for checksums cache (C:\Users\User\AndroidStudioProjects\HistoryVNProject\.gradle\checksums)" [_thread_blocked, id=20472, stack(0x000000f969000000,0x000000f969100000)]
  0x000002ca4cd90800 JavaThread "Cache worker for cache directory md-supplier (C:\Users\User\.gradle\caches\7.2\md-supplier)" [_thread_blocked, id=22916, stack(0x000000f969100000,0x000000f969200000)]
  0x000002ca4cd98800 JavaThread "Cache worker for cache directory md-rule (C:\Users\User\.gradle\caches\7.2\md-rule)" [_thread_blocked, id=18848, stack(0x000000f969200000,0x000000f969300000)]
  0x000002ca4cd9b800 JavaThread "Cache worker for execution history cache (C:\Users\User\.gradle\caches\7.2\executionHistory)" [_thread_blocked, id=13468, stack(0x000000f969300000,0x000000f969400000)]
  0x000002ca4cd9a000 JavaThread "Cache worker for file content cache (C:\Users\User\.gradle\caches\7.2\fileContent)" [_thread_blocked, id=20700, stack(0x000000f969400000,0x000000f969500000)]
  0x000002ca4cd9b000 JavaThread "Cache worker for dependencies-accessors (C:\Users\User\AndroidStudioProjects\HistoryVNProject\.gradle\7.2\dependencies-accessors)" [_thread_blocked, id=17640, stack(0x000000f968400000,0x000000f968500000)]
  0x000002ca4cd9c800 JavaThread "Cache worker for Build Output Cleanup Cache (C:\Users\User\AndroidStudioProjects\HistoryVNProject\.gradle\buildOutputCleanup)" [_thread_blocked, id=23844, stack(0x000000f969500000,0x000000f969600000)]
  0x000002ca4cd97000 JavaThread "Unconstrained build operations" [_thread_blocked, id=9008, stack(0x000000f969600000,0x000000f969700000)]
  0x000002ca4cd9d800 JavaThread "Unconstrained build operations Thread 2" [_thread_blocked, id=920, stack(0x000000f969700000,0x000000f969800000)]
  0x000002ca4cd9e000 JavaThread "Unconstrained build operations Thread 3" [_thread_blocked, id=18080, stack(0x000000f969800000,0x000000f969900000)]
  0x000002ca4cd9f000 JavaThread "Unconstrained build operations Thread 4" [_thread_blocked, id=17952, stack(0x000000f969900000,0x000000f969a00000)]
  0x000002ca4b306800 JavaThread "Unconstrained build operations Thread 5" [_thread_blocked, id=21716, stack(0x000000f969a00000,0x000000f969b00000)]
  0x000002ca4b305000 JavaThread "Unconstrained build operations Thread 6" [_thread_blocked, id=16472, stack(0x000000f969b00000,0x000000f969c00000)]
  0x000002ca4b305800 JavaThread "Unconstrained build operations Thread 7" [_thread_blocked, id=944, stack(0x000000f969c00000,0x000000f969d00000)]
  0x000002ca4b304000 JavaThread "Unconstrained build operations Thread 8" [_thread_blocked, id=3204, stack(0x000000f969d00000,0x000000f969e00000)]
  0x000002ca4b300800 JavaThread "Unconstrained build operations Thread 9" [_thread_blocked, id=18340, stack(0x000000f969e00000,0x000000f969f00000)]
  0x000002ca4b303000 JavaThread "Unconstrained build operations Thread 10" [_thread_blocked, id=18464, stack(0x000000f969f00000,0x000000f96a000000)]
  0x000002ca4b307800 JavaThread "Unconstrained build operations Thread 11" [_thread_blocked, id=8344, stack(0x000000f96a000000,0x000000f96a100000)]
  0x000002ca4b301800 JavaThread "Unconstrained build operations Thread 12" [_thread_blocked, id=5040, stack(0x000000f96a100000,0x000000f96a200000)]
  0x000002ca4b308000 JavaThread "Unconstrained build operations Thread 13" [_thread_blocked, id=24104, stack(0x000000f96a200000,0x000000f96a300000)]
  0x000002ca4b302800 JavaThread "Unconstrained build operations Thread 14" [_thread_blocked, id=10568, stack(0x000000f96a300000,0x000000f96a400000)]
  0x000002ca4b309000 JavaThread "Unconstrained build operations Thread 15" [_thread_blocked, id=9620, stack(0x000000f96a400000,0x000000f96a500000)]
  0x000002ca4b30f800 JavaThread "Unconstrained build operations Thread 16" [_thread_blocked, id=14460, stack(0x000000f96a500000,0x000000f96a600000)]
  0x000002ca4b30d000 JavaThread "Unconstrained build operations Thread 17" [_thread_blocked, id=14820, stack(0x000000f96a600000,0x000000f96a700000)]
  0x000002ca4b309800 JavaThread "Unconstrained build operations Thread 18" [_thread_blocked, id=23184, stack(0x000000f96a700000,0x000000f96a800000)]
  0x000002ca4b30a800 JavaThread "Unconstrained build operations Thread 19" [_thread_blocked, id=25424, stack(0x000000f96a800000,0x000000f96a900000)]
  0x000002ca4b30b800 JavaThread "Unconstrained build operations Thread 20" [_thread_blocked, id=22804, stack(0x000000f96a900000,0x000000f96aa00000)]
  0x000002ca4b30e000 JavaThread "Unconstrained build operations Thread 21" [_thread_blocked, id=8120, stack(0x000000f96aa00000,0x000000f96ab00000)]
  0x000002ca4b30e800 JavaThread "Unconstrained build operations Thread 22" [_thread_blocked, id=20592, stack(0x000000f96ab00000,0x000000f96ac00000)]
  0x000002ca4b30c000 JavaThread "Unconstrained build operations Thread 23" [_thread_blocked, id=1476, stack(0x000000f96ac00000,0x000000f96ad00000)]
  0x000002ca4af7d000 JavaThread "Unconstrained build operations Thread 24" [_thread_blocked, id=14308, stack(0x000000f96ad00000,0x000000f96ae00000)]
  0x000002ca4af7c800 JavaThread "Unconstrained build operations Thread 25" [_thread_blocked, id=16044, stack(0x000000f96ae00000,0x000000f96af00000)]
  0x000002ca4af78800 JavaThread "Unconstrained build operations Thread 26" [_thread_blocked, id=21872, stack(0x000000f96af00000,0x000000f96b000000)]
  0x000002ca4af7e000 JavaThread "Unconstrained build operations Thread 27" [_thread_blocked, id=23276, stack(0x000000f96b000000,0x000000f96b100000)]
  0x000002ca4af79000 JavaThread "Unconstrained build operations Thread 28" [_thread_blocked, id=23852, stack(0x000000f96b100000,0x000000f96b200000)]
  0x000002ca4af7b800 JavaThread "Unconstrained build operations Thread 29" [_thread_blocked, id=25388, stack(0x000000f96b200000,0x000000f96b300000)]
  0x000002ca4af7f000 JavaThread "Unconstrained build operations Thread 30" [_thread_blocked, id=23164, stack(0x000000f96b300000,0x000000f96b400000)]
  0x000002ca4af7f800 JavaThread "Unconstrained build operations Thread 31" [_thread_blocked, id=11192, stack(0x000000f96b400000,0x000000f96b500000)]
  0x000002ca4af7a000 JavaThread "Unconstrained build operations Thread 32" [_thread_blocked, id=23368, stack(0x000000f96b500000,0x000000f96b600000)]
  0x000002ca4af80800 JavaThread "Unconstrained build operations Thread 33" [_thread_blocked, id=24752, stack(0x000000f96b600000,0x000000f96b700000)]
  0x000002ca4af7b000 JavaThread "Unconstrained build operations Thread 34" [_thread_blocked, id=22664, stack(0x000000f96b700000,0x000000f96b800000)]
  0x000002ca4af83000 JavaThread "Unconstrained build operations Thread 35" [_thread_blocked, id=12208, stack(0x000000f96b800000,0x000000f96b900000)]
  0x000002ca4af87000 JavaThread "Unconstrained build operations Thread 36" [_thread_blocked, id=25620, stack(0x000000f96b900000,0x000000f96ba00000)]
  0x000002ca4af85800 JavaThread "Unconstrained build operations Thread 37" [_thread_blocked, id=22748, stack(0x000000f96ba00000,0x000000f96bb00000)]
  0x000002ca4af82000 JavaThread "Unconstrained build operations Thread 38" [_thread_blocked, id=26544, stack(0x000000f96bb00000,0x000000f96bc00000)]
  0x000002ca4af81800 JavaThread "Unconstrained build operations Thread 39" [_thread_blocked, id=23300, stack(0x000000f96bc00000,0x000000f96bd00000)]
  0x000002ca4af84800 JavaThread "Unconstrained build operations Thread 40" [_thread_blocked, id=14220, stack(0x000000f96bd00000,0x000000f96be00000)]
  0x000002ca4af83800 JavaThread "Unconstrained build operations Thread 41" [_thread_blocked, id=5636, stack(0x000000f96be00000,0x000000f96bf00000)]
  0x000002ca4af86000 JavaThread "Unconstrained build operations Thread 42" [_thread_blocked, id=13520, stack(0x000000f96bf00000,0x000000f96c000000)]
  0x000002ca4f300800 JavaThread "Unconstrained build operations Thread 43" [_thread_blocked, id=18112, stack(0x000000f96c000000,0x000000f96c100000)]
  0x000002ca4f2ff800 JavaThread "Unconstrained build operations Thread 44" [_thread_blocked, id=23228, stack(0x000000f96c100000,0x000000f96c200000)]
  0x000002ca4f302000 JavaThread "Unconstrained build operations Thread 45" [_thread_blocked, id=10200, stack(0x000000f96c200000,0x000000f96c300000)]
  0x000002ca4f307000 JavaThread "Unconstrained build operations Thread 46" [_thread_blocked, id=26128, stack(0x000000f96c300000,0x000000f96c400000)]
  0x000002ca4f301800 JavaThread "Unconstrained build operations Thread 47" [_thread_blocked, id=13396, stack(0x000000f96c400000,0x000000f96c500000)]
  0x000002ca4f308000 JavaThread "Unconstrained build operations Thread 48" [_thread_blocked, id=740, stack(0x000000f96c500000,0x000000f96c600000)]
  0x000002ca4f308800 JavaThread "Unconstrained build operations Thread 49" [_thread_blocked, id=21596, stack(0x000000f96c600000,0x000000f96c700000)]
  0x000002ca4f303000 JavaThread "Unconstrained build operations Thread 50" [_thread_blocked, id=23688, stack(0x000000f96c700000,0x000000f96c800000)]
  0x000002ca4f306800 JavaThread "Unconstrained build operations Thread 51" [_thread_blocked, id=14156, stack(0x000000f96c800000,0x000000f96c900000)]
  0x000002ca4f309800 JavaThread "Unconstrained build operations Thread 52" [_thread_blocked, id=24292, stack(0x000000f96c900000,0x000000f96ca00000)]
  0x000002ca4f304000 JavaThread "Unconstrained build operations Thread 53" [_thread_blocked, id=23016, stack(0x000000f96ca00000,0x000000f96cb00000)]
  0x000002ca4f305800 JavaThread "Unconstrained build operations Thread 54" [_thread_blocked, id=23280, stack(0x000000f96cb00000,0x000000f96cc00000)]
  0x000002ca4f30a800 JavaThread "Unconstrained build operations Thread 55" [_thread_blocked, id=4612, stack(0x000000f96cc00000,0x000000f96cd00000)]
  0x000002ca4f304800 JavaThread "Unconstrained build operations Thread 56" [_thread_blocked, id=19812, stack(0x000000f96cd00000,0x000000f96ce00000)]
  0x000002ca4f30b000 JavaThread "Unconstrained build operations Thread 57" [_thread_blocked, id=2612, stack(0x000000f96ce00000,0x000000f96cf00000)]
  0x000002ca4f30c000 JavaThread "Unconstrained build operations Thread 58" [_thread_blocked, id=22056, stack(0x000000f96cf00000,0x000000f96d000000)]
  0x000002ca4f30d000 JavaThread "Unconstrained build operations Thread 59" [_thread_blocked, id=14540, stack(0x000000f96d000000,0x000000f96d100000)]
  0x000002ca4f30d800 JavaThread "Unconstrained build operations Thread 60" [_thread_blocked, id=7732, stack(0x000000f96d100000,0x000000f96d200000)]
  0x000002ca4f30e800 JavaThread "Unconstrained build operations Thread 61" [_thread_blocked, id=13888, stack(0x000000f96d200000,0x000000f96d300000)]
  0x000002ca4a0fd000 JavaThread "Unconstrained build operations Thread 62" [_thread_blocked, id=9472, stack(0x000000f96d300000,0x000000f96d400000)]
  0x000002ca4a0fb800 JavaThread "Unconstrained build operations Thread 63" [_thread_blocked, id=8760, stack(0x000000f96d400000,0x000000f96d500000)]
  0x000002ca4a0fe800 JavaThread "Unconstrained build operations Thread 64" [_thread_blocked, id=25020, stack(0x000000f96d500000,0x000000f96d600000)]
  0x000002ca4a0fc000 JavaThread "Unconstrained build operations Thread 65" [_thread_blocked, id=4700, stack(0x000000f96d600000,0x000000f96d700000)]
  0x000002ca4a0fe000 JavaThread "Unconstrained build operations Thread 66" [_thread_blocked, id=18008, stack(0x000000f96d700000,0x000000f96d800000)]
  0x000002ca4a0ff800 JavaThread "Unconstrained build operations Thread 67" [_thread_blocked, id=10584, stack(0x000000f96d800000,0x000000f96d900000)]
  0x000002ca4a100000 JavaThread "Unconstrained build operations Thread 68" [_thread_blocked, id=26540, stack(0x000000f96d900000,0x000000f96da00000)]
  0x000002ca4a0fa800 JavaThread "Unconstrained build operations Thread 69" [_thread_blocked, id=23440, stack(0x000000f96da00000,0x000000f96db00000)]
  0x000002ca4a105000 JavaThread "Unconstrained build operations Thread 70" [_thread_blocked, id=23788, stack(0x000000f96db00000,0x000000f96dc00000)]
  0x000002ca4a101000 JavaThread "Unconstrained build operations Thread 71" [_thread_blocked, id=3292, stack(0x000000f96dc00000,0x000000f96dd00000)]
  0x000002ca4a106000 JavaThread "Unconstrained build operations Thread 72" [_thread_blocked, id=26380, stack(0x000000f96dd00000,0x000000f96de00000)]
  0x000002ca4a107800 JavaThread "Unconstrained build operations Thread 73" [_thread_blocked, id=18720, stack(0x000000f96de00000,0x000000f96df00000)]
  0x000002ca4a106800 JavaThread "Unconstrained build operations Thread 74" [_thread_blocked, id=1040, stack(0x000000f96df00000,0x000000f96e000000)]
  0x000002ca4a102000 JavaThread "Unconstrained build operations Thread 75" [_thread_blocked, id=14556, stack(0x000000f96e000000,0x000000f96e100000)]
  0x000002ca4a102800 JavaThread "Unconstrained build operations Thread 76" [_thread_blocked, id=992, stack(0x000000f96e100000,0x000000f96e200000)]
  0x000002ca4a103800 JavaThread "Unconstrained build operations Thread 77" [_thread_blocked, id=12184, stack(0x000000f96e200000,0x000000f96e300000)]
  0x000002ca4a109000 JavaThread "Unconstrained build operations Thread 78" [_thread_blocked, id=12676, stack(0x000000f96e300000,0x000000f96e400000)]
  0x000002ca4a108800 JavaThread "Unconstrained build operations Thread 79" [_thread_blocked, id=2208, stack(0x000000f96e400000,0x000000f96e500000)]
  0x000002ca4a104800 JavaThread "Unconstrained build operations Thread 80" [_thread_blocked, id=2552, stack(0x000000f96e500000,0x000000f96e600000)]

Other Threads:
  0x000002ca485d3000 VMThread "VM Thread" [stack: 0x000000f966300000,0x000000f966400000] [id=22396]
  0x000002ca49131800 WatcherThread [stack: 0x000000f966d00000,0x000000f966e00000] [id=8416]
  0x000002ca2d9c1000 GCTaskThread "GC Thread#0" [stack: 0x000000f965e00000,0x000000f965f00000] [id=3932]
  0x000002ca49c83000 GCTaskThread "GC Thread#1" [stack: 0x000000f966e00000,0x000000f966f00000] [id=3636]
  0x000002ca4b19d800 GCTaskThread "GC Thread#2" [stack: 0x000000f967000000,0x000000f967100000] [id=15756]
  0x000002ca4a5b5000 GCTaskThread "GC Thread#3" [stack: 0x000000f967100000,0x000000f967200000] [id=13744]
  0x000002ca4a194800 GCTaskThread "GC Thread#4" [stack: 0x000000f967c00000,0x000000f967d00000] [id=22964]
  0x000002ca490f1000 GCTaskThread "GC Thread#5" [stack: 0x000000f967d00000,0x000000f967e00000] [id=3020]
  0x000002ca492b8800 GCTaskThread "GC Thread#6" [stack: 0x000000f967e00000,0x000000f967f00000] [id=16948]
  0x000002ca490f6000 GCTaskThread "GC Thread#7" [stack: 0x000000f967f00000,0x000000f968000000] [id=21264]
  0x000002ca2d9f5000 ConcurrentGCThread "G1 Main Marker" [stack: 0x000000f965f00000,0x000000f966000000] [id=23288]
  0x000002ca2d9f6800 ConcurrentGCThread "G1 Conc#0" [stack: 0x000000f966000000,0x000000f966100000] [id=16912]
  0x000002ca49a32000 ConcurrentGCThread "G1 Conc#1" [stack: 0x000000f968300000,0x000000f968400000] [id=24852]
  0x000002ca2da7e000 ConcurrentGCThread "G1 Refine#0" [stack: 0x000000f966100000,0x000000f966200000] [id=25384]
  0x000002ca4a6b0800 ConcurrentGCThread "G1 Refine#1" [stack: 0x000000f967200000,0x000000f967300000] [id=24964]
  0x000002ca2da7f000 ConcurrentGCThread "G1 Young RemSet Sampling" [stack: 0x000000f966200000,0x000000f966300000] [id=9736]

Threads with active compile tasks:
C2 CompilerThread0  16015 5341       4       java.lang.invoke.MethodType::makeImpl (108 bytes)

VM state:not at safepoint (normal execution)

VM Mutex/Monitor currently owned by a thread: None

Heap address: 0x0000000080000000, size: 2048 MB, Compressed Oops mode: 32-bit
Narrow klass base: 0x0000000000000000, Narrow klass shift: 3
Compressed class space size: 1073741824 Address: 0x0000000100000000

Heap:
 garbage-first heap   total 98304K, used 58747K [0x0000000080000000, 0x0000000100000000)
  region size 1024K, 6 young (6144K), 3 survivors (3072K)
 Metaspace       used 50394K, capacity 51944K, committed 52168K, reserved 1095680K
  class space    used 6429K, capacity 6924K, committed 7040K, reserved 1048576K
Heap Regions: E=young(eden), S=young(survivor), O=old, HS=humongous(starts), HC=humongous(continues), CS=collection set, F=free, A=archive, TAMS=top-at-mark-start (previous, next)
|   0|0x0000000080000000, 0x0000000080100000, 0x0000000080100000|100%| O|  |TAMS 0x0000000080100000, 0x0000000080000000| Untracked 
|   1|0x0000000080100000, 0x0000000080200000, 0x0000000080200000|100%| O|  |TAMS 0x0000000080200000, 0x0000000080100000| Untracked 
|   2|0x0000000080200000, 0x0000000080300000, 0x0000000080300000|100%| O|  |TAMS 0x0000000080300000, 0x0000000080200000| Untracked 
|   3|0x0000000080300000, 0x0000000080400000, 0x0000000080400000|100%|HS|  |TAMS 0x0000000080400000, 0x0000000080300000| Complete 
|   4|0x0000000080400000, 0x0000000080500000, 0x0000000080500000|100%|HC|  |TAMS 0x0000000080500000, 0x0000000080400000| Complete 
|   5|0x0000000080500000, 0x0000000080600000, 0x0000000080600000|100%|HC|  |TAMS 0x0000000080600000, 0x0000000080500000| Complete 
|   6|0x0000000080600000, 0x0000000080700000, 0x0000000080700000|100%| O|  |TAMS 0x0000000080700000, 0x0000000080600000| Untracked 
|   7|0x0000000080700000, 0x0000000080800000, 0x0000000080800000|100%| O|  |TAMS 0x0000000080800000, 0x0000000080700000| Untracked 
|   8|0x0000000080800000, 0x0000000080900000, 0x0000000080900000|100%| O|  |TAMS 0x0000000080900000, 0x0000000080800000| Untracked 
|   9|0x0000000080900000, 0x0000000080a00000, 0x0000000080a00000|100%| O|  |TAMS 0x0000000080a00000, 0x0000000080900000| Untracked 
|  10|0x0000000080a00000, 0x0000000080b00000, 0x0000000080b00000|100%| O|  |TAMS 0x0000000080b00000, 0x0000000080a00000| Untracked 
|  11|0x0000000080b00000, 0x0000000080c00000, 0x0000000080c00000|100%| O|  |TAMS 0x0000000080c00000, 0x0000000080b00000| Untracked 
|  12|0x0000000080c00000, 0x0000000080d00000, 0x0000000080d00000|100%| O|  |TAMS 0x0000000080d00000, 0x0000000080c00000| Untracked 
|  13|0x0000000080d00000, 0x0000000080e00000, 0x0000000080e00000|100%| O|  |TAMS 0x0000000080e00000, 0x0000000080d00000| Untracked 
|  14|0x0000000080e00000, 0x0000000080f00000, 0x0000000080f00000|100%| O|  |TAMS 0x0000000080f00000, 0x0000000080e00000| Untracked 
|  15|0x0000000080f00000, 0x0000000081000000, 0x0000000081000000|100%|HS|  |TAMS 0x0000000081000000, 0x0000000080f00000| Complete 
|  16|0x0000000081000000, 0x0000000081100000, 0x0000000081100000|100%|HC|  |TAMS 0x0000000081100000, 0x0000000081000000| Complete 
|  17|0x0000000081100000, 0x0000000081200000, 0x0000000081200000|100%|HS|  |TAMS 0x0000000081200000, 0x0000000081100000| Complete 
|  18|0x0000000081200000, 0x0000000081300000, 0x0000000081300000|100%|HC|  |TAMS 0x0000000081300000, 0x0000000081200000| Complete 
|  19|0x0000000081300000, 0x0000000081400000, 0x0000000081400000|100%|HC|  |TAMS 0x0000000081400000, 0x0000000081300000| Complete 
|  20|0x0000000081400000, 0x0000000081500000, 0x0000000081500000|100%|HS|  |TAMS 0x0000000081500000, 0x0000000081400000| Complete 
|  21|0x0000000081500000, 0x0000000081600000, 0x0000000081600000|100%|HC|  |TAMS 0x0000000081600000, 0x0000000081500000| Complete 
|  22|0x0000000081600000, 0x0000000081700000, 0x0000000081700000|100%|HC|  |TAMS 0x0000000081700000, 0x0000000081600000| Complete 
|  23|0x0000000081700000, 0x0000000081800000, 0x0000000081800000|100%|HC|  |TAMS 0x0000000081800000, 0x0000000081700000| Complete 
|  24|0x0000000081800000, 0x0000000081900000, 0x0000000081900000|100%| O|  |TAMS 0x0000000081900000, 0x0000000081800000| Untracked 
|  25|0x0000000081900000, 0x0000000081a00000, 0x0000000081a00000|100%| O|  |TAMS 0x0000000081a00000, 0x0000000081900000| Untracked 
|  26|0x0000000081a00000, 0x0000000081b00000, 0x0000000081b00000|100%| O|  |TAMS 0x0000000081b00000, 0x0000000081a00000| Untracked 
|  27|0x0000000081b00000, 0x0000000081c00000, 0x0000000081c00000|100%| O|  |TAMS 0x0000000081c00000, 0x0000000081b00000| Untracked 
|  28|0x0000000081c00000, 0x0000000081d00000, 0x0000000081d00000|100%| O|  |TAMS 0x0000000081d00000, 0x0000000081c00000| Untracked 
|  29|0x0000000081d00000, 0x0000000081e00000, 0x0000000081e00000|100%| O|  |TAMS 0x0000000081e00000, 0x0000000081d00000| Untracked 
|  30|0x0000000081e00000, 0x0000000081f00000, 0x0000000081f00000|100%| O|  |TAMS 0x0000000081f00000, 0x0000000081e00000| Untracked 
|  31|0x0000000081f00000, 0x0000000082000000, 0x0000000082000000|100%| O|  |TAMS 0x0000000082000000, 0x0000000081f00000| Untracked 
|  32|0x0000000082000000, 0x0000000082100000, 0x0000000082100000|100%| O|  |TAMS 0x0000000082100000, 0x0000000082000000| Untracked 
|  33|0x0000000082100000, 0x0000000082200000, 0x0000000082200000|100%|HS|  |TAMS 0x0000000082200000, 0x0000000082100000| Complete 
|  34|0x0000000082200000, 0x0000000082300000, 0x0000000082300000|100%|HC|  |TAMS 0x0000000082300000, 0x0000000082200000| Complete 
|  35|0x0000000082300000, 0x0000000082400000, 0x0000000082400000|100%|HC|  |TAMS 0x0000000082400000, 0x0000000082300000| Complete 
|  36|0x0000000082400000, 0x0000000082500000, 0x0000000082500000|100%| O|  |TAMS 0x0000000082500000, 0x0000000082400000| Untracked 
|  37|0x0000000082500000, 0x0000000082600000, 0x0000000082600000|100%| O|  |TAMS 0x0000000082600000, 0x0000000082500000| Untracked 
|  38|0x0000000082600000, 0x0000000082700000, 0x0000000082700000|100%| O|  |TAMS 0x0000000082700000, 0x0000000082600000| Untracked 
|  39|0x0000000082700000, 0x0000000082800000, 0x0000000082800000|100%| O|  |TAMS 0x0000000082800000, 0x0000000082700000| Untracked 
|  40|0x0000000082800000, 0x0000000082900000, 0x0000000082900000|100%| O|  |TAMS 0x0000000082900000, 0x0000000082800000| Untracked 
|  41|0x0000000082900000, 0x0000000082a00000, 0x0000000082a00000|100%| O|  |TAMS 0x0000000082a00000, 0x0000000082900000| Untracked 
|  42|0x0000000082a00000, 0x0000000082b00000, 0x0000000082b00000|100%| O|  |TAMS 0x0000000082b00000, 0x0000000082a00000| Untracked 
|  43|0x0000000082b00000, 0x0000000082c00000, 0x0000000082c00000|100%| O|  |TAMS 0x0000000082c00000, 0x0000000082b00000| Untracked 
|  44|0x0000000082c00000, 0x0000000082d00000, 0x0000000082d00000|100%| O|  |TAMS 0x0000000082d00000, 0x0000000082c00000| Untracked 
|  45|0x0000000082d00000, 0x0000000082e00000, 0x0000000082e00000|100%| O|  |TAMS 0x0000000082e00000, 0x0000000082d00000| Untracked 
|  46|0x0000000082e00000, 0x0000000082f00000, 0x0000000082f00000|100%| O|  |TAMS 0x0000000082f00000, 0x0000000082e00000| Untracked 
|  47|0x0000000082f00000, 0x0000000083000000, 0x0000000083000000|100%| O|  |TAMS 0x0000000083000000, 0x0000000082f00000| Untracked 
|  48|0x0000000083000000, 0x0000000083100000, 0x0000000083100000|100%|HS|  |TAMS 0x0000000083100000, 0x0000000083000000| Complete 
|  49|0x0000000083100000, 0x0000000083200000, 0x0000000083200000|100%|HC|  |TAMS 0x0000000083200000, 0x0000000083100000| Complete 
|  50|0x0000000083200000, 0x0000000083300000, 0x0000000083300000|100%|HC|  |TAMS 0x0000000083300000, 0x0000000083200000| Complete 
|  51|0x0000000083300000, 0x0000000083400000, 0x0000000083400000|100%|HC|  |TAMS 0x0000000083400000, 0x0000000083300000| Complete 
|  52|0x0000000083400000, 0x0000000083500000, 0x0000000083500000|100%| O|  |TAMS 0x0000000083454e00, 0x0000000083400000| Untracked 
|  53|0x0000000083500000, 0x00000000835f0600, 0x0000000083600000| 93%| O|  |TAMS 0x0000000083500000, 0x0000000083500000| Untracked 
|  54|0x0000000083600000, 0x0000000083600000, 0x0000000083700000|  0%| F|  |TAMS 0x0000000083600000, 0x0000000083600000| Untracked 
|  55|0x0000000083700000, 0x0000000083700000, 0x0000000083800000|  0%| F|  |TAMS 0x0000000083700000, 0x0000000083700000| Untracked 
|  56|0x0000000083800000, 0x0000000083800000, 0x0000000083900000|  0%| F|  |TAMS 0x0000000083800000, 0x0000000083800000| Untracked 
|  57|0x0000000083900000, 0x0000000083900000, 0x0000000083a00000|  0%| F|  |TAMS 0x0000000083900000, 0x0000000083900000| Untracked 
|  58|0x0000000083a00000, 0x0000000083a00000, 0x0000000083b00000|  0%| F|  |TAMS 0x0000000083a00000, 0x0000000083a00000| Untracked 
|  59|0x0000000083b00000, 0x0000000083b00000, 0x0000000083c00000|  0%| F|  |TAMS 0x0000000083b00000, 0x0000000083b00000| Untracked 
|  60|0x0000000083c00000, 0x0000000083c00000, 0x0000000083d00000|  0%| F|  |TAMS 0x0000000083c00000, 0x0000000083c00000| Untracked 
|  61|0x0000000083d00000, 0x0000000083d00000, 0x0000000083e00000|  0%| F|  |TAMS 0x0000000083d00000, 0x0000000083d00000| Untracked 
|  62|0x0000000083e00000, 0x0000000083e00000, 0x0000000083f00000|  0%| F|  |TAMS 0x0000000083e00000, 0x0000000083e00000| Untracked 
|  63|0x0000000083f00000, 0x0000000083f00000, 0x0000000084000000|  0%| F|  |TAMS 0x0000000083f00000, 0x0000000083f00000| Untracked 
|  64|0x0000000084000000, 0x0000000084000000, 0x0000000084100000|  0%| F|  |TAMS 0x0000000084000000, 0x0000000084000000| Untracked 
|  65|0x0000000084100000, 0x0000000084100000, 0x0000000084200000|  0%| F|  |TAMS 0x0000000084100000, 0x0000000084100000| Untracked 
|  66|0x0000000084200000, 0x0000000084200000, 0x0000000084300000|  0%| F|  |TAMS 0x0000000084200000, 0x0000000084200000| Untracked 
|  67|0x0000000084300000, 0x000000008436e940, 0x0000000084400000| 43%| S|CS|TAMS 0x0000000084300000, 0x0000000084300000| Complete 
|  68|0x0000000084400000, 0x0000000084500000, 0x0000000084500000|100%| S|CS|TAMS 0x0000000084400000, 0x0000000084400000| Complete 
|  69|0x0000000084500000, 0x0000000084600000, 0x0000000084600000|100%| S|CS|TAMS 0x0000000084500000, 0x0000000084500000| Complete 
|  70|0x0000000084600000, 0x0000000084600000, 0x0000000084700000|  0%| F|  |TAMS 0x0000000084600000, 0x0000000084600000| Untracked 
|  71|0x0000000084700000, 0x0000000084700000, 0x0000000084800000|  0%| F|  |TAMS 0x0000000084700000, 0x0000000084700000| Untracked 
|  72|0x0000000084800000, 0x0000000084800000, 0x0000000084900000|  0%| F|  |TAMS 0x0000000084800000, 0x0000000084800000| Untracked 
|  73|0x0000000084900000, 0x0000000084900000, 0x0000000084a00000|  0%| F|  |TAMS 0x0000000084900000, 0x0000000084900000| Untracked 
|  74|0x0000000084a00000, 0x0000000084a00000, 0x0000000084b00000|  0%| F|  |TAMS 0x0000000084a00000, 0x0000000084a00000| Untracked 
|  75|0x0000000084b00000, 0x0000000084b00000, 0x0000000084c00000|  0%| F|  |TAMS 0x0000000084b00000, 0x0000000084b00000| Untracked 
|  76|0x0000000084c00000, 0x0000000084c00000, 0x0000000084d00000|  0%| F|  |TAMS 0x0000000084c00000, 0x0000000084c00000| Untracked 
|  77|0x0000000084d00000, 0x0000000084d00000, 0x0000000084e00000|  0%| F|  |TAMS 0x0000000084d00000, 0x0000000084d00000| Untracked 
|  78|0x0000000084e00000, 0x0000000084e00000, 0x0000000084f00000|  0%| F|  |TAMS 0x0000000084e00000, 0x0000000084e00000| Untracked 
|  79|0x0000000084f00000, 0x0000000084f00000, 0x0000000085000000|  0%| F|  |TAMS 0x0000000084f00000, 0x0000000084f00000| Untracked 
|  80|0x0000000085000000, 0x0000000085000000, 0x0000000085100000|  0%| F|  |TAMS 0x0000000085000000, 0x0000000085000000| Untracked 
|  81|0x0000000085100000, 0x0000000085100000, 0x0000000085200000|  0%| F|  |TAMS 0x0000000085100000, 0x0000000085100000| Untracked 
|  82|0x0000000085200000, 0x0000000085200000, 0x0000000085300000|  0%| F|  |TAMS 0x0000000085200000, 0x0000000085200000| Untracked 
|  83|0x0000000085300000, 0x0000000085300000, 0x0000000085400000|  0%| F|  |TAMS 0x0000000085300000, 0x0000000085300000| Untracked 
|  84|0x0000000085400000, 0x0000000085400000, 0x0000000085500000|  0%| F|  |TAMS 0x0000000085400000, 0x0000000085400000| Untracked 
|  85|0x0000000085500000, 0x0000000085500000, 0x0000000085600000|  0%| F|  |TAMS 0x0000000085500000, 0x0000000085500000| Untracked 
|  86|0x0000000085600000, 0x0000000085600000, 0x0000000085700000|  0%| F|  |TAMS 0x0000000085600000, 0x0000000085600000| Untracked 
|  87|0x0000000085700000, 0x0000000085700000, 0x0000000085800000|  0%| F|  |TAMS 0x0000000085700000, 0x0000000085700000| Untracked 
|  88|0x0000000085800000, 0x0000000085800000, 0x0000000085900000|  0%| F|  |TAMS 0x0000000085800000, 0x0000000085800000| Untracked 
|  89|0x0000000085900000, 0x0000000085900000, 0x0000000085a00000|  0%| F|  |TAMS 0x0000000085900000, 0x0000000085900000| Untracked 
|  90|0x0000000085a00000, 0x0000000085a00000, 0x0000000085b00000|  0%| F|  |TAMS 0x0000000085a00000, 0x0000000085a00000| Untracked 
|  91|0x0000000085b00000, 0x0000000085b00000, 0x0000000085c00000|  0%| F|  |TAMS 0x0000000085b00000, 0x0000000085b00000| Untracked 
|  92|0x0000000085c00000, 0x0000000085c00000, 0x0000000085d00000|  0%| F|  |TAMS 0x0000000085c00000, 0x0000000085c00000| Untracked 
|  93|0x0000000085d00000, 0x0000000085d8d7f8, 0x0000000085e00000| 55%| E|  |TAMS 0x0000000085d00000, 0x0000000085d00000| Complete 
|  94|0x0000000085e00000, 0x0000000085f00000, 0x0000000085f00000|100%| E|  |TAMS 0x0000000085e00000, 0x0000000085e00000| Complete 
|  95|0x0000000085f00000, 0x0000000086000000, 0x0000000086000000|100%| E|CS|TAMS 0x0000000085f00000, 0x0000000085f00000| Complete 

Card table byte_map: [0x000002ca41310000,0x000002ca41710000] _byte_map_base: 0x000002ca40f10000

Marking Bits (Prev, Next): (CMBitMap*) 0x000002ca2d9ec618, (CMBitMap*) 0x000002ca2d9ec650
 Prev Bits: [0x000002ca41b10000, 0x000002ca43b10000)
 Next Bits: [0x000002ca43b10000, 0x000002ca45b10000)

Polling page: 0x000002ca2c1a0000

Metaspace:

Usage:
  Non-class:     43.96 MB capacity,    42.94 MB ( 98%) used,   916.27 KB (  2%) free+waste,   136.81 KB ( <1%) overhead. 
      Class:      6.76 MB capacity,     6.28 MB ( 93%) used,   428.91 KB (  6%) free+waste,    65.56 KB ( <1%) overhead. 
       Both:     50.73 MB capacity,    49.22 MB ( 97%) used,     1.31 MB (  3%) free+waste,   202.38 KB ( <1%) overhead. 

Virtual space:
  Non-class space:       46.00 MB reserved,      44.07 MB ( 96%) committed 
      Class space:        1.00 GB reserved,       6.88 MB ( <1%) committed 
             Both:        1.04 GB reserved,      50.95 MB (  5%) committed 

Chunk freelists:
   Non-Class:  44.00 KB
       Class:  0 bytes
        Both:  44.00 KB

MaxMetaspaceSize: 17179869184.00 GB
CompressedClassSpaceSize: 1.00 GB

CodeHeap 'non-profiled nmethods': size=120000Kb used=2709Kb max_used=2709Kb free=117290Kb
 bounds [0x000002ca38f80000, 0x000002ca39230000, 0x000002ca404b0000]
CodeHeap 'profiled nmethods': size=120000Kb used=11424Kb max_used=11424Kb free=108575Kb
 bounds [0x000002ca31a50000, 0x000002ca32580000, 0x000002ca38f80000]
CodeHeap 'non-nmethods': size=5760Kb used=2223Kb max_used=2257Kb free=3536Kb
 bounds [0x000002ca314b0000, 0x000002ca31720000, 0x000002ca31a50000]
 total_blobs=6423 nmethods=5626 adapters=708
 compilation: enabled
              stopped_count=0, restarted_count=0
 full_count=0

Compilation events (20 events):
Event: 15.908 Thread 0x000002ca48609800 5625       3       org.gradle.internal.concurrent.ManagedExecutorImpl::trackedCommand (10 bytes)
Event: 15.908 Thread 0x000002ca48609800 nmethod 5625 0x000002ca3254c890 code [0x000002ca3254ca60, 0x000002ca3254cd38]
Event: 15.908 Thread 0x000002ca48609800 5628       3       org.gradle.internal.concurrent.ManagedExecutorImpl::execute (15 bytes)
Event: 15.909 Thread 0x000002ca48609800 nmethod 5628 0x000002ca3254ce90 code [0x000002ca3254d080, 0x000002ca3254d4e8]
Event: 15.909 Thread 0x000002ca48609800 5626       3       org.gradle.internal.concurrent.ManagedExecutorImpl$1::<init> (15 bytes)
Event: 15.909 Thread 0x000002ca48609800 nmethod 5626 0x000002ca3254d690 code [0x000002ca3254d840, 0x000002ca3254da58]
Event: 15.909 Thread 0x000002ca48609800 5627       3       java.util.concurrent.atomic.AtomicInteger::getAndIncrement (12 bytes)
Event: 15.909 Thread 0x000002ca48609800 nmethod 5627 0x000002ca3254db10 code [0x000002ca3254dcc0, 0x000002ca3254ddd8]
Event: 15.909 Thread 0x000002ca48609800 5629       3       java.util.concurrent.ThreadPoolExecutor::execute (132 bytes)
Event: 15.911 Thread 0x000002ca48609800 nmethod 5629 0x000002ca3254de90 code [0x000002ca3254e140, 0x000002ca3254ed68]
Event: 15.914 Thread 0x000002ca48609800 5630       3       java.util.concurrent.ThreadPoolExecutor$Worker::lock (6 bytes)
Event: 15.915 Thread 0x000002ca48609800 nmethod 5630 0x000002ca3254f190 code [0x000002ca3254f400, 0x000002ca3254fda8]
Event: 15.915 Thread 0x000002ca48609800 5631       3       java.util.concurrent.ThreadPoolExecutor::beforeExecute (1 bytes)
Event: 15.915 Thread 0x000002ca48609800 nmethod 5631 0x000002ca32550110 code [0x000002ca325502c0, 0x000002ca325503b8]
Event: 15.915 Thread 0x000002ca48609800 5632   !   3       org.gradle.internal.concurrent.ManagedExecutorImpl$1::run (57 bytes)
Event: 15.919 Thread 0x000002ca48609800 nmethod 5632 0x000002ca32550490 code [0x000002ca325508e0, 0x000002ca32552578]
Event: 15.919 Thread 0x000002ca48609800 5634       3       org.gradle.internal.serialize.kryo.KryoBackedEncoder::writeLong (9 bytes)
Event: 15.920 Thread 0x000002ca48609800 nmethod 5634 0x000002ca32553490 code [0x000002ca32553640, 0x000002ca32553788]
Event: 15.920 Thread 0x000002ca48609800 5633  s    3       java.io.BufferedOutputStream::flush (12 bytes)
Event: 15.920 Thread 0x000002ca48609800 nmethod 5633 0x000002ca32553890 code [0x000002ca32553a60, 0x000002ca32553ef8]

GC Heap History (20 events):
Event: 9.726 GC heap before
{Heap before GC invocations=6 (full 0):
 garbage-first heap   total 98304K, used 67339K [0x0000000080000000, 0x0000000100000000)
  region size 1024K, 44 young (45056K), 4 survivors (4096K)
 Metaspace       used 28145K, capacity 28966K, committed 29104K, reserved 1075200K
  class space    used 3728K, capacity 4035K, committed 4096K, reserved 1048576K
}
Event: 9.733 GC heap after
{Heap after GC invocations=7 (full 0):
 garbage-first heap   total 98304K, used 32353K [0x0000000080000000, 0x0000000100000000)
  region size 1024K, 6 young (6144K), 6 survivors (6144K)
 Metaspace       used 28145K, capacity 28966K, committed 29104K, reserved 1075200K
  class space    used 3728K, capacity 4035K, committed 4096K, reserved 1048576K
}
Event: 10.363 GC heap before
{Heap before GC invocations=7 (full 0):
 garbage-first heap   total 98304K, used 67169K [0x0000000080000000, 0x0000000100000000)
  region size 1024K, 40 young (40960K), 6 survivors (6144K)
 Metaspace       used 32719K, capacity 33633K, committed 33968K, reserved 1079296K
  class space    used 4425K, capacity 4763K, committed 4864K, reserved 1048576K
}
Event: 10.370 GC heap after
{Heap after GC invocations=8 (full 0):
 garbage-first heap   total 98304K, used 34170K [0x0000000080000000, 0x0000000100000000)
  region size 1024K, 2 young (2048K), 2 survivors (2048K)
 Metaspace       used 32719K, capacity 33633K, committed 33968K, reserved 1079296K
  class space    used 4425K, capacity 4763K, committed 4864K, reserved 1048576K
}
Event: 10.614 GC heap before
{Heap before GC invocations=8 (full 0):
 garbage-first heap   total 98304K, used 40314K [0x0000000080000000, 0x0000000100000000)
  region size 1024K, 9 young (9216K), 2 survivors (2048K)
 Metaspace       used 34537K, capacity 35477K, committed 35632K, reserved 1079296K
  class space    used 4541K, capacity 4888K, committed 4992K, reserved 1048576K
}
Event: 10.621 GC heap after
{Heap after GC invocations=9 (full 0):
 garbage-first heap   total 98304K, used 34939K [0x0000000080000000, 0x0000000100000000)
  region size 1024K, 3 young (3072K), 3 survivors (3072K)
 Metaspace       used 34537K, capacity 35477K, committed 35632K, reserved 1079296K
  class space    used 4541K, capacity 4888K, committed 4992K, reserved 1048576K
}
Event: 11.156 GC heap before
{Heap before GC invocations=10 (full 0):
 garbage-first heap   total 98304K, used 65659K [0x0000000080000000, 0x0000000100000000)
  region size 1024K, 34 young (34816K), 3 survivors (3072K)
 Metaspace       used 38188K, capacity 39255K, committed 39496K, reserved 1083392K
  class space    used 4948K, capacity 5356K, committed 5376K, reserved 1048576K
}
Event: 11.163 GC heap after
{Heap after GC invocations=11 (full 0):
 garbage-first heap   total 98304K, used 38359K [0x0000000080000000, 0x0000000100000000)
  region size 1024K, 5 young (5120K), 5 survivors (5120K)
 Metaspace       used 38188K, capacity 39255K, committed 39496K, reserved 1083392K
  class space    used 4948K, capacity 5356K, committed 5376K, reserved 1048576K
}
Event: 12.013 GC heap before
{Heap before GC invocations=11 (full 0):
 garbage-first heap   total 98304K, used 73175K [0x0000000080000000, 0x0000000100000000)
  region size 1024K, 36 young (36864K), 5 survivors (5120K)
 Metaspace       used 41686K, capacity 42824K, committed 42952K, reserved 1087488K
  class space    used 5336K, capacity 5733K, committed 5760K, reserved 1048576K
}
Event: 12.020 GC heap after
{Heap after GC invocations=12 (full 0):
 garbage-first heap   total 98304K, used 40589K [0x0000000080000000, 0x0000000100000000)
  region size 1024K, 3 young (3072K), 3 survivors (3072K)
 Metaspace       used 41686K, capacity 42824K, committed 42952K, reserved 1087488K
  class space    used 5336K, capacity 5733K, committed 5760K, reserved 1048576K
}
Event: 13.219 GC heap before
{Heap before GC invocations=12 (full 0):
 garbage-first heap   total 98304K, used 74381K [0x0000000080000000, 0x0000000100000000)
  region size 1024K, 33 young (33792K), 3 survivors (3072K)
 Metaspace       used 43496K, capacity 44718K, committed 44872K, reserved 1087488K
  class space    used 5586K, capacity 6036K, committed 6144K, reserved 1048576K
}
Event: 13.224 GC heap after
{Heap after GC invocations=13 (full 0):
 garbage-first heap   total 98304K, used 46391K [0x0000000080000000, 0x0000000100000000)
  region size 1024K, 5 young (5120K), 5 survivors (5120K)
 Metaspace       used 43496K, capacity 44718K, committed 44872K, reserved 1087488K
  class space    used 5586K, capacity 6036K, committed 6144K, reserved 1048576K
}
Event: 13.565 GC heap before
{Heap before GC invocations=13 (full 0):
 garbage-first heap   total 98304K, used 75063K [0x0000000080000000, 0x0000000100000000)
  region size 1024K, 33 young (33792K), 5 survivors (5120K)
 Metaspace       used 45409K, capacity 46756K, committed 47048K, reserved 1089536K
  class space    used 5721K, capacity 6180K, committed 6272K, reserved 1048576K
}
Event: 13.572 GC heap after
{Heap after GC invocations=14 (full 0):
 garbage-first heap   total 98304K, used 48740K [0x0000000080000000, 0x0000000100000000)
  region size 1024K, 3 young (3072K), 3 survivors (3072K)
 Metaspace       used 45409K, capacity 46756K, committed 47048K, reserved 1089536K
  class space    used 5721K, capacity 6180K, committed 6272K, reserved 1048576K
}
Event: 13.837 GC heap before
{Heap before GC invocations=14 (full 0):
 garbage-first heap   total 98304K, used 62052K [0x0000000080000000, 0x0000000100000000)
  region size 1024K, 17 young (17408K), 3 survivors (3072K)
 Metaspace       used 46435K, capacity 47700K, committed 47944K, reserved 1091584K
  class space    used 5886K, capacity 6325K, committed 6400K, reserved 1048576K
}
Event: 13.844 GC heap after
{Heap after GC invocations=15 (full 0):
 garbage-first heap   total 98304K, used 49581K [0x0000000080000000, 0x0000000100000000)
  region size 1024K, 1 young (1024K), 1 survivors (1024K)
 Metaspace       used 46435K, capacity 47700K, committed 47944K, reserved 1091584K
  class space    used 5886K, capacity 6325K, committed 6400K, reserved 1048576K
}
Event: 14.344 GC heap before
{Heap before GC invocations=16 (full 0):
 garbage-first heap   total 98304K, used 80301K [0x0000000080000000, 0x0000000100000000)
  region size 1024K, 27 young (27648K), 1 survivors (1024K)
 Metaspace       used 47830K, capacity 49267K, committed 49480K, reserved 1091584K
  class space    used 6122K, capacity 6572K, committed 6656K, reserved 1048576K
}
Event: 14.347 GC heap after
{Heap after GC invocations=17 (full 0):
 garbage-first heap   total 98304K, used 55216K [0x0000000080000000, 0x0000000100000000)
  region size 1024K, 3 young (3072K), 3 survivors (3072K)
 Metaspace       used 47830K, capacity 49267K, committed 49480K, reserved 1091584K
  class space    used 6122K, capacity 6572K, committed 6656K, reserved 1048576K
}
Event: 14.991 GC heap before
{Heap before GC invocations=17 (full 0):
 garbage-first heap   total 98304K, used 78768K [0x0000000080000000, 0x0000000100000000)
  region size 1024K, 26 young (26624K), 3 survivors (3072K)
 Metaspace       used 49527K, capacity 50925K, committed 51272K, reserved 1093632K
  class space    used 6358K, capacity 6803K, committed 6912K, reserved 1048576K
}
Event: 14.999 GC heap after
{Heap after GC invocations=18 (full 0):
 garbage-first heap   total 98304K, used 56490K [0x0000000080000000, 0x0000000100000000)
  region size 1024K, 3 young (3072K), 3 survivors (3072K)
 Metaspace       used 49527K, capacity 50925K, committed 51272K, reserved 1093632K
  class space    used 6358K, capacity 6803K, committed 6912K, reserved 1048576K
}

Deoptimization events (20 events):
Event: 15.601 Thread 0x000002ca4cd9f000 DEOPT PACKING pc=0x000002ca391f6f60 sp=0x000000f9699fd620
Event: 15.601 Thread 0x000002ca4cd9f000 DEOPT UNPACKING pc=0x000002ca314d662f sp=0x000000f9699fd5b8 mode 2
Event: 15.619 Thread 0x000002ca4b305000 DEOPT PACKING pc=0x000002ca3214cdf4 sp=0x000000f969bfd270
Event: 15.619 Thread 0x000002ca4b305000 DEOPT UNPACKING pc=0x000002ca314d6dde sp=0x000000f969bfc810 mode 0
Event: 15.659 Thread 0x000002ca4cd9e000 DEOPT PACKING pc=0x000002ca3214cdf4 sp=0x000000f9698fccb0
Event: 15.659 Thread 0x000002ca4cd9e000 DEOPT UNPACKING pc=0x000002ca314d6dde sp=0x000000f9698fc250 mode 0
Event: 15.683 Thread 0x000002ca4cd9f000 DEOPT PACKING pc=0x000002ca31d7b1da sp=0x000000f9699fd690
Event: 15.683 Thread 0x000002ca4cd9f000 DEOPT UNPACKING pc=0x000002ca314d6dde sp=0x000000f9699fcb18 mode 0
Event: 15.692 Thread 0x000002ca4b305800 DEOPT PACKING pc=0x000002ca3214cdf4 sp=0x000000f969cfd870
Event: 15.692 Thread 0x000002ca4b305800 DEOPT UNPACKING pc=0x000002ca314d6dde sp=0x000000f969cfce10 mode 0
Event: 15.731 Thread 0x000002ca4af7a000 DEOPT PACKING pc=0x000002ca3214cdf4 sp=0x000000f96b5fd8d0
Event: 15.731 Thread 0x000002ca4af7a000 DEOPT UNPACKING pc=0x000002ca314d6dde sp=0x000000f96b5fce70 mode 0
Event: 15.760 Thread 0x000002ca4af7d000 DEOPT PACKING pc=0x000002ca3214cdf4 sp=0x000000f96adfcfa0
Event: 15.760 Thread 0x000002ca4af7d000 DEOPT UNPACKING pc=0x000002ca314d6dde sp=0x000000f96adfc540 mode 0
Event: 15.782 Thread 0x000002ca4a102000 DEOPT PACKING pc=0x000002ca3214cdf4 sp=0x000000f96e0fd7a0
Event: 15.782 Thread 0x000002ca4a102000 DEOPT UNPACKING pc=0x000002ca314d6dde sp=0x000000f96e0fcd40 mode 0
Event: 15.794 Thread 0x000002ca49f1f000 Uncommon trap: trap_request=0xffffff4d fr.pc=0x000002ca3912ebec relative=0x00000000000001ac
Event: 15.794 Thread 0x000002ca49f1f000 Uncommon trap: reason=unstable_if action=reinterpret pc=0x000002ca3912ebec method=org.gradle.internal.snapshot.PathUtil.equalChars(CCLorg/gradle/internal/snapshot/CaseSensitivity;)Z @ 11 c2
Event: 15.794 Thread 0x000002ca49f1f000 DEOPT PACKING pc=0x000002ca3912ebec sp=0x000000f9678f9060
Event: 15.794 Thread 0x000002ca49f1f000 DEOPT UNPACKING pc=0x000002ca314d662f sp=0x000000f9678f9010 mode 2

Classes redefined (0 events):
No events

Internal exceptions (20 events):
Event: 14.216 Thread 0x000002ca49f1f000 Exception <a 'java/lang/ClassNotFoundException'{0x0000000084e71400}: org/gradle/internal/service/DefaultServiceRegistryCustomizer> (0x0000000084e71400) thrown at [./src/hotspot/share/classfile/systemDictionary.cpp, line 231]
Event: 14.218 Thread 0x000002ca49f1f000 Exception <a 'java/lang/ClassNotFoundException'{0x0000000084e97e40}: org/gradle/internal/service/scopes/ProjectScopeServicesCustomizer> (0x0000000084e97e40) thrown at [./src/hotspot/share/classfile/systemDictionary.cpp, line 231]
Event: 14.224 Thread 0x000002ca49f1f000 Exception <a 'java/lang/ClassNotFoundException'{0x0000000084ee8390}: org/gradle/tooling/provider/model/internal/DefaultToolingModelBuilderRegistryBeanInfo> (0x0000000084ee8390) thrown at [./src/hotspot/share/classfile/systemDictionary.cpp, line 231]
Event: 14.225 Thread 0x000002ca49f1f000 Exception <a 'java/lang/ClassNotFoundException'{0x0000000084d05528}: org/gradle/tooling/provider/model/internal/DefaultToolingModelBuilderRegistryCustomizer> (0x0000000084d05528) thrown at [./src/hotspot/share/classfile/systemDictionary.cpp, line 231]
Event: 14.232 Thread 0x000002ca49f1f000 Exception <a 'java/lang/ClassNotFoundException'{0x0000000084ca70b8}: org/codehaus/groovy/reflection/CachedFieldBeanInfo> (0x0000000084ca70b8) thrown at [./src/hotspot/share/classfile/systemDictionary.cpp, line 231]
Event: 14.233 Thread 0x000002ca49f1f000 Exception <a 'java/lang/ClassNotFoundException'{0x0000000084cc94e8}: groovy/lang/MetaPropertyBeanInfo> (0x0000000084cc94e8) thrown at [./src/hotspot/share/classfile/systemDictionary.cpp, line 231]
Event: 14.234 Thread 0x000002ca49f1f000 Exception <a 'java/lang/ClassNotFoundException'{0x0000000084cec420}: groovy/lang/MetaPropertyCustomizer> (0x0000000084cec420) thrown at [./src/hotspot/share/classfile/systemDictionary.cpp, line 231]
Event: 14.240 Thread 0x000002ca49f1f000 Exception <a 'java/lang/ClassNotFoundException'{0x0000000084a75e00}: org/codehaus/groovy/reflection/CachedFieldCustomizer> (0x0000000084a75e00) thrown at [./src/hotspot/share/classfile/systemDictionary.cpp, line 231]
Event: 14.266 Thread 0x000002ca49f1f000 Exception <a 'java/lang/ClassNotFoundException'{0x0000000084927620}: org/gradle/tooling/provider/model/internal/DefaultToolingModelBuilderRegistry$1BeanInfo> (0x0000000084927620) thrown at [./src/hotspot/share/classfile/systemDictionary.cpp, line 231]
Event: 14.267 Thread 0x000002ca49f1f000 Exception <a 'java/lang/ClassNotFoundException'{0x0000000084944b40}: org/gradle/tooling/provider/model/internal/DefaultToolingModelBuilderRegistry$1Customizer> (0x0000000084944b40) thrown at [./src/hotspot/share/classfile/systemDictionary.cpp, line 231]
Event: 14.272 Thread 0x000002ca49f1f000 Exception <a 'java/lang/ClassNotFoundException'{0x00000000849b3d50}: java/util/CollectionBeanInfo> (0x00000000849b3d50) thrown at [./src/hotspot/share/classfile/systemDictionary.cpp, line 231]
Event: 14.273 Thread 0x000002ca49f1f000 Exception <a 'java/lang/ClassNotFoundException'{0x00000000849bee40}: java/util/CollectionCustomizer> (0x00000000849bee40) thrown at [./src/hotspot/share/classfile/systemDictionary.cpp, line 231]
Event: 14.330 Thread 0x000002ca49f1f000 Implicit null exception at 0x000002ca3904f8f4 to 0x000002ca3904fb04
Event: 14.330 Thread 0x000002ca49f1f000 Implicit null exception at 0x000002ca38fbc6f8 to 0x000002ca38fbc78a
Event: 14.416 Thread 0x000002ca49f1f000 Exception <a 'java/lang/ClassNotFoundException'{0x0000000085df33e0}: build_52yr44vwg5xq78kaoaemd2435BeanInfo> (0x0000000085df33e0) thrown at [./src/hotspot/share/classfile/systemDictionary.cpp, line 231]
Event: 14.416 Thread 0x000002ca49f1f000 Exception <a 'java/lang/ClassNotFoundException'{0x0000000085c0adf0}: org/gradle/api/internal/project/ProjectScriptBeanInfo> (0x0000000085c0adf0) thrown at [./src/hotspot/share/classfile/systemDictionary.cpp, line 231]
Event: 14.417 Thread 0x000002ca49f1f000 Exception <a 'java/lang/ClassNotFoundException'{0x0000000085c214b8}: org/gradle/api/internal/project/ProjectScriptCustomizer> (0x0000000085c214b8) thrown at [./src/hotspot/share/classfile/systemDictionary.cpp, line 231]
Event: 14.418 Thread 0x000002ca49f1f000 Exception <a 'java/lang/ClassNotFoundException'{0x0000000085c3c738}: build_52yr44vwg5xq78kaoaemd2435Customizer> (0x0000000085c3c738) thrown at [./src/hotspot/share/classfile/systemDictionary.cpp, line 231]
Event: 15.514 Thread 0x000002ca49f1f000 Exception <a 'java/lang/NoSuchMethodError'{0x0000000085655638}: 'void java.lang.invoke.DirectMethodHandle$Holder.invokeStatic(java.lang.Object, java.lang.Object, java.lang.Object, int, java.lang.Object)'> (0x0000000085655638) thrown at [./src/hotspot/share/interpreter/linkResolver.cpp, line 773]
Event: 15.601 Thread 0x000002ca4cd9f000 Implicit null exception at 0x000002ca391f6d0f to 0x000002ca391f6f50

Events (20 events):
Event: 15.554 Thread 0x000002ca4a108800 Thread added: 0x000002ca4a108800
Event: 15.554 Thread 0x000002ca4a104800 Thread added: 0x000002ca4a104800
Event: 15.599 loading class org/gradle/api/internal/artifacts/ivyservice/modulecache/artifacts/DefaultCachedArtifact
Event: 15.599 loading class org/gradle/api/internal/artifacts/ivyservice/modulecache/artifacts/DefaultCachedArtifact done
Event: 15.601 loading class org/gradle/internal/component/model/ModuleSources
Event: 15.601 loading class org/gradle/internal/component/model/ModuleSources done
Event: 15.601 Executing VM operation: RevokeBias
Event: 15.602 Executing VM operation: RevokeBias done
Event: 15.602 loading class org/gradle/internal/component/model/ModuleSources
Event: 15.602 loading class org/gradle/internal/component/model/ModuleSources done
Event: 15.602 loading class org/gradle/api/internal/artifacts/DefaultArtifactIdentifier
Event: 15.602 loading class org/gradle/api/internal/artifacts/DefaultArtifactIdentifier done
Event: 15.603 loading class org/gradle/api/internal/artifacts/ivyservice/resolutionstrategy/DefaultCachePolicy$CachedArtifactResolutionControl
Event: 15.603 loading class org/gradle/api/internal/artifacts/ivyservice/resolutionstrategy/DefaultCachePolicy$CachedArtifactResolutionControl done
Event: 15.604 loading class org/gradle/api/internal/artifacts/DownloadArtifactBuildOperationType
Event: 15.604 loading class org/gradle/api/internal/artifacts/DownloadArtifactBuildOperationType done
Event: 15.604 loading class org/gradle/api/internal/artifacts/DownloadArtifactBuildOperationType$Result
Event: 15.604 loading class org/gradle/api/internal/artifacts/DownloadArtifactBuildOperationType$Result done
Event: 15.605 loading class org/gradle/api/internal/artifacts/DownloadArtifactBuildOperationType$1
Event: 15.605 loading class org/gradle/api/internal/artifacts/DownloadArtifactBuildOperationType$1 done


Dynamic libraries:
0x00007ff60d9f0000 - 0x00007ff60d9fa000 	C:\Users\User\AppData\Local\JetBrains\Toolbox\apps\AndroidStudio\ch-0\211.7628.21.2111.8193401\jre\bin\java.exe
0x00007ff9d42f0000 - 0x00007ff9d44e5000 	C:\Windows\SYSTEM32\ntdll.dll
0x00007ff9d2e70000 - 0x00007ff9d2f2e000 	C:\Windows\System32\KERNEL32.DLL
0x00007ff9d1b10000 - 0x00007ff9d1dd8000 	C:\Windows\System32\KERNELBASE.dll
0x00007ff9d2230000 - 0x00007ff9d2330000 	C:\Windows\System32\ucrtbase.dll
0x00007ff9aeec0000 - 0x00007ff9aeed7000 	C:\Users\User\AppData\Local\JetBrains\Toolbox\apps\AndroidStudio\ch-0\211.7628.21.2111.8193401\jre\bin\VCRUNTIME140.dll
0x00007ff9aedf0000 - 0x00007ff9aee09000 	C:\Users\User\AppData\Local\JetBrains\Toolbox\apps\AndroidStudio\ch-0\211.7628.21.2111.8193401\jre\bin\jli.dll
0x00007ff9d3390000 - 0x00007ff9d3531000 	C:\Windows\System32\USER32.dll
0x00007ff9d1ee0000 - 0x00007ff9d1f02000 	C:\Windows\System32\win32u.dll
0x00007ff9d4170000 - 0x00007ff9d419b000 	C:\Windows\System32\GDI32.dll
0x00007ff9d1a00000 - 0x00007ff9d1b0d000 	C:\Windows\System32\gdi32full.dll
0x00007ff9d1e40000 - 0x00007ff9d1edd000 	C:\Windows\System32\msvcp_win.dll
0x00007ff9bfed0000 - 0x00007ff9c016a000 	C:\Windows\WinSxS\amd64_microsoft.windows.common-controls_6595b64144ccf1df_6.0.19041.1110_none_60b5254171f9507e\COMCTL32.dll
0x00007ff9d3280000 - 0x00007ff9d331e000 	C:\Windows\System32\msvcrt.dll
0x00007ff9d3540000 - 0x00007ff9d3570000 	C:\Windows\System32\IMM32.DLL
0x00007ff9a6aa0000 - 0x00007ff9a6b3d000 	C:\Users\User\AppData\Local\JetBrains\Toolbox\apps\AndroidStudio\ch-0\211.7628.21.2111.8193401\jre\bin\msvcp140.dll
0x00007ff941520000 - 0x00007ff941ff5000 	C:\Users\User\AppData\Local\JetBrains\Toolbox\apps\AndroidStudio\ch-0\211.7628.21.2111.8193401\jre\bin\server\jvm.dll
0x00007ff9d2c90000 - 0x00007ff9d2d3e000 	C:\Windows\System32\ADVAPI32.dll
0x00007ff9d3fc0000 - 0x00007ff9d405c000 	C:\Windows\System32\sechost.dll
0x00007ff9d3e90000 - 0x00007ff9d3fb5000 	C:\Windows\System32\RPCRT4.dll
0x00007ff9d4210000 - 0x00007ff9d4218000 	C:\Windows\System32\PSAPI.DLL
0x00007ff9c6c10000 - 0x00007ff9c6c37000 	C:\Windows\SYSTEM32\WINMM.dll
0x00007ff9c6c40000 - 0x00007ff9c6c4a000 	C:\Windows\SYSTEM32\VERSION.dll
0x00007ff9cd6c0000 - 0x00007ff9cd6c9000 	C:\Windows\SYSTEM32\WSOCK32.dll
0x00007ff9d3320000 - 0x00007ff9d338b000 	C:\Windows\System32\WS2_32.dll
0x00007ff9d01f0000 - 0x00007ff9d0202000 	C:\Windows\SYSTEM32\kernel.appcore.dll
0x00007ff9afa00000 - 0x00007ff9afa11000 	C:\Users\User\AppData\Local\JetBrains\Toolbox\apps\AndroidStudio\ch-0\211.7628.21.2111.8193401\jre\bin\verify.dll
0x00007ff9bcaf0000 - 0x00007ff9bccd4000 	C:\Windows\SYSTEM32\DBGHELP.DLL
0x00007ff9bc5d0000 - 0x00007ff9bc5fc000 	C:\Windows\SYSTEM32\dbgcore.DLL
0x00007ff9d1fc0000 - 0x00007ff9d2042000 	C:\Windows\System32\bcryptPrimitives.dll
0x00007ff9af9d0000 - 0x00007ff9af9f9000 	C:\Users\User\AppData\Local\JetBrains\Toolbox\apps\AndroidStudio\ch-0\211.7628.21.2111.8193401\jre\bin\java.dll
0x00007ff9af030000 - 0x00007ff9af03b000 	C:\Users\User\AppData\Local\JetBrains\Toolbox\apps\AndroidStudio\ch-0\211.7628.21.2111.8193401\jre\bin\jimage.dll
0x00007ff9aedd0000 - 0x00007ff9aede8000 	C:\Users\User\AppData\Local\JetBrains\Toolbox\apps\AndroidStudio\ch-0\211.7628.21.2111.8193401\jre\bin\zip.dll
0x00007ff9d2400000 - 0x00007ff9d2b44000 	C:\Windows\System32\SHELL32.dll
0x00007ff9cf9a0000 - 0x00007ff9d0135000 	C:\Windows\SYSTEM32\windows.storage.dll
0x00007ff9d3a50000 - 0x00007ff9d3da5000 	C:\Windows\System32\combase.dll
0x00007ff9d13e0000 - 0x00007ff9d140e000 	C:\Windows\SYSTEM32\Wldp.dll
0x00007ff9d30e0000 - 0x00007ff9d318d000 	C:\Windows\System32\SHCORE.dll
0x00007ff9d3570000 - 0x00007ff9d35c5000 	C:\Windows\System32\shlwapi.dll
0x00007ff9d1940000 - 0x00007ff9d195f000 	C:\Windows\SYSTEM32\profapi.dll
0x00007ff9aed90000 - 0x00007ff9aedaa000 	C:\Users\User\AppData\Local\JetBrains\Toolbox\apps\AndroidStudio\ch-0\211.7628.21.2111.8193401\jre\bin\net.dll
0x00007ff9c6710000 - 0x00007ff9c681c000 	C:\Windows\SYSTEM32\WINHTTP.dll
0x00007ff9d10e0000 - 0x00007ff9d114a000 	C:\Windows\system32\mswsock.dll
0x00007ff9a8c70000 - 0x00007ff9a8c84000 	C:\Users\User\AppData\Local\JetBrains\Toolbox\apps\AndroidStudio\ch-0\211.7628.21.2111.8193401\jre\bin\nio.dll
0x00007ff9a38e0000 - 0x00007ff9a3907000 	C:\Users\User\.gradle\native\e1d6ef7f7dcc3fd88c89a11ec53ec762bb8ba0a96d01ffa2cd45eb1d1d8dd5c5\windows-amd64\native-platform.dll
0x00007ff9a2620000 - 0x00007ff9a2764000 	C:\Users\User\.gradle\native\5664cfc778a61ccfe75a443a1ab52a65af34e5dc3c78e0209fed803814484fcb\windows-amd64\native-platform-file-events.dll
0x00007ff9a96a0000 - 0x00007ff9a96aa000 	C:\Users\User\AppData\Local\JetBrains\Toolbox\apps\AndroidStudio\ch-0\211.7628.21.2111.8193401\jre\bin\management.dll
0x00007ff9a7cb0000 - 0x00007ff9a7cbd000 	C:\Users\User\AppData\Local\JetBrains\Toolbox\apps\AndroidStudio\ch-0\211.7628.21.2111.8193401\jre\bin\management_ext.dll
0x00007ff9d12e0000 - 0x00007ff9d12f8000 	C:\Windows\SYSTEM32\CRYPTSP.dll
0x00007ff9d0a60000 - 0x00007ff9d0a94000 	C:\Windows\system32\rsaenh.dll
0x00007ff9d21b0000 - 0x00007ff9d21d7000 	C:\Windows\System32\bcrypt.dll
0x00007ff9d1900000 - 0x00007ff9d192e000 	C:\Windows\SYSTEM32\USERENV.dll
0x00007ff9d12d0000 - 0x00007ff9d12dc000 	C:\Windows\SYSTEM32\CRYPTBASE.dll
0x00007ff9d0dd0000 - 0x00007ff9d0e0b000 	C:\Windows\SYSTEM32\IPHLPAPI.DLL
0x00007ff9d4200000 - 0x00007ff9d4208000 	C:\Windows\System32\NSI.dll
0x00007ff9c6ee0000 - 0x00007ff9c6ef7000 	C:\Windows\SYSTEM32\dhcpcsvc6.DLL
0x00007ff9c9b10000 - 0x00007ff9c9b2d000 	C:\Windows\SYSTEM32\dhcpcsvc.DLL
0x00007ff9d0e10000 - 0x00007ff9d0edb000 	C:\Windows\SYSTEM32\DNSAPI.dll

dbghelp: loaded successfully - version: 4.0.5 - missing functions: none
symbol engine: initialized successfully - sym options: 0x614 - pdb path: .;C:\Users\User\AppData\Local\JetBrains\Toolbox\apps\AndroidStudio\ch-0\211.7628.21.2111.8193401\jre\bin;C:\Windows\SYSTEM32;C:\Windows\WinSxS\amd64_microsoft.windows.common-controls_6595b64144ccf1df_6.0.19041.1110_none_60b5254171f9507e;C:\Users\User\AppData\Local\JetBrains\Toolbox\apps\AndroidStudio\ch-0\211.7628.21.2111.8193401\jre\bin\server;C:\Users\User\.gradle\native\e1d6ef7f7dcc3fd88c89a11ec53ec762bb8ba0a96d01ffa2cd45eb1d1d8dd5c5\windows-amd64;C:\Users\User\.gradle\native\5664cfc778a61ccfe75a443a1ab52a65af34e5dc3c78e0209fed803814484fcb\windows-amd64

VM Arguments:
jvm_args: --add-opens=java.base/java.util=ALL-UNNAMED --add-opens=java.base/java.lang=ALL-UNNAMED --add-opens=java.base/java.lang.invoke=ALL-UNNAMED --add-opens=java.base/java.util=ALL-UNNAMED --add-opens=java.prefs/java.util.prefs=ALL-UNNAMED --add-opens=java.prefs/java.util.prefs=ALL-UNNAMED --add-opens=java.base/java.nio.charset=ALL-UNNAMED --add-opens=java.base/java.net=ALL-UNNAMED --add-opens=java.base/java.util.concurrent.atomic=ALL-UNNAMED -Xmx2048m -Dfile.encoding=UTF-8 -Duser.country=RU -Duser.language=ru -Duser.variant 
java_command: org.gradle.launcher.daemon.bootstrap.GradleDaemon 7.2
java_class_path (initial): C:\Users\User\.gradle\wrapper\dists\gradle-7.2-bin\2dnblmf4td7x66yl1d74lt32g\gradle-7.2\lib\gradle-launcher-7.2.jar
Launcher Type: SUN_STANDARD

[Global flags]
     intx CICompilerCount                          = 4                                         {product} {ergonomic}
     uint ConcGCThreads                            = 2                                         {product} {ergonomic}
     uint G1ConcRefinementThreads                  = 8                                         {product} {ergonomic}
   size_t G1HeapRegionSize                         = 1048576                                   {product} {ergonomic}
    uintx GCDrainStackTargetSize                   = 64                                        {product} {ergonomic}
   size_t InitialHeapSize                          = 100663296                                 {product} {ergonomic}
   size_t MarkStackSize                            = 4194304                                   {product} {ergonomic}
   size_t MaxHeapSize                              = 2147483648                                {product} {command line}
   size_t MaxNewSize                               = 1287651328                                {product} {ergonomic}
   size_t MinHeapDeltaBytes                        = 1048576                                   {product} {ergonomic}
    uintx NonNMethodCodeHeapSize                   = 5836300                                {pd product} {ergonomic}
    uintx NonProfiledCodeHeapSize                  = 122910970                              {pd product} {ergonomic}
    uintx ProfiledCodeHeapSize                     = 122910970                              {pd product} {ergonomic}
    uintx ReservedCodeCacheSize                    = 251658240                              {pd product} {ergonomic}
     bool SegmentedCodeCache                       = true                                      {product} {ergonomic}
     bool UseCompressedClassPointers               = true                                 {lp64_product} {ergonomic}
     bool UseCompressedOops                        = true                                 {lp64_product} {ergonomic}
     bool UseG1GC                                  = true                                      {product} {ergonomic}
     bool UseLargePagesIndividualAllocation        = false                                  {pd product} {ergonomic}

Logging:
Log output configuration:
 #0: stdout all=warning uptime,level,tags
 #1: stderr all=off uptime,level,tags

Environment Variables:
PATH=C:\Windows\system32;C:\Windows;C:\Windows\System32\Wbem;C:\Windows\System32\WindowsPowerShell\v1.0\;C:\Windows\System32\OpenSSH\;C:\Program Files\7-Zip;C:\Program Files\dotnet\;C:\Program Files (x86)\Microsoft SQL Server\Client SDK\ODBC\130\Tools\Binn\;C:\Program Files (x86)\Microsoft SQL Server\140\Tools\Binn\;C:\Program Files (x86)\Microsoft SQL Server\140\DTS\Binn\;C:\Program Files (x86)\Microsoft SQL Server\140\Tools\Binn\ManagementStudio\;C:\Program Files\Microsoft SQL Server\130\Tools\Binn\;C:\Users\User\AppData\Local\Microsoft\WindowsApps;C:\Users\User\AppData\Local\atom\bin
USERNAME=User
OS=Windows_NT
PROCESSOR_IDENTIFIER=AMD64 Family 23 Model 24 Stepping 1, AuthenticAMD



---------------  S Y S T E M  ---------------

OS: Windows 10 , 64 bit Build 19041 (10.0.19041.1466)
OS uptime: 3 days 15:11 hours

CPU:total 8 (initial active 8) (8 cores per cpu, 2 threads per core) family 23 model 24 stepping 1 microcode 0x0, cmov, cx8, fxsr, mmx, sse, sse2, sse3, ssse3, sse4.1, sse4.2, popcnt, avx, avx2, aes, clmul, mmxext, 3dnowpref, lzcnt, sse4a, ht, tsc, tscinvbit, tscinv, bmi1, bmi2, adx, s

Memory: 4k page, system-wide physical 6091M (336M free)
TotalPageFile size 24523M (AvailPageFile size 5M)
current process WorkingSet (physical memory assigned to process): 262M, peak: 264M
current process commit charge ("private bytes"): 301M, peak: 303M

vm_info: OpenJDK 64-Bit Server VM (11.0.11+9-b60-7590822) for windows-amd64 JRE (11.0.11+9-b60-7590822), built on Jul 29 2021 21:43:44 by "builder" with MS VC++ 14.0 (VS2015)

END.
