#
# There is insufficient memory for the Java Runtime Environment to continue.
# Native memory allocation (malloc) failed to allocate 431856 bytes for Chunk::new
# Possible reasons:
#   The system is out of physical RAM or swap space
#   The process is running with CompressedOops enabled, and the Java Heap may be blocking the growth of the native heap
# Possible solutions:
#   Reduce memory load on the system
#   Increase physical memory or swap space
#   Check if swap backing store is full
#   Decrease Java heap size (-Xmx/-Xms)
#   Decrease number of Java threads
#   Decrease Java thread stack sizes (-Xss)
#   Set larger code cache with -XX:ReservedCodeCacheSize=
#   JVM is running with Unscaled Compressed Oops mode in which the Java heap is
#     placed in the first 4GB address space. The Java Heap base address is the
#     maximum limit for the native heap growth. Please use -XX:HeapBaseMinAddress
#     to set the Java Heap base and to place the Java Heap above 4GB virtual address.
# This output file may be truncated or incomplete.
#
#  Out of Memory Error (./src/hotspot/share/memory/arena.cpp:197), pid=15368, tid=12396
#
# JRE version: OpenJDK Runtime Environment (11.0.11+9) (build 11.0.11+9-b60-7590822)
# Java VM: OpenJDK 64-Bit Server VM (11.0.11+9-b60-7590822, mixed mode, tiered, compressed oops, g1 gc, windows-amd64)
# No core dump will be written. Minidumps are not enabled by default on client versions of Windows
#

---------------  S U M M A R Y ------------

Command Line: --add-opens=java.base/java.util=ALL-UNNAMED --add-opens=java.base/java.lang=ALL-UNNAMED --add-opens=java.base/java.lang.invoke=ALL-UNNAMED --add-opens=java.base/java.util=ALL-UNNAMED --add-opens=java.prefs/java.util.prefs=ALL-UNNAMED --add-opens=java.prefs/java.util.prefs=ALL-UNNAMED --add-opens=java.base/java.nio.charset=ALL-UNNAMED --add-opens=java.base/java.net=ALL-UNNAMED --add-opens=java.base/java.util.concurrent.atomic=ALL-UNNAMED -Xmx1024m -Dfile.encoding=UTF-8 -Duser.country=RU -Duser.language=ru -Duser.variant org.gradle.launcher.daemon.bootstrap.GradleDaemon 7.2

Host: AMD Ryzen 5 3500U with Radeon Vega Mobile Gfx  , 8 cores, 5G,  Windows 10 , 64 bit Build 19041 (10.0.19041.1466)
Time: Thu Apr 14 03:28:14 2022 RTZ 2 (зима) elapsed time: 23.721019 seconds (0d 0h 0m 23s)

---------------  T H R E A D  ---------------

Current thread (0x0000026d4cace000):  JavaThread "C2 CompilerThread0" daemon [_thread_in_native, id=12396, stack(0x000000a622100000,0x000000a622200000)]


Current CompileTask:
C2:  23721 5817       4       sun.nio.fs.WindowsPathParser::normalize (233 bytes)

Stack: [0x000000a622100000,0x000000a622200000]
Native frames: (J=compiled Java code, j=interpreted, Vv=VM code, C=native code)
V  [jvm.dll+0x5f214a]
V  [jvm.dll+0x726fb5]
V  [jvm.dll+0x7285cd]
V  [jvm.dll+0x728c83]
V  [jvm.dll+0x243278]
V  [jvm.dll+0xbc53c]
V  [jvm.dll+0xbca3c]
V  [jvm.dll+0x353e7d]
V  [jvm.dll+0x321893]
V  [jvm.dll+0x320d8a]
V  [jvm.dll+0x1fc1e2]
V  [jvm.dll+0x1fb3d4]
V  [jvm.dll+0x183d6c]
V  [jvm.dll+0x209a57]
V  [jvm.dll+0x2082a1]
V  [jvm.dll+0x6ef58f]
V  [jvm.dll+0x6e80b5]
V  [jvm.dll+0x5f1036]
C  [ucrtbase.dll+0x21bb2]
C  [KERNEL32.DLL+0x17034]
C  [ntdll.dll+0x52651]


---------------  P R O C E S S  ---------------

Threads class SMR info:
_java_thread_list=0x0000026d538c8f40, length=121, elements={
0x0000026d34c2e000, 0x0000026d4ca94000, 0x0000026d4caa1000, 0x0000026d4cab7000,
0x0000026d4cab8000, 0x0000026d4caba000, 0x0000026d4cace000, 0x0000026d4cacf800,
0x0000026d4cad2800, 0x0000026d4d587800, 0x0000026d4ece2800, 0x0000026d4e7d2800,
0x0000026d4ed22800, 0x0000026d4d58f000, 0x0000026d4d58f800, 0x0000026d4dfe4000,
0x0000026d4d4cf800, 0x0000026d4e152000, 0x0000026d4e1e0000, 0x0000026d4e1e1800,
0x0000026d4e1df000, 0x0000026d4e1de800, 0x0000026d4e1e1000, 0x0000026d4e1dd000,
0x0000026d4e1e2800, 0x0000026d4e1e3800, 0x0000026d4e1dd800, 0x0000026d4d70e000,
0x0000026d4d70b000, 0x0000026d4d70f000, 0x0000026d4d70b800, 0x0000026d4d70a000,
0x0000026d4d711800, 0x0000026d4d70c800, 0x0000026d4d70f800, 0x0000026d4d710800,
0x0000026d4d712000, 0x0000026d4d713000, 0x0000026d4d714000, 0x0000026d4d718000,
0x0000026d4d716800, 0x0000026d4d718800, 0x0000026d51ecf000, 0x0000026d51ecc000,
0x0000026d51ed0000, 0x0000026d51ecb000, 0x0000026d51ecc800, 0x0000026d51ecd800,
0x0000026d51eca800, 0x0000026d51ed2800, 0x0000026d51ed3800, 0x0000026d51ed1000,
0x0000026d51ed1800, 0x0000026d51ed4000, 0x0000026d51ece800, 0x0000026d51ed8000,
0x0000026d51ed5000, 0x0000026d51ed5800, 0x0000026d51ed9000, 0x0000026d51ed7800,
0x0000026d51ed6800, 0x0000026d4f925000, 0x0000026d4f924000, 0x0000026d4f926800,
0x0000026d4f927800, 0x0000026d4f92a000, 0x0000026d4f92a800, 0x0000026d4f928000,
0x0000026d4f929000, 0x0000026d4f925800, 0x0000026d4f931000, 0x0000026d4f92c800,
0x0000026d4f92b800, 0x0000026d4f92e000, 0x0000026d4f933000, 0x0000026d4f92f800,
0x0000026d4f92e800, 0x0000026d4f932000, 0x0000026d4f92d000, 0x0000026d4f930800,
0x0000026d4d9f5800, 0x0000026d4d9f5000, 0x0000026d4d9f7800, 0x0000026d4d9f6800,
0x0000026d4d9f8000, 0x0000026d4d9f2800, 0x0000026d4d9f9000, 0x0000026d4d9f3000,
0x0000026d4d9f9800, 0x0000026d4d9f4000, 0x0000026d4d9fe800, 0x0000026d4da00800,
0x0000026d4d9fa800, 0x0000026d4d9ff800, 0x0000026d4d9fb800, 0x0000026d4da01000,
0x0000026d4d9fc000, 0x0000026d4d9fd000, 0x0000026d4d9fe000, 0x0000026d5010e000,
0x0000026d5010c800, 0x0000026d5010d000, 0x0000026d5010f000, 0x0000026d50109000,
0x0000026d5010f800, 0x0000026d5010a000, 0x0000026d50110800, 0x0000026d5010b000,
0x0000026d50111800, 0x0000026d5010b800, 0x0000026d50112000, 0x0000026d50118000,
0x0000026d50113000, 0x0000026d50114000, 0x0000026d50114800, 0x0000026d50115800,
0x0000026d50116000, 0x0000026d50117000, 0x0000026d538ef000, 0x0000026d538eb800,
0x0000026d538ec800
}

Java Threads: ( => current thread )
  0x0000026d34c2e000 JavaThread "main" [_thread_blocked, id=18008, stack(0x000000a621500000,0x000000a621600000)]
  0x0000026d4ca94000 JavaThread "Reference Handler" daemon [_thread_blocked, id=9028, stack(0x000000a621c00000,0x000000a621d00000)]
  0x0000026d4caa1000 JavaThread "Finalizer" daemon [_thread_blocked, id=20700, stack(0x000000a621d00000,0x000000a621e00000)]
  0x0000026d4cab7000 JavaThread "Signal Dispatcher" daemon [_thread_blocked, id=17064, stack(0x000000a621e00000,0x000000a621f00000)]
  0x0000026d4cab8000 JavaThread "Attach Listener" daemon [_thread_blocked, id=14164, stack(0x000000a621f00000,0x000000a622000000)]
  0x0000026d4caba000 JavaThread "Service Thread" daemon [_thread_blocked, id=22800, stack(0x000000a622000000,0x000000a622100000)]
=>0x0000026d4cace000 JavaThread "C2 CompilerThread0" daemon [_thread_in_native, id=12396, stack(0x000000a622100000,0x000000a622200000)]
  0x0000026d4cacf800 JavaThread "C1 CompilerThread0" daemon [_thread_in_vm, id=9088, stack(0x000000a622200000,0x000000a622300000)]
  0x0000026d4cad2800 JavaThread "Sweeper thread" daemon [_thread_blocked, id=22968, stack(0x000000a622300000,0x000000a622400000)]
  0x0000026d4d587800 JavaThread "Common-Cleaner" daemon [_thread_blocked, id=12316, stack(0x000000a622400000,0x000000a622500000)]
  0x0000026d4ece2800 JavaThread "Daemon health stats" [_thread_blocked, id=17024, stack(0x000000a622700000,0x000000a622800000)]
  0x0000026d4e7d2800 JavaThread "Incoming local TCP Connector on port 64058" [_thread_in_native, id=13324, stack(0x000000a622a00000,0x000000a622b00000)]
  0x0000026d4ed22800 JavaThread "Daemon periodic checks" [_thread_blocked, id=25932, stack(0x000000a622b00000,0x000000a622c00000)]
  0x0000026d4d58f000 JavaThread "Daemon" [_thread_blocked, id=18012, stack(0x000000a622c00000,0x000000a622d00000)]
  0x0000026d4d58f800 JavaThread "Handler for socket connection from /127.0.0.1:64058 to /127.0.0.1:64059" [_thread_in_native, id=10936, stack(0x000000a622d00000,0x000000a622e00000)]
  0x0000026d4dfe4000 JavaThread "Cancel handler" [_thread_blocked, id=11204, stack(0x000000a622e00000,0x000000a622f00000)]
  0x0000026d4d4cf800 JavaThread "Daemon worker" [_thread_in_native, id=4372, stack(0x000000a622f00000,0x000000a623000000)]
  0x0000026d4e152000 JavaThread "Asynchronous log dispatcher for DefaultDaemonConnection: socket connection from /127.0.0.1:64058 to /127.0.0.1:64059" [_thread_blocked, id=23844, stack(0x000000a623000000,0x000000a623100000)]
  0x0000026d4e1e0000 JavaThread "Stdin handler" [_thread_blocked, id=16312, stack(0x000000a623100000,0x000000a623200000)]
  0x0000026d4e1e1800 JavaThread "Daemon client event forwarder" [_thread_blocked, id=24796, stack(0x000000a623200000,0x000000a623300000)]
  0x0000026d4e1df000 JavaThread "Cache worker for journal cache (C:\Users\User\.gradle\caches\journal-1)" [_thread_blocked, id=13184, stack(0x000000a623300000,0x000000a623400000)]
  0x0000026d4e1de800 JavaThread "File lock request listener" [_thread_in_native, id=12084, stack(0x000000a623400000,0x000000a623500000)]
  0x0000026d4e1e1000 JavaThread "Cache worker for file hash cache (C:\Users\User\.gradle\caches\7.2\fileHashes)" [_thread_blocked, id=16296, stack(0x000000a623a00000,0x000000a623b00000)]
  0x0000026d4e1dd000 JavaThread "Cache worker for file hash cache (C:\Users\User\AndroidStudioProjects\HistoryVNProject\.gradle\7.2\fileHashes)" [_thread_blocked, id=16996, stack(0x000000a623b00000,0x000000a623c00000)]
  0x0000026d4e1e2800 JavaThread "File watcher server" daemon [_thread_in_native, id=22220, stack(0x000000a623c00000,0x000000a623d00000)]
  0x0000026d4e1e3800 JavaThread "File watcher consumer" daemon [_thread_blocked, id=1452, stack(0x000000a623d00000,0x000000a623e00000)]
  0x0000026d4e1dd800 JavaThread "jar transforms" [_thread_blocked, id=26004, stack(0x000000a623e00000,0x000000a623f00000)]
  0x0000026d4d70e000 JavaThread "jar transforms Thread 2" [_thread_blocked, id=5732, stack(0x000000a623f00000,0x000000a624000000)]
  0x0000026d4d70b000 JavaThread "jar transforms Thread 3" [_thread_blocked, id=12300, stack(0x000000a624000000,0x000000a624100000)]
  0x0000026d4d70f000 JavaThread "jar transforms Thread 4" [_thread_blocked, id=22440, stack(0x000000a624100000,0x000000a624200000)]
  0x0000026d4d70b800 JavaThread "jar transforms Thread 5" [_thread_blocked, id=23044, stack(0x000000a624200000,0x000000a624300000)]
  0x0000026d4d70a000 JavaThread "jar transforms Thread 6" [_thread_blocked, id=20544, stack(0x000000a624300000,0x000000a624400000)]
  0x0000026d4d711800 JavaThread "jar transforms Thread 7" [_thread_blocked, id=21100, stack(0x000000a624400000,0x000000a624500000)]
  0x0000026d4d70c800 JavaThread "jar transforms Thread 8" [_thread_blocked, id=2972, stack(0x000000a624500000,0x000000a624600000)]
  0x0000026d4d70f800 JavaThread "Cache worker for checksums cache (C:\Users\User\AndroidStudioProjects\HistoryVNProject\.gradle\checksums)" [_thread_blocked, id=13460, stack(0x000000a624600000,0x000000a624700000)]
  0x0000026d4d710800 JavaThread "Cache worker for cache directory md-supplier (C:\Users\User\.gradle\caches\7.2\md-supplier)" [_thread_blocked, id=17612, stack(0x000000a624700000,0x000000a624800000)]
  0x0000026d4d712000 JavaThread "Cache worker for cache directory md-rule (C:\Users\User\.gradle\caches\7.2\md-rule)" [_thread_blocked, id=15404, stack(0x000000a624800000,0x000000a624900000)]
  0x0000026d4d713000 JavaThread "Cache worker for execution history cache (C:\Users\User\.gradle\caches\7.2\executionHistory)" [_thread_blocked, id=24684, stack(0x000000a624900000,0x000000a624a00000)]
  0x0000026d4d714000 JavaThread "Cache worker for file content cache (C:\Users\User\.gradle\caches\7.2\fileContent)" [_thread_blocked, id=24232, stack(0x000000a624a00000,0x000000a624b00000)]
  0x0000026d4d718000 JavaThread "Cache worker for dependencies-accessors (C:\Users\User\AndroidStudioProjects\HistoryVNProject\.gradle\7.2\dependencies-accessors)" [_thread_blocked, id=24364, stack(0x000000a624b00000,0x000000a624c00000)]
  0x0000026d4d716800 JavaThread "Cache worker for Build Output Cleanup Cache (C:\Users\User\AndroidStudioProjects\HistoryVNProject\.gradle\buildOutputCleanup)" [_thread_blocked, id=22084, stack(0x000000a624c00000,0x000000a624d00000)]
  0x0000026d4d718800 JavaThread "Unconstrained build operations" [_thread_blocked, id=15648, stack(0x000000a624d00000,0x000000a624e00000)]
  0x0000026d51ecf000 JavaThread "Unconstrained build operations Thread 2" [_thread_blocked, id=10392, stack(0x000000a624e00000,0x000000a624f00000)]
  0x0000026d51ecc000 JavaThread "Unconstrained build operations Thread 3" [_thread_blocked, id=16572, stack(0x000000a624f00000,0x000000a625000000)]
  0x0000026d51ed0000 JavaThread "Unconstrained build operations Thread 4" [_thread_blocked, id=12984, stack(0x000000a625000000,0x000000a625100000)]
  0x0000026d51ecb000 JavaThread "Unconstrained build operations Thread 5" [_thread_blocked, id=9008, stack(0x000000a625100000,0x000000a625200000)]
  0x0000026d51ecc800 JavaThread "Unconstrained build operations Thread 6" [_thread_blocked, id=21392, stack(0x000000a625200000,0x000000a625300000)]
  0x0000026d51ecd800 JavaThread "Unconstrained build operations Thread 7" [_thread_blocked, id=9576, stack(0x000000a625300000,0x000000a625400000)]
  0x0000026d51eca800 JavaThread "Unconstrained build operations Thread 8" [_thread_blocked, id=6896, stack(0x000000a625400000,0x000000a625500000)]
  0x0000026d51ed2800 JavaThread "Unconstrained build operations Thread 9" [_thread_blocked, id=22288, stack(0x000000a625500000,0x000000a625600000)]
  0x0000026d51ed3800 JavaThread "Unconstrained build operations Thread 10" [_thread_blocked, id=19828, stack(0x000000a625600000,0x000000a625700000)]
  0x0000026d51ed1000 JavaThread "Unconstrained build operations Thread 11" [_thread_blocked, id=21000, stack(0x000000a625700000,0x000000a625800000)]
  0x0000026d51ed1800 JavaThread "Unconstrained build operations Thread 12" [_thread_blocked, id=23264, stack(0x000000a625800000,0x000000a625900000)]
  0x0000026d51ed4000 JavaThread "Unconstrained build operations Thread 13" [_thread_blocked, id=7756, stack(0x000000a625900000,0x000000a625a00000)]
  0x0000026d51ece800 JavaThread "Unconstrained build operations Thread 14" [_thread_blocked, id=18508, stack(0x000000a625a00000,0x000000a625b00000)]
  0x0000026d51ed8000 JavaThread "Unconstrained build operations Thread 15" [_thread_blocked, id=18688, stack(0x000000a625b00000,0x000000a625c00000)]
  0x0000026d51ed5000 JavaThread "Unconstrained build operations Thread 16" [_thread_blocked, id=15004, stack(0x000000a625c00000,0x000000a625d00000)]
  0x0000026d51ed5800 JavaThread "Unconstrained build operations Thread 17" [_thread_blocked, id=11464, stack(0x000000a625d00000,0x000000a625e00000)]
  0x0000026d51ed9000 JavaThread "Unconstrained build operations Thread 18" [_thread_blocked, id=16740, stack(0x000000a625e00000,0x000000a625f00000)]
  0x0000026d51ed7800 JavaThread "Unconstrained build operations Thread 19" [_thread_blocked, id=11528, stack(0x000000a625f00000,0x000000a626000000)]
  0x0000026d51ed6800 JavaThread "Unconstrained build operations Thread 20" [_thread_blocked, id=24092, stack(0x000000a626000000,0x000000a626100000)]
  0x0000026d4f925000 JavaThread "Unconstrained build operations Thread 21" [_thread_blocked, id=18848, stack(0x000000a626100000,0x000000a626200000)]
  0x0000026d4f924000 JavaThread "Unconstrained build operations Thread 22" [_thread_blocked, id=24320, stack(0x000000a626200000,0x000000a626300000)]
  0x0000026d4f926800 JavaThread "Unconstrained build operations Thread 23" [_thread_blocked, id=3932, stack(0x000000a626300000,0x000000a626400000)]
  0x0000026d4f927800 JavaThread "Unconstrained build operations Thread 24" [_thread_blocked, id=18652, stack(0x000000a626400000,0x000000a626500000)]
  0x0000026d4f92a000 JavaThread "Unconstrained build operations Thread 25" [_thread_blocked, id=26128, stack(0x000000a626500000,0x000000a626600000)]
  0x0000026d4f92a800 JavaThread "Unconstrained build operations Thread 26" [_thread_blocked, id=25768, stack(0x000000a626600000,0x000000a626700000)]
  0x0000026d4f928000 JavaThread "Unconstrained build operations Thread 27" [_thread_blocked, id=11712, stack(0x000000a626700000,0x000000a626800000)]
  0x0000026d4f929000 JavaThread "Unconstrained build operations Thread 28" [_thread_blocked, id=6624, stack(0x000000a626800000,0x000000a626900000)]
  0x0000026d4f925800 JavaThread "Unconstrained build operations Thread 29" [_thread_blocked, id=21500, stack(0x000000a626900000,0x000000a626a00000)]
  0x0000026d4f931000 JavaThread "Unconstrained build operations Thread 30" [_thread_blocked, id=23268, stack(0x000000a626a00000,0x000000a626b00000)]
  0x0000026d4f92c800 JavaThread "Unconstrained build operations Thread 31" [_thread_blocked, id=13556, stack(0x000000a626b00000,0x000000a626c00000)]
  0x0000026d4f92b800 JavaThread "Unconstrained build operations Thread 32" [_thread_blocked, id=23664, stack(0x000000a626c00000,0x000000a626d00000)]
  0x0000026d4f92e000 JavaThread "Unconstrained build operations Thread 33" [_thread_blocked, id=23996, stack(0x000000a626d00000,0x000000a626e00000)]
  0x0000026d4f933000 JavaThread "Unconstrained build operations Thread 34" [_thread_blocked, id=3920, stack(0x000000a626e00000,0x000000a626f00000)]
  0x0000026d4f92f800 JavaThread "Unconstrained build operations Thread 35" [_thread_blocked, id=24980, stack(0x000000a626f00000,0x000000a627000000)]
  0x0000026d4f92e800 JavaThread "Unconstrained build operations Thread 36" [_thread_blocked, id=32, stack(0x000000a627000000,0x000000a627100000)]
  0x0000026d4f932000 JavaThread "Unconstrained build operations Thread 37" [_thread_blocked, id=18864, stack(0x000000a627100000,0x000000a627200000)]
  0x0000026d4f92d000 JavaThread "Unconstrained build operations Thread 38" [_thread_blocked, id=11296, stack(0x000000a627200000,0x000000a627300000)]
  0x0000026d4f930800 JavaThread "Unconstrained build operations Thread 39" [_thread_blocked, id=13628, stack(0x000000a627300000,0x000000a627400000)]
  0x0000026d4d9f5800 JavaThread "Unconstrained build operations Thread 40" [_thread_blocked, id=16272, stack(0x000000a627400000,0x000000a627500000)]
  0x0000026d4d9f5000 JavaThread "Unconstrained build operations Thread 41" [_thread_blocked, id=22056, stack(0x000000a627500000,0x000000a627600000)]
  0x0000026d4d9f7800 JavaThread "Unconstrained build operations Thread 42" [_thread_blocked, id=15244, stack(0x000000a627600000,0x000000a627700000)]
  0x0000026d4d9f6800 JavaThread "Unconstrained build operations Thread 43" [_thread_blocked, id=1892, stack(0x000000a627700000,0x000000a627800000)]
  0x0000026d4d9f8000 JavaThread "Unconstrained build operations Thread 44" [_thread_blocked, id=9232, stack(0x000000a627800000,0x000000a627900000)]
  0x0000026d4d9f2800 JavaThread "Unconstrained build operations Thread 45" [_thread_blocked, id=24372, stack(0x000000a627900000,0x000000a627a00000)]
  0x0000026d4d9f9000 JavaThread "Unconstrained build operations Thread 46" [_thread_blocked, id=9596, stack(0x000000a627a00000,0x000000a627b00000)]
  0x0000026d4d9f3000 JavaThread "Unconstrained build operations Thread 47" [_thread_blocked, id=24412, stack(0x000000a627b00000,0x000000a627c00000)]
  0x0000026d4d9f9800 JavaThread "Unconstrained build operations Thread 48" [_thread_blocked, id=14332, stack(0x000000a627c00000,0x000000a627d00000)]
  0x0000026d4d9f4000 JavaThread "Unconstrained build operations Thread 49" [_thread_blocked, id=21048, stack(0x000000a627d00000,0x000000a627e00000)]
  0x0000026d4d9fe800 JavaThread "Unconstrained build operations Thread 50" [_thread_blocked, id=11192, stack(0x000000a627e00000,0x000000a627f00000)]
  0x0000026d4da00800 JavaThread "Unconstrained build operations Thread 51" [_thread_blocked, id=12696, stack(0x000000a627f00000,0x000000a628000000)]
  0x0000026d4d9fa800 JavaThread "Unconstrained build operations Thread 52" [_thread_blocked, id=23748, stack(0x000000a628000000,0x000000a628100000)]
  0x0000026d4d9ff800 JavaThread "Unconstrained build operations Thread 53" [_thread_blocked, id=26476, stack(0x000000a628100000,0x000000a628200000)]
  0x0000026d4d9fb800 JavaThread "Unconstrained build operations Thread 54" [_thread_blocked, id=12328, stack(0x000000a628200000,0x000000a628300000)]
  0x0000026d4da01000 JavaThread "Unconstrained build operations Thread 55" [_thread_blocked, id=12296, stack(0x000000a628300000,0x000000a628400000)]
  0x0000026d4d9fc000 JavaThread "Unconstrained build operations Thread 56" [_thread_blocked, id=14008, stack(0x000000a628400000,0x000000a628500000)]
  0x0000026d4d9fd000 JavaThread "Unconstrained build operations Thread 57" [_thread_blocked, id=19332, stack(0x000000a628500000,0x000000a628600000)]
  0x0000026d4d9fe000 JavaThread "Unconstrained build operations Thread 58" [_thread_blocked, id=20172, stack(0x000000a628600000,0x000000a628700000)]
  0x0000026d5010e000 JavaThread "Unconstrained build operations Thread 59" [_thread_blocked, id=21328, stack(0x000000a628700000,0x000000a628800000)]
  0x0000026d5010c800 JavaThread "Unconstrained build operations Thread 60" [_thread_blocked, id=10040, stack(0x000000a628800000,0x000000a628900000)]
  0x0000026d5010d000 JavaThread "Unconstrained build operations Thread 61" [_thread_blocked, id=15176, stack(0x000000a628900000,0x000000a628a00000)]
  0x0000026d5010f000 JavaThread "Unconstrained build operations Thread 62" [_thread_blocked, id=22276, stack(0x000000a628a00000,0x000000a628b00000)]
  0x0000026d50109000 JavaThread "Unconstrained build operations Thread 63" [_thread_blocked, id=17748, stack(0x000000a628b00000,0x000000a628c00000)]
  0x0000026d5010f800 JavaThread "Unconstrained build operations Thread 64" [_thread_blocked, id=24944, stack(0x000000a628c00000,0x000000a628d00000)]
  0x0000026d5010a000 JavaThread "Unconstrained build operations Thread 65" [_thread_blocked, id=20636, stack(0x000000a628d00000,0x000000a628e00000)]
  0x0000026d50110800 JavaThread "Unconstrained build operations Thread 66" [_thread_blocked, id=24740, stack(0x000000a628e00000,0x000000a628f00000)]
  0x0000026d5010b000 JavaThread "Unconstrained build operations Thread 67" [_thread_blocked, id=22432, stack(0x000000a628f00000,0x000000a629000000)]
  0x0000026d50111800 JavaThread "Unconstrained build operations Thread 68" [_thread_blocked, id=13396, stack(0x000000a629000000,0x000000a629100000)]
  0x0000026d5010b800 JavaThread "Unconstrained build operations Thread 69" [_thread_blocked, id=14112, stack(0x000000a629100000,0x000000a629200000)]
  0x0000026d50112000 JavaThread "Unconstrained build operations Thread 70" [_thread_blocked, id=3112, stack(0x000000a629200000,0x000000a629300000)]
  0x0000026d50118000 JavaThread "Unconstrained build operations Thread 71" [_thread_blocked, id=22048, stack(0x000000a629300000,0x000000a629400000)]
  0x0000026d50113000 JavaThread "Unconstrained build operations Thread 72" [_thread_blocked, id=24844, stack(0x000000a629400000,0x000000a629500000)]
  0x0000026d50114000 JavaThread "Unconstrained build operations Thread 73" [_thread_blocked, id=21116, stack(0x000000a629500000,0x000000a629600000)]
  0x0000026d50114800 JavaThread "Unconstrained build operations Thread 74" [_thread_blocked, id=24396, stack(0x000000a629600000,0x000000a629700000)]
  0x0000026d50115800 JavaThread "Unconstrained build operations Thread 75" [_thread_blocked, id=25508, stack(0x000000a629700000,0x000000a629800000)]
  0x0000026d50116000 JavaThread "Unconstrained build operations Thread 76" [_thread_blocked, id=12096, stack(0x000000a629800000,0x000000a629900000)]
  0x0000026d50117000 JavaThread "Unconstrained build operations Thread 77" [_thread_blocked, id=18340, stack(0x000000a629900000,0x000000a629a00000)]
  0x0000026d538ef000 JavaThread "Unconstrained build operations Thread 78" [_thread_blocked, id=8516, stack(0x000000a629a00000,0x000000a629b00000)]
  0x0000026d538eb800 JavaThread "Unconstrained build operations Thread 79" [_thread_blocked, id=25540, stack(0x000000a629b00000,0x000000a629c00000)]
  0x0000026d538ec800 JavaThread "Unconstrained build operations Thread 80" [_thread_blocked, id=24344, stack(0x000000a629c00000,0x000000a629d00000)]

Other Threads:
  0x0000026d4ca92800 VMThread "VM Thread" [stack: 0x000000a621b00000,0x000000a621c00000] [id=22976]
  0x0000026d4d5af000 WatcherThread [stack: 0x000000a622500000,0x000000a622600000] [id=25484]
  0x0000026d34c45000 GCTaskThread "GC Thread#0" [stack: 0x000000a621600000,0x000000a621700000] [id=4644]
  0x0000026d4dee0000 GCTaskThread "GC Thread#1" [stack: 0x000000a622600000,0x000000a622700000] [id=8448]
  0x0000026d4dd93800 GCTaskThread "GC Thread#2" [stack: 0x000000a622800000,0x000000a622900000] [id=22880]
  0x0000026d4e2fb000 GCTaskThread "GC Thread#3" [stack: 0x000000a622900000,0x000000a622a00000] [id=16344]
  0x0000026d4dad3800 GCTaskThread "GC Thread#4" [stack: 0x000000a623500000,0x000000a623600000] [id=17860]
  0x0000026d4e7fa000 GCTaskThread "GC Thread#5" [stack: 0x000000a623600000,0x000000a623700000] [id=14080]
  0x0000026d4e0fb000 GCTaskThread "GC Thread#6" [stack: 0x000000a623700000,0x000000a623800000] [id=4032]
  0x0000026d4f66d800 GCTaskThread "GC Thread#7" [stack: 0x000000a623800000,0x000000a623900000] [id=2700]
  0x0000026d34c64000 ConcurrentGCThread "G1 Main Marker" [stack: 0x000000a621700000,0x000000a621800000] [id=20408]
  0x0000026d34c65000 ConcurrentGCThread "G1 Conc#0" [stack: 0x000000a621800000,0x000000a621900000] [id=14800]
  0x0000026d4ecd1800 ConcurrentGCThread "G1 Conc#1" [stack: 0x000000a623900000,0x000000a623a00000] [id=17040]
  0x0000026d4c8f0800 ConcurrentGCThread "G1 Refine#0" [stack: 0x000000a621900000,0x000000a621a00000] [id=14284]
  0x0000026d4c8f1000 ConcurrentGCThread "G1 Young RemSet Sampling" [stack: 0x000000a621a00000,0x000000a621b00000] [id=14312]

Threads with active compile tasks:
C2 CompilerThread0  23776 5817       4       sun.nio.fs.WindowsPathParser::normalize (233 bytes)

VM state:not at safepoint (normal execution)

VM Mutex/Monitor currently owned by a thread: None

Heap address: 0x00000000c0000000, size: 1024 MB, Compressed Oops mode: 32-bit
Narrow klass base: 0x0000000000000000, Narrow klass shift: 3
Compressed class space size: 1073741824 Address: 0x0000000100000000

Heap:
 garbage-first heap   total 98304K, used 77306K [0x00000000c0000000, 0x0000000100000000)
  region size 1024K, 8 young (8192K), 3 survivors (3072K)
 Metaspace       used 50716K, capacity 52245K, committed 52508K, reserved 1095680K
  class space    used 6471K, capacity 6974K, committed 7116K, reserved 1048576K
Heap Regions: E=young(eden), S=young(survivor), O=old, HS=humongous(starts), HC=humongous(continues), CS=collection set, F=free, A=archive, TAMS=top-at-mark-start (previous, next)
|   0|0x00000000c0000000, 0x00000000c0100000, 0x00000000c0100000|100%| O|  |TAMS 0x00000000c0100000, 0x00000000c0000000| Untracked 
|   1|0x00000000c0100000, 0x00000000c0200000, 0x00000000c0200000|100%| O|  |TAMS 0x00000000c0200000, 0x00000000c0100000| Untracked 
|   2|0x00000000c0200000, 0x00000000c0300000, 0x00000000c0300000|100%| O|  |TAMS 0x00000000c0300000, 0x00000000c0200000| Untracked 
|   3|0x00000000c0300000, 0x00000000c0400000, 0x00000000c0400000|100%|HS|  |TAMS 0x00000000c0400000, 0x00000000c0300000| Complete 
|   4|0x00000000c0400000, 0x00000000c0500000, 0x00000000c0500000|100%|HC|  |TAMS 0x00000000c0500000, 0x00000000c0400000| Complete 
|   5|0x00000000c0500000, 0x00000000c0600000, 0x00000000c0600000|100%|HC|  |TAMS 0x00000000c0600000, 0x00000000c0500000| Complete 
|   6|0x00000000c0600000, 0x00000000c0700000, 0x00000000c0700000|100%| O|  |TAMS 0x00000000c0700000, 0x00000000c0600000| Untracked 
|   7|0x00000000c0700000, 0x00000000c0800000, 0x00000000c0800000|100%| O|  |TAMS 0x00000000c0800000, 0x00000000c0700000| Untracked 
|   8|0x00000000c0800000, 0x00000000c0900000, 0x00000000c0900000|100%| O|  |TAMS 0x00000000c0900000, 0x00000000c0800000| Untracked 
|   9|0x00000000c0900000, 0x00000000c0a00000, 0x00000000c0a00000|100%| O|  |TAMS 0x00000000c0a00000, 0x00000000c0900000| Untracked 
|  10|0x00000000c0a00000, 0x00000000c0b00000, 0x00000000c0b00000|100%| O|  |TAMS 0x00000000c0b00000, 0x00000000c0a00000| Untracked 
|  11|0x00000000c0b00000, 0x00000000c0c00000, 0x00000000c0c00000|100%| O|  |TAMS 0x00000000c0c00000, 0x00000000c0b00000| Untracked 
|  12|0x00000000c0c00000, 0x00000000c0d00000, 0x00000000c0d00000|100%| O|  |TAMS 0x00000000c0d00000, 0x00000000c0c00000| Untracked 
|  13|0x00000000c0d00000, 0x00000000c0e00000, 0x00000000c0e00000|100%| O|  |TAMS 0x00000000c0e00000, 0x00000000c0d00000| Untracked 
|  14|0x00000000c0e00000, 0x00000000c0f00000, 0x00000000c0f00000|100%| O|  |TAMS 0x00000000c0f00000, 0x00000000c0e00000| Untracked 
|  15|0x00000000c0f00000, 0x00000000c1000000, 0x00000000c1000000|100%|HS|  |TAMS 0x00000000c1000000, 0x00000000c0f00000| Complete 
|  16|0x00000000c1000000, 0x00000000c1100000, 0x00000000c1100000|100%|HC|  |TAMS 0x00000000c1100000, 0x00000000c1000000| Complete 
|  17|0x00000000c1100000, 0x00000000c1200000, 0x00000000c1200000|100%|HS|  |TAMS 0x00000000c1200000, 0x00000000c1100000| Complete 
|  18|0x00000000c1200000, 0x00000000c1300000, 0x00000000c1300000|100%|HC|  |TAMS 0x00000000c1300000, 0x00000000c1200000| Complete 
|  19|0x00000000c1300000, 0x00000000c1400000, 0x00000000c1400000|100%|HC|  |TAMS 0x00000000c1400000, 0x00000000c1300000| Complete 
|  20|0x00000000c1400000, 0x00000000c1500000, 0x00000000c1500000|100%|HS|  |TAMS 0x00000000c1500000, 0x00000000c1400000| Complete 
|  21|0x00000000c1500000, 0x00000000c1600000, 0x00000000c1600000|100%|HC|  |TAMS 0x00000000c1600000, 0x00000000c1500000| Complete 
|  22|0x00000000c1600000, 0x00000000c1700000, 0x00000000c1700000|100%|HC|  |TAMS 0x00000000c1700000, 0x00000000c1600000| Complete 
|  23|0x00000000c1700000, 0x00000000c1800000, 0x00000000c1800000|100%|HC|  |TAMS 0x00000000c1800000, 0x00000000c1700000| Complete 
|  24|0x00000000c1800000, 0x00000000c1900000, 0x00000000c1900000|100%| O|  |TAMS 0x00000000c1900000, 0x00000000c1800000| Untracked 
|  25|0x00000000c1900000, 0x00000000c1a00000, 0x00000000c1a00000|100%| O|  |TAMS 0x00000000c1a00000, 0x00000000c1900000| Untracked 
|  26|0x00000000c1a00000, 0x00000000c1b00000, 0x00000000c1b00000|100%| O|  |TAMS 0x00000000c1b00000, 0x00000000c1a00000| Untracked 
|  27|0x00000000c1b00000, 0x00000000c1c00000, 0x00000000c1c00000|100%| O|  |TAMS 0x00000000c1c00000, 0x00000000c1b00000| Untracked 
|  28|0x00000000c1c00000, 0x00000000c1d00000, 0x00000000c1d00000|100%| O|  |TAMS 0x00000000c1d00000, 0x00000000c1c00000| Untracked 
|  29|0x00000000c1d00000, 0x00000000c1e00000, 0x00000000c1e00000|100%| O|  |TAMS 0x00000000c1e00000, 0x00000000c1d00000| Untracked 
|  30|0x00000000c1e00000, 0x00000000c1f00000, 0x00000000c1f00000|100%| O|  |TAMS 0x00000000c1f00000, 0x00000000c1e00000| Untracked 
|  31|0x00000000c1f00000, 0x00000000c2000000, 0x00000000c2000000|100%| O|  |TAMS 0x00000000c2000000, 0x00000000c1f00000| Untracked 
|  32|0x00000000c2000000, 0x00000000c2100000, 0x00000000c2100000|100%| O|  |TAMS 0x00000000c2100000, 0x00000000c2000000| Untracked 
|  33|0x00000000c2100000, 0x00000000c2200000, 0x00000000c2200000|100%|HS|  |TAMS 0x00000000c2200000, 0x00000000c2100000| Complete 
|  34|0x00000000c2200000, 0x00000000c2300000, 0x00000000c2300000|100%|HC|  |TAMS 0x00000000c2300000, 0x00000000c2200000| Complete 
|  35|0x00000000c2300000, 0x00000000c2400000, 0x00000000c2400000|100%|HC|  |TAMS 0x00000000c2400000, 0x00000000c2300000| Complete 
|  36|0x00000000c2400000, 0x00000000c2500000, 0x00000000c2500000|100%| O|  |TAMS 0x00000000c2500000, 0x00000000c2400000| Untracked 
|  37|0x00000000c2500000, 0x00000000c2600000, 0x00000000c2600000|100%| O|  |TAMS 0x00000000c2600000, 0x00000000c2500000| Untracked 
|  38|0x00000000c2600000, 0x00000000c2700000, 0x00000000c2700000|100%| O|  |TAMS 0x00000000c2700000, 0x00000000c2600000| Untracked 
|  39|0x00000000c2700000, 0x00000000c2800000, 0x00000000c2800000|100%| O|  |TAMS 0x00000000c2800000, 0x00000000c2700000| Untracked 
|  40|0x00000000c2800000, 0x00000000c2900000, 0x00000000c2900000|100%| O|  |TAMS 0x00000000c2900000, 0x00000000c2800000| Untracked 
|  41|0x00000000c2900000, 0x00000000c2a00000, 0x00000000c2a00000|100%| O|  |TAMS 0x00000000c2a00000, 0x00000000c2900000| Untracked 
|  42|0x00000000c2a00000, 0x00000000c2b00000, 0x00000000c2b00000|100%| O|  |TAMS 0x00000000c2b00000, 0x00000000c2a00000| Untracked 
|  43|0x00000000c2b00000, 0x00000000c2c00000, 0x00000000c2c00000|100%| O|  |TAMS 0x00000000c2c00000, 0x00000000c2b00000| Untracked 
|  44|0x00000000c2c00000, 0x00000000c2d00000, 0x00000000c2d00000|100%| O|  |TAMS 0x00000000c2d00000, 0x00000000c2c00000| Untracked 
|  45|0x00000000c2d00000, 0x00000000c2e00000, 0x00000000c2e00000|100%| O|  |TAMS 0x00000000c2e00000, 0x00000000c2d00000| Untracked 
|  46|0x00000000c2e00000, 0x00000000c2f00000, 0x00000000c2f00000|100%| O|  |TAMS 0x00000000c2f00000, 0x00000000c2e00000| Untracked 
|  47|0x00000000c2f00000, 0x00000000c3000000, 0x00000000c3000000|100%| O|  |TAMS 0x00000000c3000000, 0x00000000c2f00000| Untracked 
|  48|0x00000000c3000000, 0x00000000c3100000, 0x00000000c3100000|100%| O|  |TAMS 0x00000000c3100000, 0x00000000c3000000| Untracked 
|  49|0x00000000c3100000, 0x00000000c3200000, 0x00000000c3200000|100%|HS|  |TAMS 0x00000000c3200000, 0x00000000c3100000| Complete 
|  50|0x00000000c3200000, 0x00000000c3300000, 0x00000000c3300000|100%|HC|  |TAMS 0x00000000c3300000, 0x00000000c3200000| Complete 
|  51|0x00000000c3300000, 0x00000000c3400000, 0x00000000c3400000|100%|HC|  |TAMS 0x00000000c3400000, 0x00000000c3300000| Complete 
|  52|0x00000000c3400000, 0x00000000c3500000, 0x00000000c3500000|100%|HC|  |TAMS 0x00000000c3500000, 0x00000000c3400000| Complete 
|  53|0x00000000c3500000, 0x00000000c3600000, 0x00000000c3600000|100%| O|  |TAMS 0x00000000c3600000, 0x00000000c3500000| Untracked 
|  54|0x00000000c3600000, 0x00000000c3700000, 0x00000000c3700000|100%| O|  |TAMS 0x00000000c3700000, 0x00000000c3600000| Untracked 
|  55|0x00000000c3700000, 0x00000000c37ffff8, 0x00000000c3800000| 99%| O|  |TAMS 0x00000000c37ffff8, 0x00000000c3700000| Untracked 
|  56|0x00000000c3800000, 0x00000000c3900000, 0x00000000c3900000|100%|HS|  |TAMS 0x00000000c3900000, 0x00000000c3800000| Complete 
|  57|0x00000000c3900000, 0x00000000c3a00000, 0x00000000c3a00000|100%|HS|  |TAMS 0x00000000c3a00000, 0x00000000c3900000| Complete 
|  58|0x00000000c3a00000, 0x00000000c3b00000, 0x00000000c3b00000|100%|HS|  |TAMS 0x00000000c3b00000, 0x00000000c3a00000| Complete 
|  59|0x00000000c3b00000, 0x00000000c3c00000, 0x00000000c3c00000|100%|HS|  |TAMS 0x00000000c3c00000, 0x00000000c3b00000| Complete 
|  60|0x00000000c3c00000, 0x00000000c3d00000, 0x00000000c3d00000|100%| O|  |TAMS 0x00000000c3d00000, 0x00000000c3c00000| Untracked 
|  61|0x00000000c3d00000, 0x00000000c3e00000, 0x00000000c3e00000|100%|HS|  |TAMS 0x00000000c3e00000, 0x00000000c3d00000| Complete 
|  62|0x00000000c3e00000, 0x00000000c3f00000, 0x00000000c3f00000|100%|HC|  |TAMS 0x00000000c3f00000, 0x00000000c3e00000| Complete 
|  63|0x00000000c3f00000, 0x00000000c4000000, 0x00000000c4000000|100%|HC|  |TAMS 0x00000000c4000000, 0x00000000c3f00000| Complete 
|  64|0x00000000c4000000, 0x00000000c4100000, 0x00000000c4100000|100%| O|  |TAMS 0x00000000c4100000, 0x00000000c4000000| Untracked 
|  65|0x00000000c4100000, 0x00000000c4200000, 0x00000000c4200000|100%| O|  |TAMS 0x00000000c4200000, 0x00000000c4100000| Untracked 
|  66|0x00000000c4200000, 0x00000000c42ffc00, 0x00000000c4300000| 99%| O|  |TAMS 0x00000000c42ffc00, 0x00000000c4200000| Untracked 
|  67|0x00000000c4300000, 0x00000000c4400000, 0x00000000c4400000|100%|HS|  |TAMS 0x00000000c4300000, 0x00000000c4300000| Complete 
|  68|0x00000000c4400000, 0x00000000c4500000, 0x00000000c4500000|100%|HC|  |TAMS 0x00000000c4400000, 0x00000000c4400000| Complete 
|  69|0x00000000c4500000, 0x00000000c4500000, 0x00000000c4600000|  0%| F|  |TAMS 0x00000000c4500000, 0x00000000c4500000| Untracked 
|  70|0x00000000c4600000, 0x00000000c4600000, 0x00000000c4700000|  0%| F|  |TAMS 0x00000000c4600000, 0x00000000c4600000| Untracked 
|  71|0x00000000c4700000, 0x00000000c4700000, 0x00000000c4800000|  0%| F|  |TAMS 0x00000000c4700000, 0x00000000c4700000| Untracked 
|  72|0x00000000c4800000, 0x00000000c4800000, 0x00000000c4900000|  0%| F|  |TAMS 0x00000000c4800000, 0x00000000c4800000| Untracked 
|  73|0x00000000c4900000, 0x00000000c4900000, 0x00000000c4a00000|  0%| F|  |TAMS 0x00000000c4900000, 0x00000000c4900000| Untracked 
|  74|0x00000000c4a00000, 0x00000000c4a00000, 0x00000000c4b00000|  0%| F|  |TAMS 0x00000000c4a00000, 0x00000000c4a00000| Untracked 
|  75|0x00000000c4b00000, 0x00000000c4b00000, 0x00000000c4c00000|  0%| F|  |TAMS 0x00000000c4b00000, 0x00000000c4b00000| Untracked 
|  76|0x00000000c4c00000, 0x00000000c4c00000, 0x00000000c4d00000|  0%| F|  |TAMS 0x00000000c4c00000, 0x00000000c4c00000| Untracked 
|  77|0x00000000c4d00000, 0x00000000c4d00000, 0x00000000c4e00000|  0%| F|  |TAMS 0x00000000c4d00000, 0x00000000c4d00000| Untracked 
|  78|0x00000000c4e00000, 0x00000000c4e00000, 0x00000000c4f00000|  0%| F|  |TAMS 0x00000000c4e00000, 0x00000000c4e00000| Untracked 
|  79|0x00000000c4f00000, 0x00000000c4f00000, 0x00000000c5000000|  0%| F|  |TAMS 0x00000000c4f00000, 0x00000000c4f00000| Untracked 
|  80|0x00000000c5000000, 0x00000000c5000000, 0x00000000c5100000|  0%| F|  |TAMS 0x00000000c5000000, 0x00000000c5000000| Untracked 
|  81|0x00000000c5100000, 0x00000000c5100000, 0x00000000c5200000|  0%| F|  |TAMS 0x00000000c5100000, 0x00000000c5100000| Untracked 
|  82|0x00000000c5200000, 0x00000000c5200000, 0x00000000c5300000|  0%| F|  |TAMS 0x00000000c5200000, 0x00000000c5200000| Untracked 
|  83|0x00000000c5300000, 0x00000000c5300000, 0x00000000c5400000|  0%| F|  |TAMS 0x00000000c5300000, 0x00000000c5300000| Untracked 
|  84|0x00000000c5400000, 0x00000000c5400000, 0x00000000c5500000|  0%| F|  |TAMS 0x00000000c5400000, 0x00000000c5400000| Untracked 
|  85|0x00000000c5500000, 0x00000000c5500000, 0x00000000c5600000|  0%| F|  |TAMS 0x00000000c5500000, 0x00000000c5500000| Untracked 
|  86|0x00000000c5600000, 0x00000000c567ee88, 0x00000000c5700000| 49%| S|CS|TAMS 0x00000000c5600000, 0x00000000c5600000| Complete 
|  87|0x00000000c5700000, 0x00000000c5800000, 0x00000000c5800000|100%| S|CS|TAMS 0x00000000c5700000, 0x00000000c5700000| Complete 
|  88|0x00000000c5800000, 0x00000000c5900000, 0x00000000c5900000|100%| S|CS|TAMS 0x00000000c5800000, 0x00000000c5800000| Complete 
|  89|0x00000000c5900000, 0x00000000c5900000, 0x00000000c5a00000|  0%| F|  |TAMS 0x00000000c5900000, 0x00000000c5900000| Untracked 
|  90|0x00000000c5a00000, 0x00000000c5a00000, 0x00000000c5b00000|  0%| F|  |TAMS 0x00000000c5a00000, 0x00000000c5a00000| Untracked 
|  91|0x00000000c5b00000, 0x00000000c5b8d670, 0x00000000c5c00000| 55%| E|  |TAMS 0x00000000c5b00000, 0x00000000c5b00000| Complete 
|  92|0x00000000c5c00000, 0x00000000c5d00000, 0x00000000c5d00000|100%| E|CS|TAMS 0x00000000c5c00000, 0x00000000c5c00000| Complete 
|  93|0x00000000c5d00000, 0x00000000c5e00000, 0x00000000c5e00000|100%| E|CS|TAMS 0x00000000c5d00000, 0x00000000c5d00000| Complete 
|  94|0x00000000c5e00000, 0x00000000c5f00000, 0x00000000c5f00000|100%| E|CS|TAMS 0x00000000c5e00000, 0x00000000c5e00000| Complete 
|  95|0x00000000c5f00000, 0x00000000c6000000, 0x00000000c6000000|100%| E|CS|TAMS 0x00000000c5f00000, 0x00000000c5f00000| Complete 

Card table byte_map: [0x0000026d47c60000,0x0000026d47e60000] _byte_map_base: 0x0000026d47660000

Marking Bits (Prev, Next): (CMBitMap*) 0x0000026d34c5f480, (CMBitMap*) 0x0000026d34c5f448
 Prev Bits: [0x0000026d49060000, 0x0000026d4a060000)
 Next Bits: [0x0000026d48060000, 0x0000026d49060000)

Polling page: 0x0000026d32b80000

Metaspace:

Usage:
  Non-class:     44.21 MB capacity,    43.21 MB ( 98%) used,   891.14 KB (  2%) free+waste,   135.44 KB ( <1%) overhead. 
      Class:      6.81 MB capacity,     6.32 MB ( 93%) used,   437.41 KB (  6%) free+waste,    64.63 KB ( <1%) overhead. 
       Both:     51.02 MB capacity,    49.53 MB ( 97%) used,     1.30 MB (  3%) free+waste,   200.06 KB ( <1%) overhead. 

Virtual space:
  Non-class space:       46.00 MB reserved,      44.33 MB ( 96%) committed 
      Class space:        1.00 GB reserved,       6.95 MB ( <1%) committed 
             Both:        1.04 GB reserved,      51.28 MB (  5%) committed 

Chunk freelists:
   Non-Class:  57.00 KB
       Class:  34.00 KB
        Both:  91.00 KB

MaxMetaspaceSize: 17179869184.00 GB
CompressedClassSpaceSize: 1.00 GB

CodeHeap 'non-profiled nmethods': size=120000Kb used=2576Kb max_used=2576Kb free=117423Kb
 bounds [0x0000026d40200000, 0x0000026d40490000, 0x0000026d47730000]
CodeHeap 'profiled nmethods': size=120000Kb used=12094Kb max_used=12094Kb free=107905Kb
 bounds [0x0000026d38cd0000, 0x0000026d398a0000, 0x0000026d40200000]
CodeHeap 'non-nmethods': size=5760Kb used=2225Kb max_used=2259Kb free=3534Kb
 bounds [0x0000026d38730000, 0x0000026d389a0000, 0x0000026d38cd0000]
 total_blobs=6568 nmethods=5770 adapters=708
 compilation: enabled
              stopped_count=0, restarted_count=0
 full_count=0

Compilation events (20 events):
Event: 23.414 Thread 0x0000026d4cacf800 nmethod 5813 0x0000026d3987d410 code [0x0000026d3987d5c0, 0x0000026d3987d778]
Event: 23.414 Thread 0x0000026d4cacf800 5814       3       jdk.internal.loader.FileURLMapper::exists (19 bytes)
Event: 23.415 Thread 0x0000026d4cacf800 nmethod 5814 0x0000026d3987d810 code [0x0000026d3987d9e0, 0x0000026d3987dbe8]
Event: 23.449 Thread 0x0000026d4cacf800 5815       3       java.util.jar.Manifest::read (340 bytes)
Event: 23.453 Thread 0x0000026d4cacf800 nmethod 5815 0x0000026d3987dd10 code [0x0000026d3987e100, 0x0000026d3987fd38]
Event: 23.575 Thread 0x0000026d4cace000 nmethod 5805 0x0000026d4047c790 code [0x0000026d4047ca60, 0x0000026d4047f560]
Event: 23.575 Thread 0x0000026d4cace000 5816 %     4       java.util.zip.ZipFile$Source::initCEN @ 223 (658 bytes)
Event: 23.665 Thread 0x0000026d4cace000 nmethod 5816% 0x0000026d40480b90 code [0x0000026d40480de0, 0x0000026d40482858]
Event: 23.665 Thread 0x0000026d4cace000 5817       4       sun.nio.fs.WindowsPathParser::normalize (233 bytes)
Event: 23.666 Thread 0x0000026d4cacf800 5821       3       jdk.internal.loader.URLClassPath$JarLoader::<init> (67 bytes)
Event: 23.668 Thread 0x0000026d4cacf800 nmethod 5821 0x0000026d39880890 code [0x0000026d39880b60, 0x0000026d39881938]
Event: 23.669 Thread 0x0000026d4cacf800 5823       3       java.nio.Buffer::discardMark (6 bytes)
Event: 23.669 Thread 0x0000026d4cacf800 nmethod 5823 0x0000026d39881e10 code [0x0000026d39881fc0, 0x0000026d398820b8]
Event: 23.707 Thread 0x0000026d4cacf800 5824       3       com.google.common.collect.MapMakerInternalMap::putIfAbsent (29 bytes)
Event: 23.708 Thread 0x0000026d4cacf800 nmethod 5824 0x0000026d39882190 code [0x0000026d398823c0, 0x0000026d39882ae8]
Event: 23.708 Thread 0x0000026d4cacf800 5825   !   3       com.google.common.collect.MapMakerInternalMap$Segment::put (298 bytes)
Event: 23.715 Thread 0x0000026d4cacf800 nmethod 5825 0x0000026d39882e10 code [0x0000026d39883460, 0x0000026d39886c18]
Event: 23.716 Thread 0x0000026d4cacf800 5829       3       sun.reflect.generics.repository.ConstructorRepository::computeExceptionTypes (62 bytes)
Event: 23.717 Thread 0x0000026d4cacf800 nmethod 5829 0x0000026d39888790 code [0x0000026d398889c0, 0x0000026d39889388]
Event: 23.717 Thread 0x0000026d4cacf800 5826       3       com.google.common.collect.MapMakerInternalMap$Segment::preWriteCleanup (5 bytes)

GC Heap History (20 events):
Event: 19.855 GC heap before
{Heap before GC invocations=9 (full 0):
 garbage-first heap   total 98304K, used 75418K [0x00000000c0000000, 0x0000000100000000)
  region size 1024K, 39 young (39936K), 5 survivors (5120K)
 Metaspace       used 42322K, capacity 43417K, committed 43676K, reserved 1087488K
  class space    used 5428K, capacity 5846K, committed 5964K, reserved 1048576K
}
Event: 19.862 GC heap after
{Heap after GC invocations=10 (full 0):
 garbage-first heap   total 98304K, used 40249K [0x00000000c0000000, 0x0000000100000000)
  region size 1024K, 2 young (2048K), 2 survivors (2048K)
 Metaspace       used 42322K, capacity 43417K, committed 43676K, reserved 1087488K
  class space    used 5428K, capacity 5846K, committed 5964K, reserved 1048576K
}
Event: 20.699 GC heap before
{Heap before GC invocations=10 (full 0):
 garbage-first heap   total 98304K, used 78137K [0x00000000c0000000, 0x0000000100000000)
  region size 1024K, 36 young (36864K), 2 survivors (2048K)
 Metaspace       used 45122K, capacity 46418K, committed 46748K, reserved 1089536K
  class space    used 5684K, capacity 6133K, committed 6220K, reserved 1048576K
}
Event: 20.703 GC heap after
{Heap after GC invocations=11 (full 0):
 garbage-first heap   total 98304K, used 47050K [0x00000000c0000000, 0x0000000100000000)
  region size 1024K, 5 young (5120K), 5 survivors (5120K)
 Metaspace       used 45122K, capacity 46418K, committed 46748K, reserved 1089536K
  class space    used 5684K, capacity 6133K, committed 6220K, reserved 1048576K
}
Event: 21.113 GC heap before
{Heap before GC invocations=11 (full 0):
 garbage-first heap   total 98304K, used 77770K [0x00000000c0000000, 0x0000000100000000)
  region size 1024K, 35 young (35840K), 5 survivors (5120K)
 Metaspace       used 46446K, capacity 47693K, committed 47900K, reserved 1091584K
  class space    used 5889K, capacity 6322K, committed 6348K, reserved 1048576K
}
Event: 21.120 GC heap after
{Heap after GC invocations=12 (full 0):
 garbage-first heap   total 98304K, used 49671K [0x00000000c0000000, 0x0000000100000000)
  region size 1024K, 3 young (3072K), 3 survivors (3072K)
 Metaspace       used 46446K, capacity 47693K, committed 47900K, reserved 1091584K
  class space    used 5889K, capacity 6322K, committed 6348K, reserved 1048576K
}
Event: 21.137 GC heap before
{Heap before GC invocations=12 (full 0):
 garbage-first heap   total 98304K, used 49671K [0x00000000c0000000, 0x0000000100000000)
  region size 1024K, 4 young (4096K), 3 survivors (3072K)
 Metaspace       used 46511K, capacity 47768K, committed 47900K, reserved 1091584K
  class space    used 5902K, capacity 6326K, committed 6348K, reserved 1048576K
}
Event: 21.141 GC heap after
{Heap after GC invocations=13 (full 0):
 garbage-first heap   total 98304K, used 50159K [0x00000000c0000000, 0x0000000100000000)
  region size 1024K, 1 young (1024K), 1 survivors (1024K)
 Metaspace       used 46511K, capacity 47768K, committed 47900K, reserved 1091584K
  class space    used 5902K, capacity 6326K, committed 6348K, reserved 1048576K
}
Event: 21.510 GC heap before
{Heap before GC invocations=14 (full 0):
 garbage-first heap   total 98304K, used 78831K [0x00000000c0000000, 0x0000000100000000)
  region size 1024K, 25 young (25600K), 1 survivors (1024K)
 Metaspace       used 47682K, capacity 49064K, committed 49180K, reserved 1091584K
  class space    used 6100K, capacity 6568K, committed 6604K, reserved 1048576K
}
Event: 21.514 GC heap after
{Heap after GC invocations=15 (full 0):
 garbage-first heap   total 98304K, used 55425K [0x00000000c0000000, 0x0000000100000000)
  region size 1024K, 2 young (2048K), 2 survivors (2048K)
 Metaspace       used 47682K, capacity 49064K, committed 49180K, reserved 1091584K
  class space    used 6100K, capacity 6568K, committed 6604K, reserved 1048576K
}
Event: 21.979 GC heap before
{Heap before GC invocations=15 (full 0):
 garbage-first heap   total 98304K, used 77953K [0x00000000c0000000, 0x0000000100000000)
  region size 1024K, 24 young (24576K), 2 survivors (2048K)
 Metaspace       used 49471K, capacity 50986K, committed 51356K, reserved 1093632K
  class space    used 6372K, capacity 6867K, committed 6988K, reserved 1048576K
}
Event: 21.984 GC heap after
{Heap after GC invocations=16 (full 0):
 garbage-first heap   total 98304K, used 56684K [0x00000000c0000000, 0x0000000100000000)
  region size 1024K, 1 young (1024K), 1 survivors (1024K)
 Metaspace       used 49471K, capacity 50986K, committed 51356K, reserved 1093632K
  class space    used 6372K, capacity 6867K, committed 6988K, reserved 1048576K
}
Event: 22.938 GC heap before
{Heap before GC invocations=17 (full 0):
 garbage-first heap   total 98304K, used 79212K [0x00000000c0000000, 0x0000000100000000)
  region size 1024K, 23 young (23552K), 1 survivors (1024K)
 Metaspace       used 50267K, capacity 51836K, committed 52124K, reserved 1095680K
  class space    used 6437K, capacity 6953K, committed 6988K, reserved 1048576K
}
Event: 22.941 GC heap after
{Heap after GC invocations=18 (full 0):
 garbage-first heap   total 98304K, used 57931K [0x00000000c0000000, 0x0000000100000000)
  region size 1024K, 3 young (3072K), 3 survivors (3072K)
 Metaspace       used 50267K, capacity 51836K, committed 52124K, reserved 1095680K
  class space    used 6437K, capacity 6953K, committed 6988K, reserved 1048576K
}
Event: 23.326 GC heap before
{Heap before GC invocations=18 (full 0):
 garbage-first heap   total 98304K, used 71243K [0x00000000c0000000, 0x0000000100000000)
  region size 1024K, 18 young (18432K), 3 survivors (3072K)
 Metaspace       used 50671K, capacity 52171K, committed 52508K, reserved 1095680K
  class space    used 6472K, capacity 6993K, committed 7116K, reserved 1048576K
}
Event: 23.335 GC heap after
{Heap after GC invocations=19 (full 0):
 garbage-first heap   total 98304K, used 58791K [0x00000000c0000000, 0x0000000100000000)
  region size 1024K, 3 young (3072K), 3 survivors (3072K)
 Metaspace       used 50671K, capacity 52171K, committed 52508K, reserved 1095680K
  class space    used 6472K, capacity 6993K, committed 7116K, reserved 1048576K
}
Event: 23.497 GC heap before
{Heap before GC invocations=20 (full 0):
 garbage-first heap   total 98304K, used 64935K [0x00000000c0000000, 0x0000000100000000)
  region size 1024K, 7 young (7168K), 3 survivors (3072K)
 Metaspace       used 50681K, capacity 52235K, committed 52508K, reserved 1095680K
  class space    used 6472K, capacity 6993K, committed 7116K, reserved 1048576K
}
Event: 23.505 GC heap after
{Heap after GC invocations=21 (full 0):
 garbage-first heap   total 98304K, used 65519K [0x00000000c0000000, 0x0000000100000000)
  region size 1024K, 3 young (3072K), 3 survivors (3072K)
 Metaspace       used 50681K, capacity 52235K, committed 52508K, reserved 1095680K
  class space    used 6472K, capacity 6993K, committed 7116K, reserved 1048576K
}
Event: 23.612 GC heap before
{Heap before GC invocations=22 (full 0):
 garbage-first heap   total 98304K, used 70639K [0x00000000c0000000, 0x0000000100000000)
  region size 1024K, 7 young (7168K), 3 survivors (3072K)
 Metaspace       used 50681K, capacity 52235K, committed 52508K, reserved 1095680K
  class space    used 6472K, capacity 6993K, committed 7116K, reserved 1048576K
}
Event: 23.616 GC heap after
{Heap after GC invocations=23 (full 0):
 garbage-first heap   total 98304K, used 71162K [0x00000000c0000000, 0x0000000100000000)
  region size 1024K, 3 young (3072K), 3 survivors (3072K)
 Metaspace       used 50681K, capacity 52235K, committed 52508K, reserved 1095680K
  class space    used 6472K, capacity 6993K, committed 7116K, reserved 1048576K
}

Deoptimization events (20 events):
Event: 23.094 Thread 0x0000026d4d70c800 DEOPT PACKING pc=0x0000026d39447d74 sp=0x000000a6245fe250
Event: 23.094 Thread 0x0000026d4d70c800 DEOPT UNPACKING pc=0x0000026d38756dde sp=0x000000a6245fd7f0 mode 0
Event: 23.096 Thread 0x0000026d4e1df000 DEOPT PACKING pc=0x0000026d39006c7a sp=0x000000a6233fe040
Event: 23.096 Thread 0x0000026d4e1df000 DEOPT UNPACKING pc=0x0000026d38756dde sp=0x000000a6233fd478 mode 0
Event: 23.099 Thread 0x0000026d4d70c800 DEOPT PACKING pc=0x0000026d3931e8ea sp=0x000000a6245fe540
Event: 23.099 Thread 0x0000026d4d70c800 DEOPT UNPACKING pc=0x0000026d38756dde sp=0x000000a6245fdae0 mode 0
Event: 23.100 Thread 0x0000026d4d70a000 DEOPT PACKING pc=0x0000026d39447d74 sp=0x000000a6243fe060
Event: 23.100 Thread 0x0000026d4d70a000 DEOPT UNPACKING pc=0x0000026d38756dde sp=0x000000a6243fd600 mode 0
Event: 23.248 Thread 0x0000026d4d4cf800 DEOPT PACKING pc=0x0000026d39868171 sp=0x000000a622ff9630
Event: 23.248 Thread 0x0000026d4d4cf800 DEOPT UNPACKING pc=0x0000026d38756dde sp=0x000000a622ff8b28 mode 0
Event: 23.256 Thread 0x0000026d4d4cf800 DEOPT PACKING pc=0x0000026d39868171 sp=0x000000a622ff9630
Event: 23.256 Thread 0x0000026d4d4cf800 DEOPT UNPACKING pc=0x0000026d38756dde sp=0x000000a622ff8b28 mode 0
Event: 23.373 Thread 0x0000026d4d4cf800 Uncommon trap: trap_request=0xffffff4d fr.pc=0x0000026d40263d84 relative=0x0000000000001384
Event: 23.373 Thread 0x0000026d4d4cf800 Uncommon trap: reason=unstable_if action=reinterpret pc=0x0000026d40263d84 method=java.util.jar.JarFile.checkForSpecialAttributes()V @ 53 c2
Event: 23.373 Thread 0x0000026d4d4cf800 DEOPT PACKING pc=0x0000026d40263d84 sp=0x000000a622ff0130
Event: 23.373 Thread 0x0000026d4d4cf800 DEOPT UNPACKING pc=0x0000026d3875662f sp=0x000000a622ff00f0 mode 2
Event: 23.474 Thread 0x0000026d4d4cf800 DEOPT PACKING pc=0x0000026d39447d74 sp=0x000000a622fef910
Event: 23.474 Thread 0x0000026d4d4cf800 DEOPT UNPACKING pc=0x0000026d38756dde sp=0x000000a622feeeb0 mode 0
Event: 23.672 Thread 0x0000026d4d4cf800 DEOPT PACKING pc=0x0000026d39447d74 sp=0x000000a622fef880
Event: 23.672 Thread 0x0000026d4d4cf800 DEOPT UNPACKING pc=0x0000026d38756dde sp=0x000000a622feee20 mode 0

Classes redefined (0 events):
No events

Internal exceptions (20 events):
Event: 23.379 Thread 0x0000026d4d4cf800 Exception <a 'java/security/PrivilegedActionException'{0x00000000c5e12548}> (0x00000000c5e12548) thrown at [./src/hotspot/share/prims/jvm.cpp, line 1306]
Event: 23.379 Thread 0x0000026d4d4cf800 Exception <a 'java/security/PrivilegedActionException'{0x00000000c5e13ab0}> (0x00000000c5e13ab0) thrown at [./src/hotspot/share/prims/jvm.cpp, line 1306]
Event: 23.450 Thread 0x0000026d4d4cf800 Exception <a 'java/security/PrivilegedActionException'{0x00000000c5d34138}> (0x00000000c5d34138) thrown at [./src/hotspot/share/prims/jvm.cpp, line 1306]
Event: 23.450 Thread 0x0000026d4d4cf800 Exception <a 'java/security/PrivilegedActionException'{0x00000000c5d356a0}> (0x00000000c5d356a0) thrown at [./src/hotspot/share/prims/jvm.cpp, line 1306]
Event: 23.450 Thread 0x0000026d4d4cf800 Exception <a 'java/security/PrivilegedActionException'{0x00000000c5d38818}> (0x00000000c5d38818) thrown at [./src/hotspot/share/prims/jvm.cpp, line 1306]
Event: 23.450 Thread 0x0000026d4d4cf800 Exception <a 'java/security/PrivilegedActionException'{0x00000000c5d39d80}> (0x00000000c5d39d80) thrown at [./src/hotspot/share/prims/jvm.cpp, line 1306]
Event: 23.451 Thread 0x0000026d4d4cf800 Exception <a 'java/security/PrivilegedActionException'{0x00000000c5d3cfa8}> (0x00000000c5d3cfa8) thrown at [./src/hotspot/share/prims/jvm.cpp, line 1306]
Event: 23.451 Thread 0x0000026d4d4cf800 Exception <a 'java/security/PrivilegedActionException'{0x00000000c5d3e510}> (0x00000000c5d3e510) thrown at [./src/hotspot/share/prims/jvm.cpp, line 1306]
Event: 23.451 Thread 0x0000026d4d4cf800 Exception <a 'java/security/PrivilegedActionException'{0x00000000c5d41690}> (0x00000000c5d41690) thrown at [./src/hotspot/share/prims/jvm.cpp, line 1306]
Event: 23.451 Thread 0x0000026d4d4cf800 Exception <a 'java/security/PrivilegedActionException'{0x00000000c5d42bf8}> (0x00000000c5d42bf8) thrown at [./src/hotspot/share/prims/jvm.cpp, line 1306]
Event: 23.451 Thread 0x0000026d4d4cf800 Exception <a 'java/security/PrivilegedActionException'{0x00000000c5d45dc8}> (0x00000000c5d45dc8) thrown at [./src/hotspot/share/prims/jvm.cpp, line 1306]
Event: 23.452 Thread 0x0000026d4d4cf800 Exception <a 'java/security/PrivilegedActionException'{0x00000000c5d47330}> (0x00000000c5d47330) thrown at [./src/hotspot/share/prims/jvm.cpp, line 1306]
Event: 23.452 Thread 0x0000026d4d4cf800 Exception <a 'java/security/PrivilegedActionException'{0x00000000c5d4a558}> (0x00000000c5d4a558) thrown at [./src/hotspot/share/prims/jvm.cpp, line 1306]
Event: 23.452 Thread 0x0000026d4d4cf800 Exception <a 'java/security/PrivilegedActionException'{0x00000000c5d4bac0}> (0x00000000c5d4bac0) thrown at [./src/hotspot/share/prims/jvm.cpp, line 1306]
Event: 23.703 Thread 0x0000026d4d4cf800 Exception <a 'java/lang/ClassNotFoundException'{0x00000000c5e6cd30}: org/gradle/api/tasks/Delete_DecoratedBeanInfo> (0x00000000c5e6cd30) thrown at [./src/hotspot/share/classfile/systemDictionary.cpp, line 231]
Event: 23.705 Thread 0x0000026d4d4cf800 Exception <a 'java/lang/ClassNotFoundException'{0x00000000c5e981a8}: org/gradle/api/tasks/DeleteBeanInfo> (0x00000000c5e981a8) thrown at [./src/hotspot/share/classfile/systemDictionary.cpp, line 231]
Event: 23.707 Thread 0x0000026d4d4cf800 Exception <a 'java/lang/ClassNotFoundException'{0x00000000c5ec7160}: org/gradle/api/internal/ConventionTaskBeanInfo> (0x00000000c5ec7160) thrown at [./src/hotspot/share/classfile/systemDictionary.cpp, line 231]
Event: 23.709 Thread 0x0000026d4d4cf800 Exception <a 'java/lang/ClassNotFoundException'{0x00000000c5ef5d68}: org/gradle/api/DefaultTaskBeanInfo> (0x00000000c5ef5d68) thrown at [./src/hotspot/share/classfile/systemDictionary.cpp, line 231]
Event: 23.711 Thread 0x0000026d4d4cf800 Exception <a 'java/lang/ClassNotFoundException'{0x00000000c5d24f70}: org/gradle/api/internal/AbstractTaskBeanInfo> (0x00000000c5d24f70) thrown at [./src/hotspot/share/classfile/systemDictionary.cpp, line 231]
Event: 23.713 Thread 0x0000026d4d4cf800 Exception <a 'java/lang/ClassNotFoundException'{0x00000000c5d54458}: org/gradle/api/internal/AbstractTaskCustomizer> (0x00000000c5d54458) thrown at [./src/hotspot/share/classfile/systemDictionary.cpp, line 231]

Events (20 events):
Event: 23.708 loading class org/gradle/api/DefaultTaskBeanInfo
Event: 23.708 loading class org/gradle/api/DefaultTaskBeanInfo done
Event: 23.709 loading class org/gradle/api/DefaultTaskBeanInfo
Event: 23.709 loading class org/gradle/api/DefaultTaskBeanInfo done
Event: 23.710 loading class org/gradle/api/internal/AbstractTaskBeanInfo
Event: 23.710 loading class org/gradle/api/internal/AbstractTaskBeanInfo done
Event: 23.710 loading class org/gradle/api/internal/AbstractTaskBeanInfo
Event: 23.710 loading class org/gradle/api/internal/AbstractTaskBeanInfo done
Event: 23.710 loading class org/gradle/api/internal/AbstractTaskBeanInfo
Event: 23.710 loading class org/gradle/api/internal/AbstractTaskBeanInfo done
Event: 23.711 loading class org/gradle/api/internal/AbstractTaskBeanInfo
Event: 23.711 loading class org/gradle/api/internal/AbstractTaskBeanInfo done
Event: 23.712 loading class org/gradle/api/internal/AbstractTaskCustomizer
Event: 23.712 loading class org/gradle/api/internal/AbstractTaskCustomizer done
Event: 23.712 loading class org/gradle/api/internal/AbstractTaskCustomizer
Event: 23.712 loading class org/gradle/api/internal/AbstractTaskCustomizer done
Event: 23.712 loading class org/gradle/api/internal/AbstractTaskCustomizer
Event: 23.712 loading class org/gradle/api/internal/AbstractTaskCustomizer done
Event: 23.713 loading class org/gradle/api/internal/AbstractTaskCustomizer
Event: 23.713 loading class org/gradle/api/internal/AbstractTaskCustomizer done


Dynamic libraries:
0x00007ff7f1f70000 - 0x00007ff7f1f7a000 	C:\Users\User\AppData\Local\JetBrains\Toolbox\apps\AndroidStudio\ch-0\211.7628.21.2111.8193401\jre\bin\java.exe
0x00007ff9d42f0000 - 0x00007ff9d44e5000 	C:\Windows\SYSTEM32\ntdll.dll
0x00007ff9d2e70000 - 0x00007ff9d2f2e000 	C:\Windows\System32\KERNEL32.DLL
0x00007ff9d1b10000 - 0x00007ff9d1dd8000 	C:\Windows\System32\KERNELBASE.dll
0x00007ff9d2230000 - 0x00007ff9d2330000 	C:\Windows\System32\ucrtbase.dll
0x00007ff9aee80000 - 0x00007ff9aee99000 	C:\Users\User\AppData\Local\JetBrains\Toolbox\apps\AndroidStudio\ch-0\211.7628.21.2111.8193401\jre\bin\jli.dll
0x00007ff9aedf0000 - 0x00007ff9aee07000 	C:\Users\User\AppData\Local\JetBrains\Toolbox\apps\AndroidStudio\ch-0\211.7628.21.2111.8193401\jre\bin\VCRUNTIME140.dll
0x00007ff9d3390000 - 0x00007ff9d3531000 	C:\Windows\System32\USER32.dll
0x00007ff9d1ee0000 - 0x00007ff9d1f02000 	C:\Windows\System32\win32u.dll
0x00007ff9bfed0000 - 0x00007ff9c016a000 	C:\Windows\WinSxS\amd64_microsoft.windows.common-controls_6595b64144ccf1df_6.0.19041.1110_none_60b5254171f9507e\COMCTL32.dll
0x00007ff9d4170000 - 0x00007ff9d419b000 	C:\Windows\System32\GDI32.dll
0x00007ff9d3280000 - 0x00007ff9d331e000 	C:\Windows\System32\msvcrt.dll
0x00007ff9d1a00000 - 0x00007ff9d1b0d000 	C:\Windows\System32\gdi32full.dll
0x00007ff9d1e40000 - 0x00007ff9d1edd000 	C:\Windows\System32\msvcp_win.dll
0x00007ff9d3540000 - 0x00007ff9d3570000 	C:\Windows\System32\IMM32.DLL
0x00007ff9a6aa0000 - 0x00007ff9a6b3d000 	C:\Users\User\AppData\Local\JetBrains\Toolbox\apps\AndroidStudio\ch-0\211.7628.21.2111.8193401\jre\bin\msvcp140.dll
0x00007ff941520000 - 0x00007ff941ff5000 	C:\Users\User\AppData\Local\JetBrains\Toolbox\apps\AndroidStudio\ch-0\211.7628.21.2111.8193401\jre\bin\server\jvm.dll
0x00007ff9d2c90000 - 0x00007ff9d2d3e000 	C:\Windows\System32\ADVAPI32.dll
0x00007ff9d3fc0000 - 0x00007ff9d405c000 	C:\Windows\System32\sechost.dll
0x00007ff9d3e90000 - 0x00007ff9d3fb5000 	C:\Windows\System32\RPCRT4.dll
0x00007ff9d4210000 - 0x00007ff9d4218000 	C:\Windows\System32\PSAPI.DLL
0x00007ff9c6c40000 - 0x00007ff9c6c4a000 	C:\Windows\SYSTEM32\VERSION.dll
0x00007ff9c6c10000 - 0x00007ff9c6c37000 	C:\Windows\SYSTEM32\WINMM.dll
0x00007ff9cd6c0000 - 0x00007ff9cd6c9000 	C:\Windows\SYSTEM32\WSOCK32.dll
0x00007ff9d3320000 - 0x00007ff9d338b000 	C:\Windows\System32\WS2_32.dll
0x00007ff9d01f0000 - 0x00007ff9d0202000 	C:\Windows\SYSTEM32\kernel.appcore.dll
0x00007ff9afa00000 - 0x00007ff9afa11000 	C:\Users\User\AppData\Local\JetBrains\Toolbox\apps\AndroidStudio\ch-0\211.7628.21.2111.8193401\jre\bin\verify.dll
0x00007ff9bcaf0000 - 0x00007ff9bccd4000 	C:\Windows\SYSTEM32\DBGHELP.DLL
0x00007ff9bc5d0000 - 0x00007ff9bc5fc000 	C:\Windows\SYSTEM32\dbgcore.DLL
0x00007ff9d1fc0000 - 0x00007ff9d2042000 	C:\Windows\System32\bcryptPrimitives.dll
0x00007ff9af9d0000 - 0x00007ff9af9f9000 	C:\Users\User\AppData\Local\JetBrains\Toolbox\apps\AndroidStudio\ch-0\211.7628.21.2111.8193401\jre\bin\java.dll
0x00007ff9af030000 - 0x00007ff9af03b000 	C:\Users\User\AppData\Local\JetBrains\Toolbox\apps\AndroidStudio\ch-0\211.7628.21.2111.8193401\jre\bin\jimage.dll
0x00007ff9aedd0000 - 0x00007ff9aede8000 	C:\Users\User\AppData\Local\JetBrains\Toolbox\apps\AndroidStudio\ch-0\211.7628.21.2111.8193401\jre\bin\zip.dll
0x00007ff9d2400000 - 0x00007ff9d2b44000 	C:\Windows\System32\SHELL32.dll
0x00007ff9cf9a0000 - 0x00007ff9d0135000 	C:\Windows\SYSTEM32\windows.storage.dll
0x00007ff9d3a50000 - 0x00007ff9d3da5000 	C:\Windows\System32\combase.dll
0x00007ff9d13e0000 - 0x00007ff9d140e000 	C:\Windows\SYSTEM32\Wldp.dll
0x00007ff9d30e0000 - 0x00007ff9d318d000 	C:\Windows\System32\SHCORE.dll
0x00007ff9d3570000 - 0x00007ff9d35c5000 	C:\Windows\System32\shlwapi.dll
0x00007ff9d1940000 - 0x00007ff9d195f000 	C:\Windows\SYSTEM32\profapi.dll
0x00007ff9aed90000 - 0x00007ff9aedaa000 	C:\Users\User\AppData\Local\JetBrains\Toolbox\apps\AndroidStudio\ch-0\211.7628.21.2111.8193401\jre\bin\net.dll
0x00007ff9c6710000 - 0x00007ff9c681c000 	C:\Windows\SYSTEM32\WINHTTP.dll
0x00007ff9d10e0000 - 0x00007ff9d114a000 	C:\Windows\system32\mswsock.dll
0x00007ff9a8c70000 - 0x00007ff9a8c84000 	C:\Users\User\AppData\Local\JetBrains\Toolbox\apps\AndroidStudio\ch-0\211.7628.21.2111.8193401\jre\bin\nio.dll
0x00007ff9a38e0000 - 0x00007ff9a3907000 	C:\Users\User\.gradle\native\e1d6ef7f7dcc3fd88c89a11ec53ec762bb8ba0a96d01ffa2cd45eb1d1d8dd5c5\windows-amd64\native-platform.dll
0x00007ff9a6830000 - 0x00007ff9a6974000 	C:\Users\User\.gradle\native\5664cfc778a61ccfe75a443a1ab52a65af34e5dc3c78e0209fed803814484fcb\windows-amd64\native-platform-file-events.dll
0x00007ff9a96a0000 - 0x00007ff9a96aa000 	C:\Users\User\AppData\Local\JetBrains\Toolbox\apps\AndroidStudio\ch-0\211.7628.21.2111.8193401\jre\bin\management.dll
0x00007ff9a7cb0000 - 0x00007ff9a7cbd000 	C:\Users\User\AppData\Local\JetBrains\Toolbox\apps\AndroidStudio\ch-0\211.7628.21.2111.8193401\jre\bin\management_ext.dll
0x00007ff9d12e0000 - 0x00007ff9d12f8000 	C:\Windows\SYSTEM32\CRYPTSP.dll
0x00007ff9d0a60000 - 0x00007ff9d0a94000 	C:\Windows\system32\rsaenh.dll
0x00007ff9d21b0000 - 0x00007ff9d21d7000 	C:\Windows\System32\bcrypt.dll
0x00007ff9d1900000 - 0x00007ff9d192e000 	C:\Windows\SYSTEM32\USERENV.dll
0x00007ff9d12d0000 - 0x00007ff9d12dc000 	C:\Windows\SYSTEM32\CRYPTBASE.dll
0x00007ff9d0dd0000 - 0x00007ff9d0e0b000 	C:\Windows\SYSTEM32\IPHLPAPI.DLL
0x00007ff9d4200000 - 0x00007ff9d4208000 	C:\Windows\System32\NSI.dll
0x00007ff9c6ee0000 - 0x00007ff9c6ef7000 	C:\Windows\SYSTEM32\dhcpcsvc6.DLL
0x00007ff9c9b10000 - 0x00007ff9c9b2d000 	C:\Windows\SYSTEM32\dhcpcsvc.DLL
0x00007ff9d0e10000 - 0x00007ff9d0edb000 	C:\Windows\SYSTEM32\DNSAPI.dll

dbghelp: loaded successfully - version: 4.0.5 - missing functions: none
symbol engine: initialized successfully - sym options: 0x614 - pdb path: .;C:\Users\User\AppData\Local\JetBrains\Toolbox\apps\AndroidStudio\ch-0\211.7628.21.2111.8193401\jre\bin;C:\Windows\SYSTEM32;C:\Windows\WinSxS\amd64_microsoft.windows.common-controls_6595b64144ccf1df_6.0.19041.1110_none_60b5254171f9507e;C:\Users\User\AppData\Local\JetBrains\Toolbox\apps\AndroidStudio\ch-0\211.7628.21.2111.8193401\jre\bin\server;C:\Users\User\.gradle\native\e1d6ef7f7dcc3fd88c89a11ec53ec762bb8ba0a96d01ffa2cd45eb1d1d8dd5c5\windows-amd64;C:\Users\User\.gradle\native\5664cfc778a61ccfe75a443a1ab52a65af34e5dc3c78e0209fed803814484fcb\windows-amd64

VM Arguments:
jvm_args: --add-opens=java.base/java.util=ALL-UNNAMED --add-opens=java.base/java.lang=ALL-UNNAMED --add-opens=java.base/java.lang.invoke=ALL-UNNAMED --add-opens=java.base/java.util=ALL-UNNAMED --add-opens=java.prefs/java.util.prefs=ALL-UNNAMED --add-opens=java.prefs/java.util.prefs=ALL-UNNAMED --add-opens=java.base/java.nio.charset=ALL-UNNAMED --add-opens=java.base/java.net=ALL-UNNAMED --add-opens=java.base/java.util.concurrent.atomic=ALL-UNNAMED -Xmx1024m -Dfile.encoding=UTF-8 -Duser.country=RU -Duser.language=ru -Duser.variant 
java_command: org.gradle.launcher.daemon.bootstrap.GradleDaemon 7.2
java_class_path (initial): C:\Users\User\.gradle\wrapper\dists\gradle-7.2-bin\2dnblmf4td7x66yl1d74lt32g\gradle-7.2\lib\gradle-launcher-7.2.jar
Launcher Type: SUN_STANDARD

[Global flags]
     intx CICompilerCount                          = 4                                         {product} {ergonomic}
     uint ConcGCThreads                            = 2                                         {product} {ergonomic}
     uint G1ConcRefinementThreads                  = 8                                         {product} {ergonomic}
   size_t G1HeapRegionSize                         = 1048576                                   {product} {ergonomic}
    uintx GCDrainStackTargetSize                   = 64                                        {product} {ergonomic}
   size_t InitialHeapSize                          = 100663296                                 {product} {ergonomic}
   size_t MarkStackSize                            = 4194304                                   {product} {ergonomic}
   size_t MaxHeapSize                              = 1073741824                                {product} {command line}
   size_t MaxNewSize                               = 643825664                                 {product} {ergonomic}
   size_t MinHeapDeltaBytes                        = 1048576                                   {product} {ergonomic}
    uintx NonNMethodCodeHeapSize                   = 5836300                                {pd product} {ergonomic}
    uintx NonProfiledCodeHeapSize                  = 122910970                              {pd product} {ergonomic}
    uintx ProfiledCodeHeapSize                     = 122910970                              {pd product} {ergonomic}
    uintx ReservedCodeCacheSize                    = 251658240                              {pd product} {ergonomic}
     bool SegmentedCodeCache                       = true                                      {product} {ergonomic}
     bool UseCompressedClassPointers               = true                                 {lp64_product} {ergonomic}
     bool UseCompressedOops                        = true                                 {lp64_product} {ergonomic}
     bool UseG1GC                                  = true                                      {product} {ergonomic}
     bool UseLargePagesIndividualAllocation        = false                                  {pd product} {ergonomic}

Logging:
Log output configuration:
 #0: stdout all=warning uptime,level,tags
 #1: stderr all=off uptime,level,tags

Environment Variables:
PATH=C:\Windows\system32;C:\Windows;C:\Windows\System32\Wbem;C:\Windows\System32\WindowsPowerShell\v1.0\;C:\Windows\System32\OpenSSH\;C:\Program Files\7-Zip;C:\Program Files\dotnet\;C:\Program Files (x86)\Microsoft SQL Server\Client SDK\ODBC\130\Tools\Binn\;C:\Program Files (x86)\Microsoft SQL Server\140\Tools\Binn\;C:\Program Files (x86)\Microsoft SQL Server\140\DTS\Binn\;C:\Program Files (x86)\Microsoft SQL Server\140\Tools\Binn\ManagementStudio\;C:\Program Files\Microsoft SQL Server\130\Tools\Binn\;C:\Users\User\AppData\Local\Microsoft\WindowsApps;C:\Users\User\AppData\Local\atom\bin
USERNAME=User
OS=Windows_NT
PROCESSOR_IDENTIFIER=AMD64 Family 23 Model 24 Stepping 1, AuthenticAMD



---------------  S Y S T E M  ---------------

OS: Windows 10 , 64 bit Build 19041 (10.0.19041.1466)
OS uptime: 3 days 15:17 hours

CPU:total 8 (initial active 8) (8 cores per cpu, 2 threads per core) family 23 model 24 stepping 1 microcode 0x0, cmov, cx8, fxsr, mmx, sse, sse2, sse3, ssse3, sse4.1, sse4.2, popcnt, avx, avx2, aes, clmul, mmxext, 3dnowpref, lzcnt, sse4a, ht, tsc, tscinvbit, tscinv, bmi1, bmi2, adx, s

Memory: 4k page, system-wide physical 6091M (263M free)
TotalPageFile size 24523M (AvailPageFile size 2M)
current process WorkingSet (physical memory assigned to process): 261M, peak: 261M
current process commit charge ("private bytes"): 300M, peak: 300M

vm_info: OpenJDK 64-Bit Server VM (11.0.11+9-b60-7590822) for windows-amd64 JRE (11.0.11+9-b60-7590822), built on Jul 29 2021 21:43:44 by "builder" with MS VC++ 14.0 (VS2015)

END.
